TN:
SF:src/ph7/api.c
FN:1027,1056,ph7_delete_function
FN:1061,1095,ph7_create_constant
FN:1100,1128,ph7_delete_constant
FN:1133,1148,ph7_new_scalar
FN:1153,1174,ph7_new_array
FN:1179,1191,ph7_release_value
FN:1196,1204,ph7_value_to_int
FN:1209,1217,ph7_value_to_bool
FN:1222,1230,ph7_value_to_int64
FN:1235,1243,ph7_value_to_double
FN:1248,1264,ph7_value_to_string
FN:1269,1276,ph7_value_to_resource
FN:1281,1292,ph7_value_compare
FN:1297,1300,ph7_result_int
FN:1305,1308,ph7_result_int64
FN:1313,1316,ph7_result_bool
FN:1321,1324,ph7_result_double
FN:1329,1334,ph7_result_null
FN:1339,1342,ph7_result_string
FN:134,237,PH7CoreConfigure
FN:1347,1363,ph7_result_string_format
FN:1368,1377,ph7_result_value
FN:1382,1385,ph7_result_resource
FN:1390,1401,ph7_context_new_scalar
FN:1406,1417,ph7_context_new_array
FN:1422,1425,ph7_context_release_value
FN:1430,1449,ph7_context_alloc_chunk
FN:1456,1475,ContextFindChunk
FN:1480,1492,ph7_context_realloc_chunk
FN:1497,1510,ph7_context_free_chunk
FN:1515,1541,ph7_array_fetch
FN:1546,1559,ph7_array_walk
FN:1564,1574,ph7_array_add_elem
FN:1579,1598,ph7_array_add_strkey_elem
FN:1603,1616,ph7_array_add_intkey_elem
FN:1621,1631,ph7_array_count
FN:1636,1649,ph7_object_walk
FN:1654,1667,ph7_object_fetch_attr
FN:1672,1689,ph7_object_get_class_name
FN:1694,1704,ph7_context_output
FN:1709,1717,ph7_context_output_format
FN:1722,1729,ph7_context_throw_error
FN:1734,1745,ph7_context_throw_error_format
FN:1750,1755,ph7_context_random_num
FN:1760,1767,ph7_context_random_string
FN:1780,1783,ph7_context_user_data
FN:1788,1795,ph7_context_push_aux_data
FN:1800,1805,ph7_context_peek_aux_data
FN:1810,1815,ph7_context_pop_aux_data
FN:1820,1823,ph7_context_result_buf_length
FN:1828,1833,ph7_function_name
FN:1838,1845,ph7_value_int
FN:1850,1857,ph7_value_int64
FN:1862,1869,ph7_value_bool
FN:1874,1879,ph7_value_null
FN:1884,1893,ph7_value_double
FN:1898,1913,ph7_value_string
FN:1918,1930,ph7_value_string_format
FN:1935,1940,ph7_value_reset_string_cursor
FN:1945,1953,ph7_value_resource
FN:1958,1962,ph7_value_release
FN:1967,1970,ph7_value_is_int
FN:1975,1978,ph7_value_is_float
FN:1983,1986,ph7_value_is_bool
FN:1991,1994,ph7_value_is_string
FN:1999,2002,ph7_value_is_null
FN:2007,2012,ph7_value_is_numeric
FN:2017,2022,ph7_value_is_callable
FN:2027,2030,ph7_value_is_scalar
FN:2035,2038,ph7_value_is_array
FN:2043,2046,ph7_value_is_object
FN:2051,2054,ph7_value_is_resource
FN:2059,2064,ph7_value_is_empty
FN:242,255,ph7_lib_config
FN:266,340,PH7CoreInitialize
FN:345,350,ph7_lib_init
FN:354,373,EngineRelease
FN:381,414,PH7CoreShutdown
FN:419,427,ph7_lib_shutdown
FN:432,448,ph7_lib_is_threadsafe
FN:453,456,ph7_lib_version
FN:461,464,ph7_lib_signature
FN:469,472,ph7_lib_ident
FN:477,480,ph7_lib_copyright
FN:485,508,ph7_config
FN:513,578,ph7_init
FN:583,619,ph7_release
FN:630,709,ProcessScript
FN:714,742,ph7_compile
FN:747,775,ph7_compile_v2
FN:78,127,EngineConfig
FN:780,832,ph7_compile_file
FN:837,852,ph7_vm_dump_v2
FN:857,882,ph7_vm_config
FN:887,914,ph7_vm_exec
FN:919,940,ph7_vm_reset
FN:945,987,ph7_vm_release
FN:992,1022,ph7_create_function
FNDA:0,ph7_delete_function
FNDA:509206,ph7_create_constant
FNDA:0,ph7_delete_constant
FNDA:157,ph7_new_scalar
FNDA:25817,ph7_new_array
FNDA:25460,ph7_release_value
FNDA:10690,ph7_value_to_int
FNDA:62,ph7_value_to_bool
FNDA:68,ph7_value_to_int64
FNDA:161,ph7_value_to_double
FNDA:22915,ph7_value_to_string
FNDA:343,ph7_value_to_resource
FNDA:0,ph7_value_compare
FNDA:321,ph7_result_int
FNDA:488,ph7_result_int64
FNDA:2980,ph7_result_bool
FNDA:145,ph7_result_double
FNDA:73,ph7_result_null
FNDA:132140,ph7_result_string
FNDA:8001,PH7CoreConfigure
FNDA:105,ph7_result_string_format
FNDA:368,ph7_result_value
FNDA:100,ph7_result_resource
FNDA:157,ph7_context_new_scalar
FNDA:357,ph7_context_new_array
FNDA:118,ph7_context_release_value
FNDA:83,ph7_context_alloc_chunk
FNDA:66,ContextFindChunk
FNDA:0,ph7_context_realloc_chunk
FNDA:66,ph7_context_free_chunk
FNDA:0,ph7_array_fetch
FNDA:86,ph7_array_walk
FNDA:22286,ph7_array_add_elem
FNDA:260,ph7_array_add_strkey_elem
FNDA:122,ph7_array_add_intkey_elem
FNDA:19,ph7_array_count
FNDA:0,ph7_object_walk
FNDA:0,ph7_object_fetch_attr
FNDA:0,ph7_object_get_class_name
FNDA:191,ph7_context_output
FNDA:1,ph7_context_output_format
FNDA:16,ph7_context_throw_error
FNDA:6,ph7_context_throw_error_format
FNDA:17,ph7_context_random_num
FNDA:0,ph7_context_random_string
FNDA:237,ph7_context_user_data
FNDA:1,ph7_context_push_aux_data
FNDA:3,ph7_context_peek_aux_data
FNDA:0,ph7_context_pop_aux_data
FNDA:135,ph7_context_result_buf_length
FNDA:16,ph7_function_name
FNDA:618,ph7_value_int
FNDA:520,ph7_value_int64
FNDA:2980,ph7_value_bool
FNDA:2,ph7_value_null
FNDA:163,ph7_value_double
FNDA:132854,ph7_value_string
FNDA:6,ph7_value_string_format
FNDA:242,ph7_value_reset_string_cursor
FNDA:145,ph7_value_resource
FNDA:44,ph7_value_release
FNDA:76,ph7_value_is_int
FNDA:57,ph7_value_is_float
FNDA:33,ph7_value_is_bool
FNDA:760,ph7_value_is_string
FNDA:17,ph7_value_is_null
FNDA:17,ph7_value_is_numeric
FNDA:81,ph7_value_is_callable
FNDA:6,ph7_value_is_scalar
FNDA:725,ph7_value_is_array
FNDA:49,ph7_value_is_object
FNDA:382,ph7_value_is_resource
FNDA:10,ph7_value_is_empty
FNDA:8001,ph7_lib_config
FNDA:2667,PH7CoreInitialize
FNDA:0,ph7_lib_init
FNDA:2663,EngineRelease
FNDA:121,PH7CoreShutdown
FNDA:121,ph7_lib_shutdown
FNDA:0,ph7_lib_is_threadsafe
FNDA:13,ph7_lib_version
FNDA:5,ph7_lib_signature
FNDA:1,ph7_lib_ident
FNDA:0,ph7_lib_copyright
FNDA:5334,ph7_config
FNDA:2667,ph7_init
FNDA:2542,ph7_release
FNDA:2667,ProcessScript
FNDA:0,ph7_compile
FNDA:4,ph7_compile_v2
FNDA:5334,EngineConfig
FNDA:2663,ph7_compile_file
FNDA:1,ph7_vm_dump_v2
FNDA:40738,ph7_vm_config
FNDA:2546,ph7_vm_exec
FNDA:0,ph7_vm_reset
FNDA:2542,ph7_vm_release
FNDA:1110056,ph7_create_function
FNF:98
FNH:83
DA:78,5334
DA:80,5334
DA:81,5334
DA:83,5334
DA:84,5334
DA:85,5334
DA:86,5334
DA:88,5334
DA:89,0
DA:90,0
DA:93,5334
DA:94,5334
DA:95,5334
DA:97,0
DA:99,0
DA:100,0
DA:101,0
DA:102,0
DA:103,0
DA:106,0
DA:108,0
DA:109,0
DA:110,0
DA:111,0
DA:113,0
DA:116,0
DA:118,0
DA:120,0
DA:121,0
DA:123,0
DA:124,0
DA:126,5334
DA:134,8001
DA:136,8001
DA:137,8001
DA:138,2667
DA:140,2667
DA:141,2667
DA:142,2667
DA:144,2667
DA:146,2667
DA:148,2667
DA:149,2667
DA:150,2667
DA:152,2667
DA:154,0
DA:156,2667
DA:158,0
DA:160,0
DA:161,0
DA:162,0
DA:163,0
DA:164,0
DA:166,2667
DA:169,2667
DA:176,2667
DA:178,0
DA:179,0
DA:181,2667
DA:183,0
DA:184,0
DA:185,0
DA:187,0
DA:190,2667
DA:191,0
DA:192,0
DA:193,0
DA:197,2667
DA:198,2667
DA:203,0
DA:204,0
DA:206,0
DA:207,0
DA:209,2667
DA:210,2667
DA:212,2667
DA:215,2667
DA:217,0
DA:220,0
DA:222,0
DA:223,0
DA:228,0
DA:230,0
DA:231,0
DA:233,0
DA:234,0
DA:236,8001
DA:242,8001
DA:247,8001
DA:249,0
DA:251,8001
DA:252,8001
DA:253,8001
DA:254,8001
DA:266,2667
DA:270,2667
DA:271,2667
DA:278,2667
DA:279,0
DA:282,2667
DA:284,2667
DA:286,2667
DA:287,2667
DA:288,2667
DA:290,2667
DA:291,2667
DA:292,0
DA:295,2667
DA:296,2667
DA:297,0
DA:301,2667
DA:302,2667
DA:303,0
DA:307,2667
DA:308,2667
DA:309,2667
DA:311,2667
DA:313,2667
DA:314,2667
DA:316,0
DA:320,2667
DA:322,2667
DA:323,2667
DA:324,0
DA:329,2667
DA:330,2667
DA:334,0
DA:337,2667
DA:339,2667
DA:345,0
DA:348,0
DA:349,0
DA:354,2663
DA:358,2663
DA:360,2663
DA:361,2663
DA:363,0
DA:364,0
DA:365,0
DA:366,0
DA:369,2663
DA:371,2663
DA:372,2663
DA:381,121
DA:385,121
DA:387,242
DA:388,121
DA:390,121
DA:391,121
DA:392,121
DA:393,121
DA:397,121
DA:398,121
DA:399,121
DA:400,121
DA:402,121
DA:403,0
DA:405,121
DA:407,121
DA:409,121
DA:411,121
DA:413,121
DA:414,121
DA:419,121
DA:421,121
DA:423,0
DA:425,121
DA:426,121
DA:432,0
DA:434,0
DA:435,0
DA:438,0
DA:440,0
DA:443,0
DA:453,13
DA:455,13
DA:461,5
DA:463,5
DA:469,1
DA:471,1
DA:477,0
DA:479,0
DA:485,5334
DA:489,5334
DA:490,0
DA:494,5334
DA:495,5334
DA:496,5334
DA:497,0
DA:500,5334
DA:501,5334
DA:502,5334
DA:505,5334
DA:507,5334
DA:513,2667
DA:522,2667
DA:524,2667
DA:525,2667
DA:526,0
DA:529,2667
DA:530,2667
DA:531,0
DA:534,2667
DA:536,2667
DA:537,2667
DA:538,2667
DA:539,0
DA:542,2667
DA:545,2667
DA:547,2667
DA:549,2667
DA:551,2667
DA:553,2667
DA:554,2667
DA:555,0
DA:556,0
DA:563,2667
DA:565,2667
DA:566,2667
DA:569,2667
DA:572,2667
DA:573,2667
DA:574,0
DA:575,0
DA:576,0
DA:577,0
DA:583,2542
DA:586,2542
DA:587,0
DA:591,2542
DA:592,2542
DA:593,2542
DA:594,0
DA:598,2542
DA:601,2542
DA:603,2542
DA:607,2542
DA:610,2542
DA:611,2542
DA:614,2542
DA:617,2542
DA:618,2542
DA:630,2667
DA:641,2667
DA:642,2667
DA:645,0
DA:646,0
DA:648,0
DA:650,2667
DA:652,0
DA:655,2667
DA:656,2667
DA:657,0
DA:658,0
DA:659,0
DA:661,0
DA:663,2667
DA:665,2663
DA:668,2667
DA:670,2667
DA:671,2667
DA:672,121
DA:674,121
DA:675,121
DA:676,121
DA:677,121
DA:679,121
DA:682,2546
DA:683,2546
DA:684,0
DA:687,2546
DA:689,2546
DA:691,2546
DA:692,2546
DA:693,0
DA:698,2546
DA:699,2546
DA:701,2546
DA:703,2546
DA:704,0
DA:705,0
DA:706,0
DA:707,0
DA:708,0
DA:714,0
DA:718,0
DA:719,0
DA:721,0
DA:723,0
DA:725,0
DA:728,0
DA:729,0
DA:730,0
DA:731,0
DA:735,0
DA:738,0
DA:741,0
DA:747,4
DA:751,4
DA:752,0
DA:754,4
DA:756,4
DA:758,4
DA:761,4
DA:762,4
DA:763,4
DA:764,0
DA:768,4
DA:771,4
DA:774,4
DA:780,2663
DA:784,2663
DA:785,2663
DA:787,2663
DA:788,2663
DA:789,0
DA:793,2663
DA:794,2663
DA:795,2663
DA:796,0
DA:803,2663
DA:804,2663
DA:806,0
DA:808,2663
DA:809,2663
DA:812,2663
DA:813,2663
DA:815,0
DA:818,2663
DA:819,2663
DA:821,2663
DA:822,2663
DA:828,2663
DA:831,2663
DA:837,1
DA:841,1
DA:842,0
DA:850,1
DA:851,1
DA:857,40738
DA:862,40738
DA:863,0
DA:867,40738
DA:868,40738
DA:869,40738
DA:870,0
DA:874,40738
DA:875,40738
DA:876,40738
DA:879,40738
DA:881,40738
DA:887,2546
DA:891,2546
DA:892,0
DA:896,2546
DA:897,2546
DA:898,2546
DA:899,0
DA:903,2546
DA:904,2542
DA:906,0
DA:910,2542
DA:913,2542
DA:919,0
DA:923,0
DA:924,0
DA:928,0
DA:929,0
DA:930,0
DA:931,0
DA:934,0
DA:937,0
DA:939,0
DA:945,2542
DA:950,2542
DA:951,0
DA:955,2542
DA:956,2542
DA:957,2542
DA:958,0
DA:961,2542
DA:962,2542
DA:965,2542
DA:967,2542
DA:971,2542
DA:972,2542
DA:973,2542
DA:974,0
DA:977,2542
DA:978,2542
DA:980,2542
DA:983,2542
DA:986,2542
DA:992,1110056
DA:997,1110056
DA:998,0
DA:1000,1110056
DA:1002,1110056
DA:1004,1110056
DA:1005,0
DA:1009,1110056
DA:1010,1110056
DA:1011,1110056
DA:1012,0
DA:1016,1110056
DA:1019,1110056
DA:1021,1110056
DA:1027,0
DA:1029,0
DA:1032,0
DA:1033,0
DA:1037,0
DA:1038,0
DA:1039,0
DA:1040,0
DA:1044,0
DA:1045,0
DA:1047,0
DA:1048,0
DA:1049,0
DA:1053,0
DA:1055,0
DA:1061,509206
DA:1066,509206
DA:1067,0
DA:1069,509206
DA:1071,511752
DA:1072,509206
DA:1074,0
DA:1077,509206
DA:1078,0
DA:1082,509206
DA:1083,509206
DA:1084,509206
DA:1085,0
DA:1089,509206
DA:1092,509206
DA:1094,509206
DA:1100,0
DA:1105,0
DA:1106,0
DA:1110,0
DA:1111,0
DA:1112,0
DA:1113,0
DA:1117,0
DA:1118,0
DA:1120,0
DA:1121,0
DA:1125,0
DA:1127,0
DA:1133,157
DA:1137,157
DA:1138,0
DA:1141,157
DA:1142,157
DA:1143,0
DA:1146,157
DA:1147,157
DA:1153,25817
DA:1158,25817
DA:1159,0
DA:1162,25817
DA:1163,25817
DA:1164,0
DA:1167,25817
DA:1168,25817
DA:1169,0
DA:1170,0
DA:1172,25817
DA:1173,25817
DA:1179,25460
DA:1182,25460
DA:1183,0
DA:1185,25460
DA:1187,25460
DA:1188,25460
DA:1190,25460
DA:1196,10690
DA:1199,10690
DA:1200,10690
DA:1201,0
DA:1203,10690
DA:1209,62
DA:1212,62
DA:1213,62
DA:1214,0
DA:1216,62
DA:1222,68
DA:1225,68
DA:1226,68
DA:1227,0
DA:1229,68
DA:1235,161
DA:1238,161
DA:1239,161
DA:1240,0
DA:1242,161
DA:1248,22915
DA:1250,22915
DA:1251,22915
DA:1252,22835
DA:1253,22835
DA:1254,22664
DA:1256,22835
DA:1259,80
DA:1260,75
DA:1262,80
DA:1269,343
DA:1271,343
DA:1273,0
DA:1275,343
DA:1281,0
DA:1284,0
DA:1286,0
DA:1289,0
DA:1291,0
DA:1297,321
DA:1299,321
DA:1305,488
DA:1307,488
DA:1313,2980
DA:1315,2980
DA:1321,145
DA:1323,145
DA:1329,73
DA:1332,73
DA:1333,73
DA:1339,132140
DA:1341,132140
DA:1347,105
DA:1352,105
DA:1353,105
DA:1355,68
DA:1356,68
DA:1359,105
DA:1360,105
DA:1361,105
DA:1362,105
DA:1368,368
DA:1370,368
DA:1371,368
DA:1372,0
DA:1374,368
DA:1376,368
DA:1382,100
DA:1384,100
DA:1390,157
DA:1393,157
DA:1394,157
DA:1398,157
DA:1400,157
DA:1406,357
DA:1409,357
DA:1410,357
DA:1414,357
DA:1416,357
DA:1422,118
DA:1424,118
DA:1425,118
DA:1430,83
DA:1433,83
DA:1434,83
DA:1435,83
DA:1437,66
DA:1439,83
DA:1444,12
DA:1445,12
DA:1448,83
DA:1456,66
DA:1460,66
DA:1462,66
DA:1465,0
DA:1466,0
DA:1467,0
DA:1468,0
DA:1470,0
DA:1474,0
DA:1480,0
DA:1484,0
DA:1485,0
DA:1486,0
DA:1487,0
DA:1488,0
DA:1491,0
DA:1497,66
DA:1500,66
DA:1502,0
DA:1504,66
DA:1505,66
DA:1507,0
DA:1509,66
DA:1515,0
DA:1522,0
DA:1523,0
DA:1525,0
DA:1526,0
DA:1529,0
DA:1530,0
DA:1532,0
DA:1533,0
DA:1534,0
DA:1536,0
DA:1539,0
DA:1540,0
DA:1546,86
DA:1549,86
DA:1550,0
DA:1553,86
DA:1554,0
DA:1557,86
DA:1558,86
DA:1564,22286
DA:1568,22286
DA:1569,0
DA:1572,22286
DA:1573,22286
DA:1579,260
DA:1583,260
DA:1584,0
DA:1587,260
DA:1589,0
DA:1592,260
DA:1593,260
DA:1594,260
DA:1595,260
DA:1597,260
DA:1603,122
DA:1608,122
DA:1609,0
DA:1611,122
DA:1613,122
DA:1614,122
DA:1615,122
DA:1621,19
DA:1625,19
DA:1626,0
DA:1629,19
DA:1630,19
DA:1636,0
DA:1639,0
DA:1640,0
DA:1643,0
DA:1644,0
DA:1647,0
DA:1648,0
DA:1654,0
DA:1659,0
DA:1660,0
DA:1662,0
DA:1665,0
DA:1666,0
DA:1672,0
DA:1675,0
DA:1676,0
DA:1679,0
DA:1680,0
DA:1683,0
DA:1685,0
DA:1686,0
DA:1688,0
DA:1694,191
DA:1698,191
DA:1699,0
DA:1701,191
DA:1702,191
DA:1703,191
DA:1709,1
DA:1713,1
DA:1714,1
DA:1715,1
DA:1716,1
DA:1722,16
DA:1724,16
DA:1725,16
DA:1726,16
DA:1728,16
DA:1734,6
DA:1738,6
DA:1739,0
DA:1741,6
DA:1742,6
DA:1743,6
DA:1744,6
DA:1750,17
DA:1753,17
DA:1754,17
DA:1760,0
DA:1762,0
DA:1763,0
DA:1765,0
DA:1766,0
DA:1780,237
DA:1782,237
DA:1788,1
DA:1792,1
DA:1793,1
DA:1794,1
DA:1800,3
DA:1803,3
DA:1804,3
DA:1810,0
DA:1813,0
DA:1814,0
DA:1820,135
DA:1822,135
DA:1828,16
DA:1831,16
DA:1832,16
DA:1838,618
DA:1841,618
DA:1842,618
DA:1843,618
DA:1844,618
DA:1850,520
DA:1853,520
DA:1854,520
DA:1855,520
DA:1856,520
DA:1862,2980
DA:1865,2980
DA:1866,2980
DA:1867,2980
DA:1868,2980
DA:1874,2
DA:1877,2
DA:1878,2
DA:1884,163
DA:1887,163
DA:1888,163
DA:1889,163
DA:1891,163
DA:1892,163
DA:1898,132854
DA:1900,132854
DA:1902,11388
DA:1903,11388
DA:1905,132854
DA:1906,132854
DA:1908,252
DA:1910,132854
DA:1912,132854
DA:1918,6
DA:1921,6
DA:1923,6
DA:1924,6
DA:1926,6
DA:1927,6
DA:1928,6
DA:1929,6
DA:1935,242
DA:1938,242
DA:1939,242
DA:1945,145
DA:1948,145
DA:1950,145
DA:1951,145
DA:1952,145
DA:1958,44
DA:1960,44
DA:1961,44
DA:1967,76
DA:1969,76
DA:1975,57
DA:1977,57
DA:1983,33
DA:1985,33
DA:1991,760
DA:1993,760
DA:1999,17
DA:2001,17
DA:2007,17
DA:2010,17
DA:2011,17
DA:2017,81
DA:2020,81
DA:2021,81
DA:2027,6
DA:2029,6
DA:2035,725
DA:2037,725
DA:2043,49
DA:2045,49
DA:2051,382
DA:2053,382
DA:2059,10
DA:2062,10
DA:2063,10
LF:788
LH:528
end_of_record
TN:
SF:src/ph7/builtin.c
FN:1018,1043,PH7_builtin_octdec
FN:1057,1063,PH7_builtin_srand
FN:1077,1139,PH7_builtin_base_convert
FN:116,125,PH7_builtin_is_numeric
FN:1171,1229,PH7_builtin_substr
FN:1251,1321,PH7_builtin_substr_compare
FN:1338,1405,PH7_builtin_substr_count
FN:134,143,PH7_builtin_is_scalar
FN:1419,1466,PH7_builtin_chunk_split
FN:1478,1516,PH7_builtin_addslashes
FN:152,161,PH7_builtin_is_array
FN:1521,1534,cSlashCheckMask
FN:1550,1595,PH7_builtin_addcslashes
FN:1605,1643,PH7_builtin_quotemeta
FN:1656,1698,PH7_builtin_stripslashes
FN:170,179,PH7_builtin_is_object
FN:1723,1790,PH7_builtin_htmlspecialchars
FN:1805,1881,PH7_builtin_htmlspecialchars_decode
FN:188,196,PH7_builtin_is_resource
FN:1899,1935,PH7_builtin_get_html_translation_table
FN:1947,2000,PH7_builtin_htmlentities
FN:2012,2079,PH7_builtin_html_entity_decode
FN:205,217,PH7_builtin_floatval
FN:2088,2097,PH7_builtin_strlen
FN:2108,2125,PH7_builtin_strcmp
FN:2136,2159,PH7_builtin_strncmp
FN:2170,2187,PH7_builtin_strcasecmp
FN:2199,2222,PH7_builtin_strncasecmp
FN:22,31,PH7_builtin_is_bool
FN:2241,2277,implode_callback
FN:226,238,PH7_builtin_intval
FN:2291,2337,PH7_builtin_implode
FN:2355,2401,PH7_builtin_implode_recursive
FN:2426,2509,PH7_builtin_explode
FN:247,260,PH7_builtin_strval
FN:2525,2603,PH7_builtin_trim
FN:2619,2680,PH7_builtin_rtrim
FN:269,278,PH7_builtin_empty
FN:2696,2757,PH7_builtin_ltrim
FN:2767,2811,PH7_builtin_strtolower
FN:2821,2865,PH7_builtin_strtoupper
FN:2876,2906,PH7_builtin_ucfirst
FN:2916,2946,PH7_builtin_lcfirst
FN:2956,2977,PH7_builtin_ord
FN:297,311,PH7_builtin_sqrt
FN:2987,3000,PH7_builtin_chr
FN:3006,3011,HashConsumer
FN:3021,3040,PH7_builtin_bin2hex
FN:3049,3091,iPatternMatch
FN:3106,3144,PH7_builtin_strstr
FN:3159,3197,PH7_builtin_stristr
FN:320,334,PH7_builtin_exp
FN:3213,3258,PH7_builtin_strpos
FN:3274,3319,PH7_builtin_stripos
FN:3335,3402,PH7_builtin_strrpos
FN:3418,3485,PH7_builtin_strripos
FN:343,357,PH7_builtin_floor
FN:3500,3538,PH7_builtin_strrchr
FN:3548,3577,PH7_builtin_strrev
FN:3589,3646,PH7_builtin_ucwords
FN:366,380,PH7_builtin_cos
FN:3660,3698,PH7_builtin_str_repeat
FN:3710,3764,PH7_builtin_nl2br
FN:3857,3869,vxGetdigit
FN:389,403,PH7_builtin_acos
FN:3906,4364,PH7_InputFormat
FN:412,426,PH7_builtin_cosh
FN:42,51,PH7_builtin_is_float
FN:435,449,PH7_builtin_sin
FN:4368,4374,sprintfConsumer
FN:4384,4403,PH7_builtin_sprintf
FN:4407,4415,printfConsumer
FN:4425,4447,PH7_builtin_printf
FN:4457,4487,PH7_builtin_vprintf
FN:4497,4524,PH7_builtin_vsprintf
FN:4539,4580,PH7_builtin_size_format
FN:458,472,PH7_builtin_asin
FN:4594,4625,PH7_builtin_md5
FN:4638,4669,PH7_builtin_sha1
FN:4679,4701,PH7_builtin_crc32
FN:4706,4765,PH7_ProcessCsv
FN:4771,4787,PH7_CsvConsumer
FN:4803,4858,PH7_builtin_str_getcsv
FN:481,495,PH7_builtin_sinh
FN:4864,4901,AddTag
FN:4907,4950,FindTag
FN:4956,5013,PH7_StripTagsFromString
FN:5025,5045,PH7_builtin_strip_tags
FN:504,518,PH7_builtin_ceil
FN:5055,5082,PH7_builtin_str_shuffle
FN:5098,5167,PH7_builtin_str_split
FN:5172,5194,ExtractNonSpaceToken
FN:5200,5227,LongestStringMask
FN:5232,5258,LongestStringMask2
FN:527,541,PH7_builtin_tan
FN:5285,5351,PH7_builtin_strspn
FN:5376,5447,PH7_builtin_strcspn
FN:5459,5499,PH7_builtin_strpbrk
FN:550,564,PH7_builtin_atan
FN:5512,5556,PH7_builtin_soundex
FN:5570,5631,PH7_builtin_wordwrap
FN:5637,5649,CheckMask
FN:5654,5685,ExtractToken
FN:5715,5806,PH7_builtin_strtok
FN:573,587,PH7_builtin_tanh
FN:5826,5917,PH7_builtin_str_pad
FN:5964,5992,StringReplace
FN:597,612,PH7_builtin_atan2
FN:5999,6031,StringReplaceWalker
FN:6037,6066,StrReplaceWalker
FN:6093,6215,PH7_builtin_str_replace
FN:62,71,PH7_builtin_is_int
FN:621,644,PH7_builtin_abs
FN:6234,6295,PH7_builtin_strtr
FN:6318,6496,PH7_ParseIniString
FN:6512,6526,PH7_builtin_parse_ini_string
FN:6541,6574,PH7_builtin_ctype_alnum
FN:656,675,PH7_builtin_log
FN:6584,6617,PH7_builtin_ctype_alpha
FN:6627,6664,PH7_builtin_ctype_cntrl
FN:6674,6711,PH7_builtin_ctype_digit
FN:6722,6759,PH7_builtin_ctype_xdigit
FN:6770,6807,PH7_builtin_ctype_graph
FN:6819,6856,PH7_builtin_ctype_print
FN:684,698,PH7_builtin_log10
FN:6867,6904,PH7_builtin_ctype_punct
FN:6916,6953,PH7_builtin_ctype_space
FN:6963,6996,PH7_builtin_ctype_lower
FN:7006,7039,PH7_builtin_ctype_upper
FN:7090,7100,PH7_builtin_time
FN:7116,7142,PH7_builtin_microtime
FN:712,726,PH7_builtin_pow
FN:7169,7260,PH7_builtin_getdate
FN:7271,7315,PH7_builtin_gettimeofday
FN:735,741,PH7_builtin_pi
FN:7360,7569,DateFormat
FN:753,769,PH7_builtin_fmod
FN:7615,7807,PH7_Strftime
FN:781,797,PH7_builtin_hypot
FN:7823,7869,PH7_builtin_date
FN:7884,7934,PH7_builtin_strftime
FN:7949,7995,PH7_builtin_gmdate
FN:80,89,PH7_builtin_is_string
FN:8020,8144,PH7_builtin_localtime
FN:813,851,PH7_builtin_round
FN:8178,8311,PH7_builtin_idate
FN:8354,8414,PH7_builtin_mktime
FN:8425,8430,Consumer
FN:8441,8460,PH7_builtin_base64_encode
FN:8471,8490,PH7_builtin_base64_decode
FN:8502,8521,PH7_builtin_urlencode
FN:8532,8551,PH7_builtin_urldecode
FN:861,874,PH7_builtin_dechex
FN:8724,8734,PH7_RegisterBuiltInFunction
FN:884,897,PH7_builtin_decoct
FN:907,920,PH7_builtin_decbin
FN:930,973,PH7_builtin_hexdec
FN:98,107,PH7_builtin_is_null
FN:983,1008,PH7_builtin_bindec
FNDA:3,PH7_builtin_octdec
FNDA:10,PH7_builtin_srand
FNDA:24,PH7_builtin_base_convert
FNDA:12,PH7_builtin_is_numeric
FNDA:16,PH7_builtin_substr
FNDA:13,PH7_builtin_substr_compare
FNDA:12,PH7_builtin_substr_count
FNDA:7,PH7_builtin_is_scalar
FNDA:8,PH7_builtin_chunk_split
FNDA:5,PH7_builtin_addslashes
FNDA:49,PH7_builtin_is_array
FNDA:38,cSlashCheckMask
FNDA:6,PH7_builtin_addcslashes
FNDA:5,PH7_builtin_quotemeta
FNDA:4,PH7_builtin_stripslashes
FNDA:10,PH7_builtin_is_object
FNDA:10,PH7_builtin_htmlspecialchars
FNDA:8,PH7_builtin_htmlspecialchars_decode
FNDA:30,PH7_builtin_is_resource
FNDA:2,PH7_builtin_get_html_translation_table
FNDA:5,PH7_builtin_htmlentities
FNDA:14,PH7_builtin_html_entity_decode
FNDA:3,PH7_builtin_floatval
FNDA:73,PH7_builtin_strlen
FNDA:25,PH7_builtin_strcmp
FNDA:10,PH7_builtin_strncmp
FNDA:9,PH7_builtin_strcasecmp
FNDA:4,PH7_builtin_strncasecmp
FNDA:17,PH7_builtin_is_bool
FNDA:10180,implode_callback
FNDA:3,PH7_builtin_intval
FNDA:73,PH7_builtin_implode
FNDA:6,PH7_builtin_implode_recursive
FNDA:16,PH7_builtin_explode
FNDA:2,PH7_builtin_strval
FNDA:40,PH7_builtin_trim
FNDA:13,PH7_builtin_rtrim
FNDA:11,PH7_builtin_empty
FNDA:6,PH7_builtin_ltrim
FNDA:4,PH7_builtin_strtolower
FNDA:6,PH7_builtin_strtoupper
FNDA:3,PH7_builtin_ucfirst
FNDA:3,PH7_builtin_lcfirst
FNDA:16,PH7_builtin_ord
FNDA:3,PH7_builtin_sqrt
FNDA:14,PH7_builtin_chr
FNDA:113,HashConsumer
FNDA:6,PH7_builtin_bin2hex
FNDA:59,iPatternMatch
FNDA:5,PH7_builtin_strstr
FNDA:3,PH7_builtin_stristr
FNDA:10,PH7_builtin_exp
FNDA:41,PH7_builtin_strpos
FNDA:9,PH7_builtin_stripos
FNDA:16,PH7_builtin_strrpos
FNDA:14,PH7_builtin_strripos
FNDA:2,PH7_builtin_floor
FNDA:12,PH7_builtin_strrchr
FNDA:2,PH7_builtin_strrev
FNDA:7,PH7_builtin_ucwords
FNDA:2,PH7_builtin_cos
FNDA:10106,PH7_builtin_str_repeat
FNDA:3,PH7_builtin_nl2br
FNDA:202,vxGetdigit
FNDA:9,PH7_builtin_acos
FNDA:60,PH7_InputFormat
FNDA:9,PH7_builtin_cosh
FNDA:21,PH7_builtin_is_float
FNDA:4,PH7_builtin_sin
FNDA:42,sprintfConsumer
FNDA:28,PH7_builtin_sprintf
FNDA:55,printfConsumer
FNDA:21,PH7_builtin_printf
FNDA:1,PH7_builtin_vprintf
FNDA:5,PH7_builtin_vsprintf
FNDA:12,PH7_builtin_size_format
FNDA:7,PH7_builtin_asin
FNDA:5,PH7_builtin_md5
FNDA:4,PH7_builtin_sha1
FNDA:2,PH7_builtin_crc32
FNDA:2,PH7_ProcessCsv
FNDA:6,PH7_CsvConsumer
FNDA:2,PH7_builtin_str_getcsv
FNDA:10,PH7_builtin_sinh
FNDA:5,AddTag
FNDA:18,FindTag
FNDA:8,PH7_StripTagsFromString
FNDA:8,PH7_builtin_strip_tags
FNDA:3,PH7_builtin_ceil
FNDA:6,PH7_builtin_str_shuffle
FNDA:4,PH7_builtin_str_split
FNDA:14,ExtractNonSpaceToken
FNDA:9,LongestStringMask
FNDA:5,LongestStringMask2
FNDA:3,PH7_builtin_tan
FNDA:13,PH7_builtin_strspn
FNDA:8,PH7_builtin_strcspn
FNDA:3,PH7_builtin_strpbrk
FNDA:8,PH7_builtin_atan
FNDA:10,PH7_builtin_soundex
FNDA:7,PH7_builtin_wordwrap
FNDA:15,CheckMask
FNDA:3,ExtractToken
FNDA:4,PH7_builtin_strtok
FNDA:10,PH7_builtin_tanh
FNDA:5,PH7_builtin_str_pad
FNDA:18,StringReplace
FNDA:5,PH7_builtin_atan2
FNDA:4,StringReplaceWalker
FNDA:13,StrReplaceWalker
FNDA:16,PH7_builtin_str_replace
FNDA:49,PH7_builtin_is_int
FNDA:38,PH7_builtin_abs
FNDA:6,PH7_builtin_strtr
FNDA:5,PH7_ParseIniString
FNDA:5,PH7_builtin_parse_ini_string
FNDA:8,PH7_builtin_ctype_alnum
FNDA:7,PH7_builtin_log
FNDA:9,PH7_builtin_ctype_alpha
FNDA:9,PH7_builtin_ctype_cntrl
FNDA:10,PH7_builtin_ctype_digit
FNDA:10,PH7_builtin_ctype_xdigit
FNDA:9,PH7_builtin_ctype_graph
FNDA:9,PH7_builtin_ctype_print
FNDA:8,PH7_builtin_log10
FNDA:10,PH7_builtin_ctype_punct
FNDA:10,PH7_builtin_ctype_space
FNDA:9,PH7_builtin_ctype_lower
FNDA:9,PH7_builtin_ctype_upper
FNDA:4,PH7_builtin_time
FNDA:10,PH7_builtin_microtime
FNDA:4,PH7_builtin_pow
FNDA:4,PH7_builtin_getdate
FNDA:2,PH7_builtin_gettimeofday
FNDA:1,PH7_builtin_pi
FNDA:23,DateFormat
FNDA:4,PH7_builtin_fmod
FNDA:8,PH7_Strftime
FNDA:3,PH7_builtin_hypot
FNDA:18,PH7_builtin_date
FNDA:10,PH7_builtin_strftime
FNDA:8,PH7_builtin_gmdate
FNDA:29,PH7_builtin_is_string
FNDA:4,PH7_builtin_localtime
FNDA:11,PH7_builtin_round
FNDA:21,PH7_builtin_idate
FNDA:4,PH7_builtin_mktime
FNDA:513,Consumer
FNDA:5,PH7_builtin_base64_encode
FNDA:18,PH7_builtin_base64_decode
FNDA:3,PH7_builtin_urlencode
FNDA:4,PH7_builtin_urldecode
FNDA:3,PH7_builtin_dechex
FNDA:2546,PH7_RegisterBuiltInFunction
FNDA:4,PH7_builtin_decoct
FNDA:2,PH7_builtin_decbin
FNDA:12,PH7_builtin_hexdec
FNDA:13,PH7_builtin_is_null
FNDA:6,PH7_builtin_bindec
FNF:159
FNH:159
DA:22,17
DA:24,17
DA:25,17
DA:26,15
DA:29,17
DA:30,17
DA:42,21
DA:44,21
DA:45,21
DA:46,20
DA:49,21
DA:50,21
DA:62,49
DA:64,49
DA:65,49
DA:66,48
DA:69,49
DA:70,49
DA:80,29
DA:82,29
DA:83,29
DA:84,28
DA:87,29
DA:88,29
DA:98,13
DA:100,13
DA:101,13
DA:102,12
DA:105,13
DA:106,13
DA:116,12
DA:118,12
DA:119,12
DA:120,11
DA:123,12
DA:124,12
DA:134,7
DA:136,7
DA:137,7
DA:138,6
DA:141,7
DA:142,7
DA:152,49
DA:154,49
DA:155,49
DA:156,48
DA:159,49
DA:160,49
DA:170,10
DA:172,10
DA:173,10
DA:174,9
DA:177,10
DA:178,10
DA:188,30
DA:190,30
DA:191,30
DA:192,29
DA:194,30
DA:195,30
DA:205,3
DA:207,3
DA:209,1
DA:213,2
DA:214,2
DA:216,3
DA:226,3
DA:228,3
DA:230,1
DA:234,2
DA:235,2
DA:237,3
DA:247,2
DA:249,2
DA:251,1
DA:254,1
DA:256,1
DA:257,1
DA:259,2
DA:269,11
DA:271,11
DA:272,11
DA:273,10
DA:275,11
DA:276,11
DA:297,3
DA:300,3
DA:302,2
DA:303,2
DA:305,1
DA:307,1
DA:309,1
DA:310,1
DA:320,10
DA:323,10
DA:325,1
DA:326,1
DA:328,9
DA:330,9
DA:332,9
DA:333,9
DA:343,2
DA:346,2
DA:348,1
DA:349,1
DA:351,1
DA:353,1
DA:355,1
DA:356,1
DA:366,2
DA:369,2
DA:371,1
DA:372,1
DA:374,1
DA:376,1
DA:378,1
DA:379,1
DA:389,9
DA:392,9
DA:394,2
DA:395,2
DA:397,7
DA:399,7
DA:401,7
DA:402,7
DA:412,9
DA:415,9
DA:417,1
DA:418,1
DA:420,8
DA:422,8
DA:424,8
DA:425,8
DA:435,4
DA:438,4
DA:440,3
DA:441,3
DA:443,1
DA:445,1
DA:447,1
DA:448,1
DA:458,7
DA:461,7
DA:463,1
DA:464,1
DA:466,6
DA:468,6
DA:470,6
DA:471,6
DA:481,10
DA:484,10
DA:486,1
DA:487,1
DA:489,9
DA:491,9
DA:493,9
DA:494,9
DA:504,3
DA:507,3
DA:509,2
DA:510,2
DA:512,1
DA:514,1
DA:516,1
DA:517,1
DA:527,3
DA:530,3
DA:532,1
DA:533,1
DA:535,2
DA:537,2
DA:539,2
DA:540,2
DA:550,8
DA:553,8
DA:555,2
DA:556,2
DA:558,6
DA:560,6
DA:562,6
DA:563,6
DA:573,10
DA:576,10
DA:578,1
DA:579,1
DA:581,9
DA:583,9
DA:585,9
DA:586,9
DA:597,5
DA:600,5
DA:602,2
DA:603,2
DA:605,3
DA:606,3
DA:608,3
DA:610,3
DA:611,3
DA:621,38
DA:624,38
DA:626,1
DA:627,1
DA:629,37
DA:630,37
DA:632,35
DA:634,35
DA:635,35
DA:638,2
DA:640,2
DA:641,2
DA:643,37
DA:656,7
DA:659,7
DA:661,1
DA:662,1
DA:664,6
DA:666,6
DA:668,2
DA:670,4
DA:673,6
DA:674,6
DA:684,8
DA:687,8
DA:689,1
DA:690,1
DA:692,7
DA:694,7
DA:696,7
DA:697,7
DA:712,4
DA:715,4
DA:717,2
DA:718,2
DA:720,2
DA:721,2
DA:723,2
DA:724,2
DA:725,2
DA:735,1
DA:739,1
DA:740,1
DA:753,4
DA:756,4
DA:758,3
DA:759,3
DA:762,1
DA:763,1
DA:765,1
DA:767,1
DA:768,1
DA:781,3
DA:784,3
DA:786,2
DA:787,2
DA:790,1
DA:791,1
DA:793,1
DA:795,1
DA:796,1
DA:813,11
DA:815,11
DA:817,11
DA:819,2
DA:820,2
DA:823,9
DA:824,3
DA:825,3
DA:826,1
DA:828,3
DA:829,1
DA:832,9
DA:837,9
DA:838,6
DA:839,3
DA:840,1
DA:844,2
DA:846,2
DA:849,9
DA:850,9
DA:861,3
DA:864,3
DA:866,2
DA:867,2
DA:870,1
DA:872,1
DA:873,1
DA:884,4
DA:887,4
DA:889,1
DA:890,1
DA:893,3
DA:895,3
DA:896,3
DA:907,2
DA:910,2
DA:912,1
DA:913,1
DA:916,1
DA:918,1
DA:919,1
DA:930,12
DA:935,12
DA:937,2
DA:938,2
DA:940,10
DA:941,10
DA:943,7
DA:945,7
DA:947,10
DA:948,10
DA:950,2
DA:951,4
DA:952,2
DA:955,8
DA:956,7
DA:959,1
DA:962,7
DA:964,7
DA:968,3
DA:971,10
DA:972,10
DA:983,6
DA:988,6
DA:990,2
DA:991,2
DA:993,4
DA:994,4
DA:996,2
DA:997,2
DA:999,2
DA:1003,2
DA:1006,4
DA:1007,4
DA:1018,3
DA:1023,3
DA:1025,1
DA:1026,1
DA:1028,2
DA:1029,2
DA:1031,1
DA:1032,1
DA:1034,1
DA:1038,1
DA:1041,2
DA:1042,2
DA:1057,10
DA:1061,10
DA:1062,10
DA:1077,24
DA:1082,24
DA:1084,6
DA:1085,6
DA:1088,18
DA:1089,18
DA:1090,18
DA:1092,14
DA:1093,14
DA:1095,0
DA:1096,0
DA:1099,14
DA:1100,5
DA:1102,5
DA:1103,5
DA:1104,3
DA:1106,3
DA:1107,3
DA:1108,2
DA:1110,2
DA:1111,2
DA:1112,4
DA:1114,4
DA:1115,4
DA:1118,4
DA:1120,18
DA:1121,4
DA:1123,4
DA:1124,4
DA:1125,1
DA:1127,1
DA:1128,1
DA:1129,1
DA:1131,1
DA:1132,1
DA:1133,12
DA:1135,12
DA:1136,12
DA:1138,18
DA:1171,16
DA:1175,16
DA:1177,2
DA:1178,2
DA:1181,14
DA:1182,14
DA:1184,1
DA:1185,1
DA:1187,13
DA:1189,13
DA:1190,13
DA:1191,3
DA:1192,3
DA:1194,2
DA:1195,2
DA:1197,1
DA:1198,1
DA:1199,10
DA:1201,3
DA:1202,3
DA:1204,7
DA:1205,7
DA:1207,8
DA:1209,6
DA:1210,6
DA:1212,2
DA:1213,2
DA:1214,4
DA:1215,2
DA:1216,2
DA:1218,1
DA:1221,4
DA:1223,0
DA:1227,6
DA:1228,6
DA:1251,13
DA:1255,13
DA:1257,13
DA:1259,2
DA:1260,2
DA:1263,11
DA:1264,11
DA:1266,1
DA:1267,1
DA:1269,10
DA:1271,10
DA:1272,10
DA:1274,1
DA:1275,1
DA:1278,9
DA:1279,9
DA:1280,2
DA:1281,2
DA:1283,1
DA:1284,1
DA:1286,1
DA:1287,1
DA:1288,7
DA:1290,1
DA:1291,1
DA:1293,6
DA:1294,6
DA:1296,7
DA:1298,6
DA:1299,6
DA:1301,2
DA:1302,2
DA:1303,4
DA:1305,1
DA:1307,4
DA:1309,2
DA:1313,5
DA:1314,1
DA:1316,4
DA:1319,5
DA:1320,5
DA:1338,12
DA:1342,12
DA:1345,12
DA:1347,2
DA:1348,2
DA:1351,10
DA:1353,10
DA:1354,10
DA:1356,1
DA:1357,1
DA:1359,9
DA:1362,7
DA:1363,7
DA:1365,1
DA:1366,1
DA:1369,6
DA:1371,6
DA:1374,8
DA:1375,8
DA:1378,6
DA:1379,6
DA:1381,3
DA:1382,3
DA:1385,3
DA:1386,3
DA:1390,12
DA:1391,12
DA:1393,4
DA:1396,8
DA:1397,8
DA:1398,8
DA:1399,1
DA:1403,5
DA:1404,5
DA:1419,8
DA:1421,8
DA:1423,8
DA:1425,2
DA:1426,2
DA:1429,6
DA:1430,6
DA:1431,6
DA:1432,6
DA:1433,6
DA:1435,6
DA:1436,6
DA:1438,1
DA:1440,6
DA:1442,4
DA:1443,4
DA:1445,1
DA:1446,1
DA:1451,6
DA:1453,4
DA:1454,4
DA:1456,8
DA:1457,6
DA:1458,1
DA:1461,6
DA:1463,6
DA:1465,2
DA:1478,5
DA:1482,5
DA:1484,2
DA:1485,2
DA:1488,3
DA:1489,3
DA:1491,2
DA:1492,2
DA:1494,1
DA:1495,1
DA:1497,3
DA:1499,1
DA:1501,2
DA:1502,7
DA:1503,5
DA:1505,2
DA:1507,2
DA:1509,2
DA:1510,1
DA:1511,1
DA:1513,2
DA:1515,1
DA:1521,38
DA:1523,38
DA:1524,247
DA:1525,224
DA:1527,15
DA:1530,209
DA:1533,23
DA:1550,6
DA:1554,6
DA:1556,1
DA:1557,1
DA:1560,5
DA:1561,5
DA:1563,2
DA:1564,2
DA:1567,3
DA:1568,3
DA:1569,3
DA:1571,8
DA:1573,3
DA:1575,5
DA:1576,15
DA:1577,10
DA:1579,5
DA:1581,5
DA:1583,5
DA:1584,2
DA:1585,2
DA:1587,1
DA:1589,1
DA:1592,5
DA:1594,3
DA:1605,5
DA:1609,5
DA:1611,1
DA:1612,1
DA:1615,4
DA:1616,4
DA:1618,1
DA:1619,1
DA:1621,3
DA:1622,3
DA:1624,17
DA:1626,3
DA:1628,14
DA:1629,27
DA:1630,13
DA:1632,14
DA:1634,5
DA:1636,14
DA:1637,13
DA:1638,13
DA:1640,14
DA:1642,3
DA:1656,4
DA:1660,4
DA:1662,1
DA:1663,1
DA:1666,3
DA:1667,3
DA:1668,0
DA:1669,0
DA:1671,3
DA:1672,3
DA:1675,4
DA:1677,2
DA:1679,2
DA:1680,8
DA:1681,6
DA:1683,2
DA:1685,2
DA:1687,2
DA:1688,1
DA:1689,1
DA:1691,1
DA:1694,1
DA:1697,3
DA:1723,10
DA:1726,10
DA:1728,10
DA:1730,5
DA:1731,5
DA:1734,5
DA:1735,5
DA:1737,5
DA:1738,4
DA:1739,4
DA:1740,1
DA:1745,23
DA:1746,4
DA:1748,19
DA:1749,41
DA:1750,22
DA:1752,19
DA:1754,8
DA:1756,19
DA:1757,1
DA:1759,18
DA:1760,18
DA:1762,4
DA:1763,14
DA:1765,3
DA:1766,11
DA:1768,4
DA:1769,7
DA:1770,2
DA:1772,2
DA:1775,0
DA:1777,5
DA:1778,5
DA:1780,3
DA:1783,2
DA:1787,18
DA:1789,5
DA:1805,8
DA:1808,8
DA:1810,8
DA:1812,3
DA:1813,3
DA:1816,5
DA:1817,5
DA:1819,5
DA:1820,3
DA:1821,3
DA:1822,1
DA:1827,15
DA:1828,5
DA:1830,10
DA:1831,25
DA:1832,15
DA:1834,10
DA:1836,4
DA:1838,10
DA:1839,10
DA:1840,10
DA:1842,1
DA:1843,1
DA:1844,9
DA:1846,1
DA:1847,1
DA:1848,8
DA:1850,1
DA:1851,1
DA:1852,7
DA:1854,6
DA:1855,4
DA:1858,2
DA:1860,6
DA:1861,1
DA:1863,1
DA:1865,1
DA:1868,0
DA:1870,1
DA:1871,0
DA:1873,0
DA:1876,0
DA:1878,10
DA:1880,5
DA:1899,2
DA:1904,2
DA:1905,2
DA:1909,0
DA:1910,0
DA:1913,2
DA:1914,2
DA:1916,0
DA:1917,0
DA:1920,42
DA:1922,40
DA:1924,40
DA:1926,40
DA:1933,2
DA:1934,2
DA:1947,5
DA:1949,5
DA:1953,5
DA:1955,3
DA:1956,3
DA:1959,2
DA:1960,2
DA:1962,2
DA:1963,1
DA:1964,1
DA:1965,1
DA:1970,11
DA:1972,2
DA:1974,9
DA:1976,116
DA:1977,111
DA:1979,4
DA:1982,9
DA:1984,4
DA:1986,0
DA:1987,4
DA:1989,0
DA:1991,4
DA:1995,5
DA:1997,9
DA:1999,2
DA:2012,14
DA:2015,14
DA:2018,14
DA:2020,2
DA:2021,2
DA:2024,12
DA:2025,12
DA:2027,12
DA:2028,7
DA:2029,7
DA:2030,1
DA:2035,27
DA:2037,6
DA:2039,21
DA:2040,86
DA:2041,65
DA:2043,21
DA:2045,13
DA:2047,21
DA:2048,6
DA:2050,15
DA:2052,56
DA:2053,56
DA:2054,56
DA:2056,15
DA:2057,15
DA:2060,15
DA:2061,15
DA:2063,15
DA:2065,4
DA:2066,11
DA:2068,2
DA:2070,9
DA:2074,0
DA:2075,0
DA:2078,12
DA:2088,73
DA:2090,73
DA:2091,73
DA:2092,72
DA:2095,73
DA:2096,73
DA:2108,25
DA:2113,25
DA:2114,2
DA:2115,2
DA:2116,2
DA:2119,23
DA:2120,23
DA:2121,23
DA:2123,23
DA:2124,23
DA:2136,10
DA:2141,10
DA:2143,2
DA:2146,8
DA:2147,8
DA:2149,1
DA:2150,1
DA:2153,7
DA:2154,7
DA:2155,7
DA:2157,7
DA:2158,7
DA:2170,9
DA:2175,9
DA:2176,4
DA:2177,4
DA:2178,4
DA:2181,5
DA:2182,5
DA:2183,5
DA:2185,5
DA:2186,5
DA:2199,4
DA:2204,4
DA:2206,2
DA:2209,2
DA:2210,2
DA:2212,0
DA:2213,0
DA:2216,2
DA:2217,2
DA:2218,2
DA:2220,2
DA:2221,2
DA:2241,10180
DA:2244,10180
DA:2247,10180
DA:2248,1
DA:2249,1
DA:2251,1
DA:2253,0
DA:2257,1
DA:2258,1
DA:2259,1
DA:2260,1
DA:2261,1
DA:2264,10179
DA:2266,10179
DA:2267,74
DA:2268,10105
DA:2270,10099
DA:2273,10179
DA:2274,10178
DA:2276,10179
DA:2291,73
DA:2294,73
DA:2295,73
DA:2297,0
DA:2298,0
DA:2301,73
DA:2302,73
DA:2303,73
DA:2304,73
DA:2305,73
DA:2306,72
DA:2308,1
DA:2309,1
DA:2310,1
DA:2312,73
DA:2314,146
DA:2315,73
DA:2317,73
DA:2322,0
DA:2324,0
DA:2325,0
DA:2326,0
DA:2327,0
DA:2330,0
DA:2331,0
DA:2334,73
DA:2336,73
DA:2355,6
DA:2358,6
DA:2359,6
DA:2361,1
DA:2362,1
DA:2365,5
DA:2366,5
DA:2367,5
DA:2368,5
DA:2369,5
DA:2370,5
DA:2372,0
DA:2373,0
DA:2374,0
DA:2376,5
DA:2378,10
DA:2379,5
DA:2381,1
DA:2386,4
DA:2388,4
DA:2389,4
DA:2390,0
DA:2391,0
DA:2394,4
DA:2395,4
DA:2398,5
DA:2400,5
DA:2426,16
DA:2434,16
DA:2436,4
DA:2437,4
DA:2440,12
DA:2441,12
DA:2443,1
DA:2444,1
DA:2447,11
DA:2448,11
DA:2450,1
DA:2451,1
DA:2452,1
DA:2454,0
DA:2455,0
DA:2457,1
DA:2458,1
DA:2459,1
DA:2460,1
DA:2463,10
DA:2465,10
DA:2466,10
DA:2467,10
DA:2469,0
DA:2470,0
DA:2473,10
DA:2474,10
DA:2475,4
DA:2476,4
DA:2477,1
DA:2479,4
DA:2480,1
DA:2482,4
DA:2486,26
DA:2487,26
DA:2489,10
DA:2490,10
DA:2491,10
DA:2494,16
DA:2496,16
DA:2497,16
DA:2499,16
DA:2501,16
DA:2504,10
DA:2508,10
DA:2525,40
DA:2529,40
DA:2531,1
DA:2532,1
DA:2535,39
DA:2536,39
DA:2538,1
DA:2539,1
DA:2542,38
DA:2545,36
DA:2546,68
DA:2547,36
DA:2552,2
DA:2553,2
DA:2555,1
DA:2557,1
DA:2558,1
DA:2563,4
DA:2564,0
DA:2566,4
DA:2567,8
DA:2568,4
DA:2569,3
DA:2572,4
DA:2574,1
DA:2578,1
DA:2580,4
DA:2581,0
DA:2583,4
DA:2584,8
DA:2585,4
DA:2586,3
DA:2589,4
DA:2590,1
DA:2593,1
DA:2595,0
DA:2597,1
DA:2598,1
DA:2602,38
DA:2619,13
DA:2623,13
DA:2625,1
DA:2626,1
DA:2629,12
DA:2630,12
DA:2632,2
DA:2633,2
DA:2636,10
DA:2639,8
DA:2640,16
DA:2641,8
DA:2646,2
DA:2647,2
DA:2649,0
DA:2651,2
DA:2652,2
DA:2657,6
DA:2658,0
DA:2660,6
DA:2661,12
DA:2662,6
DA:2663,4
DA:2666,6
DA:2667,2
DA:2670,2
DA:2672,0
DA:2674,2
DA:2675,2
DA:2679,10
DA:2696,6
DA:2700,6
DA:2702,1
DA:2703,1
DA:2706,5
DA:2707,5
DA:2709,0
DA:2710,0
DA:2713,5
DA:2716,1
DA:2717,3
DA:2718,1
DA:2723,4
DA:2724,4
DA:2726,1
DA:2728,3
DA:2729,3
DA:2734,7
DA:2735,0
DA:2737,7
DA:2738,20
DA:2739,13
DA:2740,6
DA:2743,7
DA:2745,3
DA:2748,3
DA:2750,0
DA:2752,3
DA:2756,5
DA:2767,4
DA:2771,4
DA:2773,1
DA:2774,1
DA:2777,3
DA:2778,3
DA:2780,1
DA:2781,1
DA:2784,2
DA:2786,16
DA:2788,2
DA:2790,14
DA:2792,0
DA:2793,0
DA:2794,0
DA:2795,0
DA:2798,0
DA:2800,14
DA:2801,14
DA:2802,4
DA:2805,14
DA:2807,14
DA:2810,2
DA:2821,6
DA:2825,6
DA:2827,1
DA:2828,1
DA:2831,5
DA:2832,5
DA:2834,1
DA:2835,1
DA:2838,4
DA:2840,31
DA:2842,4
DA:2844,27
DA:2846,0
DA:2847,0
DA:2848,0
DA:2849,0
DA:2852,0
DA:2854,27
DA:2855,27
DA:2856,21
DA:2859,27
DA:2861,27
DA:2864,4
DA:2876,3
DA:2880,3
DA:2882,1
DA:2883,1
DA:2886,2
DA:2887,2
DA:2889,1
DA:2890,1
DA:2893,1
DA:2894,1
DA:2895,1
DA:2896,1
DA:2899,1
DA:2900,1
DA:2901,1
DA:2903,1
DA:2905,1
DA:2916,3
DA:2920,3
DA:2922,1
DA:2923,1
DA:2926,2
DA:2927,2
DA:2929,1
DA:2930,1
DA:2933,1
DA:2934,1
DA:2935,1
DA:2936,1
DA:2939,1
DA:2940,1
DA:2941,1
DA:2943,1
DA:2945,1
DA:2956,16
DA:2960,16
DA:2962,1
DA:2963,1
DA:2966,15
DA:2967,15
DA:2969,1
DA:2970,1
DA:2973,14
DA:2975,14
DA:2976,14
DA:2987,14
DA:2990,14
DA:2992,1
DA:2993,1
DA:2996,13
DA:2998,13
DA:2999,13
DA:3006,113
DA:3009,113
DA:3010,113
DA:3021,6
DA:3025,6
DA:3027,1
DA:3028,1
DA:3031,5
DA:3032,5
DA:3034,1
DA:3035,1
DA:3038,4
DA:3039,4
DA:3049,59
DA:3051,59
DA:3052,59
DA:3053,59
DA:3054,59
DA:3057,59
DA:3059,16
DA:3062,244
DA:3063,23
DA:3065,221
DA:3066,221
DA:3067,221
DA:3068,20
DA:3069,20
DA:3071,71
DA:3073,20
DA:3074,20
DA:3076,51
DA:3077,0
DA:3079,51
DA:3080,51
DA:3081,51
DA:3082,0
DA:3084,51
DA:3087,201
DA:3090,23
DA:3106,5
DA:3108,5
DA:3113,5
DA:3115,2
DA:3116,2
DA:3119,3
DA:3120,3
DA:3121,3
DA:3122,5
DA:3123,2
DA:3125,2
DA:3126,2
DA:3128,0
DA:3129,0
DA:3132,2
DA:3133,1
DA:3135,2
DA:3136,1
DA:3138,1
DA:3141,1
DA:3143,3
DA:3159,3
DA:3161,3
DA:3166,3
DA:3168,1
DA:3169,1
DA:3172,2
DA:3173,2
DA:3174,2
DA:3175,4
DA:3176,2
DA:3178,2
DA:3179,2
DA:3181,0
DA:3182,0
DA:3185,2
DA:3186,1
DA:3188,2
DA:3189,1
DA:3191,1
DA:3194,0
DA:3196,2
DA:3213,41
DA:3215,41
DA:3220,41
DA:3222,3
DA:3223,3
DA:3226,38
DA:3227,38
DA:3228,38
DA:3229,38
DA:3231,38
DA:3232,0
DA:3233,0
DA:3234,0
DA:3236,0
DA:3238,0
DA:3240,0
DA:3241,0
DA:3244,38
DA:3246,37
DA:3247,37
DA:3249,1
DA:3250,1
DA:3253,36
DA:3255,1
DA:3257,37
DA:3274,9
DA:3276,9
DA:3281,9
DA:3283,1
DA:3284,1
DA:3287,8
DA:3288,8
DA:3289,8
DA:3290,8
DA:3292,8
DA:3293,2
DA:3294,2
DA:3295,1
DA:3297,2
DA:3299,0
DA:3301,2
DA:3302,2
DA:3305,8
DA:3307,8
DA:3308,8
DA:3310,1
DA:3311,1
DA:3314,7
DA:3316,0
DA:3318,7
DA:3335,16
DA:3338,16
DA:3342,16
DA:3344,1
DA:3345,1
DA:3348,15
DA:3349,15
DA:3351,15
DA:3352,15
DA:3354,15
DA:3355,15
DA:3357,15
DA:3359,10
DA:3360,10
DA:3361,5
DA:3362,5
DA:3364,1
DA:3365,1
DA:3367,4
DA:3368,4
DA:3369,4
DA:3372,5
DA:3374,2
DA:3375,2
DA:3377,3
DA:3378,3
DA:3382,12
DA:3385,57
DA:3386,5
DA:3388,52
DA:3389,52
DA:3391,6
DA:3392,6
DA:3394,46
DA:3397,5
DA:3399,1
DA:3401,6
DA:3418,14
DA:3421,14
DA:3425,14
DA:3427,1
DA:3428,1
DA:3431,13
DA:3432,13
DA:3434,13
DA:3435,13
DA:3437,13
DA:3438,13
DA:3440,13
DA:3442,7
DA:3443,7
DA:3444,3
DA:3445,3
DA:3447,1
DA:3448,1
DA:3450,2
DA:3451,2
DA:3452,2
DA:3455,4
DA:3457,2
DA:3458,2
DA:3460,2
DA:3461,2
DA:3465,10
DA:3468,44
DA:3469,4
DA:3471,40
DA:3472,40
DA:3474,5
DA:3475,5
DA:3477,35
DA:3480,4
DA:3482,1
DA:3484,5
DA:3500,12
DA:3504,12
DA:3506,1
DA:3507,1
DA:3510,11
DA:3511,11
DA:3512,11
DA:3515,10
DA:3517,5
DA:3520,5
DA:3523,5
DA:3526,10
DA:3527,10
DA:3529,3
DA:3530,3
DA:3533,7
DA:3535,1
DA:3537,8
DA:3548,2
DA:3552,2
DA:3554,1
DA:3555,1
DA:3558,1
DA:3559,1
DA:3561,0
DA:3562,0
DA:3565,1
DA:3567,4
DA:3569,1
DA:3572,3
DA:3573,3
DA:3574,3
DA:3576,1
DA:3589,7
DA:3593,7
DA:3595,1
DA:3596,1
DA:3599,6
DA:3600,6
DA:3602,1
DA:3603,1
DA:3606,5
DA:3609,21
DA:3610,32
DA:3611,11
DA:3613,21
DA:3615,11
DA:3617,21
DA:3619,5
DA:3621,16
DA:3622,16
DA:3623,14
DA:3626,16
DA:3627,16
DA:3628,16
DA:3630,74
DA:3631,69
DA:3633,0
DA:3634,0
DA:3635,69
DA:3636,58
DA:3638,11
DA:3641,16
DA:3642,16
DA:3645,5
DA:3660,10106
DA:3665,10106
DA:3667,1
DA:3668,1
DA:3671,10105
DA:3672,10105
DA:3674,0
DA:3675,0
DA:3678,10105
DA:3679,10105
DA:3681,1
DA:3682,1
DA:3686,120220
DA:3687,10104
DA:3690,110116
DA:3691,110116
DA:3693,0
DA:3695,110116
DA:3697,10104
DA:3710,3
DA:3713,3
DA:3715,3
DA:3717,1
DA:3718,1
DA:3721,2
DA:3722,2
DA:3724,0
DA:3725,0
DA:3727,2
DA:3728,1
DA:3730,2
DA:3733,4
DA:3735,8
DA:3736,4
DA:3738,4
DA:3740,4
DA:3742,4
DA:3744,2
DA:3748,2
DA:3749,1
DA:3751,1
DA:3753,2
DA:3755,4
DA:3756,2
DA:3758,2
DA:3760,2
DA:3763,2
DA:3857,202
DA:3862,202
DA:3863,0
DA:3865,202
DA:3866,202
DA:3867,202
DA:3868,202
DA:3906,60
DA:3917,60
DA:3919,60
DA:3937,60
DA:3941,123
DA:3942,348
DA:3943,225
DA:3945,123
DA:3947,47
DA:3948,47
DA:3950,0
DA:3953,123
DA:3955,59
DA:3958,64
DA:3959,64
DA:3960,64
DA:3962,78
DA:3963,78
DA:3964,4
DA:3965,1
DA:3966,3
DA:3967,4
DA:3968,2
DA:3969,0
DA:3970,0
DA:3971,0
DA:3973,0
DA:3974,0
DA:3975,0
DA:3977,0
DA:3979,0
DA:3980,64
DA:3982,78
DA:3984,64
DA:3985,79
DA:3986,15
DA:3987,15
DA:3989,64
DA:3991,0
DA:3992,0
DA:3993,0
DA:3994,0
DA:3997,0
DA:3998,0
DA:3999,0
DA:4000,0
DA:4001,0
DA:4003,0
DA:4004,0
DA:4005,0
DA:4008,64
DA:4009,0
DA:4012,64
DA:4013,64
DA:4014,28
DA:4015,28
DA:4016,58
DA:4017,30
DA:4018,30
DA:4021,64
DA:4023,1
DA:4026,63
DA:4027,63
DA:4028,63
DA:4029,63
DA:4030,349
DA:4031,348
DA:4032,62
DA:4033,62
DA:4034,62
DA:4037,63
DA:4038,63
DA:4055,63
DA:4056,0
DA:4058,0
DA:4059,0
DA:4060,0
DA:4061,3
DA:4065,3
DA:4066,3
DA:4067,1
DA:4069,2
DA:4072,3
DA:4073,3
DA:4074,3
DA:4075,12
DA:4077,12
DA:4078,12
DA:4079,0
DA:4081,12
DA:4083,12
DA:4084,0
DA:4085,0
DA:4087,12
DA:4088,1
DA:4090,12
DA:4092,0
DA:4093,0
DA:4096,12
DA:4097,20
DA:4098,20
DA:4099,20
DA:4100,0
DA:4102,20
DA:4105,20
DA:4106,0
DA:4111,20
DA:4117,20
DA:4118,11
DA:4119,1
DA:4121,1
DA:4123,0
DA:4125,1
DA:4126,10
DA:4127,9
DA:4128,8
DA:4130,9
DA:4131,0
DA:4133,0
DA:4135,0
DA:4138,9
DA:4140,20
DA:4141,1
DA:4143,20
DA:4147,20
DA:4148,20
DA:4150,39
DA:4151,39
DA:4152,39
DA:4154,20
DA:4155,27
DA:4156,7
DA:4158,20
DA:4159,20
DA:4161,4
DA:4162,4
DA:4163,11
DA:4166,20
DA:4167,20
DA:4168,27
DA:4179,27
DA:4180,27
DA:4181,0
DA:4183,27
DA:4185,27
DA:4186,27
DA:4187,27
DA:4188,0
DA:4189,0
DA:4191,27
DA:4192,27
DA:4193,27
DA:4195,27
DA:4196,27
DA:4202,193
DA:4204,27
DA:4206,27
DA:4207,27
DA:4208,29
DA:4209,43
DA:4210,29
DA:4211,34
DA:4212,27
DA:4213,0
DA:4214,0
DA:4215,0
DA:4218,27
DA:4223,27
DA:4224,27
DA:4225,0
DA:4226,0
DA:4228,27
DA:4229,0
DA:4230,0
DA:4231,0
DA:4233,0
DA:4234,0
DA:4237,27
DA:4243,27
DA:4244,27
DA:4245,27
DA:4246,27
DA:4247,27
DA:4248,72
DA:4249,27
DA:4250,43
DA:4251,16
DA:4253,177
DA:4254,27
DA:4255,27
DA:4256,0
DA:4257,0
DA:4259,27
DA:4261,0
DA:4262,0
DA:4263,0
DA:4264,0
DA:4265,0
DA:4266,0
DA:4267,0
DA:4268,0
DA:4269,0
DA:4271,0
DA:4272,0
DA:4273,0
DA:4274,0
DA:4275,0
DA:4276,0
DA:4277,0
DA:4278,0
DA:4280,0
DA:4281,0
DA:4287,27
DA:4288,27
DA:4291,27
DA:4293,1
DA:4294,6
DA:4295,5
DA:4297,1
DA:4298,2
DA:4299,1
DA:4305,27
DA:4307,1
DA:4309,1
DA:4310,1
DA:4311,1
DA:4318,63
DA:4320,59
DA:4321,59
DA:4322,2
DA:4323,0
DA:4324,0
DA:4325,0
DA:4327,0
DA:4329,2
DA:4330,2
DA:4331,2
DA:4332,0
DA:4337,63
DA:4338,63
DA:4339,63
DA:4340,0
DA:4343,63
DA:4345,4
DA:4346,4
DA:4347,4
DA:4348,0
DA:4349,0
DA:4350,0
DA:4352,0
DA:4354,4
DA:4355,4
DA:4356,4
DA:4357,0
DA:4363,60
DA:4368,42
DA:4371,42
DA:4373,42
DA:4384,28
DA:4388,28
DA:4390,1
DA:4391,1
DA:4394,27
DA:4395,27
DA:4397,0
DA:4398,0
DA:4401,27
DA:4402,27
DA:4407,55
DA:4409,55
DA:4411,55
DA:4413,55
DA:4414,55
DA:4425,21
DA:4427,21
DA:4430,21
DA:4432,1
DA:4433,1
DA:4436,20
DA:4437,20
DA:4439,0
DA:4440,0
DA:4443,20
DA:4445,20
DA:4446,20
DA:4457,1
DA:4459,1
DA:4464,1
DA:4466,0
DA:4467,0
DA:4470,1
DA:4471,1
DA:4473,0
DA:4474,0
DA:4477,1
DA:4479,1
DA:4481,1
DA:4483,1
DA:4485,1
DA:4486,1
DA:4497,5
DA:4503,5
DA:4505,2
DA:4506,2
DA:4509,3
DA:4510,3
DA:4512,0
DA:4513,0
DA:4516,3
DA:4518,3
DA:4520,3
DA:4522,3
DA:4523,3
DA:4539,12
DA:4545,12
DA:4547,12
DA:4549,1
DA:4550,1
DA:4553,11
DA:4554,11
DA:4556,2
DA:4557,2
DA:4560,19
DA:4561,19
DA:4562,19
DA:4563,19
DA:4564,9
DA:4567,9
DA:4568,9
DA:4569,0
DA:4571,9
DA:4572,0
DA:4573,0
DA:4574,0
DA:4576,9
DA:4578,9
DA:4579,9
DA:4594,5
DA:4597,5
DA:4600,5
DA:4602,1
DA:4603,1
DA:4606,4
DA:4607,4
DA:4609,0
DA:4610,0
DA:4612,4
DA:4613,1
DA:4616,4
DA:4617,4
DA:4619,1
DA:4622,3
DA:4624,4
DA:4638,4
DA:4641,4
DA:4644,4
DA:4646,1
DA:4647,1
DA:4650,3
DA:4651,3
DA:4653,0
DA:4654,0
DA:4656,3
DA:4657,1
DA:4660,3
DA:4661,3
DA:4663,1
DA:4666,2
DA:4668,3
DA:4679,2
DA:4684,2
DA:4686,1
DA:4687,1
DA:4690,1
DA:4691,1
DA:4693,0
DA:4694,0
DA:4697,1
DA:4699,1
DA:4700,1
DA:4706,2
DA:4716,2
DA:4717,2
DA:4722,8
DA:4724,2
DA:4726,6
DA:4727,6
DA:4729,13
DA:4730,11
DA:4733,7
DA:4735,0
DA:4736,7
DA:4738,0
DA:4741,7
DA:4743,6
DA:4744,6
DA:4747,6
DA:4748,0
DA:4749,0
DA:4751,6
DA:4752,6
DA:4753,6
DA:4755,0
DA:4760,10
DA:4761,4
DA:4764,2
DA:4771,6
DA:4773,6
DA:4777,6
DA:4779,7
DA:4780,6
DA:4781,0
DA:4783,6
DA:4784,6
DA:4785,6
DA:4786,6
DA:4803,2
DA:4807,2
DA:4808,2
DA:4809,2
DA:4811,2
DA:4813,1
DA:4814,1
DA:4817,1
DA:4818,1
DA:4820,1
DA:4822,1
DA:4823,1
DA:4824,1
DA:4827,1
DA:4828,1
DA:4830,1
DA:4831,1
DA:4832,1
DA:4835,1
DA:4836,1
DA:4838,1
DA:4839,1
DA:4840,1
DA:4847,1
DA:4848,1
DA:4849,0
DA:4850,0
DA:4851,0
DA:4854,1
DA:4856,1
DA:4857,1
DA:4864,5
DA:4866,5
DA:4871,17
DA:4872,7
DA:4873,7
DA:4875,10
DA:4876,5
DA:4878,5
DA:4880,12
DA:4881,12
DA:4883,1
DA:4884,2
DA:4885,11
DA:4886,5
DA:4888,6
DA:4891,5
DA:4893,5
DA:4894,5
DA:4895,5
DA:4898,5
DA:4900,5
DA:4907,18
DA:4909,18
DA:4910,12
DA:4912,30
DA:4913,12
DA:4914,18
DA:4917,12
DA:4918,38
DA:4919,38
DA:4921,2
DA:4922,4
DA:4923,36
DA:4924,12
DA:4926,24
DA:4929,12
DA:4931,12
DA:4932,12
DA:4937,12
DA:4938,14
DA:4939,12
DA:4941,12
DA:4942,12
DA:4943,10
DA:4949,8
DA:4956,8
DA:4958,8
DA:4962,8
DA:4963,8
DA:4965,5
DA:4968,8
DA:4971,26
DA:4973,7
DA:4975,19
DA:4977,66
DA:4978,47
DA:4980,19
DA:4982,10
DA:4985,19
DA:4986,0
DA:4988,19
DA:4990,1
DA:4992,18
DA:4994,18
DA:4996,63
DA:4997,45
DA:4999,18
DA:5000,18
DA:5003,18
DA:5004,18
DA:5006,10
DA:5011,8
DA:5012,8
DA:5025,8
DA:5027,8
DA:5029,8
DA:5031,8
DA:5033,1
DA:5034,1
DA:5037,7
DA:5038,7
DA:5040,5
DA:5043,7
DA:5044,7
DA:5055,6
DA:5060,6
DA:5062,1
DA:5063,1
DA:5066,5
DA:5067,5
DA:5069,1
DA:5070,1
DA:5073,21
DA:5075,17
DA:5077,17
DA:5079,17
DA:5081,4
DA:5098,4
DA:5104,4
DA:5106,2
DA:5107,2
DA:5110,2
DA:5111,2
DA:5113,0
DA:5114,0
DA:5116,2
DA:5117,2
DA:5119,2
DA:5120,2
DA:5122,1
DA:5123,1
DA:5125,1
DA:5126,0
DA:5130,1
DA:5132,1
DA:5133,1
DA:5135,0
DA:5136,0
DA:5139,1
DA:5141,3
DA:5143,4
DA:5145,1
DA:5147,3
DA:5148,3
DA:5149,0
DA:5152,3
DA:5154,3
DA:5156,3
DA:5158,3
DA:5165,1
DA:5166,1
DA:5172,14
DA:5174,14
DA:5177,14
DA:5178,0
DA:5180,14
DA:5182,0
DA:5184,14
DA:5186,100
DA:5187,86
DA:5189,14
DA:5191,14
DA:5193,14
DA:5200,9
DA:5202,9
DA:5203,9
DA:5206,45
DA:5207,3
DA:5210,42
DA:5212,191
DA:5213,185
DA:5215,36
DA:5218,42
DA:5220,6
DA:5223,36
DA:5226,9
DA:5232,5
DA:5234,5
DA:5235,5
DA:5238,12
DA:5239,1
DA:5242,11
DA:5244,25
DA:5245,18
DA:5246,4
DA:5249,11
DA:5251,4
DA:5254,7
DA:5257,5
DA:5285,13
DA:5290,13
DA:5292,13
DA:5294,1
DA:5295,1
DA:5298,12
DA:5300,12
DA:5301,12
DA:5303,3
DA:5304,3
DA:5306,9
DA:5309,4
DA:5310,4
DA:5311,0
DA:5312,0
DA:5313,0
DA:5314,0
DA:5317,0
DA:5318,0
DA:5321,4
DA:5323,0
DA:5324,0
DA:5327,4
DA:5328,4
DA:5331,4
DA:5334,4
DA:5335,4
DA:5336,2
DA:5341,9
DA:5343,9
DA:5344,9
DA:5346,9
DA:5349,9
DA:5350,9
DA:5376,8
DA:5381,8
DA:5383,8
DA:5385,1
DA:5386,1
DA:5389,7
DA:5391,7
DA:5392,7
DA:5394,0
DA:5395,0
DA:5397,7
DA:5399,1
DA:5400,1
DA:5402,6
DA:5405,5
DA:5406,5
DA:5407,0
DA:5408,0
DA:5409,0
DA:5410,0
DA:5413,0
DA:5414,0
DA:5417,5
DA:5419,1
DA:5420,1
DA:5423,4
DA:5424,4
DA:5427,4
DA:5430,0
DA:5431,0
DA:5432,0
DA:5437,5
DA:5439,5
DA:5440,5
DA:5442,5
DA:5445,5
DA:5446,5
DA:5459,3
DA:5465,3
DA:5467,1
DA:5468,1
DA:5471,2
DA:5472,2
DA:5473,2
DA:5475,0
DA:5476,0
DA:5479,2
DA:5480,2
DA:5482,7
DA:5483,5
DA:5484,5
DA:5485,5
DA:5486,2
DA:5487,1
DA:5491,2
DA:5493,1
DA:5496,1
DA:5498,2
DA:5512,10
DA:5527,10
DA:5529,1
DA:5530,1
DA:5532,9
DA:5533,9
DA:5534,9
DA:5535,8
DA:5536,8
DA:5537,54
DA:5538,46
DA:5539,46
DA:5540,22
DA:5541,16
DA:5542,16
DA:5545,24
DA:5548,16
DA:5549,8
DA:5551,8
DA:5553,1
DA:5555,9
DA:5570,7
DA:5574,7
DA:5576,1
DA:5577,1
DA:5580,6
DA:5581,6
DA:5583,1
DA:5584,1
DA:5587,5
DA:5588,5
DA:5589,5
DA:5590,5
DA:5591,5
DA:5592,5
DA:5593,0
DA:5595,5
DA:5596,1
DA:5599,5
DA:5605,4
DA:5606,4
DA:5610,5
DA:5611,18
DA:5613,23
DA:5615,5
DA:5617,18
DA:5618,18
DA:5619,5
DA:5622,18
DA:5624,18
DA:5625,18
DA:5627,13
DA:5630,5
DA:5637,15
DA:5640,28
DA:5641,19
DA:5642,6
DA:5643,2
DA:5645,6
DA:5648,9
DA:5654,3
DA:5656,3
DA:5659,5
DA:5660,2
DA:5662,3
DA:5664,0
DA:5666,3
DA:5668,6
DA:5669,5
DA:5671,0
DA:5672,0
DA:5674,5
DA:5675,2
DA:5677,3
DA:5680,3
DA:5682,3
DA:5684,3
DA:5715,4
DA:5722,4
DA:5724,3
DA:5725,3
DA:5727,1
DA:5728,1
DA:5730,2
DA:5731,2
DA:5732,2
DA:5734,2
DA:5736,2
DA:5738,0
DA:5739,0
DA:5740,0
DA:5741,0
DA:5742,0
DA:5745,2
DA:5746,2
DA:5748,0
DA:5749,0
DA:5750,0
DA:5751,0
DA:5754,2
DA:5761,1
DA:5762,1
DA:5764,0
DA:5765,0
DA:5768,1
DA:5769,1
DA:5772,0
DA:5773,0
DA:5777,1
DA:5778,1
DA:5780,0
DA:5781,0
DA:5784,1
DA:5787,1
DA:5788,1
DA:5789,1
DA:5790,1
DA:5791,0
DA:5792,0
DA:5795,1
DA:5796,1
DA:5797,1
DA:5799,1
DA:5800,1
DA:5801,1
DA:5805,3
DA:5826,5
DA:5830,5
DA:5832,2
DA:5833,2
DA:5836,3
DA:5838,3
DA:5839,3
DA:5840,2
DA:5842,3
DA:5844,1
DA:5845,1
DA:5847,2
DA:5848,2
DA:5849,2
DA:5850,2
DA:5852,2
DA:5853,2
DA:5855,0
DA:5856,0
DA:5858,2
DA:5860,2
DA:5861,2
DA:5862,1
DA:5866,2
DA:5867,2
DA:5868,0
DA:5871,2
DA:5872,1
DA:5873,2
DA:5875,2
DA:5876,1
DA:5878,1
DA:5880,1
DA:5881,2
DA:5882,1
DA:5883,1
DA:5884,0
DA:5886,1
DA:5887,0
DA:5889,1
DA:5893,2
DA:5895,2
DA:5897,2
DA:5898,2
DA:5900,2
DA:5901,1
DA:5903,1
DA:5905,2
DA:5906,1
DA:5907,1
DA:5908,0
DA:5910,1
DA:5911,0
DA:5913,1
DA:5916,2
DA:5964,18
DA:5966,18
DA:5968,18
DA:5969,18
DA:5971,51
DA:5972,18
DA:5973,18
DA:5974,16
DA:5980,16
DA:5981,16
DA:5983,0
DA:5986,16
DA:5987,16
DA:5988,82
DA:5989,16
DA:5991,18
DA:5999,4
DA:6001,4
DA:6008,4
DA:6009,4
DA:6011,1
DA:6014,3
DA:6015,3
DA:6017,0
DA:6020,3
DA:6021,3
DA:6023,0
DA:6026,3
DA:6028,3
DA:6030,3
DA:6037,13
DA:6039,13
DA:6044,13
DA:6045,13
DA:6046,13
DA:6049,12
DA:6052,12
DA:6054,0
DA:6055,0
DA:6057,12
DA:6059,12
DA:6062,13
DA:6065,13
DA:6093,16
DA:6105,16
DA:6107,3
DA:6108,3
DA:6111,13
DA:6112,13
DA:6113,13
DA:6114,13
DA:6115,13
DA:6116,13
DA:6117,13
DA:6119,13
DA:6120,13
DA:6122,0
DA:6123,0
DA:6126,13
DA:6128,13
DA:6130,4
DA:6133,9
DA:6134,9
DA:6136,2
DA:6137,2
DA:6139,7
DA:6141,7
DA:6144,11
DA:6146,3
DA:6147,3
DA:6150,8
DA:6151,8
DA:6152,8
DA:6154,8
DA:6157,11
DA:6158,11
DA:6159,11
DA:6160,11
DA:6162,11
DA:6164,11
DA:6165,11
DA:6167,5
DA:6170,26
DA:6172,15
DA:6174,1
DA:6177,14
DA:6178,9
DA:6180,5
DA:6184,1
DA:6187,14
DA:6189,1
DA:6191,14
DA:6193,29
DA:6194,7
DA:6197,22
DA:6198,22
DA:6199,22
DA:6201,7
DA:6204,15
DA:6206,15
DA:6210,11
DA:6211,11
DA:6212,11
DA:6213,11
DA:6214,11
DA:6234,6
DA:6238,6
DA:6240,3
DA:6241,3
DA:6243,3
DA:6244,3
DA:6246,0
DA:6247,0
DA:6249,5
DA:6253,2
DA:6255,2
DA:6257,2
DA:6258,2
DA:6260,2
DA:6262,2
DA:6263,2
DA:6265,2
DA:6269,1
DA:6271,0
DA:6272,0
DA:6275,1
DA:6276,1
DA:6277,1
DA:6279,0
DA:6280,0
DA:6283,6
DA:6284,5
DA:6285,5
DA:6286,2
DA:6287,2
DA:6290,5
DA:6294,3
DA:6318,5
DA:6321,5
DA:6327,5
DA:6328,5
DA:6329,5
DA:6330,5
DA:6332,0
DA:6334,0
DA:6335,0
DA:6337,5
DA:6338,5
DA:6342,33
DA:6343,13
DA:6345,20
DA:6347,5
DA:6349,15
DA:6351,0
DA:6352,0
DA:6353,0
DA:6355,0
DA:6358,15
DA:6359,15
DA:6361,4
DA:6362,4
DA:6363,36
DA:6364,32
DA:6366,4
DA:6368,2
DA:6369,2
DA:6370,2
DA:6371,2
DA:6373,2
DA:6374,2
DA:6375,2
DA:6376,2
DA:6380,4
DA:6386,11
DA:6387,11
DA:6388,11
DA:6389,11
DA:6390,77
DA:6391,66
DA:6393,0
DA:6394,0
DA:6395,0
DA:6396,0
DA:6398,0
DA:6399,0
DA:6400,0
DA:6401,0
DA:6402,0
DA:6405,0
DA:6406,0
DA:6408,0
DA:6410,0
DA:6411,0
DA:6412,0
DA:6413,0
DA:6416,0
DA:6417,0
DA:6420,0
DA:6421,0
DA:6424,66
DA:6426,11
DA:6427,11
DA:6430,11
DA:6431,19
DA:6432,11
DA:6433,11
DA:6435,11
DA:6438,11
DA:6439,11
DA:6440,19
DA:6441,8
DA:6443,11
DA:6444,10
DA:6445,10
DA:6446,10
DA:6447,0
DA:6449,0
DA:6450,0
DA:6451,0
DA:6453,0
DA:6455,0
DA:6456,0
DA:6459,62
DA:6460,61
DA:6461,9
DA:6462,9
DA:6464,52
DA:6468,52
DA:6472,10
DA:6473,10
DA:6474,10
DA:6475,0
DA:6476,0
DA:6478,10
DA:6479,10
DA:6482,10
DA:6485,0
DA:6486,0
DA:6489,11
DA:6492,5
DA:6494,5
DA:6495,5
DA:6512,5
DA:6516,5
DA:6518,1
DA:6519,1
DA:6522,4
DA:6524,4
DA:6525,4
DA:6541,8
DA:6545,8
DA:6547,1
DA:6548,1
DA:6551,7
DA:6552,7
DA:6553,7
DA:6555,1
DA:6556,1
DA:6560,32
DA:6562,4
DA:6563,4
DA:6565,28
DA:6566,2
DA:6569,26
DA:6572,2
DA:6573,2
DA:6584,9
DA:6588,9
DA:6590,1
DA:6591,1
DA:6594,8
DA:6595,8
DA:6596,8
DA:6598,1
DA:6599,1
DA:6603,42
DA:6605,4
DA:6606,4
DA:6608,38
DA:6609,3
DA:6612,35
DA:6615,3
DA:6616,3
DA:6627,9
DA:6631,9
DA:6633,1
DA:6634,1
DA:6637,8
DA:6638,8
DA:6639,8
DA:6641,1
DA:6642,1
DA:6646,14
DA:6648,4
DA:6649,4
DA:6651,10
DA:6653,0
DA:6655,10
DA:6656,3
DA:6659,7
DA:6662,3
DA:6663,3
DA:6674,10
DA:6678,10
DA:6680,1
DA:6681,1
DA:6684,9
DA:6685,9
DA:6686,9
DA:6688,1
DA:6689,1
DA:6693,28
DA:6695,4
DA:6696,4
DA:6698,24
DA:6700,0
DA:6702,24
DA:6703,4
DA:6706,20
DA:6709,4
DA:6710,4
DA:6722,10
DA:6726,10
DA:6728,1
DA:6729,1
DA:6732,9
DA:6733,9
DA:6734,9
DA:6736,1
DA:6737,1
DA:6741,46
DA:6743,5
DA:6744,5
DA:6746,41
DA:6748,0
DA:6750,41
DA:6751,3
DA:6754,38
DA:6757,3
DA:6758,3
DA:6770,9
DA:6774,9
DA:6776,1
DA:6777,1
DA:6780,8
DA:6781,8
DA:6782,8
DA:6784,1
DA:6785,1
DA:6789,57
DA:6791,4
DA:6792,4
DA:6794,53
DA:6796,0
DA:6798,53
DA:6799,3
DA:6802,50
DA:6805,3
DA:6806,3
DA:6819,9
DA:6823,9
DA:6825,1
DA:6826,1
DA:6829,8
DA:6830,8
DA:6831,8
DA:6833,1
DA:6834,1
DA:6838,63
DA:6840,4
DA:6841,4
DA:6843,59
DA:6845,0
DA:6847,59
DA:6848,3
DA:6851,56
DA:6854,3
DA:6855,3
DA:6867,10
DA:6871,10
DA:6873,1
DA:6874,1
DA:6877,9
DA:6878,9
DA:6879,9
DA:6881,1
DA:6882,1
DA:6886,38
DA:6888,4
DA:6889,4
DA:6891,34
DA:6893,0
DA:6895,34
DA:6896,4
DA:6899,30
DA:6902,4
DA:6903,4
DA:6916,10
DA:6920,10
DA:6922,1
DA:6923,1
DA:6926,9
DA:6927,9
DA:6928,9
DA:6930,1
DA:6931,1
DA:6935,25
DA:6937,5
DA:6938,5
DA:6940,20
DA:6942,0
DA:6944,20
DA:6945,3
DA:6948,17
DA:6951,3
DA:6952,3
DA:6963,9
DA:6967,9
DA:6969,1
DA:6970,1
DA:6973,8
DA:6974,8
DA:6975,8
DA:6977,1
DA:6978,1
DA:6982,27
DA:6984,2
DA:6985,2
DA:6987,25
DA:6988,5
DA:6991,20
DA:6994,5
DA:6995,5
DA:7006,9
DA:7010,9
DA:7012,1
DA:7013,1
DA:7016,8
DA:7017,8
DA:7018,8
DA:7020,1
DA:7021,1
DA:7025,28
DA:7027,2
DA:7028,2
DA:7030,26
DA:7031,5
DA:7034,21
DA:7037,5
DA:7038,5
DA:7090,4
DA:7096,4
DA:7098,4
DA:7099,4
DA:7116,10
DA:7118,10
DA:7122,10
DA:7123,10
DA:7124,10
DA:7131,10
DA:7132,8
DA:7134,10
DA:7136,8
DA:7139,2
DA:7141,10
DA:7169,4
DA:7173,4
DA:7181,2
DA:7182,2
DA:7183,2
DA:7196,2
DA:7197,2
DA:7198,2
DA:7199,2
DA:7200,0
DA:7203,0
DA:7205,2
DA:7206,2
DA:7209,4
DA:7210,4
DA:7212,0
DA:7213,0
DA:7216,4
DA:7217,4
DA:7219,0
DA:7220,0
DA:7224,4
DA:7225,4
DA:7227,4
DA:7228,4
DA:7230,4
DA:7231,4
DA:7233,4
DA:7234,4
DA:7236,4
DA:7237,4
DA:7239,4
DA:7240,4
DA:7242,4
DA:7243,4
DA:7245,4
DA:7246,4
DA:7248,4
DA:7249,4
DA:7251,4
DA:7252,4
DA:7253,4
DA:7255,4
DA:7256,4
DA:7258,4
DA:7259,4
DA:7271,2
DA:7273,2
DA:7277,2
DA:7278,2
DA:7279,2
DA:7286,2
DA:7287,2
DA:7289,2
DA:7291,1
DA:7296,1
DA:7298,1
DA:7299,1
DA:7301,0
DA:7302,0
DA:7306,1
DA:7307,1
DA:7309,1
DA:7310,1
DA:7312,1
DA:7314,2
DA:7360,23
DA:7362,23
DA:7366,78
DA:7368,23
DA:7370,55
DA:7371,7
DA:7373,7
DA:7374,7
DA:7375,0
DA:7377,0
DA:7378,0
DA:7379,0
DA:7380,0
DA:7382,0
DA:7383,0
DA:7384,2
DA:7386,2
DA:7387,2
DA:7388,2
DA:7389,0
DA:7391,0
DA:7392,0
DA:7394,0
DA:7396,0
DA:7397,0
DA:7398,0
DA:7400,0
DA:7401,0
DA:7402,2
DA:7404,2
DA:7405,2
DA:7406,2
DA:7407,7
DA:7409,7
DA:7410,7
DA:7411,0
DA:7413,0
DA:7414,0
DA:7415,0
DA:7416,0
DA:7418,0
DA:7419,0
DA:7420,0
DA:7422,0
DA:7423,0
DA:7424,0
DA:7427,0
DA:7428,0
DA:7430,0
DA:7431,0
DA:7433,0
DA:7434,0
DA:7436,0
DA:7438,0
DA:7439,0
DA:7440,9
DA:7442,9
DA:7443,9
DA:7444,0
DA:7446,0
DA:7447,0
DA:7448,0
DA:7450,0
DA:7451,0
DA:7452,0
DA:7454,0
DA:7455,0
DA:7456,0
DA:7458,0
DA:7459,0
DA:7460,0
DA:7462,0
DA:7463,0
DA:7464,0
DA:7466,0
DA:7467,0
DA:7468,3
DA:7470,3
DA:7471,3
DA:7472,3
DA:7474,3
DA:7475,3
DA:7476,3
DA:7478,3
DA:7479,3
DA:7480,0
DA:7482,0
DA:7483,0
DA:7484,0
DA:7487,0
DA:7488,0
DA:7489,0
DA:7491,0
DA:7493,0
DA:7494,0
DA:7496,0
DA:7498,0
DA:7499,0
DA:7500,0
DA:7509,0
DA:7510,0
DA:7511,0
DA:7513,0
DA:7522,0
DA:7523,0
DA:7526,0
DA:7527,0
DA:7528,0
DA:7530,0
DA:7533,0
DA:7534,0
DA:7535,0
DA:7539,0
DA:7540,0
DA:7541,1
DA:7543,1
DA:7545,1
DA:7552,1
DA:7553,1
DA:7554,1
DA:7556,1
DA:7557,1
DA:7559,1
DA:7560,17
DA:7562,17
DA:7563,17
DA:7566,55
DA:7568,23
DA:7615,8
DA:7622,8
DA:7626,18
DA:7627,20
DA:7628,2
DA:7630,18
DA:7632,2
DA:7634,18
DA:7635,18
DA:7637,8
DA:7639,10
DA:7641,10
DA:7642,0
DA:7644,0
DA:7645,0
DA:7646,0
DA:7648,0
DA:7649,0
DA:7650,0
DA:7652,0
DA:7653,0
DA:7654,1
DA:7656,1
DA:7657,1
DA:7658,0
DA:7660,0
DA:7661,0
DA:7662,0
DA:7664,0
DA:7665,0
DA:7666,2
DA:7668,2
DA:7669,2
DA:7670,0
DA:7672,0
DA:7673,0
DA:7674,0
DA:7676,0
DA:7677,0
DA:7678,0
DA:7680,0
DA:7681,0
DA:7682,0
DA:7685,0
DA:7686,0
DA:7687,0
DA:7689,0
DA:7690,0
DA:7691,2
DA:7693,2
DA:7694,2
DA:7695,0
DA:7697,0
DA:7698,0
DA:7699,0
DA:7702,0
DA:7703,0
DA:7704,2
DA:7707,2
DA:7708,2
DA:7709,0
DA:7711,0
DA:7712,0
DA:7713,0
DA:7715,0
DA:7716,0
DA:7717,1
DA:7719,1
DA:7720,1
DA:7721,1
DA:7723,1
DA:7724,1
DA:7725,0
DA:7727,0
DA:7728,0
DA:7729,0
DA:7732,0
DA:7733,0
DA:7735,0
DA:7737,0
DA:7738,0
DA:7739,0
DA:7742,0
DA:7743,0
DA:7744,0
DA:7746,0
DA:7747,0
DA:7748,0
DA:7750,0
DA:7751,0
DA:7752,0
DA:7754,0
DA:7755,0
DA:7756,0
DA:7758,0
DA:7759,0
DA:7762,0
DA:7764,0
DA:7765,1
DA:7768,1
DA:7769,1
DA:7771,1
DA:7773,1
DA:7774,0
DA:7776,0
DA:7778,0
DA:7781,0
DA:7782,0
DA:7783,0
DA:7785,0
DA:7791,0
DA:7792,0
DA:7795,0
DA:7796,0
DA:7797,0
DA:7799,0
DA:7801,0
DA:7804,10
DA:7806,8
DA:7823,18
DA:7828,18
DA:7830,2
DA:7831,2
DA:7833,16
DA:7834,16
DA:7836,0
DA:7838,16
DA:7846,15
DA:7847,15
DA:7848,15
DA:7854,1
DA:7855,1
DA:7856,1
DA:7857,1
DA:7858,0
DA:7861,0
DA:7863,1
DA:7864,1
DA:7867,16
DA:7868,16
DA:7884,10
DA:7889,10
DA:7891,2
DA:7892,2
DA:7894,8
DA:7895,8
DA:7897,0
DA:7899,8
DA:7907,7
DA:7908,7
DA:7909,7
DA:7915,1
DA:7916,1
DA:7917,1
DA:7918,1
DA:7919,0
DA:7922,0
DA:7924,1
DA:7925,1
DA:7928,8
DA:7929,8
DA:7931,0
DA:7933,8
DA:7949,8
DA:7954,8
DA:7956,1
DA:7957,1
DA:7959,7
DA:7960,7
DA:7962,0
DA:7964,7
DA:7972,6
DA:7973,6
DA:7974,6
DA:7980,1
DA:7981,1
DA:7982,1
DA:7983,1
DA:7984,0
DA:7987,0
DA:7989,1
DA:7990,1
DA:7993,7
DA:7994,7
DA:8020,4
DA:8023,4
DA:8025,4
DA:8033,2
DA:8034,2
DA:8035,2
DA:8041,2
DA:8042,2
DA:8043,2
DA:8044,2
DA:8045,0
DA:8048,0
DA:8050,2
DA:8051,2
DA:8054,4
DA:8055,4
DA:8057,0
DA:8058,0
DA:8061,4
DA:8062,4
DA:8064,0
DA:8065,0
DA:8067,4
DA:8068,1
DA:8072,4
DA:8073,4
DA:8074,1
DA:8076,3
DA:8079,4
DA:8080,4
DA:8081,1
DA:8083,3
DA:8086,4
DA:8087,4
DA:8088,1
DA:8090,3
DA:8093,4
DA:8094,4
DA:8095,1
DA:8097,3
DA:8100,4
DA:8101,4
DA:8102,1
DA:8104,3
DA:8107,4
DA:8108,4
DA:8109,1
DA:8111,3
DA:8114,4
DA:8115,4
DA:8116,1
DA:8118,3
DA:8121,4
DA:8122,4
DA:8123,1
DA:8125,3
DA:8135,4
DA:8136,4
DA:8137,1
DA:8139,3
DA:8142,4
DA:8143,4
DA:8178,21
DA:8181,21
DA:8184,21
DA:8186,2
DA:8187,2
DA:8189,19
DA:8190,19
DA:8192,0
DA:8194,19
DA:8202,14
DA:8203,14
DA:8204,14
DA:8210,5
DA:8211,5
DA:8212,5
DA:8213,5
DA:8214,0
DA:8217,0
DA:8219,5
DA:8220,5
DA:8223,19
DA:8224,2
DA:8226,2
DA:8227,2
DA:8228,0
DA:8230,0
DA:8231,0
DA:8232,1
DA:8234,1
DA:8235,1
DA:8236,1
DA:8238,1
DA:8239,1
DA:8240,1
DA:8249,1
DA:8250,1
DA:8251,1
DA:8253,1
DA:8254,1
DA:8255,2
DA:8257,2
DA:8258,2
DA:8259,1
DA:8261,1
DA:8262,1
DA:8263,1
DA:8266,1
DA:8267,1
DA:8268,1
DA:8270,1
DA:8271,1
DA:8273,1
DA:8275,1
DA:8276,1
DA:8277,1
DA:8279,1
DA:8280,1
DA:8281,1
DA:8284,1
DA:8285,1
DA:8287,0
DA:8289,0
DA:8290,0
DA:8291,3
DA:8293,3
DA:8294,3
DA:8295,1
DA:8297,1
DA:8298,1
DA:8299,1
DA:8301,1
DA:8302,1
DA:8303,1
DA:8305,1
DA:8306,1
DA:8309,19
DA:8310,19
DA:8354,4
DA:8357,4
DA:8361,4
DA:8363,4
DA:8364,4
DA:8365,1
DA:8368,3
DA:8370,4
DA:8373,4
DA:8374,4
DA:8375,4
DA:8377,4
DA:8378,4
DA:8379,4
DA:8381,4
DA:8382,4
DA:8383,4
DA:8385,4
DA:8386,4
DA:8387,4
DA:8389,4
DA:8390,4
DA:8391,4
DA:8393,4
DA:8394,4
DA:8395,4
DA:8397,4
DA:8398,4
DA:8400,0
DA:8401,0
DA:8410,4
DA:8412,4
DA:8413,4
DA:8425,513
DA:8428,513
DA:8429,513
DA:8441,5
DA:8445,5
DA:8447,2
DA:8448,2
DA:8451,3
DA:8452,3
DA:8454,0
DA:8455,0
DA:8458,3
DA:8459,3
DA:8471,18
DA:8475,18
DA:8477,1
DA:8478,1
DA:8481,17
DA:8482,17
DA:8484,1
DA:8485,1
DA:8488,16
DA:8489,16
DA:8502,3
DA:8506,3
DA:8508,1
DA:8509,1
DA:8512,2
DA:8513,2
DA:8515,0
DA:8516,0
DA:8519,2
DA:8520,2
DA:8532,4
DA:8536,4
DA:8538,1
DA:8539,1
DA:8542,3
DA:8543,3
DA:8545,0
DA:8546,0
DA:8549,3
DA:8550,3
DA:8724,2546
DA:8727,389538
DA:8728,386992
DA:8731,2546
DA:8733,2546
DA:8734,2546
LF:3423
LH:2905
end_of_record
TN:
SF:src/ph7/compile.c
FN:1002,1019,GenStateCompileArrayEntry
FN:1028,1051,GenStateArrayNodeValidator
FN:104,122,GenStateGetLabel
FN:1061,1165,PH7_CompileArray
FN:1174,1196,GenStateListNodeValidator
FN:1211,1241,PH7_CompileList
FN:1264,1310,PH7_CompileAnnonFunc
FN:128,148,GenStateFetchBlock
FN:1314,1328,PH7_CompileBacktic
FN:1333,1404,PH7_CompileLangConstruct
FN:1426,1504,PH7_CompileVariable
FN:1508,1591,GenStateLoadLiteral
FN:152,168,GenStateInitBlock
FN:1598,1616,GenStateResolveNamespaceLiteral
FN:1620,1630,PH7_CompileLiteral
FN:1635,1642,PH7_ErrorRecover
FN:1647,1662,GenStateIsReservedConstant
FN:1687,1759,PH7_CompileConstant
FN:175,206,GenStateEnterBlock
FN:1773,1832,PH7_CompileContinue
FN:1841,1882,PH7_CompileBreak
FN:1892,1937,PH7_CompileLabel
FN:1952,2017,PH7_CompileGoto
FN:2023,2083,GenStateNextChunk
FN:2092,2185,PH7_CompileBlock
FN:210,214,GenStateReleaseBlock
FN:218,224,GenStateFreeBlock
FN:2205,2286,PH7_CompileWhile
FN:228,245,GenStateLeaveBlock
FN:2305,2413,PH7_CompileDoWhile
FN:2434,2584,PH7_CompileFor
FN:256,266,GenStateNewJumpFixup
FN:2589,2601,GenStateForEachNodeValidator
FN:2628,2816,PH7_CompileForeach
FN:278,307,GenStateFixJumps
FN:2849,2970,PH7_CompileIf
FN:2992,3042,PH7_CompileGlobal
FN:3059,3077,PH7_CompileReturn
FN:3083,3101,PH7_CompileHalt
FN:3105,3133,PH7_CompileEcho
FN:3148,3247,PH7_CompileStatic
FN:315,359,GenStateFixGoto
FN:3253,3279,PH7_CompileVar
FN:3313,3347,PH7_CompileNamespace
FN:3362,3414,PH7_CompileUse
FN:3442,3486,PH7_CompileDeclare
FN:3539,3558,GenStateProcessArgValue
FN:3596,3754,GenStateCollectFuncArgs
FN:363,372,GenStateFindLiteral
FN:3760,3801,GenStateCompileFuncBody
FN:377,383,GenStateInstallLiteral
FN:3819,3986,GenStateCompileFunc
FN:388,403,GenStateInstallNumLiteral
FN:3991,4039,PH7_CompileFunction
FN:4051,4060,GetProtectionLevel
FN:4082,4186,GenStateCompileClassConstant
FN:4209,4299,GenStateCompileClassAttr
FN:425,455,PH7_CompileNumLiteral
FN:4308,4436,GenStateCompileClassMethod
FN:4447,4649,PH7_CompileClassInterface
FN:4664,5057,GenStateCompileClass
FN:467,537,PH7_CompileSimpleString
FN:5074,5080,PH7_CompileAbstractClass
FN:5088,5094,PH7_CompileFinalClass
FN:5104,5109,PH7_CompileClass
FN:5132,5154,GenStateThrowNodeValidator
FN:5160,5190,PH7_CompileThrow
FN:5196,5300,PH7_CompileCatch
FN:5308,5376,PH7_CompileTry
FN:5381,5445,GenStateCompileSwitchBlock
FN:5450,5493,GenStateCompileCaseExpr
FN:5519,5715,PH7_CompileSwitch
FN:552,576,PH7_CompileNowDoc
FN:5723,5941,GenStateEmitExprCode
FN:5953,6037,PH7_CompileExpr
FN:599,629,GenStateProcessStringExpression
FN:6042,6064,PH7_GetNodeHandler
FN:6097,6136,GenStateGetStatementHandler
FN:6141,6157,GenStateisLangConstruct
FN:6163,6236,GenStateCompileChunk
FN:6242,6308,PH7_CompilePHP
FN:6314,6401,PH7_CompileScript
FN:633,648,GenStateNewStrObj
FN:6405,6431,PH7_InitCodeGenerator
FN:6435,6462,PH7_ResetCodeGenerator
FN:6469,6528,PH7_GenCompileError
FN:687,959,GenStateCompileString
FN:964,971,PH7_CompileString
FN:976,982,PH7_CompileHereDoc
FNDA:1123,GenStateCompileArrayEntry
FNDA:15,GenStateArrayNodeValidator
FNDA:74,GenStateGetLabel
FNDA:8430,PH7_CompileArray
FNDA:25,GenStateListNodeValidator
FNDA:12,PH7_CompileList
FNDA:32,PH7_CompileAnnonFunc
FNDA:5437,GenStateFetchBlock
FNDA:2,PH7_CompileBacktic
FNDA:15,PH7_CompileLangConstruct
FNDA:637111,PH7_CompileVariable
FNDA:421929,GenStateLoadLiteral
FNDA:443573,GenStateInitBlock
FNDA:421929,GenStateResolveNamespaceLiteral
FNDA:421929,PH7_CompileLiteral
FNDA:3,PH7_ErrorRecover
FNDA:15,GenStateIsReservedConstant
FNDA:13,PH7_CompileConstant
FNDA:440906,GenStateEnterBlock
FNDA:5350,PH7_CompileContinue
FNDA:31,PH7_CompileBreak
FNDA:56,PH7_CompileLabel
FNDA:76,PH7_CompileGoto
FNDA:10,GenStateNextChunk
FNDA:226275,PH7_CompileBlock
FNDA:440903,GenStateReleaseBlock
FNDA:440903,GenStateFreeBlock
FNDA:10691,PH7_CompileWhile
FNDA:440903,GenStateLeaveBlock
FNDA:2,PH7_CompileDoWhile
FNDA:10709,PH7_CompileFor
FNDA:143317,GenStateNewJumpFixup
FNDA:5404,GenStateForEachNodeValidator
FNDA:2709,PH7_CompileForeach
FNDA:325984,GenStateFixJumps
FNDA:100090,PH7_CompileIf
FNDA:8,PH7_CompileGlobal
FNDA:114799,PH7_CompileReturn
FNDA:33,PH7_CompileHalt
FNDA:4201,PH7_CompileEcho
FNDA:2,PH7_CompileStatic
FNDA:96318,GenStateFixGoto
FNDA:2,PH7_CompileVar
FNDA:3,PH7_CompileNamespace
FNDA:4,PH7_CompileUse
FNDA:4,PH7_CompileDeclare
FNDA:34673,GenStateProcessArgValue
FNDA:40175,GenStateCollectFuncArgs
FNDA:382207,GenStateFindLiteral
FNDA:90970,GenStateCompileFuncBody
FNDA:171981,GenStateInstallLiteral
FNDA:34869,GenStateCompileFunc
FNDA:84762,GenStateInstallNumLiteral
FNDA:34840,PH7_CompileFunction
FNDA:104214,GetProtectionLevel
FNDA:5,GenStateCompileClassConstant
FNDA:26762,GenStateCompileClassAttr
FNDA:84920,PH7_CompileNumLiteral
FNDA:77447,GenStateCompileClassMethod
FNDA:8006,PH7_CompileClassInterface
FNDA:10795,GenStateCompileClass
FNDA:35505,PH7_CompileSimpleString
FNDA:2,PH7_CompileAbstractClass
FNDA:1,PH7_CompileFinalClass
FNDA:10792,PH7_CompileClass
FNDA:11,GenStateThrowNodeValidator
FNDA:11,PH7_CompileThrow
FNDA:15,PH7_CompileCatch
FNDA:16,PH7_CompileTry
FNDA:29,GenStateCompileSwitchBlock
FNDA:23,GenStateCompileCaseExpr
FNDA:9,PH7_CompileSwitch
FNDA:14,PH7_CompileNowDoc
FNDA:1948739,GenStateEmitExprCode
FNDA:521073,PH7_CompileExpr
FNDA:643,GenStateProcessStringExpression
FNDA:126531,PH7_GetNodeHandler
FNDA:302700,GenStateGetStatementHandler
FNDA:296,GenStateisLangConstruct
FNDA:445221,GenStateCompileChunk
FNDA:5351,PH7_CompilePHP
FNDA:5350,PH7_CompileScript
FNDA:6531,GenStateNewStrObj
FNDA:2667,PH7_InitCodeGenerator
FNDA:7896,PH7_ResetCodeGenerator
FNDA:226,PH7_GenCompileError
FNDA:6046,GenStateCompileString
FNDA:6031,PH7_CompileString
FNDA:15,PH7_CompileHereDoc
FNF:89
FNH:89
DA:104,74
DA:109,74
DA:110,164
DA:111,136
DA:113,46
DA:114,46
DA:115,46
DA:117,46
DA:121,28
DA:128,5437
DA:130,5437
DA:132,26839
DA:133,5381
DA:134,5381
DA:136,5370
DA:140,21469
DA:141,21469
DA:147,67
DA:152,443573
DA:161,443573
DA:162,443573
DA:163,443573
DA:164,443573
DA:165,443573
DA:166,443573
DA:167,443573
DA:168,443573
DA:175,440906
DA:185,440906
DA:186,440906
DA:190,0
DA:192,0
DA:195,440906
DA:196,440906
DA:198,440906
DA:200,440906
DA:201,440906
DA:203,215211
DA:205,440906
DA:210,440903
DA:212,440903
DA:213,440903
DA:214,440903
DA:218,440903
DA:220,440903
DA:221,440903
DA:223,440903
DA:224,440903
DA:228,440903
DA:230,440903
DA:231,440903
DA:233,0
DA:236,440903
DA:237,440903
DA:239,0
DA:242,440903
DA:244,440903
DA:256,143317
DA:261,143317
DA:262,143317
DA:264,143317
DA:265,143317
DA:278,325984
DA:285,325984
DA:287,596425
DA:288,270441
DA:290,110766
DA:292,159675
DA:294,16359
DA:297,143316
DA:298,143316
DA:299,143316
DA:300,143316
DA:302,143316
DA:306,325984
DA:315,96318
DA:323,96318
DA:325,96391
DA:326,74
DA:328,74
DA:329,74
DA:331,28
DA:332,28
DA:333,1
DA:335,27
DA:338,46
DA:339,4
DA:340,4
DA:341,0
DA:345,46
DA:346,46
DA:347,46
DA:350,96317
DA:351,96383
DA:352,66
DA:354,12
DA:355,12
DA:358,96317
DA:363,382207
DA:366,382207
DA:367,382207
DA:368,171981
DA:370,210226
DA:371,210226
DA:377,171981
DA:379,171981
DA:380,171981
DA:382,171981
DA:388,84762
DA:391,84762
DA:393,84762
DA:394,84762
DA:395,0
DA:396,0
DA:398,84762
DA:402,84762
DA:425,84920
DA:427,84920
DA:428,84920
DA:429,84920
DA:432,84762
DA:433,84762
DA:434,84762
DA:436,0
DA:438,84762
DA:443,158
DA:444,158
DA:445,0
DA:446,0
DA:448,158
DA:449,158
DA:452,84920
DA:454,84920
DA:467,35505
DA:469,35505
DA:473,35505
DA:475,35505
DA:476,35505
DA:477,35505
DA:479,42
DA:480,42
DA:482,35463
DA:486,8448
DA:487,8448
DA:490,27015
DA:491,27015
DA:492,0
DA:494,0
DA:496,27015
DA:499,54046
DA:501,27015
DA:503,27031
DA:504,146800
DA:505,119769
DA:507,27031
DA:509,27021
DA:511,27031
DA:512,27031
DA:513,27
DA:515,10
DA:516,17
DA:518,5
DA:521,12
DA:522,12
DA:523,12
DA:527,27031
DA:530,27015
DA:531,27015
DA:533,27015
DA:536,27015
DA:552,14
DA:554,14
DA:557,14
DA:558,14
DA:560,0
DA:561,0
DA:564,14
DA:565,14
DA:566,0
DA:568,0
DA:571,14
DA:573,14
DA:575,14
DA:599,643
DA:610,643
DA:612,643
DA:614,643
DA:616,643
DA:617,643
DA:618,643
DA:619,643
DA:621,643
DA:623,643
DA:624,643
DA:626,643
DA:628,643
DA:633,6531
DA:636,6531
DA:638,6531
DA:639,6531
DA:640,0
DA:641,0
DA:643,6531
DA:644,6531
DA:646,6531
DA:647,6531
DA:687,6046
DA:689,6046
DA:691,6046
DA:695,6046
DA:696,6046
DA:697,6046
DA:699,95
DA:700,95
DA:702,5951
DA:704,5951
DA:706,9934
DA:707,59721
DA:708,50430
DA:710,50387
DA:711,602
DA:714,49787
DA:716,9934
DA:717,4947
DA:718,4835
DA:719,4835
DA:720,0
DA:723,4947
DA:725,9934
DA:726,5951
DA:728,3983
DA:729,3340
DA:731,3340
DA:732,3340
DA:733,0
DA:735,3340
DA:736,1696
DA:737,1696
DA:738,0
DA:741,3340
DA:742,3340
DA:743,3
DA:745,3
DA:746,3
DA:747,31
DA:749,31
DA:750,31
DA:751,2
DA:753,2
DA:754,2
DA:755,2
DA:757,2
DA:758,2
DA:759,2
DA:761,2
DA:762,2
DA:763,3011
DA:765,3011
DA:766,3011
DA:767,6
DA:769,6
DA:770,6
DA:771,18
DA:773,18
DA:774,18
DA:775,1
DA:777,1
DA:778,1
DA:779,1
DA:781,1
DA:782,1
DA:783,47
DA:785,47
DA:786,47
DA:787,4
DA:789,4
DA:790,4
DA:791,186
DA:792,186
DA:795,179
DA:796,179
DA:797,179
DA:800,179
DA:801,179
DA:804,7
DA:806,186
DA:807,15
DA:808,15
DA:811,10
DA:812,10
DA:813,30
DA:814,27
DA:817,20
DA:819,10
DA:820,7
DA:822,10
DA:825,5
DA:827,15
DA:828,11
DA:830,11
DA:831,11
DA:834,3340
DA:835,3340
DA:837,643
DA:840,43
DA:841,43
DA:842,43
DA:844,492
DA:845,492
DA:847,4
DA:848,488
DA:850,47
DA:851,47
DA:852,43
DA:855,449
DA:858,43
DA:859,43
DA:860,0
DA:862,43
DA:863,43
DA:865,43
DA:867,43
DA:871,600
DA:875,1200
DA:876,600
DA:879,3584
DA:880,2984
DA:882,600
DA:884,0
DA:885,0
DA:886,0
DA:888,0
DA:890,600
DA:892,600
DA:893,39
DA:895,561
DA:896,4
DA:897,4
DA:898,8
DA:899,8
DA:900,0
DA:901,8
DA:902,4
DA:903,4
DA:904,4
DA:907,4
DA:909,4
DA:910,4
DA:912,4
DA:913,557
DA:914,2
DA:915,2
DA:916,8
DA:917,7
DA:918,0
DA:919,7
DA:920,1
DA:921,1
DA:922,1
DA:925,6
DA:927,2
DA:928,1
DA:930,2
DA:931,555
DA:933,0
DA:934,555
DA:936,0
DA:942,600
DA:943,600
DA:944,0
DA:946,600
DA:947,599
DA:951,643
DA:953,5951
DA:955,519
DA:958,5951
DA:964,6031
DA:967,6031
DA:970,6031
DA:976,15
DA:978,15
DA:981,15
DA:1002,1123
DA:1013,1123
DA:1015,1123
DA:1017,1123
DA:1018,1123
DA:1028,15
DA:1030,15
DA:1031,15
DA:1032,7
DA:1033,6
DA:1034,6
DA:1036,5
DA:1038,5
DA:1039,5
DA:1042,8
DA:1044,1
DA:1046,1
DA:1047,1
DA:1050,15
DA:1061,8430
DA:1065,8430
DA:1066,8430
DA:1071,8430
DA:1072,8430
DA:1073,8430
DA:1077,9721
DA:1078,472
DA:1080,9249
DA:1081,9249
DA:1083,8423
DA:1085,826
DA:1086,0
DA:1089,826
DA:1090,826
DA:1091,1842
DA:1092,1300
DA:1093,284
DA:1095,1016
DA:1096,24
DA:1097,992
DA:1101,24
DA:1103,1016
DA:1105,826
DA:1106,826
DA:1107,284
DA:1109,5
DA:1110,5
DA:1111,0
DA:1113,5
DA:1116,279
DA:1118,279
DA:1119,0
DA:1121,279
DA:1122,542
DA:1124,0
DA:1125,0
DA:1128,542
DA:1130,821
DA:1132,543
DA:1134,821
DA:1136,17
DA:1137,17
DA:1138,17
DA:1139,17
DA:1141,2
DA:1142,2
DA:1143,0
DA:1145,2
DA:1149,819
DA:1150,819
DA:1151,0
DA:1153,819
DA:1155,15
DA:1157,819
DA:1158,819
DA:1159,819
DA:1162,8423
DA:1164,8423
DA:1174,25
DA:1176,25
DA:1177,25
DA:1178,0
DA:1179,0
DA:1181,0
DA:1183,0
DA:1184,0
DA:1187,25
DA:1189,1
DA:1191,1
DA:1192,1
DA:1195,25
DA:1211,12
DA:1216,12
DA:1218,12
DA:1219,12
DA:1221,39
DA:1222,27
DA:1224,25
DA:1225,25
DA:1227,0
DA:1231,2
DA:1233,27
DA:1235,27
DA:1238,12
DA:1240,12
DA:1264,32
DA:1277,32
DA:1278,32
DA:1279,0
DA:1282,32
DA:1283,32
DA:1284,0
DA:1286,0
DA:1289,32
DA:1291,32
DA:1292,0
DA:1294,32
DA:1295,32
DA:1297,32
DA:1298,32
DA:1299,0
DA:1301,32
DA:1303,3
DA:1306,29
DA:1309,32
DA:1314,2
DA:1319,2
DA:1324,2
DA:1327,2
DA:1333,15
DA:1339,15
DA:1340,15
DA:1341,15
DA:1342,15
DA:1343,4
DA:1345,4
DA:1351,4
DA:1352,8
DA:1353,4
DA:1354,4
DA:1355,4
DA:1356,4
DA:1357,0
DA:1359,4
DA:1365,4
DA:1369,4
DA:1370,0
DA:1372,4
DA:1375,4
DA:1377,11
DA:1378,11
DA:1379,11
DA:1380,11
DA:1381,0
DA:1382,11
DA:1383,11
DA:1385,11
DA:1388,8
DA:1389,8
DA:1390,0
DA:1392,0
DA:1394,8
DA:1396,8
DA:1399,11
DA:1400,11
DA:1403,15
DA:1426,637111
DA:1428,637111
DA:1433,637111
DA:1434,1274228
DA:1435,637117
DA:1436,637117
DA:1438,637111
DA:1440,0
DA:1441,0
DA:1443,0
DA:1445,0
DA:1447,637111
DA:1448,637111
DA:1450,7
DA:1451,7
DA:1452,7
DA:1454,1
DA:1455,1
DA:1458,6
DA:1459,6
DA:1460,0
DA:1461,6
DA:1462,1
DA:1463,1
DA:1468,637104
DA:1470,637104
DA:1472,637104
DA:1473,637104
DA:1474,637104
DA:1476,101332
DA:1477,101332
DA:1478,0
DA:1479,0
DA:1482,101332
DA:1485,535772
DA:1487,637104
DA:1489,637109
DA:1490,637109
DA:1491,192647
DA:1493,192645
DA:1497,637109
DA:1498,637115
DA:1499,6
DA:1500,6
DA:1503,637109
DA:1508,421929
DA:1510,421929
DA:1515,421929
DA:1517,421929
DA:1518,88540
DA:1520,34768
DA:1521,34768
DA:1522,53772
DA:1524,202
DA:1525,202
DA:1527,417055
DA:1528,83666
DA:1530,34886
DA:1531,34886
DA:1532,360206
DA:1533,61703
DA:1535,5335
DA:1536,5335
DA:1537,0
DA:1538,0
DA:1540,5335
DA:1542,5335
DA:1543,5335
DA:1544,301343
DA:1545,8175
DA:1546,304026
DA:1547,10860
DA:1548,5
DA:1550,10
DA:1552,5
DA:1554,5
DA:1556,2
DA:1559,3
DA:1560,3
DA:1562,1
DA:1564,2
DA:1565,2
DA:1566,0
DA:1567,0
DA:1569,2
DA:1571,2
DA:1574,5
DA:1577,346733
DA:1580,144958
DA:1581,144958
DA:1582,0
DA:1583,0
DA:1585,144958
DA:1586,144958
DA:1589,346733
DA:1590,346733
DA:1598,421929
DA:1600,421929
DA:1602,421938
DA:1604,9
DA:1605,1
DA:1609,1
DA:1611,9
DA:1614,421929
DA:1615,421929
DA:1620,421929
DA:1623,421929
DA:1624,421929
DA:1626,0
DA:1629,421929
DA:1635,3
DA:1638,6
DA:1639,3
DA:1641,3
DA:1647,15
DA:1649,15
DA:1650,5
DA:1651,1
DA:1652,4
DA:1653,2
DA:1655,10
DA:1656,1
DA:1657,1
DA:1661,11
DA:1687,13
DA:1690,13
DA:1693,13
DA:1694,13
DA:1696,3
DA:1697,3
DA:1699,0
DA:1701,3
DA:1704,10
DA:1706,10
DA:1708,4
DA:1709,4
DA:1711,0
DA:1713,4
DA:1715,6
DA:1716,6
DA:1718,2
DA:1719,2
DA:1721,0
DA:1723,2
DA:1725,4
DA:1727,4
DA:1728,4
DA:1729,0
DA:1730,0
DA:1732,4
DA:1734,4
DA:1735,4
DA:1737,4
DA:1739,4
DA:1740,4
DA:1741,4
DA:1743,0
DA:1745,4
DA:1747,4
DA:1748,4
DA:1749,0
DA:1750,0
DA:1752,4
DA:1753,9
DA:1755,28
DA:1756,19
DA:1758,9
DA:1773,5350
DA:1779,5350
DA:1780,5350
DA:1782,5350
DA:1783,5350
DA:1787,5
DA:1788,5
DA:1789,0
DA:1791,5
DA:1794,5350
DA:1795,5350
DA:1797,5
DA:1798,5
DA:1800,0
DA:1803,5345
DA:1804,5345
DA:1810,2
DA:1811,2
DA:1812,2
DA:1816,5343
DA:1817,5343
DA:1820,2671
DA:1821,2671
DA:1822,2671
DA:1826,5350
DA:1828,0
DA:1831,5350
DA:1841,31
DA:1846,31
DA:1848,31
DA:1849,31
DA:1853,5
DA:1854,5
DA:1855,0
DA:1857,5
DA:1860,31
DA:1861,31
DA:1863,8
DA:1864,8
DA:1866,0
DA:1870,23
DA:1871,23
DA:1873,23
DA:1876,31
DA:1878,0
DA:1881,31
DA:1892,56
DA:1897,56
DA:1898,56
DA:1900,2
DA:1901,2
DA:1902,2
DA:1903,0
DA:1906,54
DA:1909,54
DA:1911,54
DA:1912,54
DA:1913,0
DA:1914,0
DA:1916,54
DA:1917,54
DA:1918,54
DA:1919,54
DA:1920,108
DA:1921,64
DA:1922,10
DA:1925,54
DA:1927,54
DA:1928,10
DA:1930,44
DA:1933,54
DA:1935,56
DA:1936,56
DA:1952,76
DA:1956,76
DA:1957,76
DA:1959,0
DA:1960,0
DA:1962,0
DA:1964,0
DA:1966,76
DA:1967,2
DA:1968,2
DA:1970,0
DA:1973,74
DA:1977,74
DA:1978,74
DA:1980,74
DA:1981,74
DA:1982,0
DA:1983,0
DA:1985,74
DA:1986,74
DA:1987,155
DA:1988,97
DA:1989,16
DA:1992,81
DA:1994,74
DA:1995,3
DA:1996,3
DA:1998,0
DA:2001,74
DA:2002,13
DA:2004,61
DA:2007,74
DA:2008,74
DA:2011,76
DA:2012,76
DA:2013,1
DA:2016,76
DA:2023,10
DA:2031,10
DA:2032,10
DA:2033,10
DA:2034,0
DA:2035,0
DA:2036,0
DA:2037,0
DA:2040,0
DA:2041,0
DA:2042,0
DA:2043,0
DA:2045,10
DA:2047,0
DA:2049,10
DA:2050,0
DA:2052,0
DA:2054,0
DA:2055,0
DA:2057,0
DA:2058,0
DA:2060,0
DA:2062,0
DA:2066,0
DA:2067,0
DA:2068,0
DA:2069,0
DA:2070,0
DA:2071,0
DA:2072,0
DA:2073,0
DA:2075,0
DA:2079,10
DA:2080,10
DA:2082,0
DA:2092,226275
DA:2099,226275
DA:2100,225695
DA:2101,225695
DA:2102,225695
DA:2103,0
DA:2105,225695
DA:2108,664988
DA:2109,10
DA:2110,10
DA:2111,0
DA:2113,10
DA:2115,10
DA:2116,10
DA:2119,664978
DA:2121,225685
DA:2122,225685
DA:2125,439293
DA:2126,439293
DA:2127,0
DA:2130,225695
DA:2131,580
DA:2132,0
DA:2133,0
DA:2134,0
DA:2135,0
DA:2139,0
DA:2140,0
DA:2141,0
DA:2142,0
DA:2144,0
DA:2146,0
DA:2147,0
DA:2150,0
DA:2153,0
DA:2156,0
DA:2157,0
DA:2158,0
DA:2160,0
DA:2161,0
DA:2163,0
DA:2167,0
DA:2168,0
DA:2169,0
DA:2172,0
DA:2175,580
DA:2176,580
DA:2177,0
DA:2181,226275
DA:2182,0
DA:2184,226275
DA:2205,10691
DA:2207,10691
DA:2208,10691
DA:2212,10691
DA:2214,10691
DA:2215,10691
DA:2217,0
DA:2218,0
DA:2220,0
DA:2222,0
DA:2225,10691
DA:2227,10691
DA:2228,10691
DA:2229,0
DA:2232,10691
DA:2233,10691
DA:2235,1
DA:2236,1
DA:2238,0
DA:2242,10691
DA:2243,10691
DA:2245,10691
DA:2246,10691
DA:2248,0
DA:2251,10691
DA:2252,0
DA:2253,0
DA:2254,0
DA:2256,0
DA:2259,10691
DA:2260,10691
DA:2262,10691
DA:2264,10691
DA:2266,10691
DA:2267,10691
DA:2268,0
DA:2271,10691
DA:2273,10691
DA:2275,10691
DA:2277,10691
DA:2278,0
DA:2282,0
DA:2283,0
DA:2285,0
DA:2305,2
DA:2307,2
DA:2308,2
DA:2311,2
DA:2313,2
DA:2315,2
DA:2316,2
DA:2317,0
DA:2320,2
DA:2321,2
DA:2322,2
DA:2323,0
DA:2325,2
DA:2326,1
DA:2328,2
DA:2329,1
DA:2331,1
DA:2332,1
DA:2334,0
DA:2336,1
DA:2339,1
DA:2340,1
DA:2342,0
DA:2343,0
DA:2345,0
DA:2347,0
DA:2350,1
DA:2352,1
DA:2353,1
DA:2355,0
DA:2356,0
DA:2358,0
DA:2360,0
DA:2363,1
DA:2368,0
DA:2369,0
DA:2370,0
DA:2371,0
DA:2372,0
DA:2374,0
DA:2379,1
DA:2380,1
DA:2382,1
DA:2383,1
DA:2385,0
DA:2388,1
DA:2389,0
DA:2390,0
DA:2391,0
DA:2393,0
DA:2395,1
DA:2396,1
DA:2398,1
DA:2400,1
DA:2402,1
DA:2404,1
DA:2405,1
DA:2409,1
DA:2410,0
DA:2412,1
DA:2434,10709
DA:2436,10709
DA:2437,10709
DA:2441,10709
DA:2443,10709
DA:2444,10709
DA:2446,0
DA:2447,0
DA:2449,0
DA:2451,0
DA:2454,10709
DA:2456,10709
DA:2457,10709
DA:2459,0
DA:2460,0
DA:2462,0
DA:2465,0
DA:2466,0
DA:2467,0
DA:2469,0
DA:2472,10709
DA:2473,10709
DA:2475,10709
DA:2477,10709
DA:2479,0
DA:2480,10709
DA:2481,10708
DA:2483,10709
DA:2485,0
DA:2487,0
DA:2489,0
DA:2491,0
DA:2494,10709
DA:2496,10709
DA:2497,10709
DA:2498,0
DA:2501,10709
DA:2503,10709
DA:2504,10709
DA:2506,0
DA:2507,10709
DA:2509,10708
DA:2511,10708
DA:2513,10709
DA:2515,2
DA:2517,2
DA:2519,0
DA:2521,2
DA:2524,10707
DA:2526,10707
DA:2528,10707
DA:2529,10707
DA:2530,10707
DA:2531,10707
DA:2532,0
DA:2535,10707
DA:2540,2671
DA:2541,2671
DA:2542,5342
DA:2543,2671
DA:2544,2671
DA:2546,2671
DA:2551,10707
DA:2552,0
DA:2554,10707
DA:2556,10707
DA:2557,10707
DA:2558,10707
DA:2560,0
DA:2561,0
DA:2563,0
DA:2565,0
DA:2567,10707
DA:2568,10707
DA:2570,0
DA:2571,10707
DA:2573,10707
DA:2577,10707
DA:2579,10707
DA:2581,10707
DA:2583,10707
DA:2589,5404
DA:2591,5404
DA:2592,5404
DA:2594,0
DA:2596,0
DA:2597,0
DA:2600,5404
DA:2628,2709
DA:2630,2709
DA:2631,2709
DA:2637,2709
DA:2639,2709
DA:2640,2709
DA:2642,0
DA:2643,0
DA:2645,0
DA:2647,0
DA:2650,2709
DA:2652,2709
DA:2653,2709
DA:2654,0
DA:2657,2709
DA:2658,2709
DA:2660,0
DA:2661,0
DA:2663,0
DA:2666,0
DA:2667,0
DA:2668,0
DA:2670,0
DA:2673,2709
DA:2674,18798
DA:2675,18798
DA:2676,2714
DA:2677,2714
DA:2679,2709
DA:2683,16089
DA:2685,2709
DA:2686,0
DA:2688,0
DA:2690,0
DA:2692,0
DA:2695,2709
DA:2696,2709
DA:2697,2709
DA:2698,2709
DA:2700,0
DA:2703,2709
DA:2704,0
DA:2705,0
DA:2707,0
DA:2709,0
DA:2711,2709
DA:2712,2709
DA:2713,2709
DA:2714,0
DA:2715,0
DA:2716,0
DA:2720,2709
DA:2721,2709
DA:2722,0
DA:2723,0
DA:2726,2709
DA:2728,2709
DA:2730,8128
DA:2731,5419
DA:2733,2709
DA:2735,2695
DA:2736,0
DA:2737,0
DA:2739,0
DA:2742,2695
DA:2743,2695
DA:2744,2695
DA:2746,0
DA:2748,2695
DA:2749,2695
DA:2751,2695
DA:2753,2695
DA:2755,2695
DA:2757,2709
DA:2758,2709
DA:2759,0
DA:2760,0
DA:2762,0
DA:2764,0
DA:2766,2709
DA:2767,3
DA:2769,3
DA:2772,2709
DA:2773,2709
DA:2775,0
DA:2777,2709
DA:2778,2709
DA:2780,2709
DA:2783,2709
DA:2785,2709
DA:2787,2709
DA:2789,2709
DA:2791,2709
DA:2793,2709
DA:2794,2709
DA:2795,2709
DA:2796,2709
DA:2798,0
DA:2801,2709
DA:2803,2709
DA:2805,2709
DA:2807,2709
DA:2808,0
DA:2812,0
DA:2813,0
DA:2815,0
DA:2849,100090
DA:2851,100090
DA:2852,100090
DA:2857,100090
DA:2858,100090
DA:2860,100090
DA:2861,100090
DA:2862,0
DA:2866,105428
DA:2868,0
DA:2869,0
DA:2871,0
DA:2872,0
DA:2874,0
DA:2876,0
DA:2879,105428
DA:2881,105428
DA:2882,105428
DA:2884,0
DA:2885,0
DA:2887,0
DA:2888,0
DA:2890,0
DA:2892,0
DA:2895,105428
DA:2897,105428
DA:2899,105428
DA:2900,0
DA:2901,0
DA:2903,105428
DA:2904,105428
DA:2905,105428
DA:2907,0
DA:2910,105428
DA:2912,105428
DA:2914,105428
DA:2915,105428
DA:2916,0
DA:2918,105428
DA:2922,43092
DA:2923,43092
DA:2924,32072
DA:2927,11020
DA:2929,11020
DA:2930,11020
DA:2931,11016
DA:2932,11016
DA:2933,5354
DA:2936,5334
DA:2938,5338
DA:2940,5338
DA:2942,5338
DA:2945,100090
DA:2946,100090
DA:2947,37754
DA:2949,5682
DA:2950,5682
DA:2951,5682
DA:2953,0
DA:2956,100090
DA:2958,100090
DA:2960,100090
DA:2962,100090
DA:2963,0
DA:2966,0
DA:2967,0
DA:2969,0
DA:2992,8
DA:2994,8
DA:2998,8
DA:2999,8
DA:3001,0
DA:3003,8
DA:3004,8
DA:3005,17
DA:3006,9
DA:3007,9
DA:3008,9
DA:3009,0
DA:3010,0
DA:3011,0
DA:3014,9
DA:3015,9
DA:3017,0
DA:3019,9
DA:3020,9
DA:3021,0
DA:3022,9
DA:3023,9
DA:3029,9
DA:3031,10
DA:3032,1
DA:3036,8
DA:3037,8
DA:3039,8
DA:3041,8
DA:3059,114799
DA:3061,114799
DA:3064,114799
DA:3065,114799
DA:3067,114788
DA:3068,114788
DA:3069,0
DA:3070,114788
DA:3071,114788
DA:3075,114799
DA:3076,114799
DA:3083,33
DA:3085,33
DA:3088,33
DA:3089,33
DA:3091,33
DA:3092,33
DA:3093,0
DA:3094,33
DA:3095,33
DA:3099,33
DA:3100,33
DA:3105,4201
DA:3107,4201
DA:3110,4201
DA:3112,4201
DA:3113,8407
[...]
DA:197,135182
DA:198,135182
DA:199,135182
DA:201,0
DA:202,135182
DA:203,0
DA:206,0
DA:208,135182
DA:209,0
DA:211,135182
DA:212,90546
DA:213,20926
DA:215,69620
DA:217,90546
DA:218,90544
DA:224,135182
DA:226,1086338
DA:234,1086338
DA:235,0
DA:237,1086338
DA:238,1086338
DA:239,0
DA:241,1086338
DA:243,1048802
DA:246,1048802
DA:253,1048802
DA:259,1048802
DA:260,1048802
DA:261,1048802
DA:263,1048802
DA:265,1048802
DA:273,1048802
DA:274,0
DA:276,1048802
DA:277,0
DA:279,1048802
DA:280,1048802
DA:281,0
DA:283,1048802
DA:286,2667
DA:294,2667
DA:295,2667
DA:296,0
DA:299,2667
DA:300,2667
DA:301,2667
DA:303,2667
DA:310,2667
DA:312,0
DA:314,2667
DA:315,2667
DA:316,2667
DA:317,2667
DA:326,29309
DA:333,29309
DA:334,29309
DA:335,0
DA:337,29309
DA:339,29309
DA:340,29309
DA:342,6200152
DA:343,29309
DA:345,6170843
DA:347,6170843
DA:348,6170843
DA:350,29309
DA:352,29309
DA:354,6923066
DA:360,6923066
DA:362,0
DA:363,0
DA:364,0
DA:367,0
DA:368,0
DA:371,6923066
DA:372,6923066
DA:373,34277283
DA:374,27354217
DA:375,27354217
DA:377,6923066
DA:378,6923066
DA:380,29309
DA:381,29309
DA:382,0
DA:384,29309
DA:387,6923066
DA:388,6923066
DA:390,6923066
DA:391,6923066
DA:393,6923066
DA:401,6923066
DA:402,2667
DA:404,6923066
DA:405,6923066
DA:406,2667
DA:408,6923066
DA:410,2469396
DA:415,2469396
DA:417,2469396
DA:418,0
DA:420,2469396
DA:421,2469396
DA:423,0
DA:426,2469396
DA:427,2469396
DA:429,2469396
DA:431,2469396
DA:439,2469396
DA:440,2542
DA:442,2469396
DA:443,2469396
DA:444,2542
DA:446,2469396
DA:505,2667
DA:513,2667
DA:514,2667
DA:515,2667
DA:517,2667
DA:518,2667
DA:520,0
DA:521,0
DA:527,2667
DA:529,0
DA:536,0
DA:538,0
DA:541,0
DA:542,0
DA:543,0
DA:545,0
DA:546,0
DA:548,0
DA:549,0
DA:555,0
DA:557,5334
DA:566,5334
DA:567,5334
DA:568,5334
DA:569,5334
DA:570,5334
DA:571,5334
DA:572,2667
DA:574,2667
DA:575,2667
DA:576,0
DA:582,5334
DA:584,5447
DA:588,5447
DA:590,679597
DA:591,391
DA:593,679206
DA:594,679206
DA:595,679206
DA:596,679206
DA:598,679206
DA:599,3206
DA:601,676000
DA:602,676000
DA:603,676000
DA:604,676000
DA:606,676000
DA:607,1455
DA:609,674545
DA:610,674545
DA:611,674545
DA:612,674545
DA:614,674545
DA:615,395
DA:617,674150
DA:618,674150
DA:619,674150
DA:620,674150
DA:623,5447
DA:624,0
DA:626,5447
DA:627,5447
DA:631,5447
DA:633,5447
DA:640,5447
DA:641,121
DA:643,5447
DA:644,5447
DA:645,121
DA:646,121
DA:648,5447
DA:650,48475
DA:658,48475
DA:659,48475
DA:660,48475
DA:662,48475
DA:664,1876418
DA:667,1876418
DA:668,1876418
DA:669,1876418
DA:671,1876418
DA:673,77541
DA:680,77541
DA:681,77541
DA:682,77541
DA:683,77541
DA:684,77541
DA:685,77541
DA:687,758452
DA:694,758452
DA:695,758452
DA:696,758452
DA:697,758452
DA:698,758452
DA:700,75123
DA:707,75123
DA:708,75123
DA:709,75123
DA:710,75123
DA:711,75123
DA:716,1210662
DA:720,1210662
DA:721,1210662
DA:722,619943
DA:723,0
DA:724,0
DA:725,0
DA:728,619943
DA:730,590719
DA:732,48475
DA:733,48475
DA:734,48475
DA:735,0
DA:737,48475
DA:738,48475
DA:740,0
DA:741,0
DA:744,48475
DA:746,590719
DA:747,166583
DA:749,424136
DA:750,49595
DA:751,374541
DA:752,346783
DA:754,424136
DA:755,424136
DA:756,0
DA:758,424136
DA:759,424136
DA:760,424136
DA:762,1213559
DA:766,1213559
DA:767,2897
DA:769,1210662
DA:770,1210662
DA:771,0
DA:773,1210662
DA:774,1210646
DA:775,1210646
DA:776,1210646
DA:777,2412015
DA:779,1210662
DA:781,22839
DA:785,22839
DA:786,22839
DA:787,22839
DA:788,22839
DA:790,22839
DA:792,53455
DA:794,53455
DA:800,53455
DA:801,53455
DA:803,53455
DA:805,4
DA:813,4
DA:815,0
DA:817,4
DA:818,0
DA:821,4
DA:822,4
DA:824,83288
DA:826,83288
DA:827,83288
DA:828,135
DA:829,135
DA:830,135
DA:832,83288
DA:834,407145
DA:836,407145
DA:837,123135
DA:839,407145
DA:840,407145
DA:841,407145
DA:842,407145
DA:845,147
DA:847,147
DA:850,147
DA:851,25
DA:853,122
DA:855,1673
DA:856,1635
DA:857,1565
DA:858,1542
DA:860,39
LF:373
LH:314
end_of_record
TN:
SF:src/sx/sxmutex.c
FN:133,170,UnixMutexNew
FN:171,177,UnixMutexRelease
FN:178,181,UnixMutexEnter
FN:182,185,UnixMutexLeave
FN:196,199,SyMutexExportMethods
FNDA:15881,UnixMutexNew
FNDA:5451,UnixMutexRelease
FNDA:33812,UnixMutexEnter
FNDA:33808,UnixMutexLeave
FNDA:2667,SyMutexExportMethods
FNF:5
FNH:5
DA:133,15881
DA:145,29095
DA:148,13214
DA:149,13214
DA:150,0
DA:152,13214
DA:153,5213
DA:154,5213
DA:156,13214
DA:157,13214
DA:158,5213
DA:162,2667
DA:163,0
DA:165,2667
DA:167,15881
DA:169,15881
DA:171,5451
DA:173,5451
DA:174,5451
DA:175,5451
DA:177,5451
DA:178,33812
DA:180,33812
DA:181,33812
DA:182,33808
DA:184,33808
DA:185,33808
DA:196,2667
DA:198,2667
LF:29
LH:27
end_of_record
TN:
SF:src/sx/sxrand.c
FN:112,124,randomByte
FN:125,144,SyRandomness
FN:33,73,SyOSUtilRandomSeed
FN:74,108,SyRandomnessInit
FNDA:785600,randomByte
FNDA:80100,SyRandomness
FNDA:2667,SyOSUtilRandomSeed
FNDA:2667,SyRandomnessInit
FNF:4
FNH:4
DA:33,2667
DA:35,2667
DA:54,2667
DA:55,2667
DA:56,2667
DA:57,2667
DA:58,2667
DA:62,0
DA:63,0
DA:64,0
DA:65,0
DA:66,0
DA:72,0
DA:74,2667
DA:80,2667
DA:81,0
DA:88,2667
DA:89,2667
DA:91,2667
DA:92,2667
DA:93,0
DA:95,2667
DA:96,685419
DA:97,682752
DA:99,685419
DA:100,682752
DA:101,682752
DA:102,682752
DA:103,682752
DA:105,2667
DA:107,2667
DA:112,785600
DA:117,785600
DA:118,785600
DA:119,785600
DA:120,785600
DA:121,785600
DA:122,785600
DA:123,785600
DA:125,80100
DA:127,80100
DA:128,80100
DA:134,80100
DA:135,0
DA:138,237768
DA:139,235126
DA:140,235126
DA:141,157680
DA:143,80100
LF:49
LH:40
end_of_record
TN:
SF:src/sx/sxstr.c
FN:10,25,SyStrlen
FN:109,112,SyStrnmicmp
FN:113,135,Systrcpy
FN:26,39,SyByteFind
FN:41,54,SyByteFind2
FN:56,70,SyByteListFind
FN:72,90,SyStrncmp
FN:92,108,SyStrnicmp
FNDA:1804739,SyStrlen
FNDA:3040,SyStrnmicmp
FNDA:1876418,Systrcpy
FNDA:87,SyByteFind
FNDA:10,SyByteFind2
FNDA:0,SyByteListFind
FNDA:45,SyStrncmp
FNDA:283611,SyStrnicmp
FNF:8
FNH:7
DA:10,1804739
DA:12,1804739
DA:19,5941122
DA:20,5485134
DA:21,4988694
DA:22,4590777
DA:24,1804739
DA:26,87
DA:28,87
DA:31,87
DA:33,232
DA:34,211
DA:35,176
DA:36,164
DA:38,48
DA:41,10
DA:43,10
DA:46,10
DA:48,18
DA:49,15
DA:50,14
DA:51,13
DA:53,3
DA:56,0
DA:58,0
DA:62,0
DA:64,0
DA:65,0
DA:66,0
DA:67,0
DA:69,0
DA:72,45
DA:74,45
DA:75,45
DA:77,45
DA:78,4
DA:80,41
DA:81,0
DA:84,62
DA:85,36
DA:86,31
DA:87,26
DA:89,26
DA:92,283611
DA:94,283611
DA:95,283611
DA:97,283611
DA:98,0
DA:101,362144
DA:102,132759
DA:103,86852
DA:104,86715
DA:107,199896
DA:109,3040
DA:111,3040
DA:113,1876418
DA:115,1876418
DA:116,1876418
DA:123,1876418
DA:124,0
DA:126,1876418
DA:128,6198799
DA:129,5671393
DA:130,5221346
DA:131,4792814
DA:133,1876418
DA:134,1876418
LF:67
LH:56
end_of_record
TN:
SF:src/sx/sxutils.c
FN:11,90,SyStrIsNumeric
FN:168,219,SyStrToInt64
FN:220,241,SyHexToint
FN:242,307,SyHexStrToInt64
FN:308,355,SyOctalStrToInt64
FN:356,407,SyBinaryStrToInt64
FN:408,587,SyStrToReal
FN:95,167,SyStrToInt32
FNDA:656,SyStrIsNumeric
FNDA:49878,SyStrToInt64
FNDA:411,SyHexToint
FNDA:18,SyHexStrToInt64
FNDA:15,SyOctalStrToInt64
FNDA:19,SyBinaryStrToInt64
FNDA:162,SyStrToReal
FNDA:5,SyStrToInt32
FNF:8
FNH:8
DA:11,656
DA:19,656
DA:21,658
DA:22,2
DA:24,656
DA:25,1
DA:27,656
DA:28,656
DA:29,16
DA:32,656
DA:35,22
DA:36,22
DA:39,6
DA:40,6
DA:43,2
DA:44,2
DA:47,0
DA:49,656
DA:50,3
DA:51,3
DA:52,2
DA:53,2
DA:54,1
DA:56,2
DA:57,0
DA:58,0
DA:60,0
DA:61,0
DA:62,0
DA:63,0
DA:65,0
DA:66,0
DA:70,1
DA:71,0
DA:72,0
DA:73,0
DA:75,0
DA:76,0
DA:77,0
DA:79,0
DA:80,0
DA:85,656
DA:87,0
DA:89,656
DA:95,5
DA:97,5
DA:99,5
DA:109,5
DA:110,5
DA:111,0
DA:113,5
DA:114,0
DA:115,0
DA:118,5
DA:119,0
DA:121,5
DA:122,5
DA:124,0
DA:127,5
DA:128,5
DA:131,5
DA:132,5
DA:133,5
DA:134,5
DA:137,3
DA:138,3
DA:139,3
DA:140,3
DA:143,2
DA:144,2
DA:145,2
DA:146,2
DA:149,0
DA:150,0
DA:151,0
DA:154,5
DA:155,0
DA:157,5
DA:158,0
DA:160,5
DA:161,5
DA:162,0
DA:164,5
DA:166,5
DA:168,49878
DA:170,49878
DA:182,49878
DA:183,49878
DA:184,0
DA:186,49878
DA:187,0
DA:188,0
DA:191,49878
DA:192,0
DA:194,49878
DA:195,49878
DA:196,2
DA:198,49878
DA:200,49988
DA:201,49951
DA:202,6055
DA:203,326
DA:206,49878
DA:207,0
DA:209,49878
DA:210,0
DA:212,49878
DA:213,49878
DA:214,0
DA:216,49878
DA:218,49878
DA:220,411
DA:222,411
DA:223,201
DA:224,20
DA:225,9
DA:226,11
DA:227,23
DA:228,13
DA:229,13
DA:230,4
DA:231,7
DA:232,8
DA:233,14
DA:234,9
DA:235,12
DA:236,5
DA:237,10
DA:238,52
DA:240,0
DA:242,18
DA:245,18
DA:246,18
DA:255,18
DA:256,18
DA:257,0
DA:259,18
DA:260,0
DA:261,0
DA:263,18
DA:265,7
DA:268,21
DA:269,3
DA:271,18
DA:273,26
DA:276,21
DA:277,21
DA:278,21
DA:281,16
DA:282,16
DA:283,16
DA:286,8
DA:287,8
DA:288,8
DA:291,8
DA:292,8
DA:294,18
DA:295,0
DA:297,18
DA:298,0
DA:300,18
DA:301,18
DA:302,0
DA:304,18
DA:306,18
DA:308,15
DA:311,15
DA:312,15
DA:322,15
DA:323,15
DA:324,0
DA:326,15
DA:327,0
DA:328,0
DA:331,27
DA:332,12
DA:334,15
DA:336,15
DA:337,15
DA:338,12
DA:339,6
DA:342,15
DA:343,0
DA:345,15
DA:346,0
DA:348,15
DA:349,15
DA:350,0
DA:352,15
DA:354,15
DA:356,19
DA:359,19
DA:360,19
DA:370,19
DA:371,19
DA:372,0
DA:374,19
DA:375,0
DA:376,0
DA:378,19
DA:380,15
DA:383,22
DA:384,3
DA:386,19
DA:388,38
DA:389,25
DA:390,22
DA:391,21
DA:394,19
DA:395,0
DA:397,19
DA:398,0
DA:400,19
DA:401,19
DA:402,0
DA:404,19
DA:406,19
DA:408,162
DA:424,162
DA:425,162
DA:428,162
DA:438,162
DA:439,162
DA:441,164
DA:444,162
DA:445,1
DA:446,1
DA:451,162
DA:454,162
DA:455,162
DA:456,162
DA:457,162
DA:460,3
DA:461,3
DA:462,3
DA:463,3
DA:466,1
DA:467,1
DA:468,1
DA:469,1
DA:472,0
DA:473,0
DA:474,0
DA:476,162
DA:478,162
DA:481,0
DA:482,0
DA:483,0
DA:484,0
DA:487,0
DA:488,0
DA:489,0
DA:490,0
DA:493,0
DA:494,0
DA:495,0
DA:496,0
DA:499,0
DA:500,0
DA:501,0
DA:503,162
DA:504,155
DA:505,155
DA:507,236
DA:510,204
DA:511,204
DA:512,204
DA:513,204
DA:514,204
DA:517,128
DA:518,128
DA:519,128
DA:520,128
DA:521,128
DA:524,98
DA:525,98
DA:526,98
DA:527,98
DA:528,98
DA:531,81
DA:532,81
DA:533,81
DA:534,81
DA:536,155
DA:538,162
DA:539,1
DA:541,162
DA:543,34
DA:544,20
DA:547,20
DA:550,162
DA:551,162
DA:552,17
DA:553,17
DA:554,8
DA:555,8
DA:557,17
DA:558,37
DA:559,20
DA:560,20
DA:562,17
DA:563,6
DA:564,11
DA:565,0
DA:567,61
DA:568,44
DA:569,26
DA:570,9
DA:572,17
DA:577,162
DA:578,0
DA:580,162
DA:581,0
DA:583,162
DA:584,162
DA:586,162
LF:316
LH:240
end_of_record
TN:
SF:src/sx/sxxml.c
FN:1040,1082,SyXMLProcess
FN:1083,1089,SyXMLParserRelease
FN:333,345,XMLCheckDuplicateAttr
FN:346,414,XMLProcessNamesSpace
FN:415,587,XMLProcessStartTag
FN:57,332,XML_Tokenize
FN:588,632,XMLExtactPI
FN:633,661,XMLExtractEndTag
FN:662,668,TokenToXMLString
FN:669,732,XMLExtractNS
FN:733,761,XMLnsUnlink
FN:763,979,ProcessXML
FN:980,991,SyXMLParserInit
FN:992,1038,SyXMLParserSetEventHandler
FNDA:36,SyXMLProcess
FNDA:42,SyXMLParserRelease
FNDA:6,XMLCheckDuplicateAttr
FNDA:2,XMLProcessNamesSpace
FNDA:40,XMLProcessStartTag
FNDA:119,XML_Tokenize
FNDA:6,XMLExtactPI
FNDA:27,XMLExtractEndTag
FNDA:14,TokenToXMLString
FNDA:8,XMLExtractNS
FNDA:31,XMLnsUnlink
FNDA:26,ProcessXML
FNDA:42,SyXMLParserInit
FNDA:36,SyXMLParserSetEventHandler
FNF:14
FNH:14
DA:57,119
DA:59,119
DA:64,131
DA:66,12
DA:68,4
DA:70,12
DA:72,119
DA:75,0
DA:78,119
DA:79,119
DA:80,119
DA:81,119
DA:83,119
DA:84,119
DA:85,105
DA:86,105
DA:87,105
DA:88,1
DA:89,1
DA:90,1
DA:91,1
DA:95,0
DA:97,104
DA:98,104
DA:100,9
DA:101,9
DA:102,9
DA:103,305
DA:104,151
DA:105,145
DA:107,1
DA:109,145
DA:112,9
DA:113,9
DA:114,3
DA:115,3
DA:116,3
DA:117,3
DA:120,0
DA:122,6
DA:123,95
DA:124,12
DA:125,12
DA:127,2
DA:128,74
DA:129,37
DA:130,35
DA:132,1
DA:134,35
DA:136,2
DA:138,2
DA:140,10
DA:142,5
DA:143,5
DA:144,174
DA:145,86
DA:146,83
DA:148,1
DA:150,83
DA:153,5
DA:154,5
DA:155,5
DA:156,2
DA:157,2
DA:158,2
DA:159,2
DA:162,0
DA:164,3
DA:165,3
DA:167,5
DA:168,4
DA:169,4
DA:171,4
DA:172,4
DA:174,58
DA:175,57
DA:176,47
DA:177,47
DA:178,3
DA:181,54
DA:183,4
DA:185,1
DA:187,4
DA:188,1
DA:189,0
DA:190,0
DA:192,0
DA:194,0
DA:198,4
DA:199,4
DA:200,4
DA:201,1
DA:202,1
DA:203,1
DA:204,1
DA:207,0
DA:209,3
DA:210,3
DA:214,83
DA:215,83
DA:216,83
DA:217,83
DA:219,34
DA:220,34
DA:221,34
DA:222,34
DA:223,0
DA:224,0
DA:225,0
DA:226,0
DA:229,0
DA:231,34
DA:233,83
DA:235,0
DA:236,0
DA:237,0
DA:238,0
DA:242,0
DA:244,83
DA:245,3
DA:246,3
DA:247,3
DA:248,3
DA:251,0
DA:253,80
DA:255,463
DA:256,387
DA:257,387
DA:259,0
DA:260,0
DA:262,387
DA:263,4
DA:264,4
DA:265,0
DA:266,0
DA:268,0
DA:269,0
DA:273,0
DA:275,4
DA:277,4
DA:279,383
DA:281,0
DA:284,383
DA:287,80
DA:289,0
DA:292,80
DA:293,80
DA:294,4
DA:296,80
DA:297,80
DA:299,0
DA:300,0
DA:301,0
DA:302,0
DA:309,100
DA:310,100
DA:311,100
DA:312,100
DA:313,14
DA:314,86
DA:316,0
DA:319,86
DA:322,0
DA:323,0
DA:327,14
DA:328,14
DA:331,101
DA:333,6
DA:336,6
DA:337,1
DA:338,1
DA:340,1
DA:344,5
DA:346,2
DA:353,2
DA:355,2
DA:357,2
DA:359,0
DA:360,0
DA:362,2
DA:363,2
DA:364,2
DA:365,0
DA:367,2
DA:368,2
DA:369,2
DA:370,0
DA:371,0
DA:372,0
DA:373,0
DA:377,0
DA:378,0
DA:379,0
DA:383,2
DA:384,2
DA:385,2
DA:387,0
DA:391,2
DA:392,2
DA:393,0
DA:394,0
DA:397,0
DA:399,2
DA:401,2
DA:402,0
DA:403,0
DA:405,2
DA:407,2
DA:409,2
DA:411,2
DA:412,2
DA:413,2
DA:415,40
DA:417,40
DA:423,40
DA:425,40
DA:426,40
DA:427,40
DA:428,0
DA:431,40
DA:432,40
DA:433,228
DA:434,193
DA:436,0
DA:437,0
DA:438,193
DA:439,5
DA:441,188
DA:442,0
DA:443,0
DA:444,0
DA:445,0
DA:449,188
DA:452,40
DA:453,0
DA:454,0
DA:455,0
DA:456,0
DA:459,0
DA:461,40
DA:462,40
DA:464,5
DA:465,45
DA:466,51
DA:467,6
DA:469,45
DA:470,39
DA:472,6
DA:473,38
DA:474,32
DA:476,0
DA:477,0
DA:478,32
DA:479,0
DA:481,32
DA:484,6
DA:485,0
DA:486,0
DA:487,0
DA:488,0
DA:491,0
DA:494,6
DA:495,6
DA:496,8
DA:497,2
DA:498,2
DA:500,6
DA:501,0
DA:503,6
DA:504,0
DA:505,0
DA:506,0
DA:507,0
DA:510,0
DA:512,12
DA:513,12
DA:514,0
DA:517,6
DA:518,1
DA:519,1
DA:520,1
DA:521,1
DA:524,0
DA:526,5
DA:527,0
DA:530,5
DA:531,5
DA:532,0
DA:534,5
DA:535,0
DA:536,0
DA:537,0
DA:538,0
DA:541,0
DA:542,0
DA:544,5
DA:545,0
DA:546,0
DA:547,0
DA:548,0
DA:551,0
DA:552,0
DA:554,5
DA:555,5
DA:556,5
DA:557,44
DA:558,39
DA:560,5
DA:561,0
DA:562,0
DA:563,0
DA:564,0
DA:567,0
DA:568,0
DA:571,5
DA:572,5
DA:573,5
DA:574,0
DA:576,5
DA:577,5
DA:579,2
DA:583,39
DA:584,35
DA:586,39
DA:588,6
DA:590,6
DA:593,6
DA:595,6
DA:597,6
DA:599,6
DA:600,6
DA:601,6
DA:602,6
DA:605,6
DA:606,30
DA:607,30
DA:609,0
DA:610,0
DA:611,30
DA:612,6
DA:614,24
DA:617,6
DA:618,6
DA:619,6
DA:620,6
DA:621,4
DA:625,12
DA:626,6
DA:628,6
DA:629,6
DA:630,6
DA:632,6
DA:633,27
DA:635,27
DA:636,27
DA:637,27
DA:639,27
DA:640,0
DA:642,27
DA:643,27
DA:644,27
DA:646,54
DA:647,54
DA:648,0
DA:650,27
DA:651,0
DA:653,0
DA:654,0
DA:655,0
DA:658,0
DA:660,27
DA:662,14
DA:665,14
DA:666,14
DA:667,14
DA:668,14
DA:669,8
DA:676,8
DA:677,8
DA:679,4
DA:680,4
DA:682,0
DA:684,0
DA:685,0
DA:687,4
DA:689,4
DA:690,0
DA:691,0
DA:693,0
DA:694,0
DA:697,0
DA:699,4
DA:700,4
DA:701,4
DA:702,4
DA:703,4
DA:704,4
DA:705,0
DA:706,0
DA:707,0
DA:708,0
DA:711,0
DA:714,4
DA:715,4
DA:716,0
DA:717,0
DA:719,0
DA:720,0
DA:723,0
DA:726,4
DA:728,4
DA:729,4
DA:731,4
DA:733,31
DA:739,31
DA:740,33
DA:741,2
DA:743,2
DA:746,2
DA:747,2
DA:748,2
DA:749,2
DA:750,2
DA:751,0
DA:754,2
DA:756,2
DA:757,2
DA:759,31
DA:760,31
DA:763,26
DA:765,26
DA:772,26
DA:774,26
DA:776,0
DA:779,26
DA:781,113
DA:782,92
DA:783,92
DA:784,92
DA:785,92
DA:786,92
DA:787,4
DA:788,4
DA:789,1
DA:790,1
DA:791,1
DA:792,1
DA:795,0
DA:798,3
DA:799,0
DA:800,0
DA:801,0
DA:802,0
DA:805,3
DA:806,3
DA:807,3
DA:808,0
DA:809,0
DA:810,0
DA:811,0
DA:816,3
DA:817,3
DA:818,3
DA:819,3
DA:820,0
DA:823,3
DA:824,6
DA:826,6
DA:828,6
DA:829,6
DA:830,2
DA:831,2
DA:833,2
DA:834,2
DA:837,4
DA:839,4
DA:840,4
DA:841,0
DA:844,4
DA:846,12
DA:847,12
DA:848,1
DA:849,1
DA:850,1
DA:851,1
DA:854,0
DA:857,11
DA:858,11
DA:859,11
DA:860,11
DA:861,0
DA:864,11
DA:865,27
DA:866,27
DA:867,27
DA:868,0
DA:869,0
DA:870,0
DA:871,0
DA:874,0
DA:876,27
DA:877,27
DA:879,27
DA:880,54
DA:881,27
DA:882,0
DA:883,0
DA:884,0
DA:885,0
DA:890,27
DA:891,27
DA:892,27
DA:894,4
DA:895,4
DA:896,0
DA:899,27
DA:900,27
DA:901,27
DA:902,0
DA:907,0
DA:908,0
DA:910,27
DA:911,27
DA:912,27
DA:913,27
DA:914,0
DA:917,27
DA:919,40
DA:921,40
DA:922,0
DA:923,0
DA:925,0
DA:926,0
DA:929,0
DA:931,40
DA:933,40
DA:934,40
DA:935,39
DA:937,4
DA:940,40
DA:942,39
DA:943,39
DA:944,39
DA:945,39
DA:946,0
DA:949,39
DA:950,4
DA:951,4
DA:952,4
DA:953,0
DA:956,4
DA:957,4
DA:958,0
DA:961,1
DA:963,1
DA:965,39
DA:966,0
DA:968,0
DA:971,21
DA:972,2
DA:973,2
DA:975,21
DA:976,0
DA:978,21
DA:980,42
DA:983,42
DA:985,42
DA:986,42
DA:987,42
DA:988,42
DA:989,42
DA:990,42
DA:992,36
DA:1006,36
DA:1007,36
DA:1009,36
DA:1010,0
DA:1012,36
DA:1013,36
DA:1015,36
DA:1016,36
DA:1018,36
DA:1019,36
DA:1021,36
DA:1022,36
DA:1024,36
DA:1025,0
DA:1027,36
DA:1028,0
DA:1030,36
DA:1031,36
DA:1033,36
DA:1034,36
DA:1036,36
DA:1037,36
DA:1040,36
DA:1046,36
DA:1047,36
DA:1049,36
DA:1050,36
DA:1052,10
DA:1054,26
DA:1056,0
DA:1059,26
DA:1060,26
DA:1061,2
DA:1065,0
DA:1066,0
DA:1068,0
DA:1069,0
DA:1070,0
DA:1072,0
DA:1078,26
DA:1079,26
DA:1081,26
DA:1083,42
DA:1085,42
DA:1086,42
DA:1087,42
DA:1088,42
LF:620
LH:442
end_of_record
TN:
SF:src/sx/sxzip.c
FN:116,123,SyLittleEndianUnpack32
FN:124,132,SyLittleEndianUnpack16
FN:133,147,SyDosTimeFormat
FN:151,175,ArchiveHashGetEntry
FN:176,183,ArchiveHashBucketInstall
FN:184,208,ArchiveHashGrowTable
FN:209,221,ArchiveHashInstallEntry
FN:225,258,ParseEndOfCentralDirectory
FN:262,332,GetCentralDirectoryEntry
FN:333,348,ZipFixOffset
FN:352,423,ZipExtract
FN:424,469,SyZipExtractFromBuf
FN:473,478,ArchiveHashCmp
FN:479,501,SyArchiveInit
FN:502,523,ArchiveReleaseEntry
FN:524,542,SyArchiveRelease
FN:543,547,SyArchiveResetLoopCursor
FN:548,561,SyArchiveGetNextEntry
FNDA:77,SyLittleEndianUnpack32
FNDA:78,SyLittleEndianUnpack16
FNDA:9,SyDosTimeFormat
FNDA:7,ArchiveHashGetEntry
FNDA:7,ArchiveHashBucketInstall
FNDA:0,ArchiveHashGrowTable
FNDA:7,ArchiveHashInstallEntry
FNDA:12,ParseEndOfCentralDirectory
FNDA:9,GetCentralDirectoryEntry
FNDA:9,ZipFixOffset
FNDA:9,ZipExtract
FNDA:14,SyZipExtractFromBuf
FNDA:0,ArchiveHashCmp
FNDA:15,SyArchiveInit
FNDA:7,ArchiveReleaseEntry
FNDA:7,SyArchiveRelease
FNDA:7,SyArchiveResetLoopCursor
FNDA:4,SyArchiveGetNextEntry
FNF:18
FNH:16
DA:116,77
DA:118,77
DA:119,0
DA:121,77
DA:122,77
DA:124,78
DA:126,78
DA:127,0
DA:129,78
DA:131,78
DA:133,9
DA:137,9
DA:138,9
DA:139,9
DA:140,9
DA:141,9
DA:142,9
DA:143,9
DA:144,9
DA:145,9
DA:146,9
DA:151,7
DA:157,7
DA:158,7
DA:160,7
DA:163,7
DA:164,7
DA:166,0
DA:167,0
DA:168,0
DA:170,0
DA:172,0
DA:174,7
DA:176,7
DA:178,7
DA:179,7
DA:180,0
DA:182,7
DA:183,7
DA:184,0
DA:186,0
DA:192,0
DA:193,0
DA:194,0
DA:196,0
DA:198,0
DA:199,0
DA:200,0
DA:203,0
DA:204,0
DA:205,0
DA:207,0
DA:209,7
DA:211,7
DA:212,0
DA:214,7
DA:216,7
DA:217,7
DA:218,7
DA:220,7
DA:225,12
DA:227,12
DA:231,12
DA:232,12
DA:233,0
DA:235,12
DA:236,2
DA:239,10
DA:240,10
DA:241,0
DA:243,10
DA:244,0
DA:247,10
DA:248,10
DA:249,0
DA:252,10
DA:253,10
DA:254,0
DA:257,10
DA:262,9
DA:264,9
DA:266,9
DA:267,9
DA:269,9
DA:272,9
DA:273,9
DA:274,0
DA:282,0
DA:287,9
DA:288,9
DA:289,0
DA:290,0
DA:293,9
DA:295,9
DA:297,9
DA:299,9
DA:300,9
DA:301,9
DA:303,9
DA:305,9
DA:307,9
DA:308,9
DA:309,0
DA:310,0
DA:316,9
DA:317,9
DA:318,0
DA:319,0
DA:322,9
DA:323,9
DA:324,0
DA:325,0
DA:327,9
DA:328,9
DA:330,9
DA:331,9
DA:333,9
DA:337,9
DA:338,9
DA:339,9
DA:340,9
DA:341,2
DA:343,7
DA:344,7
DA:346,7
DA:347,7
DA:352,9
DA:361,9
DA:362,9
DA:365,16
DA:366,7
DA:369,9
DA:370,9
DA:371,0
DA:373,9
DA:374,9
DA:375,9
DA:376,9
DA:377,9
DA:379,9
DA:381,9
DA:382,2
DA:383,2
DA:385,2
DA:387,0
DA:388,0
DA:390,2
DA:392,7
DA:393,7
DA:394,7
DA:396,0
DA:397,0
DA:398,0
DA:400,7
DA:401,7
DA:402,0
DA:403,0
DA:404,0
DA:406,7
DA:408,7
DA:409,7
DA:411,0
DA:412,0
DA:413,0
DA:416,7
DA:418,7
DA:420,9
DA:422,9
DA:424,14
DA:437,14
DA:438,2
DA:441,12
DA:443,207
DA:444,388
DA:445,183
DA:448,12
DA:449,12
DA:450,2
DA:454,10
DA:455,10
DA:456,1
DA:458,0
DA:460,1
DA:461,1
DA:463,1
DA:467,9
DA:468,9
DA:473,0
DA:476,0
DA:477,0
DA:479,15
DA:487,15
DA:489,15
DA:490,15
DA:491,0
DA:493,15
DA:494,15
DA:495,15
DA:496,15
DA:497,15
DA:498,15
DA:499,15
DA:500,15
DA:502,7
DA:504,7
DA:509,7
DA:510,7
DA:512,0
DA:513,0
DA:514,0
DA:515,0
DA:516,0
DA:517,0
DA:519,7
DA:520,7
DA:521,7
DA:522,7
DA:524,7
DA:527,7
DA:529,14
DA:530,7
DA:532,7
DA:533,7
DA:534,7
DA:535,7
DA:536,7
DA:538,7
DA:539,7
DA:540,7
DA:541,7
DA:543,7
DA:545,7
DA:546,7
DA:548,4
DA:551,4
DA:553,0
DA:554,0
DA:556,4
DA:557,4
DA:559,4
DA:560,4
LF:241
LH:179
end_of_record
