TN:
SF:src/ph7/api.c
FNF:0
FNH:0
DA:79,1
DA:80,1
DA:81,1
DA:83,1
DA:85,1
DA:86,1
DA:88,1
DA:89,0
DA:90,0
DA:93,1
DA:94,1
DA:95,1
DA:99,0
DA:100,0
DA:101,0
DA:102,0
DA:103,0
DA:106,0
DA:108,0
DA:109,0
DA:110,0
DA:111,0
DA:112,0
DA:113,0
DA:116,0
DA:120,0
DA:123,0
DA:126,1
DA:127,1
DA:135,1
DA:136,1
DA:137,1
DA:140,1
DA:141,1
DA:142,1
DA:146,1
DA:148,1
DA:149,1
DA:150,1
DA:152,1
DA:153,1
DA:154,0
DA:156,1
DA:160,0
DA:161,0
DA:162,0
DA:163,0
DA:164,0
DA:169,1
DA:176,1
DA:178,0
DA:179,0
DA:181,1
DA:183,0
DA:184,0
DA:185,0
DA:187,0
DA:190,1
DA:191,1
DA:192,1
DA:193,0
DA:197,1
DA:198,1
DA:203,0
DA:204,0
DA:206,0
DA:207,0
DA:209,1
DA:210,1
DA:212,1
DA:215,1
DA:220,0
DA:222,0
DA:228,0
DA:230,0
DA:233,0
DA:236,1
DA:237,1
DA:243,1
DA:247,1
DA:249,0
DA:251,1
DA:252,1
DA:253,1
DA:254,1
DA:255,1
DA:267,1
DA:270,1
DA:271,1
DA:278,1
DA:279,0
DA:282,1
DA:284,1
DA:286,1
DA:287,1
DA:288,1
DA:290,1
DA:291,1
DA:292,0
DA:295,1
DA:296,1
DA:297,0
DA:301,1
DA:302,1
DA:303,0
DA:307,1
DA:308,1
DA:309,1
DA:311,1
DA:313,1
DA:314,1
DA:316,0
DA:320,1
DA:322,1
DA:323,1
DA:324,0
DA:329,1
DA:330,1
DA:337,1
DA:339,1
DA:340,1
DA:346,0
DA:348,0
DA:349,0
DA:350,0
DA:355,1
DA:358,1
DA:360,1
DA:361,1
DA:363,0
DA:364,0
DA:365,0
DA:366,0
DA:367,0
DA:369,1
DA:371,1
DA:372,1
DA:373,1
DA:382,0
DA:385,0
DA:387,0
DA:388,0
DA:390,0
DA:391,0
DA:392,0
DA:393,0
DA:394,0
DA:397,0
DA:398,0
DA:399,0
DA:400,0
DA:402,0
DA:403,0
DA:405,0
DA:407,0
DA:409,0
DA:411,0
DA:413,0
DA:414,0
DA:420,0
DA:421,0
DA:423,0
DA:425,0
DA:426,0
DA:427,0
DA:433,0
DA:434,0
DA:435,0
DA:438,0
DA:440,0
DA:441,0
DA:443,0
DA:448,0
DA:454,0
DA:455,0
DA:456,0
DA:462,0
DA:463,0
DA:464,0
DA:470,0
DA:471,0
DA:472,0
DA:478,0
DA:479,0
DA:480,0
DA:486,1
DA:489,1
DA:490,0
DA:494,1
DA:495,1
DA:497,0
DA:500,1
DA:501,1
DA:502,1
DA:505,1
DA:507,1
DA:508,1
DA:514,1
DA:522,1
DA:524,1
DA:525,1
DA:526,0
DA:529,1
DA:530,1
DA:531,0
DA:534,1
DA:536,1
DA:537,1
DA:538,1
DA:539,0
DA:542,1
DA:545,1
DA:547,1
DA:549,1
DA:551,1
DA:553,1
DA:554,1
DA:555,0
DA:556,0
DA:563,1
DA:565,1
DA:566,1
DA:569,1
DA:572,1
DA:573,1
DA:575,0
DA:576,0
DA:577,0
DA:578,1
DA:584,1
DA:586,1
DA:587,0
DA:591,1
DA:592,1
DA:594,0
DA:598,1
DA:601,1
DA:603,1
DA:607,1
DA:610,1
DA:611,1
DA:614,1
DA:617,1
DA:618,1
DA:619,1
DA:637,1
DA:641,1
DA:642,1
DA:645,0
DA:646,0
DA:648,0
DA:650,1
DA:652,0
DA:655,1
DA:656,1
DA:657,0
DA:658,0
DA:659,0
DA:661,0
DA:663,1
DA:665,1
DA:668,1
DA:670,1
DA:671,1
DA:672,0
DA:674,0
DA:675,0
DA:676,0
DA:677,0
DA:679,0
DA:682,1
DA:683,1
DA:684,0
DA:687,1
DA:689,1
DA:691,1
DA:692,1
DA:693,0
DA:698,1
DA:699,1
DA:701,1
DA:703,1
DA:705,0
DA:706,0
DA:707,0
DA:708,0
DA:709,1
DA:715,0
DA:718,0
DA:719,0
DA:721,0
DA:723,0
DA:725,0
DA:728,0
DA:729,0
DA:731,0
DA:735,0
DA:738,0
DA:741,0
DA:742,0
DA:748,0
DA:751,0
DA:752,0
DA:754,0
DA:756,0
DA:758,0
DA:761,0
DA:762,0
DA:764,0
DA:768,0
DA:771,0
DA:774,0
DA:775,0
DA:781,1
DA:784,1
DA:785,1
DA:787,1
DA:788,1
DA:789,0
DA:793,1
DA:794,1
DA:796,0
DA:803,1
DA:804,1
DA:806,0
DA:807,0
DA:808,1
DA:809,1
DA:812,1
DA:813,1
DA:815,0
DA:816,0
DA:818,1
DA:819,1
DA:821,1
DA:822,1
DA:828,1
DA:831,1
DA:832,1
DA:838,0
DA:841,0
DA:842,0
DA:850,0
DA:851,0
DA:852,0
DA:858,1
DA:862,1
DA:863,0
DA:867,1
DA:868,1
DA:870,0
DA:874,1
DA:875,1
DA:876,1
DA:879,1
DA:881,1
DA:882,1
DA:888,1
DA:891,1
DA:892,0
DA:896,1
DA:897,1
DA:899,0
DA:903,1
DA:904,1
DA:906,0
DA:910,1
DA:913,1
DA:914,1
DA:920,0
DA:923,0
DA:924,0
DA:928,0
DA:929,0
DA:931,0
DA:934,0
DA:937,0
DA:939,0
DA:940,0
DA:946,1
DA:950,1
DA:951,0
DA:955,1
DA:956,1
DA:958,0
DA:961,1
DA:962,1
DA:965,1
DA:967,1
DA:971,1
DA:972,1
DA:974,0
DA:977,1
DA:978,1
DA:980,1
DA:983,1
DA:986,1
DA:987,1
DA:993,1
DA:997,1
DA:998,0
DA:1000,1
DA:1002,1
DA:1004,1
DA:1005,0
DA:1009,1
DA:1010,1
DA:1012,0
DA:1016,1
DA:1019,1
DA:1021,1
DA:1022,1
DA:1028,0
DA:1029,0
DA:1032,0
DA:1033,0
DA:1037,0
DA:1038,0
DA:1040,0
DA:1044,0
DA:1045,0
DA:1047,0
DA:1048,0
DA:1049,0
DA:1053,0
DA:1055,0
DA:1056,0
DA:1062,1
DA:1066,1
DA:1067,0
DA:1069,1
DA:1071,1
DA:1072,1
DA:1074,0
DA:1077,1
DA:1078,0
DA:1082,1
DA:1083,1
DA:1085,0
DA:1089,1
DA:1092,1
DA:1094,1
DA:1095,1
DA:1101,0
DA:1105,0
DA:1106,0
DA:1110,0
DA:1111,0
DA:1113,0
DA:1117,0
DA:1118,0
DA:1120,0
DA:1121,0
DA:1125,0
DA:1127,0
DA:1128,0
DA:1134,1
DA:1137,1
DA:1138,0
DA:1141,1
DA:1142,1
DA:1143,0
DA:1146,1
DA:1147,1
DA:1148,1
DA:1154,1
DA:1158,1
DA:1159,0
DA:1162,1
DA:1163,1
DA:1164,0
DA:1167,1
DA:1168,1
DA:1169,0
DA:1170,0
DA:1172,1
DA:1173,1
DA:1174,1
DA:1180,1
DA:1182,1
DA:1183,0
DA:1185,1
DA:1187,1
DA:1188,1
DA:1190,1
DA:1191,1
DA:1197,1
DA:1199,1
DA:1200,1
DA:1201,0
DA:1203,1
DA:1204,1
DA:1210,1
DA:1212,1
DA:1213,1
DA:1214,0
DA:1216,1
DA:1217,1
DA:1223,0
DA:1225,0
DA:1226,0
DA:1227,0
DA:1229,0
DA:1230,0
DA:1236,1
DA:1238,1
DA:1239,1
DA:1240,0
DA:1242,1
DA:1243,1
DA:1249,1
DA:1250,1
DA:1251,1
DA:1252,1
DA:1253,1
DA:1254,1
DA:1256,1
DA:1257,0
DA:1259,1
DA:1260,1
DA:1262,1
DA:1264,1
DA:1270,1
DA:1271,1
DA:1273,0
DA:1275,1
DA:1276,1
DA:1282,0
DA:1284,0
DA:1286,0
DA:1289,0
DA:1291,0
DA:1292,0
DA:1298,1
DA:1299,1
DA:1300,1
DA:1306,1
DA:1307,1
DA:1308,1
DA:1314,1
DA:1315,1
DA:1316,1
DA:1322,1
DA:1323,1
DA:1324,1
DA:1330,0
DA:1332,0
DA:1333,0
DA:1334,0
DA:1340,1
DA:1341,1
DA:1342,1
DA:1348,1
DA:1352,1
DA:1353,1
DA:1355,1
DA:1356,1
DA:1359,1
DA:1360,1
DA:1361,1
DA:1362,1
DA:1363,1
DA:1369,1
DA:1370,1
DA:1371,1
DA:1372,0
DA:1373,0
DA:1374,1
DA:1376,1
DA:1377,1
DA:1383,1
DA:1384,1
DA:1385,1
DA:1391,1
DA:1393,1
DA:1394,1
DA:1398,1
DA:1400,1
DA:1401,1
DA:1407,1
DA:1409,1
DA:1410,1
DA:1414,1
DA:1416,1
DA:1417,1
DA:1423,1
DA:1424,1
DA:1425,1
DA:1431,1
DA:1433,1
DA:1434,1
DA:1435,1
DA:1437,1
DA:1439,1
DA:1444,0
DA:1445,0
DA:1448,1
DA:1449,1
DA:1457,1
DA:1460,1
DA:1462,1
DA:1465,0
DA:1466,0
DA:1467,0
DA:1468,0
DA:1470,0
DA:1472,0
DA:1474,0
DA:1475,1
DA:1481,0
DA:1484,0
DA:1485,0
DA:1486,0
DA:1487,0
DA:1488,0
DA:1491,0
DA:1492,0
DA:1498,1
DA:1500,1
DA:1502,0
DA:1504,1
DA:1505,1
DA:1507,0
DA:1509,1
DA:1510,1
DA:1516,0
DA:1522,0
DA:1523,0
DA:1525,0
DA:1526,0
DA:1529,0
DA:1530,0
DA:1532,0
DA:1533,0
DA:1534,0
DA:1536,0
DA:1539,0
DA:1540,0
DA:1541,0
DA:1547,1
DA:1549,1
DA:1550,0
DA:1553,1
DA:1554,0
DA:1557,1
DA:1558,1
DA:1559,1
DA:1565,1
DA:1568,1
DA:1569,0
DA:1572,1
DA:1573,1
DA:1574,1
DA:1580,1
DA:1583,1
DA:1584,0
DA:1587,1
DA:1589,0
DA:1590,0
DA:1592,1
DA:1593,1
DA:1594,1
DA:1595,1
DA:1597,1
DA:1598,1
DA:1604,0
DA:1608,0
DA:1609,0
DA:1611,0
DA:1613,0
DA:1614,0
DA:1615,0
DA:1616,0
DA:1622,1
DA:1625,1
DA:1626,0
DA:1629,1
DA:1630,1
DA:1631,1
DA:1637,0
DA:1639,0
DA:1640,0
DA:1643,0
DA:1644,0
DA:1647,0
DA:1648,0
DA:1649,0
DA:1655,0
DA:1659,0
DA:1660,0
DA:1662,0
DA:1665,0
DA:1666,0
DA:1667,0
DA:1673,0
DA:1675,0
DA:1676,0
DA:1679,0
DA:1680,0
DA:1683,0
DA:1685,0
DA:1686,0
DA:1688,0
DA:1689,0
DA:1695,1
DA:1698,1
DA:1699,0
DA:1701,1
DA:1702,1
DA:1703,1
DA:1704,1
DA:1710,0
DA:1713,0
DA:1714,0
DA:1715,0
DA:1716,0
DA:1717,0
DA:1723,0
DA:1724,0
DA:1725,0
DA:1726,0
DA:1728,0
DA:1729,0
DA:1735,0
DA:1738,0
DA:1739,0
DA:1741,0
DA:1742,0
DA:1743,0
DA:1744,0
DA:1745,0
DA:1751,0
DA:1753,0
DA:1754,0
DA:1755,0
DA:1761,0
DA:1762,0
DA:1763,0
DA:1765,0
DA:1766,0
DA:1767,0
DA:1781,1
DA:1782,1
DA:1783,1
DA:1789,0
DA:1792,0
DA:1793,0
DA:1794,0
DA:1795,0
DA:1801,0
DA:1803,0
DA:1804,0
DA:1805,0
DA:1811,0
DA:1813,0
DA:1814,0
DA:1815,0
DA:1821,1
DA:1822,1
DA:1823,1
DA:1829,1
DA:1831,1
DA:1832,1
DA:1833,1
DA:1839,1
DA:1841,1
DA:1842,1
DA:1843,1
DA:1844,1
DA:1845,1
DA:1851,1
DA:1853,1
DA:1854,1
DA:1855,1
DA:1856,1
DA:1857,1
DA:1863,1
DA:1865,1
DA:1866,1
DA:1867,1
DA:1868,1
DA:1869,1
DA:1875,0
DA:1877,0
DA:1878,0
DA:1879,0
DA:1885,1
DA:1887,1
DA:1888,1
DA:1889,1
DA:1891,1
DA:1892,1
DA:1893,1
DA:1899,1
DA:1900,1
DA:1902,1
DA:1903,1
DA:1905,1
DA:1906,1
DA:1908,1
DA:1910,1
DA:1912,1
DA:1913,1
DA:1919,0
DA:1922,0
DA:1924,0
DA:1925,0
DA:1927,0
DA:1928,0
DA:1929,0
DA:1930,0
DA:1931,0
DA:1937,1
DA:1939,1
DA:1940,1
DA:1941,1
DA:1947,1
DA:1949,1
DA:1951,1
DA:1952,1
DA:1953,1
DA:1954,1
DA:1960,1
DA:1961,1
DA:1962,1
DA:1963,1
DA:1969,1
DA:1970,1
DA:1971,1
DA:1977,0
DA:1978,0
DA:1979,0
DA:1985,1
DA:1986,1
DA:1987,1
DA:1993,1
DA:1994,1
DA:1995,1
DA:2001,1
DA:2002,1
DA:2003,1
DA:2009,1
DA:2011,1
DA:2012,1
DA:2013,1
DA:2019,1
DA:2021,1
DA:2022,1
DA:2023,1
DA:2029,0
DA:2030,0
DA:2031,0
DA:2037,1
DA:2038,1
DA:2039,1
DA:2045,1
DA:2046,1
DA:2047,1
DA:2053,1
DA:2054,1
DA:2055,1
DA:2061,1
DA:2063,1
DA:2064,1
DA:2065,1
LF:865
LH:474
end_of_record
TN:
SF:src/ph7/builtin.c
FNF:0
FNH:0
DA:23,1
DA:24,1
DA:25,1
DA:26,1
DA:29,1
DA:30,1
DA:31,1
DA:43,0
DA:44,0
DA:45,0
DA:46,0
DA:49,0
DA:50,0
DA:51,0
DA:63,1
DA:64,1
DA:65,1
DA:66,1
DA:69,1
DA:70,1
DA:71,1
DA:81,1
DA:82,1
DA:83,1
DA:84,1
DA:87,1
DA:88,1
DA:89,1
DA:99,1
DA:100,1
DA:101,1
DA:102,1
DA:105,1
DA:106,1
DA:107,1
DA:117,1
DA:118,1
DA:119,1
DA:120,1
DA:123,1
DA:124,1
DA:125,1
DA:135,0
DA:136,0
DA:137,0
DA:138,0
DA:141,0
DA:142,0
DA:143,0
DA:153,1
DA:154,1
DA:155,1
DA:156,1
DA:159,1
DA:160,1
DA:161,1
DA:171,1
DA:172,1
DA:173,1
DA:174,1
DA:177,1
DA:178,1
DA:179,1
DA:189,0
DA:190,0
DA:191,0
DA:192,0
DA:194,0
DA:195,0
DA:196,0
DA:206,0
DA:207,0
DA:209,0
DA:210,0
DA:213,0
DA:214,0
DA:216,0
DA:217,0
DA:227,0
DA:228,0
DA:230,0
DA:231,0
DA:234,0
DA:235,0
DA:237,0
DA:238,0
DA:248,0
DA:249,0
DA:251,0
DA:252,0
DA:254,0
DA:256,0
DA:257,0
DA:259,0
DA:260,0
DA:270,1
DA:271,1
DA:272,1
DA:273,1
DA:275,1
DA:276,1
DA:278,1
DA:298,0
DA:300,0
DA:302,0
DA:303,0
DA:305,0
DA:307,0
DA:309,0
DA:310,0
DA:311,0
DA:321,0
DA:323,0
DA:325,0
DA:326,0
DA:328,0
DA:330,0
DA:332,0
DA:333,0
DA:334,0
DA:344,0
DA:346,0
DA:348,0
DA:349,0
DA:351,0
DA:353,0
DA:355,0
DA:356,0
DA:357,0
DA:367,0
DA:369,0
DA:371,0
DA:372,0
DA:374,0
DA:376,0
DA:378,0
DA:379,0
DA:380,0
DA:390,0
DA:392,0
DA:394,0
DA:395,0
DA:397,0
DA:399,0
DA:401,0
DA:402,0
DA:403,0
DA:413,0
DA:415,0
DA:417,0
DA:418,0
DA:420,0
DA:422,0
DA:424,0
DA:425,0
DA:426,0
DA:436,0
DA:438,0
DA:440,0
DA:441,0
DA:443,0
DA:445,0
DA:447,0
DA:448,0
DA:449,0
DA:459,0
DA:461,0
DA:463,0
DA:464,0
DA:466,0
DA:468,0
DA:470,0
DA:471,0
DA:472,0
DA:482,0
DA:484,0
DA:486,0
DA:487,0
DA:489,0
DA:491,0
DA:493,0
DA:494,0
DA:495,0
DA:505,0
DA:507,0
DA:509,0
DA:510,0
DA:512,0
DA:514,0
DA:516,0
DA:517,0
DA:518,0
DA:528,0
DA:530,0
DA:532,0
DA:533,0
DA:535,0
DA:537,0
DA:539,0
DA:540,0
DA:541,0
DA:551,0
DA:553,0
DA:555,0
DA:556,0
DA:558,0
DA:560,0
DA:562,0
DA:563,0
DA:564,0
DA:574,0
DA:576,0
DA:578,0
DA:579,0
DA:581,0
DA:583,0
DA:585,0
DA:586,0
DA:587,0
DA:598,0
DA:600,0
DA:602,0
DA:603,0
DA:605,0
DA:606,0
DA:608,0
DA:610,0
DA:611,0
DA:612,0
DA:622,0
DA:624,0
DA:626,0
DA:627,0
DA:629,0
DA:630,0
DA:632,0
DA:634,0
DA:635,0
DA:636,0
DA:638,0
DA:640,0
DA:641,0
DA:643,0
DA:644,0
DA:657,0
DA:659,0
DA:661,0
DA:662,0
DA:664,0
DA:666,0
DA:668,0
DA:669,0
DA:670,0
DA:673,0
DA:674,0
DA:675,0
DA:685,0
DA:687,0
DA:689,0
DA:690,0
DA:692,0
DA:694,0
DA:696,0
DA:697,0
DA:698,0
DA:713,0
DA:715,0
DA:717,0
DA:718,0
DA:720,0
DA:721,0
DA:723,0
DA:724,0
DA:725,0
DA:726,0
DA:736,0
DA:737,0
DA:738,0
DA:739,0
DA:740,0
DA:741,0
DA:754,0
DA:756,0
DA:758,0
DA:759,0
DA:762,0
DA:763,0
DA:765,0
DA:767,0
DA:768,0
DA:769,0
DA:782,0
DA:784,0
DA:786,0
DA:787,0
DA:790,0
DA:791,0
DA:793,0
DA:795,0
DA:796,0
DA:797,0
DA:814,1
DA:815,1
DA:817,1
DA:819,0
DA:820,0
DA:823,1
DA:824,1
DA:825,1
DA:826,0
DA:828,1
DA:829,0
DA:832,1
DA:837,1
DA:838,0
DA:839,1
DA:840,0
DA:841,0
DA:844,1
DA:846,1
DA:849,1
DA:850,1
DA:851,1
DA:862,1
DA:864,1
DA:866,0
DA:867,0
DA:870,1
DA:872,1
DA:873,1
DA:874,1
DA:885,1
DA:887,1
DA:889,0
DA:890,0
DA:893,1
DA:895,1
DA:896,1
DA:897,1
DA:908,1
DA:910,1
DA:912,0
DA:913,0
DA:916,1
DA:918,1
DA:919,1
DA:920,1
DA:931,1
DA:935,1
DA:937,0
DA:938,0
DA:940,1
DA:941,1
DA:943,1
DA:945,1
DA:947,1
DA:948,1
DA:950,0
DA:951,0
DA:952,0
DA:953,0
DA:954,0
DA:955,1
DA:956,1
DA:959,0
DA:961,0
DA:962,1
DA:964,1
DA:966,1
DA:968,0
DA:971,1
DA:972,1
DA:973,1
DA:984,1
DA:988,1
DA:990,0
DA:991,0
DA:993,1
DA:994,1
DA:996,1
DA:997,1
DA:999,1
DA:1001,1
DA:1003,0
DA:1006,1
DA:1007,1
DA:1008,1
DA:1019,1
DA:1023,1
DA:1025,0
DA:1026,0
DA:1028,1
DA:1029,1
DA:1031,1
DA:1032,1
DA:1034,1
DA:1036,1
DA:1038,0
DA:1041,1
DA:1042,1
DA:1043,1
DA:1058,0
DA:1059,0
DA:1060,0
DA:1061,0
DA:1062,0
DA:1063,0
DA:1078,1
DA:1082,1
DA:1084,0
DA:1085,0
DA:1088,1
DA:1089,1
DA:1090,1
DA:1092,1
DA:1093,1
DA:1095,0
DA:1096,0
DA:1099,1
DA:1102,1
DA:1103,1
DA:1106,1
DA:1107,1
DA:1110,1
DA:1111,1
DA:1114,0
DA:1117,1
DA:1118,0
DA:1120,1
DA:1123,0
DA:1124,0
DA:1127,0
DA:1128,0
DA:1131,0
DA:1132,0
DA:1135,1
DA:1138,1
DA:1139,1
DA:1172,1
DA:1175,1
DA:1177,0
DA:1178,0
DA:1181,1
DA:1182,1
DA:1184,0
DA:1185,0
DA:1187,1
DA:1189,1
DA:1190,1
DA:1191,1
DA:1192,1
DA:1194,0
DA:1195,0
DA:1197,1
DA:1198,1
DA:1199,1
DA:1201,0
DA:1202,0
DA:1203,0
DA:1204,1
DA:1205,1
DA:1207,1
DA:1209,1
DA:1210,1
DA:1212,0
DA:1213,0
DA:1214,1
DA:1215,1
DA:1216,1
DA:1218,0
DA:1221,1
DA:1223,1
DA:1227,1
DA:1228,1
DA:1229,1
DA:1252,1
DA:1255,1
DA:1257,1
DA:1259,0
DA:1260,0
DA:1263,1
DA:1264,1
DA:1266,0
DA:1267,0
DA:1269,1
DA:1271,1
DA:1272,1
DA:1274,0
DA:1275,0
DA:1278,1
DA:1279,1
DA:1280,0
DA:1281,0
DA:1283,0
DA:1284,0
DA:1286,0
DA:1287,0
DA:1288,1
DA:1290,0
DA:1291,0
DA:1292,0
DA:1293,1
DA:1294,1
DA:1296,1
DA:1298,1
DA:1299,1
DA:1301,0
DA:1302,0
DA:1303,1
DA:1305,0
DA:1307,1
DA:1309,0
DA:1313,1
DA:1314,0
DA:1315,0
DA:1316,1
DA:1319,1
DA:1320,1
DA:1321,1
DA:1339,1
DA:1342,1
DA:1345,1
DA:1347,0
DA:1348,0
DA:1351,1
DA:1353,1
DA:1354,1
DA:1356,0
DA:1357,0
DA:1359,1
DA:1362,0
DA:1363,0
DA:1365,0
DA:1366,0
DA:1369,0
DA:1371,0
DA:1374,1
DA:1375,1
DA:1378,0
DA:1379,0
DA:1381,0
DA:1382,0
DA:1385,0
DA:1386,0
DA:1390,1
DA:1391,1
DA:1393,1
DA:1396,1
DA:1397,1
DA:1398,1
DA:1399,1
DA:1401,1
DA:1403,1
DA:1404,1
DA:1405,1
DA:1420,1
DA:1421,1
DA:1423,1
DA:1425,0
DA:1426,0
DA:1429,1
DA:1430,1
DA:1431,1
DA:1432,1
DA:1433,1
DA:1435,1
DA:1436,1
DA:1438,0
DA:1440,1
DA:1442,1
DA:1443,1
DA:1445,0
DA:1446,0
DA:1451,1
DA:1453,0
DA:1454,0
DA:1456,1
DA:1457,1
DA:1458,0
DA:1461,1
DA:1463,1
DA:1464,1
DA:1465,1
DA:1466,1
DA:1479,1
DA:1482,1
DA:1484,0
DA:1485,0
DA:1488,1
DA:1489,1
DA:1491,0
DA:1492,0
DA:1494,1
DA:1495,1
DA:1497,1
DA:1499,1
DA:1501,1
DA:1502,1
DA:1503,1
DA:1504,1
DA:1505,1
DA:1507,1
DA:1509,1
DA:1510,1
DA:1511,1
DA:1513,1
DA:1514,1
DA:1515,1
DA:1516,1
DA:1522,1
DA:1523,1
DA:1524,1
DA:1525,1
DA:1527,1
DA:1530,1
DA:1531,1
DA:1533,1
DA:1534,1
DA:1551,1
DA:1554,1
DA:1556,0
DA:1557,0
DA:1560,1
DA:1561,1
DA:1563,0
DA:1564,0
DA:1567,1
DA:1568,1
DA:1569,1
DA:1571,1
DA:1573,1
DA:1575,1
DA:1576,1
DA:1577,1
DA:1578,1
DA:1579,1
DA:1581,1
DA:1583,1
DA:1584,1
DA:1585,1
DA:1587,0
DA:1588,0
DA:1589,1
DA:1592,1
DA:1593,1
DA:1594,1
DA:1595,1
DA:1606,1
DA:1609,1
DA:1611,0
DA:1612,0
DA:1615,1
DA:1616,1
DA:1618,0
DA:1619,0
DA:1621,1
DA:1622,1
DA:1624,1
DA:1626,1
DA:1628,1
DA:1629,1
DA:1630,1
DA:1631,1
DA:1632,1
DA:1634,1
DA:1636,1
DA:1637,1
DA:1638,1
DA:1640,1
DA:1641,1
DA:1642,1
DA:1643,1
DA:1657,1
DA:1660,1
DA:1662,0
DA:1663,0
DA:1666,1
DA:1667,1
DA:1668,0
DA:1669,0
DA:1671,1
DA:1672,1
DA:1675,1
DA:1677,0
DA:1679,1
DA:1680,1
DA:1681,1
DA:1682,1
DA:1683,1
DA:1685,1
DA:1687,1
DA:1688,1
DA:1689,1
DA:1691,1
DA:1693,1
DA:1694,1
DA:1696,1
DA:1697,1
DA:1698,1
DA:1724,1
DA:1726,1
DA:1728,1
DA:1730,0
DA:1731,0
DA:1734,1
DA:1735,1
DA:1737,1
DA:1738,0
DA:1739,0
DA:1740,0
DA:1745,1
DA:1746,1
DA:1748,1
DA:1749,1
DA:1750,1
DA:1751,1
DA:1752,1
DA:1754,1
DA:1756,1
DA:1757,0
DA:1759,1
DA:1760,1
DA:1762,1
DA:1763,1
DA:1765,1
DA:1766,1
DA:1768,1
DA:1769,0
DA:1770,0
DA:1772,0
DA:1773,0
DA:1775,0
DA:1776,0
DA:1777,0
DA:1778,0
DA:1780,0
DA:1781,0
DA:1783,0
DA:1787,1
DA:1788,1
DA:1789,1
DA:1790,1
DA:1806,1
DA:1808,1
DA:1810,1
DA:1812,0
DA:1813,0
DA:1816,1
DA:1817,1
DA:1819,1
DA:1820,0
DA:1821,0
DA:1822,0
DA:1827,1
DA:1828,1
DA:1830,1
DA:1831,1
DA:1832,1
DA:1833,1
DA:1834,1
DA:1836,1
DA:1838,1
DA:1839,1
DA:1840,1
DA:1842,1
DA:1843,1
DA:1844,1
DA:1846,1
DA:1847,1
DA:1848,1
DA:1850,1
DA:1851,1
DA:1852,0
DA:1854,0
DA:1855,0
DA:1856,0
DA:1858,0
DA:1860,0
DA:1861,0
DA:1863,0
DA:1865,0
DA:1866,0
DA:1868,0
DA:1870,0
DA:1871,0
DA:1873,0
DA:1874,0
DA:1876,0
DA:1878,1
DA:1879,1
DA:1880,1
DA:1881,1
DA:1900,1
DA:1904,1
DA:1905,1
DA:1906,0
DA:1907,0
DA:1909,0
DA:1910,0
DA:1913,1
DA:1914,1
DA:1916,0
DA:1917,0
DA:1920,1
DA:1922,1
DA:1924,1
DA:1926,1
DA:1927,1
DA:1933,1
DA:1934,1
DA:1935,1
DA:1948,1
DA:1949,1
DA:1953,1
DA:1955,0
DA:1956,0
DA:1959,1
DA:1960,1
DA:1962,1
DA:1963,0
DA:1964,0
DA:1965,0
DA:1970,1
DA:1972,1
DA:1974,1
DA:1976,1
DA:1977,1
DA:1979,1
DA:1981,1
DA:1982,1
DA:1984,1
DA:1986,0
DA:1987,1
DA:1989,0
DA:1990,0
DA:1991,1
DA:1993,1
DA:1995,1
DA:1997,1
DA:1998,1
DA:1999,1
DA:2000,1
DA:2013,0
DA:2015,0
DA:2018,0
DA:2020,0
DA:2021,0
DA:2024,0
DA:2025,0
DA:2027,0
DA:2028,0
DA:2029,0
DA:2030,0
DA:2035,0
DA:2037,0
DA:2039,0
DA:2040,0
DA:2041,0
DA:2042,0
DA:2043,0
DA:2045,0
DA:2047,0
DA:2048,0
DA:2050,0
DA:2052,0
DA:2053,0
DA:2054,0
DA:2056,0
DA:2057,0
DA:2059,0
DA:2060,0
DA:2061,0
DA:2063,0
DA:2065,0
DA:2066,0
DA:2068,0
DA:2069,0
DA:2070,0
DA:2072,0
DA:2074,0
DA:2075,0
DA:2077,0
DA:2078,0
DA:2079,0
DA:2089,1
DA:2090,1
DA:2091,1
DA:2092,1
DA:2095,1
DA:2096,1
DA:2097,1
DA:2109,0
DA:2113,0
DA:2114,0
DA:2115,0
DA:2116,0
DA:2119,0
DA:2120,0
DA:2121,0
DA:2123,0
DA:2124,0
DA:2125,0
DA:2137,0
DA:2141,0
DA:2143,0
DA:2146,0
DA:2147,0
DA:2149,0
DA:2150,0
DA:2153,0
DA:2154,0
DA:2155,0
DA:2157,0
DA:2158,0
DA:2159,0
DA:2171,0
DA:2175,0
DA:2176,0
DA:2177,0
DA:2178,0
DA:2181,0
DA:2182,0
DA:2183,0
DA:2185,0
DA:2186,0
DA:2187,0
DA:2200,0
DA:2204,0
DA:2206,0
DA:2209,0
DA:2210,0
DA:2212,0
DA:2213,0
DA:2216,0
DA:2217,0
DA:2218,0
DA:2220,0
DA:2221,0
DA:2222,0
DA:2242,1
DA:2243,1
DA:2246,1
DA:2247,0
DA:2248,0
DA:2250,0
DA:2251,0
DA:2252,0
DA:2256,0
DA:2257,0
DA:2258,0
DA:2259,0
DA:2260,0
DA:2263,1
DA:2264,1
DA:2265,1
DA:2266,1
DA:2268,1
DA:2269,1
DA:2270,1
DA:2273,1
DA:2274,1
DA:2275,0
DA:2277,1
DA:2278,1
DA:2293,1
DA:2295,1
DA:2296,1
DA:2298,0
DA:2299,0
DA:2302,1
DA:2303,1
DA:2304,1
DA:2305,1
DA:2306,1
DA:2307,1
DA:2308,1
DA:2309,0
DA:2310,0
DA:2311,0
DA:2313,1
DA:2315,1
DA:2316,1
DA:2318,1
DA:2319,1
DA:2323,0
DA:2324,0
DA:2325,0
DA:2326,0
DA:2328,0
DA:2329,0
DA:2330,0
DA:2333,0
DA:2336,1
DA:2337,1
DA:2338,1
DA:2339,1
DA:2358,0
DA:2360,0
DA:2361,0
DA:2363,0
DA:2364,0
DA:2367,0
DA:2368,0
DA:2369,0
DA:2370,0
DA:2371,0
DA:2372,0
DA:2373,0
DA:2374,0
DA:2375,0
DA:2376,0
DA:2378,0
DA:2380,0
DA:2381,0
DA:2383,0
DA:2384,0
DA:2388,0
DA:2389,0
DA:2390,0
DA:2391,0
DA:2393,0
DA:2394,0
DA:2395,0
DA:2398,0
DA:2401,0
DA:2402,0
DA:2403,0
DA:2404,0
DA:2430,1
DA:2437,1
DA:2439,0
DA:2440,0
DA:2443,1
DA:2444,1
DA:2446,0
DA:2447,0
DA:2450,1
DA:2451,1
DA:2453,0
DA:2454,0
DA:2457,1
DA:2459,1
DA:2460,1
DA:2461,1
DA:2463,0
DA:2464,0
DA:2467,1
DA:2468,1
DA:2469,0
DA:2470,0
DA:2471,0
DA:2473,0
DA:2474,0
DA:2476,0
DA:2480,1
DA:2482,1
DA:2484,1
DA:2485,1
DA:2487,1
DA:2488,1
DA:2489,1
DA:2491,1
DA:2494,1
DA:2495,1
DA:2497,1
DA:2498,1
DA:2501,1
DA:2503,1
DA:2504,1
DA:2506,1
DA:2510,1
DA:2511,1
DA:2528,1
DA:2531,1
DA:2533,0
DA:2534,0
DA:2537,1
DA:2538,1
DA:2540,1
DA:2541,1
DA:2544,1
DA:2547,1
DA:2548,1
DA:2549,1
DA:2550,1
DA:2554,0
DA:2555,0
DA:2557,0
DA:2558,0
DA:2559,0
DA:2560,0
DA:2565,0
DA:2566,0
DA:2568,0
DA:2569,0
DA:2570,0
DA:2571,0
DA:2573,0
DA:2574,0
DA:2576,0
DA:2578,0
DA:2580,0
DA:2582,0
DA:2583,0
DA:2585,0
DA:2586,0
DA:2587,0
DA:2588,0
DA:2590,0
DA:2591,0
DA:2592,0
DA:2594,0
DA:2595,0
DA:2597,0
DA:2598,0
DA:2599,0
DA:2600,0
DA:2604,1
DA:2605,1
DA:2622,0
DA:2625,0
DA:2627,0
DA:2628,0
DA:2631,0
DA:2632,0
DA:2634,0
DA:2635,0
DA:2638,0
DA:2641,0
DA:2642,0
DA:2643,0
DA:2644,0
DA:2648,0
DA:2649,0
DA:2651,0
DA:2652,0
DA:2653,0
DA:2654,0
DA:2659,0
DA:2660,0
DA:2662,0
DA:2663,0
DA:2664,0
DA:2665,0
DA:2667,0
DA:2668,0
DA:2669,0
DA:2671,0
DA:2672,0
DA:2674,0
DA:2675,0
DA:2676,0
DA:2677,0
DA:2681,0
DA:2682,0
DA:2699,0
DA:2702,0
DA:2704,0
DA:2705,0
DA:2708,0
DA:2709,0
DA:2711,0
DA:2712,0
DA:2715,0
DA:2718,0
DA:2719,0
DA:2720,0
DA:2721,0
DA:2725,0
DA:2726,0
DA:2728,0
DA:2729,0
DA:2730,0
DA:2731,0
DA:2736,0
DA:2737,0
DA:2739,0
DA:2740,0
DA:2741,0
DA:2742,0
DA:2744,0
DA:2745,0
DA:2747,0
DA:2749,0
DA:2750,0
DA:2752,0
DA:2753,0
DA:2754,0
DA:2758,0
DA:2759,0
DA:2770,1
DA:2773,1
DA:2775,0
DA:2776,0
DA:2779,1
DA:2780,1
DA:2782,0
DA:2783,0
DA:2786,1
DA:2788,1
DA:2790,1
DA:2792,1
DA:2794,0
DA:2795,0
DA:2796,0
DA:2797,0
DA:2798,0
DA:2800,0
DA:2801,0
DA:2802,1
DA:2803,1
DA:2804,1
DA:2807,1
DA:2809,1
DA:2811,1
DA:2812,1
DA:2813,1
DA:2824,1
DA:2827,1
DA:2829,0
DA:2830,0
DA:2833,1
DA:2834,1
DA:2836,0
DA:2837,0
DA:2840,1
DA:2842,1
DA:2844,1
DA:2846,1
DA:2848,0
DA:2849,0
DA:2850,0
DA:2851,0
DA:2852,0
DA:2854,0
DA:2855,0
DA:2856,1
DA:2857,1
DA:2858,1
DA:2861,1
DA:2863,1
DA:2865,1
DA:2866,1
DA:2867,1
DA:2879,0
DA:2882,0
DA:2884,0
DA:2885,0
DA:2888,0
DA:2889,0
DA:2891,0
DA:2892,0
DA:2895,0
DA:2896,0
DA:2897,0
DA:2898,0
DA:2901,0
DA:2902,0
DA:2903,0
DA:2905,0
DA:2907,0
DA:2908,0
DA:2919,0
DA:2922,0
DA:2924,0
DA:2925,0
DA:2928,0
DA:2929,0
DA:2931,0
DA:2932,0
DA:2935,0
DA:2936,0
DA:2937,0
DA:2938,0
DA:2941,0
DA:2942,0
DA:2943,0
DA:2945,0
DA:2947,0
DA:2948,0
DA:2959,0
DA:2962,0
DA:2964,0
DA:2965,0
DA:2968,0
DA:2969,0
DA:2971,0
DA:2972,0
DA:2975,0
DA:2977,0
DA:2978,0
DA:2979,0
DA:2990,0
DA:2992,0
DA:2994,0
DA:2995,0
DA:2998,0
DA:3000,0
DA:3001,0
DA:3002,0
DA:3009,0
DA:3011,0
DA:3012,0
DA:3013,0
DA:3024,0
DA:3027,0
DA:3029,0
DA:3030,0
DA:3033,0
DA:3034,0
DA:3036,0
DA:3037,0
DA:3040,0
DA:3041,0
DA:3042,0
DA:3052,0
DA:3053,0
DA:3054,0
DA:3055,0
DA:3056,0
DA:3059,0
DA:3061,0
DA:3064,0
DA:3065,0
DA:3067,0
DA:3068,0
DA:3069,0
DA:3070,0
DA:3071,0
DA:3073,0
DA:3075,0
DA:3076,0
DA:3078,0
DA:3079,0
DA:3081,0
DA:3082,0
DA:3083,0
DA:3084,0
DA:3086,0
DA:3087,0
DA:3089,0
DA:3090,0
DA:3092,0
DA:3093,0
DA:3109,0
DA:3110,0
DA:3115,0
DA:3117,0
DA:3118,0
DA:3121,0
DA:3122,0
DA:3123,0
DA:3124,0
DA:3125,0
DA:3127,0
DA:3128,0
DA:3130,0
DA:3131,0
DA:3134,0
DA:3135,0
DA:3137,0
DA:3138,0
DA:3139,0
DA:3140,0
DA:3142,0
DA:3143,0
DA:3145,0
DA:3146,0
DA:3162,0
DA:3163,0
DA:3168,0
DA:3170,0
DA:3171,0
DA:3174,0
DA:3175,0
DA:3176,0
DA:3177,0
DA:3178,0
DA:3180,0
DA:3181,0
DA:3183,0
DA:3184,0
DA:3187,0
DA:3188,0
DA:3190,0
DA:3191,0
DA:3192,0
DA:3193,0
DA:3195,0
DA:3196,0
DA:3198,0
DA:3199,0
DA:3216,1
DA:3217,1
DA:3222,1
DA:3224,0
DA:3225,0
DA:3228,1
DA:3229,1
DA:3230,1
DA:3231,1
DA:3233,1
DA:3234,0
DA:3235,0
DA:3236,0
DA:3238,0
DA:3240,0
DA:3241,0
DA:3242,0
DA:3243,0
DA:3246,1
DA:3248,1
DA:3249,1
DA:3251,0
DA:3252,0
DA:3255,1
DA:3256,1
DA:3257,0
DA:3259,1
DA:3260,1
DA:3277,0
DA:3278,0
DA:3283,0
DA:3285,0
DA:3286,0
DA:3289,0
DA:3290,0
DA:3291,0
DA:3292,0
DA:3294,0
DA:3295,0
DA:3296,0
DA:3297,0
DA:3299,0
DA:3301,0
DA:3302,0
DA:3303,0
DA:3304,0
DA:3307,0
DA:3309,0
DA:3310,0
DA:3312,0
DA:3313,0
DA:3316,0
DA:3317,0
DA:3318,0
DA:3320,0
DA:3321,0
DA:3338,0
DA:3340,0
DA:3344,0
DA:3346,0
DA:3347,0
DA:3350,0
DA:3351,0
DA:3353,0
DA:3354,0
DA:3356,0
DA:3357,0
DA:3359,0
DA:3361,0
DA:3362,0
DA:3363,0
DA:3364,0
DA:3366,0
DA:3367,0
DA:3368,0
DA:3369,0
DA:3370,0
DA:3371,0
DA:3373,0
DA:3374,0
DA:3376,0
DA:3377,0
DA:3378,0
DA:3379,0
DA:3380,0
DA:3384,0
DA:3387,0
DA:3388,0
DA:3390,0
DA:3391,0
DA:3393,0
DA:3394,0
DA:3396,0
DA:3397,0
DA:3399,0
DA:3400,0
DA:3401,0
DA:3403,0
DA:3404,0
DA:3421,0
DA:3423,0
DA:3427,0
DA:3429,0
DA:3430,0
DA:3433,0
DA:3434,0
DA:3436,0
DA:3437,0
DA:3439,0
DA:3440,0
DA:3442,0
DA:3444,0
DA:3445,0
DA:3446,0
DA:3447,0
DA:3449,0
DA:3450,0
DA:3451,0
DA:3452,0
DA:3453,0
DA:3454,0
DA:3456,0
DA:3457,0
DA:3459,0
DA:3460,0
DA:3461,0
DA:3462,0
DA:3463,0
DA:3467,0
DA:3470,0
DA:3471,0
DA:3473,0
DA:3474,0
DA:3476,0
DA:3477,0
DA:3479,0
DA:3480,0
DA:3482,0
DA:3483,0
DA:3484,0
DA:3486,0
DA:3487,0
DA:3503,0
DA:3506,0
DA:3508,0
DA:3509,0
DA:3512,0
DA:3513,0
DA:3514,0
DA:3517,0
DA:3519,0
DA:3522,0
DA:3523,0
DA:3525,0
DA:3528,0
DA:3529,0
DA:3531,0
DA:3532,0
DA:3535,0
DA:3536,0
DA:3537,0
DA:3539,0
DA:3540,0
DA:3551,0
DA:3554,0
DA:3556,0
DA:3557,0
DA:3560,0
DA:3561,0
DA:3563,0
DA:3564,0
DA:3567,0
DA:3569,0
DA:3571,0
DA:3574,0
DA:3575,0
DA:3576,0
DA:3577,0
DA:3578,0
DA:3579,0
DA:3592,0
DA:3595,0
DA:3597,0
DA:3598,0
DA:3601,0
DA:3602,0
DA:3604,0
DA:3605,0
DA:3608,0
DA:3611,0
DA:3612,0
DA:3613,0
DA:3614,0
DA:3615,0
DA:3617,0
DA:3619,0
DA:3621,0
DA:3623,0
DA:3624,0
DA:3625,0
DA:3628,0
DA:3629,0
DA:3630,0
DA:3632,0
DA:3633,0
DA:3635,0
DA:3636,0
DA:3637,0
DA:3638,0
DA:3639,0
DA:3640,0
DA:3642,0
DA:3643,0
DA:3644,0
DA:3646,0
DA:3647,0
DA:3648,0
DA:3663,0
DA:3667,0
DA:3669,0
DA:3670,0
DA:3673,0
DA:3674,0
DA:3676,0
DA:3677,0
DA:3680,0
DA:3681,0
DA:3683,0
DA:3684,0
DA:3688,0
DA:3689,0
DA:3692,0
DA:3693,0
DA:3695,0
DA:3697,0
DA:3698,0
DA:3699,0
DA:3700,0
DA:3713,0
DA:3715,0
DA:3717,0
DA:3719,0
DA:3720,0
DA:3723,0
DA:3724,0
DA:3726,0
DA:3727,0
DA:3729,0
DA:3730,0
DA:3732,0
DA:3735,0
DA:3737,0
DA:3738,0
DA:3739,0
DA:3740,0
DA:3742,0
DA:3744,0
DA:3746,0
DA:3749,0
DA:3750,0
DA:3751,0
DA:3752,0
DA:3754,0
DA:3756,0
DA:3757,0
DA:3758,0
DA:3759,0
DA:3761,0
DA:3763,0
DA:3764,0
DA:3765,0
DA:3859,0
DA:3863,0
DA:3864,0
DA:3866,0
DA:3867,0
DA:3868,0
DA:3869,0
DA:3870,0
DA:3917,0
DA:3918,0
DA:3920,0
DA:3938,0
DA:3942,0
DA:3943,0
DA:3944,0
DA:3945,0
DA:3946,0
DA:3948,0
DA:3949,0
DA:3951,0
DA:3954,0
DA:3956,0
DA:3959,0
DA:3961,0
DA:3963,0
DA:3964,0
DA:3965,0
DA:3966,0
DA:3967,0
DA:3968,0
DA:3969,0
DA:3971,0
DA:3972,0
DA:3974,0
DA:3975,0
DA:3976,0
DA:3977,0
DA:3978,0
DA:3983,0
DA:3985,0
DA:3986,0
DA:3987,0
DA:3988,0
DA:3989,0
DA:3990,0
DA:3992,0
DA:3993,0
DA:3994,0
DA:3995,0
DA:3998,0
DA:3999,0
DA:4000,0
DA:4001,0
DA:4002,0
DA:4004,0
DA:4005,0
DA:4006,0
DA:4007,0
DA:4009,0
DA:4010,0
DA:4013,0
DA:4014,0
DA:4015,0
DA:4016,0
DA:4017,0
DA:4018,0
DA:4019,0
DA:4020,0
DA:4022,0
DA:4024,0
DA:4027,0
DA:4028,0
DA:4029,0
DA:4030,0
DA:4031,0
DA:4032,0
DA:4033,0
DA:4034,0
DA:4035,0
DA:4037,0
DA:4038,0
DA:4039,0
DA:4040,0
DA:4056,0
DA:4059,0
DA:4060,0
DA:4061,0
DA:4066,0
DA:4067,0
DA:4068,0
DA:4069,0
DA:4070,0
DA:4073,0
DA:4074,0
DA:4075,0
DA:4078,0
DA:4079,0
DA:4080,0
DA:4081,0
DA:4082,0
DA:4084,0
DA:4085,0
DA:4086,0
DA:4088,0
DA:4089,0
DA:4091,0
DA:4093,0
DA:4094,0
DA:4095,0
DA:4097,0
DA:4099,0
DA:4100,0
DA:4101,0
DA:4102,0
DA:4103,0
DA:4106,0
DA:4107,0
DA:4112,0
DA:4118,0
DA:4119,0
DA:4120,0
DA:4122,0
DA:4124,0
DA:4126,0
DA:4127,0
DA:4128,0
DA:4129,0
DA:4130,0
DA:4131,0
DA:4132,0
DA:4134,0
DA:4136,0
DA:4139,0
DA:4141,0
DA:4142,0
DA:4144,0
DA:4148,0
DA:4149,0
DA:4151,0
DA:4152,0
DA:4153,0
DA:4155,0
DA:4156,0
DA:4157,0
DA:4158,0
DA:4159,0
DA:4160,0
DA:4162,0
DA:4163,0
DA:4164,0
DA:4167,0
DA:4168,0
DA:4180,0
DA:4181,0
DA:4182,0
DA:4183,0
DA:4184,0
DA:4186,0
DA:4187,0
DA:4188,0
DA:4189,0
DA:4190,0
DA:4191,0
DA:4192,0
DA:4193,0
DA:4194,0
DA:4196,0
DA:4197,0
DA:4203,0
DA:4205,0
DA:4207,0
DA:4208,0
DA:4209,0
DA:4210,0
DA:4211,0
DA:4212,0
DA:4213,0
DA:4214,0
DA:4215,0
DA:4216,0
DA:4219,0
DA:4224,0
DA:4225,0
DA:4226,0
DA:4227,0
DA:4229,0
DA:4230,0
DA:4231,0
DA:4232,0
DA:4233,0
DA:4234,0
DA:4235,0
DA:4237,0
DA:4238,0
DA:4244,0
DA:4245,0
DA:4246,0
DA:4247,0
DA:4248,0
DA:4249,0
DA:4250,0
DA:4251,0
DA:4252,0
DA:4253,0
DA:4254,0
DA:4255,0
DA:4256,0
DA:4257,0
DA:4258,0
DA:4260,0
DA:4261,0
DA:4262,0
DA:4263,0
DA:4264,0
DA:4265,0
DA:4266,0
DA:4267,0
DA:4268,0
DA:4269,0
DA:4270,0
DA:4272,0
DA:4273,0
DA:4274,0
DA:4275,0
DA:4276,0
DA:4277,0
DA:4278,0
DA:4279,0
DA:4281,0
DA:4282,0
DA:4288,0
DA:4289,0
DA:4292,0
DA:4294,0
DA:4295,0
DA:4296,0
DA:4297,0
DA:4298,0
DA:4299,0
DA:4300,0
DA:4306,0
DA:4310,0
DA:4311,0
DA:4319,0
DA:4321,0
DA:4322,0
DA:4323,0
DA:4324,0
DA:4325,0
DA:4326,0
DA:4328,0
DA:4329,0
DA:4330,0
DA:4331,0
DA:4332,0
DA:4333,0
DA:4338,0
DA:4339,0
DA:4340,0
DA:4341,0
DA:4344,0
DA:4346,0
DA:4347,0
DA:4348,0
DA:4349,0
DA:4350,0
DA:4351,0
DA:4353,0
DA:4354,0
DA:4355,0
DA:4356,0
DA:4357,0
DA:4358,0
DA:4363,0
DA:4364,0
DA:4365,0
DA:4370,0
DA:4372,0
DA:4373,0
DA:4374,0
DA:4375,0
DA:4386,0
DA:4389,0
DA:4391,0
DA:4392,0
DA:4395,0
DA:4396,0
DA:4398,0
DA:4399,0
DA:4402,0
DA:4403,0
DA:4404,0
DA:4409,0
DA:4410,0
DA:4412,0
DA:4414,0
DA:4415,0
DA:4416,0
DA:4427,0
DA:4428,0
DA:4431,0
DA:4433,0
DA:4434,0
DA:4437,0
DA:4438,0
DA:4440,0
DA:4441,0
DA:4444,0
DA:4446,0
DA:4447,0
DA:4448,0
DA:4459,0
DA:4460,0
DA:4465,0
DA:4467,0
DA:4468,0
DA:4471,0
DA:4472,0
DA:4474,0
DA:4475,0
DA:4478,0
DA:4480,0
DA:4482,0
DA:4484,0
DA:4486,0
DA:4487,0
DA:4488,0
DA:4499,0
DA:4504,0
DA:4506,0
DA:4507,0
DA:4510,0
DA:4511,0
DA:4513,0
DA:4514,0
DA:4517,0
DA:4519,0
DA:4521,0
DA:4523,0
DA:4524,0
DA:4525,0
DA:4541,0
DA:4546,0
DA:4548,0
DA:4550,0
DA:4551,0
DA:4554,0
DA:4555,0
DA:4557,0
DA:4558,0
DA:4561,0
DA:4562,0
DA:4563,0
DA:4564,0
DA:4565,0
DA:4567,0
DA:4568,0
DA:4569,0
DA:4570,0
DA:4572,0
DA:4573,0
DA:4574,0
DA:4575,0
DA:4577,0
DA:4579,0
DA:4580,0
DA:4581,0
DA:4596,0
DA:4598,0
DA:4601,0
DA:4603,0
DA:4604,0
DA:4607,0
DA:4608,0
DA:4610,0
DA:4611,0
DA:4613,0
DA:4614,0
DA:4617,0
DA:4618,0
DA:4620,0
DA:4621,0
DA:4623,0
DA:4625,0
DA:4626,0
DA:4640,0
DA:4642,0
DA:4645,0
DA:4647,0
DA:4648,0
DA:4651,0
DA:4652,0
DA:4654,0
DA:4655,0
DA:4657,0
DA:4658,0
DA:4661,0
DA:4662,0
DA:4664,0
DA:4665,0
DA:4667,0
DA:4669,0
DA:4670,0
DA:4681,0
DA:4685,0
DA:4687,0
DA:4688,0
DA:4691,0
DA:4692,0
DA:4694,0
DA:4695,0
DA:4698,0
DA:4700,0
DA:4701,0
DA:4702,0
DA:4716,0
DA:4717,0
DA:4718,0
DA:4723,0
DA:4725,0
DA:4727,0
DA:4728,0
DA:4730,0
DA:4731,0
DA:4733,0
DA:4734,0
DA:4736,0
DA:4737,0
DA:4739,0
DA:4742,0
DA:4743,0
DA:4744,0
DA:4745,0
DA:4748,0
DA:4749,0
DA:4750,0
DA:4752,0
DA:4753,0
DA:4754,0
DA:4756,0
DA:4761,0
DA:4762,0
DA:4763,0
DA:4764,0
DA:4765,0
DA:4766,0
DA:4773,0
DA:4774,0
DA:4778,0
DA:4780,0
DA:4781,0
DA:4782,0
DA:4784,0
DA:4785,0
DA:4786,0
DA:4787,0
DA:4788,0
DA:4805,0
DA:4808,0
DA:4809,0
DA:4810,0
DA:4812,0
DA:4814,0
DA:4815,0
DA:4818,0
DA:4819,0
DA:4821,0
DA:4823,0
DA:4824,0
DA:4825,0
DA:4828,0
DA:4829,0
DA:4831,0
DA:4832,0
DA:4833,0
DA:4836,0
DA:4837,0
DA:4839,0
DA:4840,0
DA:4841,0
DA:4848,0
DA:4849,0
DA:4850,0
DA:4851,0
DA:4852,0
DA:4855,0
DA:4857,0
DA:4858,0
DA:4859,0
DA:4866,0
DA:4867,0
DA:4872,0
DA:4874,0
DA:4875,0
DA:4876,0
DA:4877,0
DA:4879,0
DA:4881,0
DA:4882,0
DA:4884,0
DA:4885,0
DA:4886,0
DA:4887,0
DA:4888,0
DA:4889,0
DA:4891,0
DA:4892,0
DA:4894,0
DA:4895,0
DA:4896,0
DA:4899,0
DA:4900,0
DA:4901,0
DA:4902,0
DA:4909,0
DA:4910,0
DA:4911,0
DA:4913,0
DA:4915,0
DA:4916,0
DA:4918,0
DA:4919,0
DA:4920,0
DA:4922,0
DA:4923,0
DA:4924,0
DA:4925,0
DA:4926,0
DA:4927,0
DA:4929,0
DA:4930,0
DA:4932,0
DA:4933,0
DA:4938,0
DA:4939,0
DA:4940,0
DA:4942,0
DA:4943,0
DA:4944,0
DA:4946,0
DA:4950,0
DA:4951,0
DA:4958,0
DA:4959,0
DA:4963,0
DA:4964,0
DA:4966,0
DA:4969,0
DA:4972,0
DA:4974,0
DA:4976,0
DA:4978,0
DA:4979,0
DA:4980,0
DA:4981,0
DA:4983,0
DA:4986,0
DA:4987,0
DA:4988,0
DA:4989,0
DA:4991,0
DA:4993,0
DA:4995,0
DA:4997,0
DA:4998,0
DA:4999,0
DA:5000,0
DA:5001,0
DA:5004,0
DA:5005,0
DA:5007,0
DA:5010,0
DA:5012,0
DA:5013,0
DA:5014,0
DA:5027,0
DA:5028,0
DA:5030,0
DA:5032,0
DA:5034,0
DA:5035,0
DA:5038,0
DA:5039,0
DA:5041,0
DA:5044,0
DA:5045,0
DA:5046,0
DA:5057,0
DA:5061,0
DA:5063,0
DA:5064,0
DA:5067,0
DA:5068,0
DA:5070,0
DA:5071,0
DA:5074,0
DA:5076,0
DA:5078,0
DA:5080,0
DA:5081,0
DA:5082,0
DA:5083,0
DA:5100,0
DA:5105,0
DA:5107,0
DA:5108,0
DA:5111,0
DA:5112,0
DA:5114,0
DA:5115,0
DA:5117,0
DA:5118,0
DA:5120,0
DA:5121,0
DA:5123,0
DA:5124,0
DA:5126,0
DA:5127,0
DA:5131,0
DA:5133,0
DA:5134,0
DA:5136,0
DA:5137,0
DA:5140,0
DA:5144,0
DA:5146,0
DA:5148,0
DA:5149,0
DA:5150,0
DA:5153,0
DA:5155,0
DA:5157,0
DA:5159,0
DA:5160,0
DA:5166,0
DA:5167,0
DA:5168,0
DA:5174,0
DA:5175,0
DA:5178,0
DA:5179,0
DA:5180,0
DA:5181,0
DA:5183,0
DA:5185,0
DA:5187,0
DA:5188,0
DA:5189,0
DA:5190,0
DA:5192,0
DA:5194,0
DA:5195,0
DA:5202,0
DA:5203,0
DA:5204,0
DA:5207,0
DA:5208,0
DA:5211,0
DA:5213,0
DA:5214,0
DA:5216,0
DA:5218,0
DA:5219,0
DA:5221,0
DA:5224,0
DA:5225,0
DA:5227,0
DA:5228,0
DA:5234,0
DA:5235,0
DA:5236,0
DA:5239,0
DA:5240,0
DA:5243,0
DA:5245,0
DA:5246,0
DA:5247,0
DA:5249,0
DA:5250,0
DA:5252,0
DA:5255,0
DA:5256,0
DA:5258,0
DA:5259,0
DA:5287,0
DA:5291,0
DA:5293,0
DA:5295,0
DA:5296,0
DA:5299,0
DA:5301,0
DA:5302,0
DA:5304,0
DA:5305,0
DA:5307,0
DA:5310,0
DA:5311,0
DA:5312,0
DA:5313,0
DA:5314,0
DA:5315,0
DA:5316,0
DA:5318,0
DA:5319,0
DA:5321,0
DA:5322,0
DA:5324,0
DA:5325,0
DA:5326,0
DA:5328,0
DA:5329,0
DA:5332,0
DA:5335,0
DA:5336,0
DA:5337,0
DA:5342,0
DA:5344,0
DA:5345,0
DA:5347,0
DA:5350,0
DA:5351,0
DA:5352,0
DA:5378,0
DA:5382,0
DA:5384,0
DA:5386,0
DA:5387,0
DA:5390,0
DA:5392,0
DA:5393,0
DA:5395,0
DA:5396,0
DA:5398,0
DA:5400,0
DA:5401,0
DA:5403,0
DA:5406,0
DA:5407,0
DA:5408,0
DA:5409,0
DA:5410,0
DA:5411,0
DA:5412,0
DA:5414,0
DA:5415,0
DA:5417,0
DA:5418,0
DA:5420,0
DA:5421,0
DA:5422,0
DA:5424,0
DA:5425,0
DA:5428,0
DA:5431,0
DA:5432,0
DA:5433,0
DA:5438,0
DA:5440,0
DA:5441,0
DA:5443,0
DA:5446,0
DA:5447,0
DA:5448,0
DA:5461,0
DA:5466,0
DA:5468,0
DA:5469,0
DA:5472,0
DA:5473,0
DA:5474,0
DA:5476,0
DA:5477,0
DA:5480,0
DA:5481,0
DA:5483,0
DA:5484,0
DA:5485,0
DA:5486,0
DA:5487,0
DA:5488,0
DA:5491,0
DA:5492,0
DA:5494,0
DA:5495,0
DA:5497,0
DA:5499,0
DA:5500,0
DA:5514,0
DA:5528,0
DA:5530,0
DA:5531,0
DA:5533,0
DA:5534,0
DA:5535,0
DA:5536,0
DA:5537,0
DA:5538,0
DA:5539,0
DA:5540,0
DA:5541,0
DA:5542,0
DA:5543,0
DA:5545,0
DA:5546,0
DA:5548,0
DA:5549,0
DA:5550,0
DA:5551,0
DA:5552,0
DA:5553,0
DA:5554,0
DA:5556,0
DA:5557,0
DA:5572,0
DA:5575,0
DA:5577,0
DA:5578,0
DA:5581,0
DA:5582,0
DA:5584,0
DA:5585,0
DA:5588,0
DA:5589,0
DA:5590,0
DA:5591,0
DA:5592,0
DA:5593,0
DA:5594,0
DA:5596,0
DA:5597,0
DA:5600,0
DA:5603,0
DA:5604,0
DA:5611,0
DA:5614,0
DA:5616,0
DA:5618,0
DA:5619,0
DA:5620,0
DA:5623,0
DA:5625,0
DA:5626,0
DA:5628,0
DA:5630,0
DA:5631,0
DA:5632,0
DA:5639,0
DA:5641,0
DA:5642,0
DA:5643,0
DA:5644,0
DA:5646,0
DA:5648,0
DA:5649,0
DA:5650,0
DA:5656,0
DA:5657,0
DA:5660,0
DA:5661,0
DA:5662,0
DA:5663,0
DA:5665,0
DA:5667,0
DA:5669,0
DA:5670,0
DA:5672,0
DA:5673,0
DA:5674,0
DA:5675,0
DA:5676,0
DA:5678,0
DA:5680,0
DA:5681,0
DA:5683,0
DA:5685,0
DA:5686,0
DA:5717,0
DA:5723,0
DA:5725,0
DA:5726,0
DA:5728,0
DA:5729,0
DA:5731,0
DA:5732,0
DA:5733,0
DA:5735,0
DA:5737,0
DA:5739,0
DA:5740,0
DA:5741,0
DA:5742,0
DA:5743,0
DA:5746,0
DA:5747,0
DA:5749,0
DA:5750,0
DA:5751,0
DA:5752,0
DA:5753,0
DA:5755,0
DA:5757,0
DA:5762,0
DA:5763,0
DA:5765,0
DA:5766,0
DA:5769,0
DA:5770,0
DA:5773,0
DA:5774,0
DA:5778,0
DA:5779,0
DA:5781,0
DA:5782,0
DA:5783,0
DA:5785,0
DA:5788,0
DA:5789,0
DA:5790,0
DA:5791,0
DA:5792,0
DA:5793,0
DA:5796,0
DA:5797,0
DA:5798,0
DA:5800,0
DA:5801,0
DA:5802,0
DA:5806,0
DA:5807,0
DA:5828,0
DA:5831,0
DA:5833,0
DA:5834,0
DA:5837,0
DA:5839,0
DA:5840,0
DA:5841,0
DA:5843,0
DA:5845,0
DA:5846,0
DA:5848,0
DA:5849,0
DA:5850,0
DA:5851,0
DA:5853,0
DA:5854,0
DA:5856,0
DA:5857,0
DA:5859,0
DA:5861,0
DA:5862,0
DA:5863,0
DA:5867,0
DA:5868,0
DA:5869,0
DA:5872,0
DA:5873,0
DA:5874,0
DA:5876,0
DA:5877,0
DA:5879,0
DA:5880,0
DA:5881,0
DA:5882,0
DA:5883,0
DA:5884,0
DA:5885,0
DA:5887,0
DA:5888,0
DA:5890,0
DA:5891,0
DA:5894,0
DA:5896,0
DA:5898,0
DA:5899,0
DA:5901,0
DA:5902,0
DA:5904,0
DA:5905,0
DA:5906,0
DA:5907,0
DA:5908,0
DA:5909,0
DA:5911,0
DA:5912,0
DA:5914,0
DA:5915,0
DA:5917,0
DA:5918,0
DA:5957,1
DA:5958,1
DA:5960,1
DA:5961,1
DA:5963,1
DA:5964,1
DA:5965,1
DA:5966,1
DA:5972,1
DA:5973,1
DA:5975,0
DA:5978,1
DA:5979,1
DA:5980,1
DA:5981,1
DA:5983,1
DA:5984,1
DA:5992,0
DA:5993,0
DA:6000,0
DA:6001,0
DA:6003,0
DA:6006,0
DA:6007,0
DA:6009,0
DA:6012,0
DA:6013,0
DA:6015,0
DA:6018,0
DA:6020,0
DA:6022,0
DA:6023,0
DA:6030,0
DA:6031,0
DA:6036,0
DA:6037,0
DA:6038,0
DA:6041,0
DA:6044,0
DA:6046,0
DA:6047,0
DA:6049,0
DA:6051,0
DA:6054,0
DA:6056,0
DA:6057,0
DA:6058,0
DA:6086,1
DA:6097,1
DA:6099,0
DA:6100,0
DA:6103,1
DA:6104,1
DA:6105,1
DA:6106,1
DA:6107,1
DA:6108,1
DA:6109,1
DA:6111,1
DA:6112,1
DA:6114,0
DA:6115,0
DA:6118,1
DA:6120,1
DA:6122,0
DA:6123,0
DA:6125,1
DA:6126,1
DA:6128,0
DA:6129,0
DA:6131,1
DA:6133,1
DA:6136,1
DA:6138,0
DA:6139,0
DA:6140,0
DA:6142,1
DA:6143,1
DA:6144,1
DA:6146,1
DA:6149,1
DA:6150,1
DA:6151,1
DA:6152,1
DA:6154,1
DA:6156,1
DA:6157,1
DA:6159,0
DA:6162,1
DA:6164,1
DA:6166,0
DA:6169,1
DA:6170,1
DA:6171,1
DA:6172,0
DA:6176,0
DA:6179,1
DA:6181,0
DA:6183,1
DA:6185,1
DA:6186,1
DA:6189,1
DA:6191,1
DA:6193,1
DA:6196,1
DA:6198,1
DA:6199,1
DA:6200,1
DA:6202,1
DA:6203,1
DA:6204,1
DA:6205,1
DA:6206,1
DA:6207,1
DA:6227,0
DA:6230,0
DA:6232,0
DA:6233,0
DA:6235,0
DA:6236,0
DA:6238,0
DA:6239,0
DA:6241,0
DA:6245,0
DA:6247,0
DA:6249,0
DA:6250,0
DA:6252,0
DA:6254,0
DA:6257,0
DA:6258,0
DA:6261,0
DA:6263,0
DA:6264,0
DA:6267,0
DA:6268,0
DA:6269,0
DA:6271,0
DA:6272,0
DA:6275,0
DA:6276,0
DA:6277,0
DA:6278,0
DA:6279,0
DA:6282,0
DA:6284,0
DA:6286,0
DA:6287,0
DA:6311,0
DA:6313,0
DA:6319,0
DA:6320,0
DA:6321,0
DA:6322,0
DA:6324,0
DA:6326,0
DA:6327,0
DA:6329,0
DA:6330,0
DA:6334,0
DA:6335,0
DA:6336,0
DA:6337,0
DA:6339,0
DA:6341,0
DA:6343,0
DA:6344,0
DA:6345,0
DA:6346,0
DA:6347,0
DA:6350,0
DA:6351,0
DA:6353,0
DA:6354,0
DA:6355,0
DA:6356,0
DA:6357,0
DA:6358,0
DA:6360,0
DA:6361,0
DA:6362,0
DA:6363,0
DA:6365,0
DA:6366,0
DA:6367,0
DA:6368,0
DA:6372,0
DA:6373,0
DA:6378,0
DA:6379,0
DA:6380,0
DA:6381,0
DA:6382,0
DA:6383,0
DA:6385,0
DA:6386,0
DA:6387,0
DA:6388,0
DA:6390,0
DA:6391,0
DA:6392,0
DA:6393,0
DA:6394,0
DA:6395,0
DA:6397,0
DA:6398,0
DA:6400,0
DA:6402,0
DA:6403,0
DA:6404,0
DA:6405,0
DA:6408,0
DA:6409,0
DA:6412,0
DA:6413,0
DA:6414,0
DA:6416,0
DA:6417,0
DA:6418,0
DA:6419,0
DA:6422,0
DA:6423,0
DA:6424,0
DA:6425,0
DA:6427,0
DA:6430,0
DA:6431,0
DA:6432,0
DA:6433,0
DA:6434,0
DA:6435,0
DA:6436,0
DA:6437,0
DA:6438,0
DA:6439,0
DA:6441,0
DA:6442,0
DA:6443,0
DA:6445,0
DA:6446,0
DA:6447,0
DA:6448,0
DA:6450,0
DA:6451,0
DA:6452,0
DA:6453,0
DA:6454,0
DA:6455,0
DA:6456,0
DA:6458,0
DA:6460,0
DA:6461,0
DA:6464,0
DA:6465,0
DA:6466,0
DA:6467,0
DA:6468,0
DA:6470,0
DA:6471,0
DA:6474,0
DA:6476,0
DA:6477,0
DA:6478,0
DA:6479,0
DA:6481,0
DA:6483,0
DA:6484,0
DA:6486,0
DA:6487,0
DA:6488,0
DA:6505,0
DA:6508,0
DA:6510,0
DA:6511,0
DA:6514,0
DA:6516,0
DA:6517,0
DA:6518,0
DA:6534,0
DA:6537,0
DA:6539,0
DA:6540,0
DA:6543,0
DA:6544,0
DA:6545,0
DA:6547,0
DA:6548,0
DA:6552,0
DA:6554,0
DA:6555,0
DA:6557,0
DA:6558,0
DA:6561,0
DA:6562,0
DA:6564,0
DA:6565,0
DA:6566,0
DA:6577,0
DA:6580,0
DA:6582,0
DA:6583,0
DA:6586,0
DA:6587,0
DA:6588,0
DA:6590,0
DA:6591,0
DA:6595,0
DA:6597,0
DA:6598,0
DA:6600,0
DA:6601,0
DA:6604,0
DA:6605,0
DA:6607,0
DA:6608,0
DA:6609,0
DA:6620,0
DA:6623,0
DA:6625,0
DA:6626,0
DA:6629,0
DA:6630,0
DA:6631,0
DA:6633,0
DA:6634,0
DA:6638,0
DA:6640,0
DA:6641,0
DA:6643,0
DA:6645,0
DA:6647,0
DA:6648,0
DA:6651,0
DA:6652,0
DA:6654,0
DA:6655,0
DA:6656,0
DA:6667,1
DA:6670,1
DA:6672,0
DA:6673,0
DA:6676,1
DA:6677,1
DA:6678,1
DA:6680,0
DA:6681,0
DA:6685,1
DA:6687,1
DA:6688,1
DA:6690,1
DA:6692,0
DA:6694,1
DA:6695,1
DA:6698,1
DA:6699,1
DA:6701,1
DA:6702,1
DA:6703,1
DA:6715,0
DA:6718,0
DA:6720,0
DA:6721,0
DA:6724,0
DA:6725,0
DA:6726,0
DA:6728,0
DA:6729,0
DA:6733,0
DA:6735,0
DA:6736,0
DA:6738,0
DA:6740,0
DA:6742,0
DA:6743,0
DA:6746,0
DA:6747,0
DA:6749,0
DA:6750,0
DA:6751,0
DA:6763,0
DA:6766,0
DA:6768,0
DA:6769,0
DA:6772,0
DA:6773,0
DA:6774,0
DA:6776,0
DA:6777,0
DA:6781,0
DA:6783,0
DA:6784,0
DA:6786,0
DA:6788,0
DA:6790,0
DA:6791,0
DA:6794,0
DA:6795,0
DA:6797,0
DA:6798,0
DA:6799,0
DA:6812,0
DA:6815,0
DA:6817,0
DA:6818,0
DA:6821,0
DA:6822,0
DA:6823,0
DA:6825,0
DA:6826,0
DA:6830,0
DA:6832,0
DA:6833,0
DA:6835,0
DA:6837,0
DA:6839,0
DA:6840,0
DA:6843,0
DA:6844,0
DA:6846,0
DA:6847,0
DA:6848,0
DA:6860,0
DA:6863,0
DA:6865,0
DA:6866,0
DA:6869,0
DA:6870,0
DA:6871,0
DA:6873,0
DA:6874,0
DA:6878,0
DA:6880,0
DA:6881,0
DA:6883,0
DA:6885,0
DA:6887,0
DA:6888,0
DA:6891,0
DA:6892,0
DA:6894,0
DA:6895,0
DA:6896,0
DA:6909,1
DA:6912,1
DA:6914,0
DA:6915,0
DA:6918,1
DA:6919,1
DA:6920,1
DA:6922,0
DA:6923,0
DA:6927,1
DA:6929,1
DA:6930,1
DA:6932,1
DA:6934,0
DA:6936,1
DA:6937,1
DA:6940,1
DA:6941,1
DA:6943,1
DA:6944,1
DA:6945,1
DA:6956,0
DA:6959,0
DA:6961,0
DA:6962,0
DA:6965,0
DA:6966,0
DA:6967,0
DA:6969,0
DA:6970,0
DA:6974,0
DA:6976,0
DA:6977,0
DA:6979,0
DA:6980,0
DA:6983,0
DA:6984,0
DA:6986,0
DA:6987,0
DA:6988,0
DA:6999,0
DA:7002,0
DA:7004,0
DA:7005,0
DA:7008,0
DA:7009,0
DA:7010,0
DA:7012,0
DA:7013,0
DA:7017,0
DA:7019,0
DA:7020,0
DA:7022,0
DA:7023,0
DA:7026,0
DA:7027,0
DA:7029,0
DA:7030,0
DA:7031,0
DA:7083,0
DA:7085,0
DA:7086,0
DA:7088,0
DA:7090,0
DA:7091,0
DA:7092,0
DA:7109,0
DA:7110,0
DA:7119,0
DA:7120,0
DA:7121,0
DA:7123,0
DA:7124,0
DA:7126,0
DA:7128,0
DA:7129,0
DA:7131,0
DA:7133,0
DA:7134,0
DA:7162,0
DA:7165,0
DA:7168,0
DA:7169,0
DA:7177,0
DA:7188,0
DA:7189,0
DA:7190,0
DA:7191,0
DA:7192,0
DA:7194,0
DA:7195,0
DA:7197,0
DA:7198,0
DA:7201,0
DA:7202,0
DA:7204,0
DA:7205,0
DA:7208,0
DA:7209,0
DA:7211,0
DA:7212,0
DA:7216,0
DA:7217,0
DA:7219,0
DA:7220,0
DA:7222,0
DA:7223,0
DA:7225,0
DA:7226,0
DA:7228,0
DA:7229,0
DA:7231,0
DA:7232,0
DA:7234,0
DA:7235,0
DA:7237,0
DA:7238,0
DA:7240,0
DA:7241,0
DA:7243,0
DA:7244,0
DA:7245,0
DA:7247,0
DA:7248,0
DA:7250,0
DA:7251,0
DA:7252,0
DA:7264,0
DA:7265,0
DA:7274,0
DA:7275,0
DA:7276,0
DA:7278,0
DA:7279,0
DA:7281,0
DA:7283,0
DA:7284,0
DA:7288,0
DA:7290,0
DA:7291,0
DA:7293,0
DA:7294,0
DA:7298,0
DA:7299,0
DA:7301,0
DA:7302,0
DA:7304,0
DA:7306,0
DA:7307,0
DA:7353,0
DA:7354,0
DA:7358,0
DA:7360,0
DA:7362,0
DA:7365,0
DA:7366,0
DA:7369,0
DA:7370,0
DA:7371,0
DA:7374,0
DA:7375,0
DA:7378,0
DA:7379,0
DA:7380,0
DA:7383,0
DA:7384,0
DA:7388,0
DA:7389,0
DA:7392,0
DA:7393,0
DA:7396,0
DA:7397,0
DA:7398,0
DA:7401,0
DA:7402,0
DA:7405,0
DA:7406,0
DA:7407,0
DA:7410,0
DA:7411,0
DA:7414,0
DA:7415,0
DA:7416,0
DA:7419,0
DA:7420,0
DA:7423,0
DA:7425,0
DA:7426,0
DA:7430,0
DA:7431,0
DA:7434,0
DA:7435,0
DA:7438,0
DA:7439,0
DA:7442,0
DA:7443,0
DA:7446,0
DA:7447,0
DA:7450,0
DA:7451,0
DA:7454,0
DA:7455,0
DA:7458,0
DA:7459,0
DA:7462,0
DA:7463,0
DA:7466,0
DA:7467,0
DA:7470,0
DA:7471,0
DA:7474,0
DA:7475,0
DA:7479,0
DA:7480,0
DA:7481,0
DA:7485,0
DA:7486,0
DA:7488,0
DA:7490,0
DA:7491,0
DA:7497,0
DA:7501,0
DA:7502,0
DA:7505,0
DA:7514,0
DA:7518,0
DA:7519,0
DA:7520,0
DA:7525,0
DA:7526,0
DA:7531,0
DA:7532,0
DA:7535,0
DA:7544,0
DA:7546,0
DA:7548,0
DA:7549,0
DA:7551,0
DA:7554,0
DA:7558,0
DA:7559,0
DA:7560,0
DA:7561,0
DA:7613,0
DA:7614,0
DA:7618,0
DA:7619,0
DA:7620,0
DA:7621,0
DA:7622,0
DA:7624,0
DA:7626,0
DA:7627,0
DA:7629,0
DA:7631,0
DA:7633,0
DA:7636,0
DA:7637,0
DA:7640,0
DA:7641,0
DA:7644,0
DA:7645,0
DA:7648,0
DA:7649,0
DA:7652,0
DA:7653,0
DA:7656,0
DA:7657,0
DA:7660,0
DA:7661,0
DA:7664,0
DA:7665,0
DA:7668,0
DA:7669,0
DA:7672,0
DA:7673,0
DA:7677,0
DA:7678,0
DA:7681,0
DA:7682,0
DA:7685,0
DA:7686,0
DA:7689,0
DA:7690,0
DA:7694,0
DA:7695,0
DA:7699,0
DA:7700,0
DA:7703,0
DA:7704,0
DA:7707,0
DA:7708,0
DA:7711,0
DA:7712,0
DA:7715,0
DA:7716,0
DA:7719,0
DA:7720,0
DA:7724,0
DA:7725,0
DA:7727,0
DA:7729,0
DA:7730,0
DA:7734,0
DA:7735,0
DA:7738,0
DA:7739,0
DA:7742,0
DA:7743,0
DA:7746,0
DA:7747,0
DA:7750,0
DA:7756,0
DA:7760,0
DA:7765,0
DA:7768,0
DA:7773,0
DA:7775,0
DA:7783,0
DA:7787,0
DA:7788,0
DA:7796,0
DA:7797,0
DA:7798,0
DA:7799,0
DA:7816,0
DA:7820,0
DA:7822,0
DA:7823,0
DA:7825,0
DA:7826,0
DA:7828,0
DA:7830,0
DA:7833,0
DA:7834,0
DA:7842,0
DA:7846,0
DA:7847,0
DA:7848,0
DA:7849,0
DA:7850,0
DA:7852,0
DA:7853,0
DA:7855,0
DA:7856,0
DA:7859,0
DA:7860,0
DA:7861,0
DA:7877,0
DA:7881,0
DA:7883,0
DA:7884,0
DA:7886,0
DA:7887,0
DA:7889,0
DA:7891,0
DA:7894,0
DA:7895,0
DA:7903,0
DA:7907,0
DA:7908,0
DA:7909,0
DA:7910,0
DA:7911,0
DA:7913,0
DA:7914,0
DA:7916,0
DA:7917,0
DA:7920,0
DA:7921,0
DA:7923,0
DA:7925,0
DA:7926,0
DA:7942,0
DA:7946,0
DA:7948,0
DA:7949,0
DA:7951,0
DA:7952,0
DA:7954,0
DA:7956,0
DA:7959,0
DA:7960,0
DA:7968,0
DA:7972,0
DA:7973,0
DA:7974,0
DA:7975,0
DA:7976,0
DA:7978,0
DA:7979,0
DA:7981,0
DA:7982,0
DA:7985,0
DA:7986,0
DA:7987,0
DA:8013,0
DA:8015,0
DA:8017,0
DA:8020,0
DA:8021,0
DA:8029,0
DA:8033,0
DA:8034,0
DA:8035,0
DA:8036,0
DA:8037,0
DA:8039,0
DA:8040,0
DA:8042,0
DA:8043,0
DA:8046,0
DA:8047,0
DA:8049,0
DA:8050,0
DA:8053,0
DA:8054,0
DA:8056,0
DA:8057,0
DA:8059,0
DA:8060,0
DA:8064,0
DA:8065,0
DA:8066,0
DA:8067,0
DA:8068,0
DA:8071,0
DA:8072,0
DA:8073,0
DA:8074,0
DA:8075,0
DA:8078,0
DA:8079,0
DA:8080,0
DA:8081,0
DA:8082,0
DA:8085,0
DA:8086,0
DA:8087,0
DA:8088,0
DA:8089,0
DA:8092,0
DA:8093,0
DA:8094,0
DA:8095,0
DA:8096,0
DA:8099,0
DA:8100,0
DA:8101,0
DA:8102,0
DA:8103,0
DA:8106,0
DA:8107,0
DA:8108,0
DA:8109,0
DA:8110,0
DA:8113,0
DA:8114,0
DA:8115,0
DA:8116,0
DA:8117,0
DA:8123,0
DA:8127,0
DA:8128,0
DA:8129,0
DA:8130,0
DA:8131,0
DA:8134,0
DA:8135,0
DA:8136,0
DA:8171,0
DA:8173,0
DA:8176,0
DA:8178,0
DA:8179,0
DA:8181,0
DA:8182,0
DA:8184,0
DA:8186,0
DA:8189,0
DA:8190,0
DA:8198,0
DA:8202,0
DA:8203,0
DA:8204,0
DA:8205,0
DA:8206,0
DA:8208,0
DA:8209,0
DA:8211,0
DA:8212,0
DA:8215,0
DA:8218,0
DA:8219,0
DA:8222,0
DA:8223,0
DA:8226,0
DA:8227,0
DA:8230,0
DA:8231,0
DA:8237,0
DA:8241,0
DA:8242,0
DA:8245,0
DA:8246,0
DA:8249,0
DA:8250,0
DA:8253,0
DA:8254,0
DA:8258,0
DA:8259,0
DA:8260,0
DA:8262,0
DA:8263,0
DA:8267,0
DA:8268,0
DA:8271,0
DA:8272,0
DA:8276,0
DA:8277,0
DA:8281,0
DA:8282,0
DA:8285,0
DA:8286,0
DA:8289,0
DA:8290,0
DA:8293,0
DA:8294,0
DA:8297,0
DA:8301,0
DA:8302,0
DA:8303,0
DA:8347,0
DA:8349,0
DA:8353,0
DA:8355,0
DA:8356,0
DA:8357,0
DA:8358,0
DA:8360,0
DA:8362,0
DA:8365,0
DA:8366,0
DA:8367,0
DA:8369,0
DA:8370,0
DA:8371,0
DA:8373,0
DA:8374,0
DA:8375,0
DA:8377,0
DA:8378,0
DA:8379,0
DA:8381,0
DA:8382,0
DA:8383,0
DA:8385,0
DA:8386,0
DA:8387,0
DA:8389,0
DA:8390,0
DA:8392,0
DA:8393,0
DA:8402,0
DA:8404,0
DA:8405,0
DA:8406,0
DA:8418,0
DA:8420,0
DA:8421,0
DA:8422,0
DA:8434,0
DA:8437,0
DA:8439,0
DA:8440,0
DA:8443,0
DA:8444,0
DA:8446,0
DA:8447,0
DA:8450,0
DA:8451,0
DA:8452,0
DA:8464,0
DA:8467,0
DA:8469,0
DA:8470,0
DA:8473,0
DA:8474,0
DA:8476,0
DA:8477,0
DA:8480,0
DA:8481,0
DA:8482,0
DA:8495,0
DA:8498,0
DA:8500,0
DA:8501,0
DA:8504,0
DA:8505,0
DA:8507,0
DA:8508,0
DA:8511,0
DA:8512,0
DA:8513,0
DA:8525,0
DA:8528,0
DA:8530,0
DA:8531,0
DA:8534,0
DA:8535,0
DA:8537,0
DA:8538,0
DA:8541,0
DA:8542,0
DA:8543,0
DA:8717,1
DA:8719,1
DA:8720,1
DA:8721,1
DA:8723,1
DA:8725,1
DA:8726,1
LF:3716
LH:658
end_of_record
TN:
SF:src/ph7/compile.c
FNF:0
FNH:0
DA:105,0
DA:109,0
DA:110,0
DA:111,0
DA:113,0
DA:114,0
DA:115,0
DA:117,0
DA:119,0
DA:121,0
DA:122,0
DA:129,1
DA:130,1
DA:132,1
DA:133,1
DA:134,1
DA:136,1
DA:140,1
DA:141,1
DA:143,0
DA:145,1
DA:147,0
DA:148,1
DA:159,1
DA:161,1
DA:162,1
DA:163,1
DA:164,1
DA:165,1
DA:166,1
DA:167,1
DA:168,1
DA:182,1
DA:185,1
DA:186,1
DA:190,0
DA:192,0
DA:195,1
DA:196,1
DA:198,1
DA:200,1
DA:201,1
DA:203,1
DA:205,1
DA:206,1
DA:211,1
DA:212,1
DA:213,1
DA:214,1
DA:219,1
DA:220,1
DA:221,1
DA:223,1
DA:224,1
DA:229,1
DA:230,1
DA:231,1
DA:233,0
DA:236,1
DA:237,1
DA:239,0
DA:240,0
DA:242,1
DA:244,1
DA:245,1
DA:257,1
DA:261,1
DA:262,1
DA:264,1
DA:265,1
DA:266,1
DA:279,1
DA:285,1
DA:287,1
DA:288,1
DA:290,1
DA:292,1
DA:294,1
DA:297,1
DA:298,1
DA:299,1
DA:300,1
DA:302,1
DA:304,1
DA:306,1
DA:307,1
DA:316,1
DA:323,1
DA:325,1
DA:326,0
DA:328,0
DA:329,0
DA:331,0
DA:332,0
DA:333,0
DA:335,0
DA:338,0
DA:339,0
DA:340,0
DA:341,0
DA:345,0
DA:346,0
DA:347,0
DA:349,0
DA:350,1
DA:351,1
DA:352,0
DA:354,0
DA:357,0
DA:358,1
DA:359,1
DA:364,1
DA:366,1
DA:367,1
DA:368,1
DA:370,1
DA:371,1
DA:372,1
DA:378,1
DA:379,1
DA:380,1
DA:382,1
DA:383,1
DA:389,1
DA:391,1
DA:393,1
DA:394,1
DA:395,0
DA:396,0
DA:398,1
DA:402,1
DA:403,1
DA:426,1
DA:427,1
DA:428,1
DA:429,1
DA:432,1
DA:433,1
DA:434,1
DA:435,0
DA:436,0
DA:438,1
DA:439,1
DA:443,1
DA:444,1
DA:445,0
DA:446,0
DA:448,1
DA:449,1
DA:452,1
DA:454,1
DA:455,1
DA:468,1
DA:469,1
DA:473,1
DA:475,1
DA:476,1
DA:477,1
DA:479,1
DA:480,1
DA:482,1
DA:486,1
DA:487,1
DA:490,1
DA:491,1
DA:492,0
DA:493,0
DA:494,0
DA:496,1
DA:499,1
DA:501,1
DA:503,1
DA:504,1
DA:505,1
DA:506,1
DA:507,1
DA:509,1
DA:511,1
DA:512,1
DA:513,1
DA:515,1
DA:516,1
DA:518,1
DA:519,1
DA:521,0
DA:522,0
DA:523,0
DA:527,1
DA:528,1
DA:530,1
DA:531,1
DA:533,1
DA:536,1
DA:537,1
DA:553,0
DA:554,0
DA:557,0
DA:558,0
DA:560,0
DA:561,0
DA:564,0
DA:565,0
DA:566,0
DA:567,0
DA:568,0
DA:571,0
DA:573,0
DA:575,0
DA:576,0
DA:605,1
DA:610,1
DA:612,1
DA:614,1
DA:616,1
DA:617,1
DA:618,1
DA:619,1
DA:621,1
DA:623,1
DA:624,1
DA:626,1
DA:628,1
DA:629,1
DA:634,1
DA:636,1
DA:638,1
DA:639,1
DA:640,0
DA:641,0
DA:643,1
DA:644,1
DA:646,1
DA:647,1
DA:648,1
DA:688,1
DA:689,1
DA:691,1
DA:695,1
DA:696,1
DA:697,1
DA:699,1
DA:700,1
DA:702,1
DA:704,1
DA:706,1
DA:707,1
DA:708,1
DA:709,0
DA:710,1
DA:712,1
DA:714,1
DA:715,1
DA:716,1
DA:717,1
DA:718,1
DA:719,1
DA:720,0
DA:723,1
DA:725,1
DA:726,1
DA:728,1
DA:729,1
DA:731,1
DA:732,1
DA:733,0
DA:735,1
DA:736,1
DA:737,1
DA:738,0
DA:741,1
DA:742,1
DA:745,1
DA:746,1
DA:749,0
DA:750,0
DA:753,0
DA:754,0
DA:757,0
DA:758,0
DA:761,0
DA:762,0
DA:765,1
DA:766,1
DA:769,1
DA:770,1
DA:773,1
DA:774,1
DA:777,0
DA:778,0
DA:781,0
DA:782,0
DA:785,0
DA:786,0
DA:789,0
DA:790,0
DA:792,0
DA:795,0
DA:796,0
DA:797,0
DA:800,0
DA:801,0
DA:802,0
DA:804,0
DA:806,0
DA:808,0
DA:811,0
DA:812,0
DA:813,0
DA:814,0
DA:815,0
DA:817,0
DA:818,0
DA:819,0
DA:820,0
DA:822,0
DA:823,0
DA:825,0
DA:827,0
DA:830,0
DA:834,1
DA:835,1
DA:837,1
DA:840,0
DA:841,0
DA:842,0
DA:844,0
DA:845,0
DA:847,0
DA:848,0
DA:850,0
DA:851,0
DA:852,0
DA:855,0
DA:856,0
DA:858,0
DA:859,0
DA:860,0
DA:862,0
DA:863,0
DA:865,0
DA:867,0
DA:869,0
DA:871,1
DA:875,1
DA:876,1
DA:877,1
DA:879,1
DA:880,1
DA:881,1
DA:882,1
DA:884,0
DA:885,0
DA:886,0
DA:887,0
DA:888,0
DA:890,1
DA:891,0
DA:892,1
DA:893,1
DA:895,1
DA:896,0
DA:897,0
DA:898,0
DA:899,0
DA:900,0
DA:901,0
DA:902,0
DA:903,0
DA:904,0
DA:907,0
DA:908,0
DA:909,0
DA:910,0
DA:912,0
DA:913,1
DA:914,0
DA:915,0
DA:916,0
DA:917,0
DA:918,0
DA:919,0
DA:920,0
DA:921,0
DA:922,0
DA:925,0
DA:926,0
DA:927,0
DA:928,0
DA:930,0
DA:931,1
DA:933,0
DA:934,1
DA:936,0
DA:937,0
DA:938,1
DA:940,0
DA:942,1
DA:943,1
DA:944,0
DA:946,1
DA:947,1
DA:951,1
DA:952,1
DA:953,1
DA:955,1
DA:958,1
DA:959,1
DA:965,1
DA:967,1
DA:968,1
DA:970,1
DA:971,1
DA:977,1
DA:979,1
DA:980,1
DA:982,1
DA:983,1
DA:1010,1
DA:1014,1
DA:1016,1
DA:1018,1
DA:1019,1
DA:1020,1
DA:1030,0
DA:1031,0
DA:1032,0
DA:1035,0
DA:1037,0
DA:1039,0
DA:1040,0
DA:1042,0
DA:1043,0
DA:1045,0
DA:1047,0
DA:1048,0
DA:1051,0
DA:1052,0
DA:1063,1
DA:1066,1
DA:1067,1
DA:1072,1
DA:1073,1
DA:1074,1
DA:1075,1
DA:1078,1
DA:1079,1
DA:1080,1
DA:1081,1
DA:1082,1
DA:1084,1
DA:1086,1
DA:1087,0
DA:1090,1
DA:1091,1
DA:1092,1
DA:1093,1
DA:1094,0
DA:1096,1
DA:1097,0
DA:1098,1
DA:1102,0
DA:1104,1
DA:1105,1
DA:1106,1
DA:1107,1
DA:1108,0
DA:1110,0
DA:1111,0
DA:1112,0
DA:1114,0
DA:1117,0
DA:1119,0
DA:1120,0
DA:1122,0
DA:1123,1
DA:1125,0
DA:1126,0
DA:1127,0
DA:1129,1
DA:1131,1
DA:1133,1
DA:1135,1
DA:1137,0
DA:1138,0
DA:1139,0
DA:1140,0
DA:1142,0
DA:1143,0
DA:1144,0
DA:1146,0
DA:1150,1
DA:1151,1
DA:1152,0
DA:1154,1
DA:1156,0
DA:1158,1
DA:1159,1
DA:1160,1
DA:1161,1
DA:1163,1
DA:1165,1
DA:1166,1
DA:1176,0
DA:1177,0
DA:1178,0
DA:1180,0
DA:1182,0
DA:1184,0
DA:1185,0
DA:1187,0
DA:1188,0
DA:1190,0
DA:1192,0
DA:1193,0
DA:1196,0
DA:1197,0
DA:1213,0
DA:1217,0
DA:1219,0
DA:1220,0
DA:1221,0
DA:1222,0
DA:1223,0
DA:1225,0
DA:1226,0
DA:1228,0
DA:1230,0
DA:1232,0
DA:1234,0
DA:1236,0
DA:1237,0
DA:1239,0
DA:1241,0
DA:1242,0
DA:1266,1
DA:1278,1
DA:1279,1
DA:1280,0
DA:1283,1
DA:1284,1
DA:1285,0
DA:1286,0
DA:1287,0
DA:1290,1
DA:1292,1
DA:1293,0
DA:1294,0
DA:1295,1
DA:1296,1
DA:1298,1
DA:1299,1
DA:1300,0
DA:1302,1
DA:1304,1
DA:1305,1
DA:1307,1
DA:1310,1
DA:1311,1
DA:1316,0
DA:1320,0
DA:1325,0
DA:1326,0
DA:1328,0
DA:1329,0
DA:1335,1
DA:1340,1
DA:1341,1
DA:1342,1
DA:1343,1
DA:1344,0
DA:1346,0
DA:1352,0
DA:1353,0
DA:1354,0
DA:1355,0
DA:1356,0
DA:1357,0
DA:1358,0
DA:1360,0
DA:1366,0
DA:1370,0
DA:1371,0
DA:1372,0
DA:1373,0
DA:1374,0
DA:1376,0
DA:1377,0
DA:1378,1
DA:1379,1
DA:1380,1
DA:1381,1
DA:1382,0
DA:1383,1
DA:1384,1
DA:1386,1
DA:1389,1
DA:1390,1
DA:1391,0
DA:1392,0
DA:1393,0
DA:1395,1
DA:1397,1
DA:1400,1
DA:1401,1
DA:1404,1
DA:1405,1
DA:1428,1
DA:1429,1
DA:1434,1
DA:1435,1
DA:1436,1
DA:1437,1
DA:1438,1
DA:1439,1
DA:1441,0
DA:1442,0
DA:1444,0
DA:1446,0
DA:1448,1
DA:1449,1
DA:1451,0
DA:1452,0
DA:1453,0
DA:1455,0
DA:1456,0
DA:1459,0
DA:1460,0
DA:1461,0
DA:1462,0
DA:1463,0
DA:1464,0
DA:1466,0
DA:1469,1
DA:1471,1
DA:1473,1
DA:1474,1
DA:1475,1
DA:1477,1
DA:1478,1
DA:1479,0
DA:1480,0
DA:1483,1
DA:1484,1
DA:1486,1
DA:1488,1
DA:1490,1
DA:1491,1
DA:1492,1
DA:1494,1
DA:1498,1
DA:1499,1
DA:1500,0
DA:1501,0
DA:1502,0
DA:1504,1
DA:1505,1
DA:1510,1
DA:1511,1
DA:1516,1
DA:1518,1
DA:1519,1
DA:1521,1
DA:1522,1
DA:1523,1
DA:1525,1
DA:1526,1
DA:1527,1
DA:1528,1
DA:1531,1
DA:1532,1
DA:1533,1
DA:1536,1
DA:1537,1
DA:1538,0
DA:1539,0
DA:1541,1
DA:1543,1
DA:1544,1
DA:1545,0
DA:1546,1
DA:1549,0
DA:1551,0
DA:1553,0
DA:1554,0
DA:1555,0
DA:1557,0
DA:1558,0
DA:1560,0
DA:1561,0
DA:1563,0
DA:1564,0
DA:1565,0
DA:1566,0
DA:1567,0
DA:1568,0
DA:1570,0
DA:1572,0
DA:1575,0
DA:1578,1
DA:1581,1
DA:1582,1
DA:1583,0
DA:1584,0
DA:1586,1
DA:1587,1
DA:1590,1
DA:1591,1
DA:1592,1
DA:1600,1
DA:1601,1
DA:1603,1
DA:1605,0
DA:1606,0
DA:1610,0
DA:1612,0
DA:1613,0
DA:1615,1
DA:1616,1
DA:1617,1
DA:1622,1
DA:1624,1
DA:1625,1
DA:1626,0
DA:1627,0
DA:1630,1
DA:1631,1
DA:1637,0
DA:1639,0
DA:1640,0
DA:1641,0
DA:1642,0
DA:1643,0
DA:1649,1
DA:1650,1
DA:1651,0
DA:1652,0
DA:1653,0
DA:1654,0
DA:1655,0
DA:1656,1
DA:1657,0
DA:1658,0
DA:1662,1
DA:1663,1
DA:1689,0
DA:1691,0
DA:1694,0
DA:1695,0
DA:1697,0
DA:1698,0
DA:1700,0
DA:1702,0
DA:1705,0
DA:1707,0
DA:1709,0
DA:1710,0
DA:1712,0
DA:1714,0
DA:1716,0
DA:1717,0
DA:1719,0
DA:1720,0
DA:1722,0
DA:1724,0
DA:1726,0
DA:1728,0
DA:1729,0
DA:1730,0
DA:1731,0
DA:1733,0
DA:1735,0
DA:1736,0
DA:1738,0
DA:1740,0
DA:1741,0
DA:1742,0
DA:1744,0
DA:1746,0
DA:1748,0
DA:1749,0
DA:1750,0
DA:1751,0
DA:1753,0
DA:1756,0
DA:1757,0
DA:1758,0
DA:1759,0
DA:1760,0
DA:1775,1
DA:1780,1
DA:1781,1
DA:1783,1
DA:1784,1
DA:1788,0
DA:1789,0
DA:1790,0
DA:1792,0
DA:1795,1
DA:1796,1
DA:1798,0
DA:1799,0
DA:1801,0
DA:1803,0
DA:1804,1
DA:1805,1
DA:1811,0
DA:1812,0
DA:1813,0
DA:1815,0
DA:1817,1
DA:1818,1
DA:1821,1
DA:1822,1
DA:1823,1
DA:1827,1
DA:1829,0
DA:1832,1
DA:1833,1
DA:1843,1
DA:1848,1
DA:1849,1
DA:1851,1
DA:1852,1
DA:1856,0
DA:1857,0
DA:1858,0
DA:1860,0
DA:1863,1
DA:1864,1
DA:1866,0
DA:1867,0
DA:1869,0
DA:1871,0
DA:1873,1
DA:1874,1
DA:1876,1
DA:1879,1
DA:1881,0
DA:1884,1
DA:1885,1
DA:1896,0
DA:1900,0
DA:1901,0
DA:1903,0
DA:1905,0
DA:1906,0
DA:1908,0
DA:1909,0
DA:1912,0
DA:1914,0
DA:1915,0
DA:1916,0
DA:1917,0
DA:1919,0
DA:1920,0
DA:1921,0
DA:1922,0
DA:1923,0
DA:1924,0
DA:1925,0
DA:1928,0
DA:1929,0
DA:1930,0
DA:1931,0
DA:1932,0
DA:1933,0
DA:1936,0
DA:1938,0
DA:1939,0
DA:1940,0
DA:1956,0
DA:1959,0
DA:1960,0
DA:1962,0
DA:1963,0
DA:1965,0
DA:1967,0
DA:1969,0
DA:1970,0
DA:1971,0
DA:1973,0
DA:1975,0
DA:1976,0
DA:1980,0
DA:1981,0
DA:1983,0
DA:1984,0
DA:1985,0
DA:1986,0
DA:1988,0
DA:1989,0
DA:1990,0
DA:1991,0
DA:1992,0
DA:1995,0
DA:1996,0
DA:1997,0
DA:1998,0
DA:1999,0
DA:2001,0
DA:2004,0
DA:2005,0
DA:2006,0
DA:2007,0
DA:2010,0
DA:2011,0
DA:2014,0
DA:2015,0
DA:2016,0
DA:2019,0
DA:2020,0
DA:2027,0
DA:2035,0
DA:2036,0
DA:2037,0
DA:2038,0
DA:2039,0
DA:2040,0
DA:2043,0
DA:2044,0
DA:2045,0
DA:2046,0
DA:2047,0
DA:2048,0
DA:2050,0
DA:2052,0
DA:2053,0
DA:2055,0
DA:2057,0
DA:2060,0
DA:2061,0
DA:2063,0
DA:2065,0
DA:2069,0
DA:2070,0
DA:2071,0
DA:2072,0
DA:2073,0
DA:2074,0
DA:2075,0
DA:2076,0
DA:2078,0
DA:2080,0
DA:2082,0
DA:2083,0
DA:2085,0
DA:2086,0
DA:2099,1
DA:2101,1
DA:2102,1
DA:2103,1
DA:2104,1
DA:2105,0
DA:2107,1
DA:2110,1
DA:2111,0
DA:2112,0
DA:2113,0
DA:2115,0
DA:2117,0
DA:2118,0
DA:2121,1
DA:2123,1
DA:2124,1
DA:2127,1
DA:2128,1
DA:2129,0
DA:2131,1
DA:2132,1
DA:2133,1
DA:2134,0
DA:2135,0
DA:2136,0
DA:2137,0
DA:2141,0
DA:2142,0
DA:2143,0
DA:2144,0
DA:2146,0
DA:2148,0
DA:2149,0
DA:2152,0
DA:2155,0
DA:2158,0
DA:2159,0
DA:2162,0
DA:2163,0
DA:2165,0
DA:2169,0
DA:2170,0
DA:2171,0
DA:2173,0
DA:2174,0
DA:2175,0
DA:2177,1
DA:2178,1
DA:2179,0
DA:2183,1
DA:2184,0
DA:2185,0
DA:2186,1
DA:2187,1
DA:2208,1
DA:2209,1
DA:2210,1
DA:2214,1
DA:2216,1
DA:2217,1
DA:2219,0
DA:2220,0
DA:2222,0
DA:2224,0
DA:2227,1
DA:2229,1
DA:2230,1
DA:2231,0
DA:2234,1
DA:2235,1
DA:2237,0
DA:2238,0
DA:2240,0
DA:2244,1
DA:2245,1
DA:2247,1
DA:2248,1
DA:2250,0
DA:2253,1
DA:2254,0
DA:2255,0
DA:2256,0
DA:2258,0
DA:2259,0
DA:2261,1
DA:2262,1
DA:2264,1
DA:2266,1
DA:2268,1
DA:2269,1
DA:2270,0
DA:2273,1
DA:2275,1
DA:2277,1
DA:2279,1
DA:2284,0
DA:2285,0
DA:2286,0
DA:2287,0
DA:2288,1
DA:2308,1
DA:2309,1
DA:2310,1
DA:2313,1
DA:2315,1
DA:2317,1
DA:2318,1
DA:2319,0
DA:2322,1
DA:2323,1
DA:2324,1
DA:2325,0
DA:2327,1
DA:2328,1
DA:2330,1
DA:2333,0
DA:2334,0
DA:2336,0
DA:2338,0
DA:2341,1
DA:2342,1
DA:2344,0
DA:2345,0
DA:2347,0
DA:2349,0
DA:2352,1
DA:2354,1
DA:2355,1
DA:2357,0
DA:2358,0
DA:2360,0
DA:2362,0
DA:2365,1
DA:2370,0
DA:2371,0
DA:2372,0
DA:2373,0
DA:2374,0
DA:2376,0
DA:2378,0
DA:2381,1
DA:2382,1
DA:2384,1
DA:2385,1
DA:2387,0
DA:2390,1
DA:2391,0
DA:2392,0
DA:2393,0
DA:2395,0
DA:2396,0
DA:2397,1
DA:2398,1
DA:2400,1
DA:2402,1
DA:2404,1
DA:2406,1
DA:2411,0
DA:2412,0
DA:2413,0
DA:2414,0
DA:2415,1
DA:2437,1
DA:2438,1
DA:2439,1
DA:2443,1
DA:2445,1
DA:2446,1
DA:2448,0
DA:2449,0
DA:2451,0
DA:2453,0
DA:2456,1
DA:2458,1
DA:2459,1
DA:2461,0
DA:2462,0
DA:2464,0
DA:2467,0
DA:2468,0
DA:2469,0
DA:2471,0
DA:2474,1
DA:2475,1
DA:2477,1
DA:2479,1
DA:2481,0
DA:2482,1
DA:2483,1
DA:2485,1
DA:2487,0
DA:2489,0
DA:2491,0
DA:2493,0
DA:2496,1
DA:2498,1
DA:2499,1
DA:2500,0
DA:2503,1
DA:2505,1
DA:2506,1
DA:2508,0
DA:2509,1
DA:2511,1
DA:2513,1
DA:2515,1
DA:2517,0
DA:2519,0
DA:2521,0
DA:2523,0
DA:2526,1
DA:2528,1
DA:2530,1
DA:2531,1
DA:2532,1
DA:2533,1
DA:2534,0
DA:2537,1
DA:2542,1
DA:2543,1
DA:2544,1
DA:2545,1
DA:2546,1
DA:2548,1
DA:2550,1
DA:2553,1
DA:2554,0
DA:2555,0
DA:2556,1
DA:2558,1
DA:2559,1
DA:2560,1
DA:2562,0
DA:2563,0
DA:2565,0
DA:2567,0
DA:2569,1
DA:2570,1
DA:2572,0
DA:2573,1
DA:2575,1
DA:2579,1
DA:2581,1
DA:2583,1
DA:2585,1
DA:2586,1
DA:2592,1
DA:2593,1
DA:2594,1
DA:2596,0
DA:2598,0
DA:2599,0
DA:2602,1
DA:2603,1
DA:2631,1
DA:2632,1
DA:2633,1
DA:2639,1
DA:2641,1
DA:2642,1
DA:2644,0
DA:2645,0
DA:2647,0
DA:2649,0
DA:2652,1
DA:2654,1
DA:2655,1
DA:2656,0
DA:2659,1
DA:2660,1
DA:2662,0
DA:2663,0
DA:2665,0
DA:2668,0
DA:2669,0
DA:2670,0
DA:2672,0
DA:2675,1
DA:2676,1
DA:2677,1
DA:2678,1
DA:2679,1
DA:2681,1
DA:2685,1
DA:2686,1
DA:2687,1
DA:2688,0
DA:2690,0
DA:2692,0
DA:2694,0
DA:2697,1
DA:2698,1
DA:2699,1
DA:2700,1
DA:2702,0
DA:2705,1
DA:2706,0
DA:2707,0
DA:2709,0
DA:2711,0
DA:2712,0
DA:2713,1
DA:2714,1
DA:2715,1
DA:2716,0
DA:2717,0
DA:2718,0
DA:2722,1
DA:2723,1
DA:2724,0
DA:2725,0
DA:2728,1
DA:2730,1
DA:2732,1
DA:2733,1
DA:2734,1
DA:2735,1
DA:2737,1
DA:2738,0
DA:2739,0
DA:2741,0
DA:2743,0
DA:2744,1
DA:2745,1
DA:2746,1
DA:2748,0
DA:2750,1
DA:2751,1
DA:2753,1
DA:2755,1
DA:2757,1
DA:2759,1
DA:2760,1
DA:2761,0
DA:2762,0
DA:2764,0
DA:2766,0
DA:2768,1
DA:2769,0
DA:2771,0
DA:2774,1
DA:2775,1
DA:2777,0
DA:2779,1
DA:2780,1
DA:2782,1
DA:2785,1
DA:2787,1
DA:2789,1
DA:2791,1
DA:2793,1
DA:2795,1
DA:2796,1
DA:2797,1
DA:2798,1
DA:2800,0
DA:2803,1
DA:2805,1
DA:2807,1
DA:2809,1
DA:2814,0
DA:2815,0
DA:2816,0
DA:2817,0
DA:2818,1
DA:2852,1
DA:2853,1
DA:2854,1
DA:2859,1
DA:2860,1
DA:2862,1
DA:2863,1
DA:2864,0
DA:2868,1
DA:2870,0
DA:2871,0
DA:2873,0
DA:2874,0
DA:2876,0
DA:2878,0
DA:2881,1
DA:2883,1
DA:2884,1
DA:2886,0
DA:2887,0
DA:2889,0
DA:2890,0
DA:2892,0
DA:2894,0
DA:2897,1
DA:2899,1
DA:2901,1
DA:2902,0
DA:2903,0
DA:2904,0
DA:2905,1
DA:2906,1
DA:2907,1
DA:2909,0
DA:2912,1
DA:2914,1
DA:2916,1
DA:2917,1
DA:2918,0
DA:2920,1
DA:2921,1
DA:2924,1
DA:2925,1
DA:2926,1
DA:2929,1
DA:2931,1
DA:2932,1
DA:2933,1
DA:2934,1
DA:2936,1
DA:2938,1
DA:2940,1
DA:2942,1
DA:2944,1
DA:2945,1
DA:2947,1
DA:2948,1
DA:2951,1
DA:2952,1
DA:2953,1
DA:2955,0
DA:2958,1
DA:2960,1
DA:2962,1
DA:2964,1
DA:2968,0
DA:2969,0
DA:2970,0
DA:2971,0
DA:2972,1
DA:2995,1
DA:2996,1
DA:3000,1
DA:3001,1
DA:3003,0
DA:3005,1
DA:3006,1
DA:3007,1
DA:3008,1
DA:3009,1
DA:3010,1
DA:3011,0
DA:3012,0
DA:3013,0
DA:3015,0
DA:3016,1
DA:3017,1
DA:3019,0
DA:3020,0
DA:3021,1
DA:3022,1
DA:3023,0
DA:3024,1
DA:3025,1
DA:3031,1
DA:3033,1
DA:3034,0
DA:3035,0
DA:3036,1
DA:3038,1
DA:3039,1
DA:3041,1
DA:3043,1
DA:3044,1
DA:3062,1
DA:3063,1
DA:3066,1
DA:3067,1
DA:3069,1
DA:3070,1
DA:3071,0
DA:3072,1
DA:3073,1
DA:3077,1
DA:3078,1
DA:3079,1
DA:3086,1
DA:3087,1
DA:3090,1
DA:3091,1
DA:3093,1
DA:3094,1
DA:3095,0
DA:3096,1
DA:3097,1
DA:3101,1
DA:3102,1
DA:3103,1
DA:3108,1
DA:3109,1
DA:3112,1
DA:3114,1
DA:3115,1
DA:3116,1
DA:3117,1
DA:3118,1
DA:3119,1
DA:3120,0
DA:3121,1
DA:3123,1
DA:3127,1
DA:3128,0
DA:3129,0
DA:3130,1
DA:3131,1
DA:3133,1
DA:3134,1
DA:3135,1
DA:3151,1
DA:3160,1
DA:3161,1
DA:3163,1
DA:3164,1
DA:3165,1
DA:3166,1
DA:3169,1
DA:3170,1
DA:3171,1
DA:3173,0
DA:3174,0
DA:3175,0
DA:3176,0
DA:3178,0
DA:3181,0
DA:3182,0
DA:3183,0
DA:3184,0
DA:3186,0
DA:3188,0
DA:3190,1
DA:3192,1
DA:3194,0
DA:3195,0
DA:3196,0
DA:3198,0
DA:3200,1
DA:3202,1
DA:3203,1
DA:3204,1
DA:3205,0
DA:3206,0
DA:3209,1
DA:3210,1
DA:3212,1
DA:3213,1
DA:3214,0
DA:3215,0
DA:3217,1
DA:3219,1
DA:3227,1
DA:3229,1
DA:3230,1
DA:3232,1
DA:3234,1
DA:3236,1
DA:3239,1
DA:3240,1
DA:3245,0
DA:3246,0
DA:3247,0
DA:3248,0
DA:3249,1
DA:3256,0
DA:3257,0
DA:3260,0
DA:3261,0
DA:3262,0
DA:3264,0
DA:3265,0
DA:3266,0
DA:3267,0
DA:3268,0
DA:3270,0
DA:3272,0
DA:3273,0
DA:3274,0
DA:3275,0
DA:3276,0
DA:3279,0
DA:3280,0
DA:3315,0
DA:3316,0
DA:3318,0
DA:3319,0
DA:3321,0
DA:3322,0
DA:3323,0
DA:3326,0
DA:3327,0
DA:3328,0
DA:3332,0
DA:3333,0
DA:3334,0
DA:3335,0
DA:3337,0
DA:3339,0
DA:3340,0
DA:3344,0
DA:3346,0
DA:3347,0
DA:3363,0
DA:3364,0
DA:3366,0
DA:3369,0
DA:3370,0
DA:3373,0
DA:3374,0
DA:3375,0
DA:3376,0
DA:3377,0
DA:3378,0
DA:3379,0
DA:3381,0
DA:3382,0
DA:3383,0
DA:3386,0
DA:3387,0
DA:3389,0
DA:3390,0
DA:3391,0
DA:3392,0
DA:3393,0
DA:3394,0
DA:3395,0
DA:3397,0
DA:3399,0
DA:3401,0
DA:3403,0
DA:3404,0
DA:3408,0
DA:3412,0
DA:3413,0
DA:3442,0
DA:3443,0
DA:3444,0
DA:3446,0
DA:3447,0
DA:3448,0
DA:3449,0
DA:3450,0
DA:3452,0
DA:3454,0
DA:3456,0
DA:3457,0
DA:3458,0
DA:3459,0
DA:3460,0
DA:3462,0
DA:3465,0
DA:3466,0
DA:3467,0
DA:3468,0
DA:3469,0
DA:3473,0
DA:3478,0
DA:3481,0
DA:3482,0
DA:3483,0
DA:3484,0
DA:3485,0
DA:3539,1
DA:3544,1
DA:3545,1
DA:3546,1
DA:3548,1
DA:3550,1
DA:3551,1
DA:3552,1
DA:3553,1
DA:3554,0
DA:3556,1
DA:3557,1
DA:3596,1
DA:3603,1
DA:3604,1
DA:3605,1
DA:3608,1
DA:3610,1
DA:3612,1
DA:3613,1
DA:3614,1
DA:3615,1
DA:3616,1
DA:3617,1
DA:3618,0
DA:3619,1
DA:3620,0
DA:3621,1
DA:3622,1
DA:3623,1
DA:3624,1
DA:3625,0
DA:3626,0
DA:3627,0
DA:3628,0
DA:3632,1
DA:3633,1
DA:3636,1
DA:3637,1
DA:3638,1
DA:3639,1
DA:3642,1
DA:3644,1
DA:3645,0
DA:3646,0
DA:3648,1
DA:3650,1
DA:3651,1
DA:3653,1
DA:3655,0
DA:3656,0
DA:3658,1
DA:3660,1
DA:3661,1
DA:3662,0
DA:3663,0
DA:3665,1
DA:3666,1
DA:3667,1
DA:3668,1
DA:3670,1
DA:3671,1
DA:3672,1
DA:3674,1
DA:3675,1
DA:3676,1
DA:3678,1
DA:3680,1
DA:3681,1
DA:3683,1
DA:3685,1
DA:3686,1
DA:3687,1
DA:3688,0
DA:3689,0
DA:3692,1
DA:3693,1
DA:3694,0
DA:3697,1
DA:3699,1
DA:3700,0
DA:3701,0
DA:3703,1
DA:3706,1
DA:3707,1
DA:3709,1
DA:3710,1
DA:3712,1
DA:3714,1
DA:3717,0
DA:3718,0
DA:3721,1
DA:3722,1
DA:3725,0
DA:3726,0
DA:3729,0
DA:3730,0
DA:3733,1
DA:3738,1
DA:3740,1
DA:3744,1
DA:3747,1
DA:3748,1
DA:3749,1
DA:3751,1
DA:3753,1
DA:3754,1
DA:3764,1
DA:3770,1
DA:3771,1
DA:3772,0
DA:3774,0
DA:3776,1
DA:3778,1
DA:3779,1
DA:3781,1
DA:3783,1
DA:3785,1
DA:3787,1
DA:3788,0
DA:3790,1
DA:3792,1
DA:3794,1
DA:3795,1
DA:3797,0
DA:3800,1
DA:3801,1
DA:3826,1
DA:3833,1
DA:3835,1
DA:3837,1
DA:3838,1
DA:3840,0
DA:3841,0
DA:3843,0
DA:3845,0
DA:3846,0
DA:3849,1
DA:3850,1
DA:3851,0
DA:3854,1
DA:3855,1
DA:3857,0
DA:3860,1
DA:3861,1
DA:3863,1
DA:3864,1
DA:3866,0
DA:3870,1
DA:3871,1
DA:3873,1
DA:3875,1
DA:3876,1
DA:3878,1
DA:3879,1
DA:3880,0
DA:3881,0
DA:3882,0
DA:3885,1
DA:3887,1
DA:3888,1
DA:3889,1
DA:3890,1
DA:3891,1
DA:3893,1
DA:3894,1
DA:3896,0
DA:3899,0
DA:3900,0
DA:3903,1
DA:3904,0
DA:3906,0
DA:3907,0
DA:3910,0
DA:3911,0
DA:3912,0
DA:3913,0
DA:3914,0
DA:3916,0
DA:3918,0
DA:3922,1
DA:3923,1
DA:3924,1
DA:3926,1
DA:3927,1
DA:3928,1
DA:3929,1
DA:3930,1
DA:3932,0
DA:3935,1
DA:3936,1
DA:3937,0
DA:3938,0
DA:3941,1
DA:3942,1
DA:3944,0
DA:3945,0
DA:3946,1
DA:3947,1
DA:3951,1
DA:3952,1
DA:3953,1
DA:3954,1
DA:3955,1
DA:3957,1
DA:3959,1
DA:3964,1
DA:3965,1
DA:3966,0
DA:3968,1
DA:3969,1
DA:3971,1
DA:3972,1
DA:3974,1
DA:3976,1
DA:3977,1
DA:3984,0
DA:3985,0
DA:3986,1
DA:3992,1
DA:3998,1
DA:3999,1
DA:4000,1
DA:4001,1
DA:4003,0
DA:4005,0
DA:4007,1
DA:4009,0
DA:4010,0
DA:4011,0
DA:4014,0
DA:4015,0
DA:4016,0
DA:4017,0
DA:4019,1
DA:4020,1
DA:4022,1
DA:4023,1
DA:4025,0
DA:4026,0
DA:4028,0
DA:4031,0
DA:4032,0
DA:4033,0
DA:4034,0
DA:4037,1
DA:4038,1
DA:4039,1
DA:4052,1
DA:4053,1
DA:4054,1
DA:4055,1
DA:4056,1
DA:4059,1
DA:4060,1
DA:4083,1
DA:4084,1
DA:4090,1
DA:4091,1
DA:4094,1
DA:4095,1
DA:4097,0
DA:4098,0
DA:4100,0
DA:4102,0
DA:4105,1
DA:4107,1
DA:4109,0
DA:4110,0
DA:4112,0
DA:4114,0
DA:4117,1
DA:4118,1
DA:4120,0
DA:4121,0
DA:4123,0
DA:4125,0
DA:4127,1
DA:4129,1
DA:4130,1
DA:4131,0
DA:4132,0
DA:4135,1
DA:4136,1
DA:4139,1
DA:4140,1
DA:4141,0
DA:4142,0
DA:4143,0
DA:4147,1
DA:4148,1
DA:4149,1
DA:4151,0
DA:4154,1
DA:4155,1
DA:4156,0
DA:4157,0
DA:4159,1
DA:4161,0
DA:4162,0
DA:4163,0
DA:4164,0
DA:4165,0
DA:4167,0
DA:4170,0
DA:4171,0
DA:4173,0
DA:4174,0
DA:4175,0
DA:4179,1
DA:4182,0
DA:4183,0
DA:4184,0
DA:4185,0
DA:4186,1
DA:4210,1
DA:4211,1
DA:4216,1
DA:4218,1
DA:4219,1
DA:4221,0
DA:4222,0
DA:4224,0
DA:4226,0
DA:4229,1
DA:4231,1
DA:4232,1
DA:4234,0
DA:4235,0
DA:4237,0
DA:4239,0
DA:4242,1
DA:4243,1
DA:4244,0
DA:4245,0
DA:4247,1
DA:4249,1
DA:4251,1
DA:4252,1
DA:4255,1
DA:4256,1
DA:4257,0
DA:4258,0
DA:4259,0
DA:4263,1
DA:4264,1
DA:4267,1
DA:4268,1
DA:4269,0
DA:4270,0
DA:4272,1
DA:4274,0
DA:4275,0
DA:4276,0
DA:4277,0
DA:4278,0
DA:4280,0
DA:4283,0
DA:4284,0
DA:4286,0
DA:4287,0
DA:4288,0
DA:4292,1
DA:4295,0
DA:4296,0
DA:4297,0
DA:4298,0
DA:4299,1
DA:4315,1
DA:4316,1
DA:4323,1
DA:4324,1
DA:4325,1
DA:4326,1
DA:4328,0
DA:4329,0
DA:4331,0
DA:4333,0
DA:4335,1
DA:4337,0
DA:4339,0
DA:4341,1
DA:4343,0
DA:4344,0
DA:4345,0
DA:4347,0
DA:4350,1
DA:4351,1
DA:4353,1
DA:4354,1
DA:4356,1
DA:4357,0
DA:4360,0
DA:4361,0
DA:4365,1
DA:4367,1
DA:4369,0
DA:4370,0
DA:4372,0
DA:4374,0
DA:4377,1
DA:4378,1
DA:4379,0
DA:4380,0
DA:4383,1
DA:4384,1
DA:4386,1
DA:4387,1
DA:4389,0
DA:4390,0
DA:4392,0
DA:4394,0
DA:4396,1
DA:4398,1
DA:4399,1
DA:4400,0
DA:4404,1
DA:4405,1
DA:4407,1
DA:4408,1
DA:4409,0
DA:4411,1
DA:4413,1
DA:4414,0
DA:4416,0
DA:4418,0
DA:4420,0
DA:4424,1
DA:4425,1
DA:4426,0
DA:4427,0
DA:4429,1
DA:4432,0
DA:4433,0
DA:4434,0
DA:4435,0
DA:4436,1
DA:4448,1
DA:4449,1
DA:4456,1
DA:4458,1
DA:4460,1
DA:4462,1
DA:4463,1
DA:4464,0
DA:4465,0
DA:4468,1
DA:4470,1
DA:4471,1
DA:4472,0
DA:4473,0
DA:4476,0
DA:4477,0
DA:4479,0
DA:4482,0
DA:4483,0
DA:4485,0
DA:4487,0
DA:4489,0
DA:4490,0
DA:4492,0
DA:4493,0
DA:4494,0
DA:4495,0
DA:4497,0
DA:4498,0
DA:4500,0
DA:4504,0
DA:4507,1
DA:4509,0
DA:4510,0
DA:4511,0
DA:4513,0
DA:4515,0
DA:4517,1
DA:4518,1
DA:4520,1
DA:4521,1
DA:4523,0
DA:4524,0
DA:4525,0
DA:4527,0
DA:4529,0
DA:4532,1
DA:4533,1
DA:4541,1
DA:4542,1
DA:4543,1
DA:4544,1
DA:4546,1
DA:4548,1
DA:4549,0
DA:4552,0
DA:4554,0
DA:4556,0
DA:4559,1
DA:4560,1
DA:4562,0
DA:4563,0
DA:4565,1
DA:4566,0
DA:4568,0
DA:4570,0
DA:4572,0
DA:4574,1
DA:4576,1
DA:4577,1
DA:4578,0
DA:4580,0
DA:4582,0
DA:4584,0
DA:4586,1
DA:4587,1
DA:4588,0
DA:4590,0
DA:4592,0
DA:4594,0
DA:4597,1
DA:4599,0
DA:4600,0
DA:4601,0
DA:4602,0
DA:4604,0
DA:4606,0
DA:4607,1
DA:4608,1
DA:4610,0
DA:4612,0
DA:4614,0
DA:4615,0
DA:4617,0
DA:4619,0
DA:4621,0
DA:4625,1
DA:4626,1
DA:4627,0
DA:4628,0
DA:4630,0
DA:4633,1
DA:4635,1
DA:4636,1
DA:4638,0
DA:4640,1
DA:4641,0
DA:4642,0
DA:4646,1
DA:4647,1
DA:4648,1
DA:4649,1
DA:4665,1
DA:4666,1
DA:4676,1
DA:4677,1
DA:4679,0
DA:4680,0
DA:4682,0
DA:4685,0
DA:4686,0
DA:4687,0
DA:4688,0
DA:4691,1
DA:4693,1
DA:4695,1
DA:4696,1
DA:4697,0
DA:4698,0
DA:4701,1
DA:4703,1
DA:4704,1
DA:4706,1
DA:4707,1
DA:4708,1
DA:4709,1
DA:4711,0
DA:4714,0
DA:4715,0
DA:4717,0
DA:4719,0
DA:4722,1
DA:4724,1
DA:4726,1
DA:4727,0
DA:4728,0
DA:4729,1
DA:4731,0
DA:4732,0
DA:4734,0
DA:4736,0
DA:4737,1
DA:4738,0
DA:4740,0
DA:4742,0
DA:4747,1
DA:4749,1
DA:4753,1
DA:4755,1
DA:4757,0
DA:4760,0
DA:4762,0
DA:4764,0
DA:4767,1
DA:4769,1
DA:4771,1
DA:4772,0
DA:4773,0
DA:4774,1
DA:4776,0
DA:4777,0
DA:4779,0
DA:4781,0
DA:4783,1
DA:4786,1
DA:4787,1
DA:4788,1
DA:4790,0
DA:4791,0
DA:4794,1
DA:4796,0
DA:4797,0
DA:4798,0
DA:4800,0
DA:4802,0
DA:4804,1
DA:4805,1
DA:4807,1
DA:4808,1
DA:4810,0
DA:4811,0
DA:4812,0
DA:4814,0
DA:4816,0
DA:4819,1
DA:4820,1
DA:4822,1
DA:4826,1
DA:4827,1
DA:4828,1
DA:4829,1
DA:4831,1
DA:4833,1
DA:4834,0
DA:4837,0
DA:4839,0
DA:4841,0
DA:4844,1
DA:4845,1
DA:4846,1
DA:4848,1
DA:4849,1
DA:4850,1
DA:4851,1
DA:4852,1
DA:4853,0
DA:4856,0
DA:4858,0
DA:4860,0
DA:4862,1
DA:4864,1
DA:4865,1
DA:4866,0
DA:4867,0
DA:4869,0
DA:4871,1
DA:4874,1
DA:4876,1
DA:4878,1
DA:4879,1
DA:4880,0
DA:4881,0
DA:4883,0
DA:4885,1
DA:4886,1
DA:4888,1
DA:4889,1
DA:4890,1
DA:4892,0
DA:4893,0
DA:4894,0
DA:4895,0
DA:4898,1
DA:4899,0
DA:4902,0
DA:4904,0
DA:4906,0
DA:4908,1
DA:4910,1
DA:4911,1
DA:4912,0
DA:4913,0
DA:4915,0
DA:4917,1
DA:4920,0
DA:4921,1
DA:4923,1
DA:4925,1
DA:4927,1
DA:4928,1
DA:4929,1
DA:4930,1
DA:4931,1
DA:4932,1
DA:4935,1
DA:4938,0
DA:4939,0
DA:4941,1
DA:4943,0
DA:4946,0
DA:4948,0
DA:4950,0
DA:4952,1
DA:4953,1
DA:4955,0
DA:4956,0
DA:4957,0
DA:4959,0
DA:4960,0
DA:4961,0
DA:4962,0
DA:4965,0
DA:4968,0
DA:4969,0
DA:4971,0
DA:4973,0
DA:4976,0
DA:4978,0
DA:4980,0
DA:4982,0
DA:4984,1
DA:4985,0
DA:4988,0
DA:4990,0
DA:4992,0
DA:4994,1
DA:4995,1
DA:4996,1
DA:4997,0
DA:4999,0
DA:5001,0
DA:5003,0
DA:5006,1
DA:5007,1
DA:5009,1
DA:5011,1
DA:5012,0
DA:5013,0
DA:5015,0
DA:5018,1
DA:5020,0
DA:5021,0
DA:5022,0
DA:5023,0
DA:5025,0
DA:5028,1
DA:5030,1
DA:5031,1
DA:5034,1
DA:5036,1
DA:5038,1
DA:5039,1
DA:5041,1
DA:5042,1
DA:5043,0
DA:5045,1
DA:5047,1
DA:5048,1
DA:5049,0
DA:5050,0
DA:5054,1
DA:5055,1
DA:5056,1
DA:5057,1
DA:5075,1
DA:5077,1
DA:5078,1
DA:5079,1
DA:5080,1
DA:5089,0
DA:5091,0
DA:5092,0
DA:5093,0
DA:5094,0
DA:5105,1
DA:5107,1
DA:5108,1
DA:5109,1
DA:5133,1
DA:5134,1
DA:5135,1
DA:5137,1
DA:5139,0
DA:5141,0
DA:5142,0
DA:5144,1
DA:5145,0
DA:5147,0
DA:5149,0
DA:5150,0
DA:5153,1
DA:5154,1
DA:5161,1
DA:5162,1
DA:5166,1
DA:5168,1
DA:5169,1
DA:5170,0
DA:5171,0
DA:5172,0
DA:5174,0
DA:5176,1
DA:5178,1
DA:5179,1
DA:5180,1
DA:5183,1
DA:5184,1
DA:5186,1
DA:5188,1
DA:5189,1
DA:5190,1
DA:5197,1
DA:5198,1
DA:5206,1
DA:5208,1
DA:5210,1
DA:5212,1
DA:5214,0
DA:5215,0
DA:5216,0
DA:5218,0
DA:5220,0
DA:5221,0
DA:5223,0
DA:5226,1
DA:5228,1
DA:5229,1
DA:5230,1
DA:5231,0
DA:5233,1
DA:5234,1
DA:5236,1
DA:5238,0
DA:5239,0
DA:5240,0
DA:5242,0
DA:5244,0
DA:5245,0
DA:5247,0
DA:5249,1
DA:5251,1
DA:5252,1
DA:5253,1
DA:5254,0
DA:5256,1
DA:5257,1
DA:5258,1
DA:5260,0
DA:5261,0
DA:5262,0
DA:5264,0
DA:5266,0
DA:5267,0
DA:5269,0
DA:5272,1
DA:5274,1
DA:5275,1
DA:5276,0
DA:5279,1
DA:5280,1
DA:5282,1
DA:5284,1
DA:5286,1
DA:5288,1
DA:5290,1
DA:5292,1
DA:5293,1
DA:5294,0
DA:5296,1
DA:5298,0
DA:5299,0
DA:5300,1
DA:5309,1
DA:5315,1
DA:5316,1
DA:5317,0
DA:5319,0
DA:5322,1
DA:5324,1
DA:5325,1
DA:5327,1
DA:5328,1
DA:5329,0
DA:5332,1
DA:5334,1
DA:5335,1
DA:5337,1
DA:5338,1
DA:5339,0
DA:5342,1
DA:5344,1
DA:5346,1
DA:5348,1
DA:5350,0
DA:5351,0
DA:5352,0
DA:5355,0
DA:5357,0
DA:5358,0
DA:5360,0
DA:5365,1
DA:5367,1
DA:5370,1
DA:5371,1
DA:5372,0
DA:5374,1
DA:5375,1
DA:5376,1
DA:5382,1
DA:5383,1
DA:5384,1
DA:5386,0
DA:5387,0
DA:5388,0
DA:5390,0
DA:5391,0
DA:5392,1
DA:5394,1
DA:5398,1
DA:5400,0
DA:5402,1
DA:5403,1
DA:5404,1
DA:5405,1
DA:5407,0
DA:5409,0
DA:5410,0
DA:5414,1
DA:5415,1
DA:5417,1
DA:5420,1
DA:5421,1
DA:5422,1
DA:5424,1
DA:5425,0
DA:5427,0
DA:5429,0
DA:5430,0
DA:5435,0
DA:5439,1
DA:5440,1
DA:5441,0
DA:5443,1
DA:5444,1
DA:5445,1
DA:5451,1
DA:5454,1
DA:5457,1
DA:5458,1
DA:5459,1
DA:5461,0
DA:5462,1
DA:5464,0
DA:5465,1
DA:5466,1
DA:5468,1
DA:5469,1
DA:5470,1
DA:5471,0
DA:5472,0
DA:5474,0
DA:5478,1
DA:5479,1
DA:5480,1
DA:5481,1
DA:5482,1
DA:5484,1
DA:5485,1
DA:5487,1
DA:5488,1
DA:5489,1
DA:5490,0
DA:5492,1
DA:5493,1
DA:5520,1
DA:5527,1
DA:5529,1
DA:5530,1
DA:5532,0
DA:5533,0
DA:5535,0
DA:5537,0
DA:5540,1
DA:5541,1
DA:5543,1
DA:5545,1
DA:5546,0
DA:5549,1
DA:5550,1
DA:5552,0
DA:5553,0
DA:5555,0
DA:5559,1
DA:5560,1
DA:5562,1
DA:5563,1
DA:5565,0
DA:5568,1
DA:5569,0
DA:5571,0
DA:5572,0
DA:5574,0
DA:5575,0
DA:5576,1
DA:5577,1
DA:5578,1
DA:5580,0
DA:5581,0
DA:5582,0
DA:5585,0
DA:5586,0
DA:5587,0
DA:5589,0
DA:5592,1
DA:5593,0
DA:5595,0
DA:5596,1
DA:5598,1
DA:5600,1
DA:5601,1
DA:5603,0
DA:5604,0
DA:5607,1
DA:5609,1
DA:5611,1
DA:5615,1
DA:5617,0
DA:5619,1
DA:5620,0
DA:5622,0
DA:5624,0
DA:5625,0
DA:5630,0
DA:5633,1
DA:5634,1
DA:5635,0
DA:5637,0
DA:5639,0
DA:5640,0
DA:5645,0
DA:5647,1
DA:5653,1
DA:5655,0
DA:5656,0
DA:5657,0
DA:5660,1
DA:5662,1
DA:5663,1
DA:5664,0
DA:5665,1
DA:5666,1
DA:5667,0
DA:5668,1
DA:5671,1
DA:5673,1
DA:5675,1
DA:5676,1
DA:5677,0
DA:5680,1
DA:5682,1
DA:5683,1
DA:5684,0
DA:5685,1
DA:5686,0
DA:5688,1
DA:5690,0
DA:5692,0
DA:5693,0
DA:5695,0
DA:5697,1
DA:5699,1
DA:5700,1
DA:5702,1
DA:5703,1
DA:5705,1
DA:5708,1
DA:5711,0
DA:5712,0
DA:5713,0
DA:5714,0
DA:5715,1
DA:5728,1
DA:5731,1
DA:5732,1
DA:5733,1
DA:5736,1
DA:5739,1
DA:5740,1
DA:5741,1
DA:5742,1
DA:5744,1
DA:5745,0
DA:5747,0
DA:5749,1
DA:5750,1
DA:5754,1
DA:5755,1
DA:5756,0
DA:5758,1
DA:5760,1
DA:5761,1
DA:5763,1
DA:5764,1
DA:5765,0
DA:5769,1
DA:5771,1
DA:5772,1
DA:5773,1
DA:5776,1
DA:5777,1
DA:5778,1
DA:5779,0
DA:5782,1
DA:5784,1
DA:5785,1
DA:5786,1
DA:5790,1
DA:5793,1
DA:5794,1
DA:5798,1
DA:5800,1
DA:5801,1
DA:5802,1
DA:5803,1
DA:5804,0
DA:5806,1
DA:5808,1
DA:5810,1
DA:5812,1
DA:5813,1
DA:5814,0
DA:5816,1
DA:5817,1
DA:5818,1
DA:5819,1
DA:5821,1
DA:5822,1
DA:5824,1
DA:5826,1
DA:5827,1
DA:5831,1
DA:5832,1
DA:5833,1
DA:5834,1
DA:5835,0
DA:5837,1
DA:5838,1
DA:5839,1
DA:5841,1
DA:5843,1
DA:5844,1
DA:5845,1
DA:5847,0
DA:5850,1
DA:5851,1
DA:5853,1
DA:5854,1
DA:5856,1
DA:5857,1
DA:5859,1
DA:5860,1
DA:5861,1
DA:5863,1
DA:5864,1
DA:5865,1
DA:5866,1
DA:5867,1
DA:5869,0
DA:5870,1
DA:5872,1
DA:5873,1
DA:5874,1
DA:5876,1
DA:5877,1
DA:5878,1
DA:5879,1
DA:5882,1
DA:5884,1
DA:5885,1
DA:5886,1
DA:5887,1
DA:5888,1
DA:5892,0
DA:5893,0
DA:5894,0
DA:5895,0
DA:5896,0
DA:5897,1
DA:5902,1
DA:5903,1
DA:5904,1
DA:5906,1
DA:5907,1
DA:5908,1
DA:5909,1
DA:5910,1
DA:5912,1
DA:5913,1
DA:5915,1
DA:5916,1
DA:5918,1
DA:5919,1
DA:5920,1
DA:5922,1
DA:5923,1
DA:5924,1
DA:5925,0
DA:5926,0
DA:5931,1
DA:5932,1
DA:5934,1
DA:5935,1
DA:5936,1
DA:5940,1
DA:5941,1
DA:5958,1
DA:5966,1
DA:5967,1
DA:5968,1
DA:5969,1
DA:5970,1
DA:5972,1
DA:5973,1
DA:5974,1
DA:5975,1
DA:5977,1
DA:5978,1
DA:5979,1
DA:5980,1
DA:5981,1
DA:5982,1
DA:5985,1
DA:5986,1
DA:5987,1
DA:5988,1
DA:5989,1
DA:5991,1
DA:5992,1
DA:5993,0
DA:5994,1
DA:5995,0
DA:5996,1
DA:5997,0
DA:5998,0
DA:6001,1
DA:6002,1
DA:6003,1
DA:6004,0
DA:6007,1
DA:6008,1
DA:6010,1
DA:6012,1
DA:6013,1
DA:6014,1
DA:6015,1
DA:6017,1
DA:6019,1
DA:6021,1
DA:6023,1
DA:6026,1
DA:6028,1
DA:6029,1
DA:6030,1
DA:6031,0
DA:6032,0
DA:6035,1
DA:6036,1
DA:6037,1
DA:6043,1
DA:6044,1
DA:6046,1
DA:6047,1
DA:6049,1
DA:6050,1
DA:6052,1
DA:6053,1
DA:6055,1
DA:6056,0
DA:6058,0
DA:6059,0
DA:6061,0
DA:6063,0
DA:6064,1
DA:6101,1
DA:6102,1
DA:6104,1
DA:6105,1
DA:6107,1
DA:6108,1
DA:6109,0
DA:6110,0
DA:6112,0
DA:6117,1
DA:6119,1
DA:6120,1
DA:6121,1
DA:6122,1
DA:6123,1
DA:6124,1
DA:6125,1
DA:6126,0
DA:6127,1
DA:6128,1
DA:6129,0
DA:6130,1
DA:6131,0
DA:6135,1
DA:6136,1
DA:6142,1
DA:6144,1
DA:6145,1
DA:6146,1
DA:6153,1
DA:6156,1
DA:6157,1
DA:6167,1
DA:6170,1
DA:6172,1
DA:6174,1
DA:6176,1
DA:6178,0
DA:6179,0
DA:6180,0
DA:6182,0
DA:6183,1
DA:6184,1
DA:6185,1
DA:6187,1
DA:6188,1
DA:6189,0
DA:6192,0
DA:6193,0
DA:6198,0
DA:6200,1
DA:6201,1
DA:6203,0
DA:6205,1
DA:6207,1
DA:6208,1
DA:6210,1
DA:6212,1
DA:6214,1
DA:6216,1
DA:6218,0
DA:6222,1
DA:6223,1
DA:6224,1
DA:6225,1
DA:6227,1
DA:6233,1
DA:6235,1
DA:6236,1
DA:6247,1
DA:6248,1
DA:6251,1
DA:6253,1
DA:6255,1
DA:6257,1
DA:6259,1
DA:6260,1
DA:6261,1
DA:6262,0
DA:6263,0
DA:6265,0
DA:6268,0
DA:6269,0
DA:6271,1
DA:6286,0
DA:6287,0
DA:6288,0
DA:6289,0
DA:6290,0
DA:6291,0
DA:6293,0
DA:6296,1
DA:6298,1
DA:6300,1
DA:6301,0
DA:6304,1
DA:6305,1
DA:6307,1
DA:6308,1
DA:6319,1
DA:6327,1
DA:6329,0
DA:6332,1
DA:6333,1
DA:6334,1
DA:6335,1
DA:6336,1
DA:6339,1
DA:6340,1
DA:6341,1
DA:6342,1
DA:6343,1
DA:6344,1
DA:6346,0
DA:6348,1
DA:6350,1
DA:6351,1
DA:6353,1
DA:6355,1
DA:6356,1
DA:6357,1
DA:6358,1
DA:6360,0
DA:6361,0
DA:6363,1
DA:6366,1
DA:6367,1
DA:6369,1
DA:6371,1
DA:6372,1
DA:6373,0
DA:6375,1
DA:6378,1
DA:6379,1
DA:6381,1
DA:6382,1
DA:6383,0
DA:6384,0
DA:6387,1
DA:6388,1
DA:6389,1
DA:6390,1
DA:6391,1
DA:6392,1
DA:6394,1
DA:6396,1
DA:6398,1
DA:6399,1
DA:6400,1
DA:6401,1
DA:6410,1
DA:6411,1
DA:6413,1
DA:6415,1
DA:6416,1
DA:6417,1
DA:6418,1
DA:6419,1
DA:6420,1
DA:6421,1
DA:6423,1
DA:6425,1
DA:6427,1
DA:6429,1
DA:6430,1
DA:6431,1
DA:6440,1
DA:6441,1
DA:6444,1
DA:6445,1
DA:6446,1
DA:6447,1
DA:6449,1
DA:6450,1
DA:6451,0
DA:6452,0
DA:6453,0
DA:6454,0
DA:6455,1
DA:6456,1
DA:6457,1
DA:6458,1
DA:6459,1
DA:6460,1
DA:6461,1
DA:6462,1
DA:6470,0
DA:6471,0
DA:6472,0
DA:6477,0
DA:6479,0
DA:6480,0
DA:6482,0
DA:6483,0
DA:6485,0
DA:6487,0
DA:6488,0
DA:6490,0
DA:6491,0
DA:6492,0
DA:6494,0
DA:6498,0
DA:6501,0
DA:6503,0
DA:6505,0
DA:6506,0
DA:6507,0
DA:6508,0
DA:6509,0
DA:6510,0
DA:6511,0
DA:6515,0
DA:6517,0
DA:6518,0
DA:6519,0
DA:6520,0
DA:6522,0
DA:6523,0
DA:6525,0
DA:6527,0
DA:6528,0
LF:3124
LH:1703
end_of_record
TN:
SF:src/ph7/constant.c
FNF:0
FNH:0
DA:14,0
DA:15,0
DA:16,0
DA:17,0
DA:28,1
DA:30,1
DA:41,1
DA:42,1
DA:48,1
DA:49,1
DA:51,1
DA:55,1
DA:62,0
DA:63,0
DA:64,0
DA:65,0
DA:71,0
DA:72,0
DA:73,0
DA:74,0
DA:80,1
DA:81,1
DA:83,1
DA:87,1
DA:93,0
DA:94,0
DA:96,0
DA:100,0
DA:109,0
DA:113,0
DA:114,0
DA:122,0
DA:124,0
DA:125,0
DA:131,0
DA:135,0
DA:136,0
DA:144,0
DA:146,0
DA:147,0
DA:153,1
DA:154,1
DA:157,1
DA:158,1
DA:160,0
DA:161,0
DA:162,1
DA:164,1
DA:170,1
DA:171,1
DA:174,1
DA:175,1
DA:177,0
DA:178,0
DA:179,1
DA:182,1
DA:183,1
DA:184,1
DA:186,0
DA:189,1
DA:195,0
DA:197,0
DA:201,0
DA:202,0
DA:208,0
DA:209,0
DA:210,0
DA:211,0
DA:217,0
DA:218,0
DA:219,0
DA:220,0
DA:226,0
DA:227,0
DA:228,0
DA:229,0
DA:235,0
DA:236,0
DA:237,0
DA:238,0
DA:244,0
DA:245,0
DA:246,0
DA:247,0
DA:253,0
DA:254,0
DA:255,0
DA:256,0
DA:262,0
DA:263,0
DA:264,0
DA:265,0
DA:271,0
DA:272,0
DA:273,0
DA:274,0
DA:280,0
DA:281,0
DA:282,0
DA:283,0
DA:289,0
DA:290,0
DA:291,0
DA:292,0
DA:298,1
DA:299,1
DA:300,1
DA:301,1
DA:307,0
DA:308,0
DA:309,0
DA:310,0
DA:316,0
DA:317,0
DA:318,0
DA:319,0
DA:325,0
DA:326,0
DA:327,0
DA:328,0
DA:334,0
DA:335,0
DA:336,0
DA:337,0
DA:343,0
DA:344,0
DA:345,0
DA:346,0
DA:352,0
DA:353,0
DA:354,0
DA:355,0
DA:361,0
DA:362,0
DA:363,0
DA:364,0
DA:370,0
DA:371,0
DA:372,0
DA:373,0
DA:379,0
DA:380,0
DA:381,0
DA:382,0
DA:388,0
DA:389,0
DA:390,0
DA:391,0
DA:397,0
DA:398,0
DA:399,0
DA:400,0
DA:406,0
DA:407,0
DA:408,0
DA:409,0
DA:415,0
DA:416,0
DA:417,0
DA:418,0
DA:424,0
DA:425,0
DA:426,0
DA:427,0
DA:433,0
DA:434,0
DA:435,0
DA:436,0
DA:442,0
DA:443,0
DA:444,0
DA:445,0
DA:451,0
DA:452,0
DA:453,0
DA:454,0
DA:460,0
DA:461,0
DA:462,0
DA:463,0
DA:469,0
DA:470,0
DA:471,0
DA:472,0
DA:478,0
DA:479,0
DA:480,0
DA:481,0
DA:487,0
DA:488,0
DA:489,0
DA:490,0
DA:498,0
DA:499,0
DA:500,0
DA:501,0
DA:509,0
DA:510,0
DA:511,0
DA:512,0
DA:519,0
DA:520,0
DA:521,0
DA:522,0
DA:528,0
DA:529,0
DA:530,0
DA:531,0
DA:537,0
DA:538,0
DA:539,0
DA:540,0
DA:546,0
DA:547,0
DA:548,0
DA:549,0
DA:555,0
DA:556,0
DA:557,0
DA:558,0
DA:564,0
DA:565,0
DA:566,0
DA:567,0
DA:573,0
DA:574,0
DA:575,0
DA:576,0
DA:582,0
DA:583,0
DA:584,0
DA:585,0
DA:591,0
DA:592,0
DA:593,0
DA:594,0
DA:600,0
DA:601,0
DA:602,0
DA:603,0
DA:609,0
DA:610,0
DA:611,0
DA:612,0
DA:618,0
DA:619,0
DA:620,0
DA:621,0
DA:627,0
DA:628,0
DA:629,0
DA:630,0
DA:636,0
DA:637,0
DA:638,0
DA:639,0
DA:645,0
DA:646,0
DA:647,0
DA:648,0
DA:654,0
DA:655,0
DA:656,0
DA:657,0
DA:663,0
DA:664,0
DA:665,0
DA:666,0
DA:673,0
DA:674,0
DA:675,0
DA:676,0
DA:682,0
DA:683,0
DA:684,0
DA:685,0
DA:691,0
DA:692,0
DA:693,0
DA:694,0
DA:700,0
DA:701,0
DA:702,0
DA:703,0
DA:709,0
DA:710,0
DA:711,0
DA:712,0
DA:718,0
DA:719,0
DA:720,0
DA:721,0
DA:727,0
DA:728,0
DA:729,0
DA:730,0
DA:736,0
DA:737,0
DA:738,0
DA:739,0
DA:745,0
DA:746,0
DA:747,0
DA:748,0
DA:754,0
DA:755,0
DA:756,0
DA:757,0
DA:763,0
DA:764,0
DA:765,0
DA:766,0
DA:772,0
DA:773,0
DA:774,0
DA:775,0
DA:781,0
DA:782,0
DA:783,0
DA:784,0
DA:790,0
DA:791,0
DA:792,0
DA:793,0
DA:799,0
DA:800,0
DA:801,0
DA:802,0
DA:808,0
DA:809,0
DA:810,0
DA:811,0
DA:817,0
DA:818,0
DA:819,0
DA:820,0
DA:826,0
DA:827,0
DA:828,0
DA:829,0
DA:835,0
DA:836,0
DA:837,0
DA:838,0
DA:844,0
DA:845,0
DA:846,0
DA:847,0
DA:854,0
DA:855,0
DA:856,0
DA:857,0
DA:864,0
DA:865,0
DA:866,0
DA:867,0
DA:873,0
DA:874,0
DA:875,0
DA:876,0
DA:882,0
DA:883,0
DA:884,0
DA:885,0
DA:891,0
DA:892,0
DA:893,0
DA:894,0
DA:900,0
DA:901,0
DA:902,0
DA:903,0
DA:909,0
DA:910,0
DA:911,0
DA:912,0
DA:918,0
DA:919,0
DA:920,0
DA:921,0
DA:927,0
DA:928,0
DA:929,0
DA:930,0
DA:936,0
DA:937,0
DA:938,0
DA:939,0
DA:945,0
DA:946,0
DA:947,0
DA:948,0
DA:954,0
DA:955,0
DA:956,0
DA:957,0
DA:963,0
DA:964,0
DA:965,0
DA:966,0
DA:972,0
DA:973,0
DA:974,0
DA:975,0
DA:981,0
DA:982,0
DA:983,0
DA:984,0
DA:990,0
DA:991,0
DA:992,0
DA:993,0
DA:999,0
DA:1000,0
DA:1001,0
DA:1002,0
DA:1008,0
DA:1009,0
DA:1010,0
DA:1011,0
DA:1017,0
DA:1018,0
DA:1019,0
DA:1020,0
DA:1026,0
DA:1027,0
DA:1028,0
DA:1029,0
DA:1035,1
DA:1036,1
DA:1037,1
DA:1038,1
DA:1044,1
DA:1045,1
DA:1046,1
DA:1047,1
DA:1053,0
DA:1054,0
DA:1055,0
DA:1056,0
[...]
DA:10799,0
DA:10800,0
DA:10801,0
DA:10811,0
DA:10813,0
DA:10818,0
DA:10819,0
DA:10820,0
DA:10822,0
DA:10823,0
DA:10824,0
DA:10825,0
DA:10827,0
DA:10832,0
DA:10833,0
DA:10837,0
DA:10839,0
DA:10841,0
DA:10842,0
DA:10844,0
DA:10845,0
DA:10846,0
DA:10848,0
DA:10849,0
DA:10851,0
DA:10853,0
DA:10856,0
DA:10861,0
DA:10862,0
DA:10883,284
DA:10887,284
DA:10889,0
DA:10890,0
DA:10893,284
DA:10894,284
DA:10896,0
DA:10897,0
DA:10900,284
DA:10901,284
DA:10903,0
DA:10904,0
DA:10905,0
DA:10906,284
DA:10907,142
DA:10917,0
DA:10921,0
DA:10923,0
DA:10924,0
DA:10927,0
DA:10928,0
DA:10930,0
DA:10931,0
DA:10934,0
DA:10935,0
DA:10937,0
DA:10938,0
DA:10940,0
DA:10942,0
DA:10943,0
DA:10944,0
DA:10945,0
DA:10946,0
DA:10955,0
DA:10959,0
DA:10961,0
DA:10962,0
DA:10965,0
DA:10966,0
DA:10968,0
DA:10969,0
DA:10972,0
DA:10973,0
DA:10975,0
DA:10976,0
DA:10977,0
DA:10979,0
DA:10980,0
DA:10989,0
DA:10993,0
DA:10995,0
DA:10996,0
DA:10999,0
DA:11000,0
DA:11002,0
DA:11003,0
DA:11006,0
DA:11007,0
DA:11009,0
DA:11010,0
DA:11012,0
DA:11014,0
DA:11015,0
DA:11016,0
DA:11018,0
DA:11019,0
DA:11031,0
DA:11033,0
DA:11034,0
DA:11036,0
DA:11039,0
DA:11042,0
DA:11043,0
DA:11049,0
DA:11052,0
DA:11053,0
DA:11054,0
DA:11055,0
DA:11056,0
DA:11057,0
DA:11058,0
DA:11060,0
DA:11063,0
DA:11065,0
DA:11068,0
DA:11069,0
DA:11073,0
DA:11074,0
DA:11090,0
DA:11099,0
DA:11100,0
DA:11105,0
DA:11106,0
DA:11109,0
DA:11110,0
DA:11111,0
DA:11112,0
DA:11113,0
DA:11114,0
DA:11116,0
DA:11121,0
DA:11122,0
DA:11125,0
DA:11126,0
DA:11127,0
DA:11129,0
DA:11130,0
DA:11131,0
DA:11132,0
DA:11134,0
DA:11136,0
DA:11139,0
DA:11140,0
DA:11141,0
DA:11142,0
DA:11143,0
DA:11146,0
DA:11152,0
DA:11153,0
DA:11155,0
DA:11157,0
DA:11158,0
DA:11159,0
DA:11160,0
DA:11162,0
DA:11163,0
DA:11164,0
DA:11166,0
DA:11169,0
DA:11170,0
DA:11171,0
DA:11172,0
DA:11173,0
DA:11174,0
DA:11175,0
DA:11178,0
DA:11180,0
DA:11182,0
DA:11184,0
DA:11185,0
DA:11189,0
DA:11191,0
DA:11193,0
DA:11195,0
DA:11198,0
DA:11217,0
DA:11224,0
DA:11226,0
DA:11227,0
DA:11228,0
DA:11231,0
DA:11232,0
DA:11234,0
DA:11236,0
DA:11237,0
DA:11238,0
DA:11239,0
DA:11240,0
DA:11241,0
DA:11243,0
DA:11245,0
DA:11249,0
DA:11251,0
DA:11252,0
DA:11254,0
DA:11255,0
DA:11256,0
DA:11257,0
DA:11258,0
DA:11260,0
DA:11261,0
DA:11262,0
DA:11264,0
DA:11266,0
DA:11267,0
DA:11269,0
DA:11270,0
DA:11271,0
DA:11272,0
DA:11273,0
DA:11274,0
DA:11275,0
DA:11277,0
DA:11278,0
DA:11280,0
DA:11283,0
DA:11285,0
DA:11287,0
DA:11288,0
DA:11290,0
DA:11295,0
DA:11296,0
DA:11300,0
DA:11302,0
DA:11304,0
DA:11307,0
DA:11309,0
DA:11311,0
DA:11312,0
DA:11314,0
DA:11316,0
DA:11317,0
DA:11320,0
DA:11321,0
DA:11322,0
DA:11324,0
DA:11326,0
DA:11327,0
DA:11329,0
DA:11330,0
DA:11331,0
DA:11332,0
DA:11333,0
DA:11336,0
DA:11337,0
DA:11339,0
DA:11342,0
DA:11343,0
DA:11344,0
DA:11382,0
DA:11386,0
DA:11387,0
DA:11389,0
DA:11391,0
DA:11392,0
DA:11393,0
DA:11396,0
DA:11397,0
DA:11398,0
DA:11401,0
DA:11402,0
DA:11403,0
DA:11404,0
DA:11407,0
DA:11409,0
DA:11410,0
DA:11411,0
DA:11415,0
DA:11416,0
DA:11418,0
DA:11419,0
DA:11420,0
DA:11422,0
DA:11424,0
DA:11426,0
DA:11427,0
DA:11429,0
DA:11430,0
DA:11431,0
DA:11432,0
DA:11434,0
DA:11435,0
DA:11437,0
DA:11438,0
DA:11439,0
DA:11441,0
DA:11442,0
DA:11443,0
DA:11445,0
DA:11446,0
DA:11448,0
DA:11450,0
DA:11451,0
DA:11453,0
DA:11456,0
DA:11458,0
DA:11459,0
DA:11461,0
DA:11462,0
DA:11464,0
DA:11465,0
DA:11466,0
DA:11468,0
DA:11470,0
DA:11472,0
DA:11473,0
DA:11475,0
DA:11477,0
DA:11479,0
DA:11481,0
DA:11482,0
DA:11484,0
DA:11487,0
DA:11493,0
DA:11495,0
DA:11496,0
DA:11498,0
DA:11500,0
DA:11502,0
DA:11503,0
DA:11504,0
DA:11509,0
DA:11511,0
DA:11512,0
DA:11514,0
DA:11515,0
DA:11516,0
DA:11517,0
DA:11518,0
DA:11519,0
DA:11524,0
DA:11526,0
DA:11527,0
DA:11529,0
DA:11531,0
DA:11533,0
DA:11534,0
DA:11536,0
DA:11538,0
DA:11539,0
DA:11540,0
DA:11541,0
DA:11542,0
DA:11543,0
DA:11565,0
DA:11568,0
DA:11570,0
DA:11571,0
DA:11574,0
DA:11575,0
DA:11576,0
DA:11577,0
DA:11578,0
DA:11580,0
DA:11581,0
DA:11583,0
DA:11585,0
DA:11586,0
DA:11601,0
DA:11603,0
DA:11605,0
DA:11606,0
DA:11607,0
DA:11608,0
DA:11629,0
DA:11631,0
DA:11635,0
DA:11637,0
DA:11639,0
DA:11640,0
DA:11641,0
DA:11643,0
DA:11645,0
DA:11646,0
DA:11649,0
DA:11650,0
DA:11651,0
DA:11652,0
DA:11653,0
DA:11654,0
DA:11656,0
DA:11658,0
DA:11659,0
DA:11660,0
DA:11661,0
DA:11662,0
DA:11663,0
DA:11664,0
DA:11665,0
DA:11666,0
DA:11669,0
DA:11670,0
DA:11672,0
DA:11673,0
DA:11675,0
DA:11676,0
DA:11677,0
DA:11679,0
DA:11681,0
DA:11682,0
DA:11683,0
DA:11685,0
DA:11687,0
DA:11688,0
DA:11689,0
DA:11690,0
DA:11691,0
DA:11693,0
DA:11695,0
DA:11696,0
DA:11697,0
DA:11698,0
DA:11700,0
DA:11701,0
DA:11702,0
DA:11704,0
DA:11705,0
DA:11706,0
DA:11708,0
DA:11709,0
DA:11710,0
DA:11711,0
DA:11712,0
DA:11713,0
DA:11714,0
DA:11715,0
DA:11716,0
DA:11717,0
DA:11718,0
DA:11720,0
DA:11721,0
DA:11722,0
DA:11723,0
DA:11725,0
DA:11726,0
DA:11727,0
DA:11728,0
DA:11729,0
DA:11730,0
DA:11731,0
DA:11732,0
DA:11734,0
DA:11735,0
DA:11736,0
DA:11737,0
DA:11738,0
DA:11740,0
DA:11742,0
DA:11743,0
DA:11744,0
DA:11746,0
DA:11748,0
DA:11749,0
DA:11750,0
DA:11752,0
DA:11754,0
DA:11755,0
DA:11757,0
DA:11759,0
DA:11760,0
DA:11762,0
DA:11765,0
DA:11766,0
DA:11767,0
DA:11768,0
DA:11770,0
DA:11771,0
DA:11799,0
DA:11801,0
DA:11802,0
DA:11806,0
DA:11807,0
DA:11808,0
DA:11809,0
DA:11810,0
DA:11812,0
DA:11814,0
DA:11815,0
DA:11816,0
DA:11817,0
DA:11819,0
DA:11821,0
DA:11823,0
DA:11824,0
DA:11825,0
DA:11826,0
DA:11827,0
DA:11828,0
DA:11829,0
DA:11830,0
DA:11831,0
DA:11832,0
DA:11835,0
DA:11837,0
DA:11853,0
DA:11860,0
DA:11862,0
DA:11863,0
DA:11865,0
DA:11867,0
DA:11868,0
DA:11869,0
DA:11871,0
DA:11874,0
DA:11876,0
DA:11877,0
DA:11879,0
DA:11880,0
DA:11881,0
DA:11887,0
DA:11889,0
DA:11890,0
DA:11892,0
DA:11895,0
DA:11896,0
DA:11897,0
DA:11900,0
DA:11901,0
DA:11905,0
DA:11907,0
DA:11908,0
DA:11909,0
DA:11911,0
DA:11914,0
DA:11915,0
DA:11917,0
DA:11918,0
DA:11920,0
DA:11924,0
DA:11925,0
DA:11927,0
DA:11928,0
DA:11929,0
DA:11930,0
DA:11931,0
DA:11934,0
DA:11935,0
DA:11936,0
DA:11937,0
DA:11939,0
DA:11942,0
DA:11943,0
DA:11945,0
DA:11946,0
DA:11950,0
DA:11951,0
DA:11953,0
DA:11954,0
DA:11959,0
DA:11961,0
DA:11962,0
DA:11965,0
DA:11967,0
DA:11968,0
DA:11969,0
DA:11970,0
DA:11972,0
DA:11975,0
DA:11976,0
DA:11978,0
DA:11979,0
DA:11981,0
DA:11985,0
DA:11986,0
DA:11988,0
DA:11989,0
DA:11990,0
DA:11991,0
DA:11992,0
DA:11994,0
DA:11995,0
DA:11997,0
DA:11998,0
DA:12001,0
DA:12003,0
DA:12005,0
DA:12006,0
DA:12007,0
DA:12008,0
DA:12010,0
DA:12013,0
DA:12017,0
DA:12018,0
DA:12020,0
DA:12022,0
DA:12023,0
DA:12025,0
DA:12028,0
DA:12029,0
DA:12030,0
DA:12036,0
DA:12038,0
DA:12040,0
DA:12041,0
DA:12043,0
DA:12048,0
DA:12051,0
DA:12052,0
DA:12053,0
DA:12055,0
DA:12075,0
DA:12077,0
DA:12084,0
DA:12086,0
DA:12087,0
DA:12090,0
DA:12091,0
DA:12093,0
DA:12094,0
DA:12097,0
DA:12099,0
DA:12100,0
DA:12101,0
DA:12102,0
DA:12104,0
DA:12105,0
DA:12107,0
DA:12108,0
DA:12111,0
DA:12112,0
DA:12113,0
DA:12114,0
DA:12115,0
DA:12116,0
DA:12118,0
DA:12119,0
DA:12120,0
DA:12121,0
DA:12122,0
DA:12123,0
DA:12124,0
DA:12125,0
DA:12126,0
DA:12127,0
DA:12129,0
DA:12130,0
DA:12132,0
DA:12133,0
DA:12137,0
DA:12138,0
DA:12140,0
DA:12141,0
DA:12143,0
DA:12144,0
DA:12189,8
DA:12192,8
DA:12196,8
DA:12197,8
DA:12199,0
DA:12202,8
DA:12204,8
DA:12205,8
DA:12206,8
DA:12207,8
DA:12208,8
DA:12209,8
DA:12210,88
DA:12211,80
DA:12213,80
DA:12214,40
DA:12215,8
DA:12216,8
DA:12218,8
DA:12219,8
DA:12220,4
DA:12224,8
DA:12226,8
DA:12230,8
DA:12231,8
DA:12232,8
DA:12233,88
DA:12234,80
DA:12235,80
DA:12236,40
DA:12237,8
DA:12239,8
DA:12240,8
DA:12250,8
DA:12254,8
DA:12255,8
DA:12256,0
DA:12258,0
DA:12259,0
DA:12260,0
DA:12261,0
DA:12264,8
DA:12265,8
DA:12266,4
DA:12278,0
DA:12281,0
DA:12282,0
DA:12283,0
DA:12284,0
DA:12285,0
DA:12286,0
DA:12287,0
DA:12289,0
DA:12290,0
DA:12291,0
DA:12293,0
DA:12294,0
DA:12297,0
DA:12298,0
DA:12299,0
DA:12310,8
DA:12313,8
DA:12315,0
DA:12316,0
DA:12319,8
DA:12320,8
DA:12322,0
DA:12323,0
DA:12326,8
DA:12328,8
DA:12329,8
DA:12330,4
DA:12366,8
DA:12369,8
DA:12371,0
DA:12372,0
DA:12375,8
DA:12376,8
DA:12378,0
DA:12379,0
DA:12381,8
DA:12383,8
DA:12384,8
DA:12386,8
DA:12387,4
DA:12388,4
DA:12390,8
DA:12391,8
DA:12392,4
DA:12415,8
DA:12418,8
DA:12420,0
DA:12421,0
DA:12424,8
DA:12425,8
DA:12427,0
DA:12428,0
DA:12430,8
DA:12432,8
DA:12433,4
DA:12435,8
DA:12436,8
DA:12437,4
DA:12458,0
DA:12461,0
DA:12463,0
DA:12464,0
DA:12467,0
DA:12468,0
DA:12470,0
DA:12471,0
DA:12473,0
DA:12475,0
DA:12476,0
DA:12478,0
DA:12479,0
DA:12480,0
DA:12500,0
DA:12503,0
DA:12505,0
DA:12506,0
DA:12509,0
DA:12510,0
DA:12512,0
DA:12513,0
DA:12515,0
DA:12517,0
DA:12518,0
DA:12520,0
DA:12521,0
DA:12522,0
DA:12544,0
DA:12547,0
DA:12549,0
DA:12550,0
DA:12553,0
DA:12554,0
DA:12556,0
DA:12557,0
DA:12559,0
DA:12561,0
DA:12562,0
DA:12564,0
DA:12565,0
DA:12566,0
DA:12588,0
DA:12591,0
DA:12593,0
DA:12594,0
DA:12597,0
DA:12598,0
DA:12600,0
DA:12601,0
DA:12603,0
DA:12605,0
DA:12606,0
DA:12608,0
DA:12609,0
DA:12610,0
DA:12639,0
DA:12642,0
DA:12644,0
DA:12645,0
DA:12648,0
DA:12649,0
DA:12651,0
DA:12652,0
DA:12654,0
DA:12656,0
DA:12657,0
DA:12659,0
DA:12660,0
DA:12661,0
DA:12688,0
DA:12691,0
DA:12693,0
DA:12694,0
DA:12697,0
DA:12698,0
DA:12700,0
DA:12701,0
DA:12703,0
DA:12705,0
DA:12706,0
DA:12708,0
DA:12709,0
DA:12710,0
DA:12740,0
DA:12743,0
DA:12745,0
DA:12746,0
DA:12749,0
DA:12750,0
DA:12752,0
DA:12753,0
DA:12755,0
DA:12757,0
DA:12758,0
DA:12760,0
DA:12761,0
DA:12762,0
DA:12774,0
DA:12777,0
DA:12779,0
DA:12780,0
DA:12783,0
DA:12784,0
DA:12786,0
DA:12787,0
DA:12790,0
DA:12791,0
DA:12792,0
DA:12804,0
DA:12809,0
DA:12811,0
DA:12812,0
DA:12815,0
DA:12816,0
DA:12818,0
DA:12819,0
DA:12822,0
DA:12823,0
DA:12825,0
DA:12826,0
DA:12829,0
DA:12831,0
DA:12832,0
DA:12833,0
DA:12847,0
DA:12850,0
DA:12852,0
DA:12853,0
DA:12856,0
DA:12857,0
DA:12859,0
DA:12860,0
DA:12863,0
DA:12868,0
DA:12869,0
DA:12870,0
DA:12882,0
DA:12887,0
DA:12889,0
DA:12890,0
DA:12893,0
DA:12894,0
DA:12896,0
DA:12897,0
DA:12900,0
DA:12901,0
DA:12903,0
DA:12904,0
DA:12907,0
DA:12909,0
DA:12910,0
DA:12911,0
DA:12923,4
DA:12926,4
DA:12928,0
DA:12929,0
DA:12932,4
DA:12933,4
DA:12935,0
DA:12936,0
DA:12939,4
DA:12940,4
DA:12941,2
DA:12952,26
DA:12956,26
DA:12957,26
DA:12958,0
DA:12959,0
DA:12961,26
DA:12963,0
DA:12964,0
DA:12966,26
DA:12967,26
DA:12968,13
DA:12973,14
DA:12977,14
DA:12978,14
DA:12979,0
DA:12980,0
DA:12982,14
DA:12986,0
DA:12987,0
DA:12988,0
DA:12989,0
DA:12990,0
DA:12993,0
DA:12995,0
DA:12996,0
DA:12998,0
DA:12999,0
DA:13001,0
DA:13002,0
DA:13004,0
DA:13005,0
DA:13006,0
DA:13008,14
DA:13009,7
DA:13027,14
DA:13029,14
DA:13032,14
DA:13034,14
DA:13036,0
DA:13039,14
DA:13041,14
DA:13042,14
DA:13043,0
DA:13045,0
DA:13048,14
DA:13050,14
DA:13051,14
DA:13052,14
DA:13053,7
DA:13066,8
DA:13068,8
DA:13071,8
DA:13073,8
DA:13075,0
DA:13078,8
DA:13079,8
DA:13080,0
DA:13082,0
DA:13085,8
DA:13087,8
DA:13088,8
DA:13089,4
DA:13103,4
DA:13105,4
DA:13108,4
DA:13110,4
DA:13112,0
DA:13115,4
DA:13116,4
DA:13118,0
DA:13121,4
DA:13123,4
DA:13124,4
DA:13125,2
DA:13139,4
DA:13141,4
DA:13144,4
DA:13146,4
DA:13148,4
DA:13151,0
DA:13152,0
DA:13153,0
DA:13155,0
DA:13158,0
DA:13160,0
DA:13161,0
DA:13162,0
DA:13163,2
DA:13177,0
DA:13179,0
DA:13182,0
DA:13184,0
DA:13186,0
DA:13189,0
DA:13190,0
DA:13191,0
DA:13193,0
DA:13196,0
DA:13198,0
DA:13199,0
DA:13200,0
DA:13201,0
DA:13213,0
DA:13215,0
DA:13218,0
DA:13220,0
DA:13222,0
DA:13225,0
DA:13226,0
DA:13228,0
DA:13231,0
DA:13233,0
DA:13234,0
DA:13235,0
DA:13242,4
DA:13244,4
DA:13246,4
DA:13247,4
DA:13248,4
DA:13249,4
DA:13250,2
DA:13252,4
DA:13271,8
DA:13277,8
DA:13279,0
DA:13280,0
DA:13283,8
DA:13284,8
DA:13286,0
DA:13287,0
DA:13289,8
DA:13293,0
DA:13295,0
DA:13298,0
DA:13299,0
DA:13301,8
DA:13303,8
DA:13305,8
DA:13317,8
DA:13319,8
DA:13321,8
DA:13322,8
DA:13323,8
DA:13325,8
DA:13326,8
DA:13327,4
DA:13349,0
DA:13352,0
DA:13354,0
DA:13355,0
DA:13358,0
DA:13359,0
DA:13361,0
DA:13362,0
DA:13365,0
DA:13366,0
DA:13367,0
DA:13380,0
DA:13384,0
DA:13386,0
DA:13387,0
DA:13390,0
DA:13391,0
DA:13393,0
DA:13394,0
DA:13397,0
DA:13398,0
DA:13399,0
DA:13402,0
DA:13403,0
DA:13404,0
DA:13405,0
DA:13406,0
DA:13408,0
DA:13409,0
DA:13411,0
DA:13412,0
DA:13423,4
DA:13425,4
DA:13426,4
DA:13427,4
DA:13428,2
DA:13429,4
DA:13430,0
DA:13431,0
DA:13432,0
DA:13433,0
DA:13434,0
DA:13435,0
DA:13436,0
DA:13437,0
DA:13438,0
DA:13439,2
DA:13440,4
DA:13441,4
DA:13442,0
DA:13443,0
DA:13444,0
DA:13445,0
DA:13446,0
DA:13447,0
DA:13448,0
DA:13449,0
DA:13450,0
DA:13451,0
DA:13452,0
DA:13453,0
DA:13454,0
DA:13455,0
DA:13456,0
DA:13458,4
DA:13481,0
DA:13485,0
DA:13487,0
DA:13488,0
DA:13491,0
DA:13492,0
DA:13494,0
DA:13495,0
DA:13497,0
DA:13499,0
DA:13500,0
DA:13502,0
DA:13504,0
DA:13506,0
DA:13508,0
DA:13509,0
DA:13510,0
DA:13511,0
DA:13512,0
DA:13513,0
DA:13514,0
DA:13515,0
DA:13516,0
DA:13517,0
DA:13518,0
DA:13519,0
DA:13520,0
DA:13521,0
DA:13522,0
DA:13523,0
DA:13524,0
DA:13525,0
DA:13526,0
DA:13527,0
DA:13528,0
DA:13529,0
DA:13530,0
DA:13531,0
DA:13535,0
DA:13536,0
DA:13594,0
DA:13600,0
DA:13601,0
DA:13602,0
DA:13613,0
DA:13617,0
DA:13619,0
DA:13620,0
DA:13623,0
DA:13624,0
DA:13626,0
DA:13627,0
DA:13629,0
DA:13631,0
DA:13632,0
DA:13633,0
DA:13634,0
DA:13636,0
DA:13638,0
DA:13639,0
DA:13793,2
DA:13797,250
DA:13802,248
DA:13803,248
DA:13804,0
DA:13806,124
DA:13807,2
DA:13808,1
DA:13813,150
DA:13826,150
DA:13828,150
DA:13830,0
DA:13831,0
DA:13833,150
DA:13834,150
DA:13836,98
DA:13839,52
DA:13840,52
DA:13842,52
DA:13845,0
DA:13849,0
DA:13850,75
DA:13865,14756
DA:13869,14756
DA:13870,14756
DA:13871,0
DA:13874,14756
DA:13876,14756
DA:13877,14756
DA:13878,14756
DA:13879,14756
DA:13880,7378
DA:13885,72608
DA:13888,72608
DA:13902,42764
DA:13907,42764
DA:13909,42764
DA:13910,23279
DA:13911,46544
DA:13912,17424
DA:13914,29120
DA:13916,25340
DA:13919,3780
DA:13922,17424
DA:13923,21382
DA:13934,14756
DA:13937,14756
DA:13941,14
DA:13942,14
DA:13943,14
DA:13944,14
DA:13947,14
DA:13949,1376
DA:13951,1362
DA:13953,1362
DA:13955,1362
DA:13956,1362
DA:13957,175
DA:13958,88
DA:13959,1362
DA:13961,1362
DA:13962,681
DA:13964,14
DA:13966,14
DA:13967,14
DA:13968,7
DA:13969,7
DA:13971,14756
DA:13973,14756
DA:13974,14756
DA:13975,2941
DA:13976,1474
DA:13977,14756
DA:13978,14756
DA:13979,14756
DA:13980,14756
DA:13994,13958
DA:14000,13958
DA:14001,13958
DA:14003,16804
DA:14004,2846
DA:14005,2844
DA:14006,1422
DA:14007,1423
DA:14008,25188
DA:14009,11230
DA:14010,182
DA:14011,91
DA:14012,5615
DA:14013,13958
DA:14014,232
DA:14015,117
DA:14016,13726
DA:14018,13958
DA:14019,2420
DA:14020,1212
DA:14021,13958
DA:14023,13958
DA:14024,13958
DA:14025,13958
DA:14026,13958
DA:14027,13958
DA:14038,15088
DA:14046,15088
DA:14049,15088
DA:14050,15088
DA:14052,14756
DA:14053,14756
DA:14054,0
DA:14056,14756
DA:14058,14756
DA:14059,7378
DA:14060,15100
DA:14062,12
DA:14064,15088
DA:14069,2666
DA:14070,2666
DA:14071,2666
DA:14072,0
DA:14073,0
DA:14074,1333
DA:14075,15088
DA:14077,2992
DA:14078,1496
DA:14079,15088
DA:14081,12024
DA:14082,6012
DA:14083,15088
DA:14084,7544
DA:14094,13714
DA:14104,13714
DA:14105,13714
DA:14107,2664
DA:14110,11050
DA:14112,2
DA:14113,6
DA:14114,4
DA:14116,2
DA:14122,1
DA:14123,2
DA:14124,1
DA:14125,11050
DA:14127,11048
DA:14128,22096
DA:14129,11048
DA:14131,11048
DA:14132,5524
DA:14133,5524
DA:14134,5524
DA:14135,11050
DA:14136,6857
DA:14146,812
DA:14158,812
DA:14159,812
DA:14160,43865
DA:14161,43053
DA:14163,0
DA:14164,0
DA:14167,43053
DA:14169,812
DA:14171,812
DA:14173,0
DA:14175,0
DA:14177,0
DA:14178,0
DA:14179,0
DA:14180,0
DA:14181,0
DA:14183,0
DA:14184,0
DA:14186,0
DA:14187,0
DA:14189,0
DA:14191,0
DA:14192,406
DA:14212,0
DA:14214,0
DA:14215,0
DA:14216,0
DA:14219,0
DA:14222,0
DA:14224,0
DA:14225,0
DA:14227,0
DA:14228,0
DA:14230,0
DA:14231,0
DA:14232,0
DA:14234,0
DA:14235,0
DA:14242,0
DA:14243,0
DA:14244,0
DA:14245,0
DA:14246,0
DA:14247,0
DA:14249,0
DA:14257,0
DA:14259,0
DA:14260,0
DA:14261,0
DA:14262,0
DA:14263,0
DA:14264,0
DA:14265,0
DA:14267,0
DA:14268,0
DA:14269,0
DA:14271,0
DA:14272,0
DA:14274,0
DA:14275,0
DA:14276,0
DA:14277,0
DA:14278,0
DA:14279,0
DA:14280,0
DA:14282,0
DA:14283,0
DA:14284,0
DA:14286,0
DA:14287,0
DA:14288,0
DA:14289,0
DA:14291,0
DA:14292,0
DA:14295,0
DA:14296,0
DA:14297,0
DA:14299,0
DA:14300,0
DA:14302,0
DA:14303,0
DA:14304,0
DA:14306,0
DA:14307,0
DA:14308,0
DA:14309,0
DA:14310,0
DA:14311,0
DA:14312,0
DA:14313,0
DA:14314,0
DA:14315,0
DA:14317,0
DA:14318,0
DA:14319,0
DA:14320,0
DA:14321,0
DA:14322,0
DA:14324,0
DA:14325,0
DA:14326,0
DA:14327,0
DA:14328,0
DA:14329,0
DA:14331,0
DA:14332,0
DA:14333,0
DA:14334,0
DA:14336,0
DA:14338,0
DA:14340,0
DA:14341,0
DA:14342,0
DA:14343,0
DA:14344,0
DA:14350,0
DA:14355,0
DA:14356,0
DA:14357,0
DA:14358,0
DA:14360,0
DA:14361,0
DA:14363,0
DA:14364,0
DA:14366,0
DA:14367,0
DA:14369,0
DA:14370,0
DA:14371,0
DA:14372,0
DA:14380,0
DA:14385,0
DA:14386,0
DA:14389,0
DA:14390,0
DA:14391,0
DA:14392,0
DA:14393,0
DA:14394,0
DA:14396,0
DA:14399,0
DA:14402,0
DA:14403,0
DA:14404,0
DA:14405,0
DA:14407,0
DA:14408,0
DA:14410,0
DA:14412,0
DA:14413,0
DA:14414,0
DA:14423,0
DA:14425,0
DA:14430,0
DA:14431,0
DA:14432,0
DA:14433,0
DA:14434,0
DA:14435,0
DA:14437,0
DA:14438,0
DA:14439,0
DA:14440,0
DA:14442,0
DA:14443,0
DA:14445,0
DA:14446,0
DA:14447,0
DA:14452,0
DA:14453,0
DA:14454,0
DA:14455,0
DA:14458,0
DA:14467,0
DA:14481,0
DA:14482,0
DA:14483,0
DA:14485,0
DA:14487,0
DA:14490,0
DA:14491,0
DA:14492,0
DA:14493,0
DA:14496,0
DA:14497,0
DA:14498,0
DA:14500,0
DA:14501,0
DA:14503,0
DA:14504,0
DA:14505,0
DA:14506,0
DA:14507,0
DA:14509,0
DA:14510,0
DA:14512,0
DA:14513,0
DA:14516,0
DA:14517,0
DA:14518,0
DA:14520,0
DA:14521,0
DA:14523,0
DA:14524,0
DA:14526,0
DA:14527,0
DA:14530,0
DA:14531,0
DA:14532,0
DA:14534,0
DA:14535,0
DA:14536,0
DA:14537,0
DA:14538,0
DA:14539,0
DA:14540,0
DA:14541,0
DA:14542,0
DA:14543,0
DA:14551,0
DA:14558,0
DA:14559,0
DA:14565,0
DA:14567,0
DA:14568,0
DA:14570,0
DA:14572,0
DA:14574,0
DA:14576,0
DA:14577,0
DA:14579,0
DA:14580,0
DA:14582,0
DA:14583,0
DA:14584,0
DA:14587,0
DA:14589,0
DA:14591,0
DA:14592,0
DA:14593,0
DA:14594,0
DA:14595,0
DA:14596,0
DA:14598,0
DA:14599,0
DA:14601,0
DA:14603,0
DA:14604,0
DA:14605,0
DA:14606,0
DA:14608,0
DA:14610,0
DA:14611,0
DA:14612,0
DA:14614,0
DA:14615,0
DA:14616,0
DA:14617,0
DA:14619,0
DA:14620,0
DA:14621,0
DA:14622,0
DA:14623,0
DA:14625,0
DA:14627,0
DA:14630,0
DA:14636,0
DA:14641,0
DA:14643,0
DA:14645,0
DA:14646,0
DA:14647,0
DA:14649,0
DA:14651,0
DA:14653,0
DA:14654,0
DA:14659,0
DA:14661,0
DA:14666,0
DA:14667,0
DA:14669,0
DA:14671,0
DA:14673,0
DA:14674,0
DA:14676,0
DA:14677,0
DA:14680,0
DA:14681,0
DA:14683,0
DA:14684,0
DA:14686,0
DA:14687,0
DA:14688,0
DA:14691,0
DA:14692,0
DA:14693,0
DA:14694,0
DA:14695,0
DA:14696,0
DA:14698,0
DA:14699,0
DA:14700,0
DA:14701,0
DA:14703,0
DA:14705,0
DA:14706,0
DA:14707,0
DA:14708,0
DA:14711,0
DA:14712,0
DA:14722,0
DA:14733,0
DA:14734,0
DA:14735,0
DA:14737,0
DA:14739,0
DA:14740,0
DA:14741,0
DA:14744,0
DA:14749,0
DA:14752,0
DA:14756,0
DA:14759,0
DA:14760,0
DA:14761,0
DA:14762,0
DA:14765,0
DA:14766,0
DA:14768,0
DA:14771,0
DA:14772,0
DA:14775,0
DA:14776,0
DA:14778,0
DA:14779,0
DA:14782,0
DA:14783,0
DA:14793,0
DA:14794,0
DA:14797,0
DA:14798,0
DA:14800,0
DA:14803,0
DA:14804,0
DA:14807,0
DA:14808,0
DA:14809,0
DA:14812,0
DA:14813,0
DA:14815,0
DA:14817,0
DA:14818,0
DA:14819,0
DA:14822,0
DA:14823,0
DA:14825,0
DA:14827,0
DA:14828,0
DA:14829,0
DA:14832,0
DA:14833,0
DA:14835,0
DA:14837,0
DA:14838,0
DA:14839,0
DA:14842,0
DA:14843,0
DA:14845,0
DA:14847,0
DA:14848,0
DA:14849,0
DA:14852,0
DA:14853,0
DA:14855,0
DA:14857,0
DA:14858,0
DA:14859,0
DA:14862,0
DA:14863,0
DA:14865,0
DA:14867,0
DA:14868,0
DA:14869,0
DA:14872,0
DA:14873,0
DA:14875,0
DA:14877,0
DA:14878,0
DA:14879,0
DA:14882,0
DA:14883,0
DA:14885,0
DA:14889,0
DA:14890,0
DA:14891,0
DA:14894,0
DA:14895,0
DA:14897,0
DA:14900,0
DA:14901,0
DA:14903,0
DA:14905,0
DA:14907,0
DA:14908,0
DA:14909,0
DA:14910,0
DA:14911,0
DA:14912,0
DA:14914,0
DA:14915,0
DA:14916,0
DA:14918,0
DA:14919,0
DA:14920,0
DA:14922,0
DA:14923,0
DA:14925,0
DA:14927,0
DA:14928,0
DA:14929,0
DA:14931,0
DA:14932,0
DA:14933,0
DA:14934,0
DA:14935,0
DA:14937,0
DA:14938,0
DA:14939,0
DA:14940,0
DA:14942,0
DA:14943,0
DA:14944,0
DA:14945,0
DA:14946,0
DA:14948,0
DA:14949,0
DA:14950,0
DA:14951,0
LF:6778
LH:2597
end_of_record
