TN:
SF:src/ph7/api.c
FN:1034,1064,ph7_create_function
FN:1069,1098,ph7_delete_function
FN:1103,1137,ph7_create_constant
FN:1142,1170,ph7_delete_constant
FN:1175,1190,ph7_new_scalar
FN:1195,1216,ph7_new_array
FN:1221,1233,ph7_release_value
FN:1238,1246,ph7_value_to_int
FN:1251,1259,ph7_value_to_bool
FN:1264,1272,ph7_value_to_int64
FN:1277,1285,ph7_value_to_double
FN:1290,1306,ph7_value_to_string
FN:1311,1318,ph7_value_to_resource
FN:1323,1334,ph7_value_compare
FN:1339,1342,ph7_result_int
FN:1347,1350,ph7_result_int64
FN:1355,1358,ph7_result_bool
FN:1363,1366,ph7_result_double
FN:1371,1376,ph7_result_null
FN:1381,1384,ph7_result_string
FN:1389,1405,ph7_result_string_format
FN:1410,1419,ph7_result_value
FN:1424,1427,ph7_result_resource
FN:1432,1443,ph7_context_new_scalar
FN:1448,1459,ph7_context_new_array
FN:1464,1467,ph7_context_release_value
FN:1472,1491,ph7_context_alloc_chunk
FN:1498,1517,ContextFindChunk
FN:1522,1534,ph7_context_realloc_chunk
FN:1539,1552,ph7_context_free_chunk
FN:1557,1583,ph7_array_fetch
FN:158,261,PH7CoreConfigure
FN:1588,1601,ph7_array_walk
FN:1606,1616,ph7_array_add_elem
FN:1621,1640,ph7_array_add_strkey_elem
FN:1645,1658,ph7_array_add_intkey_elem
FN:1663,1673,ph7_array_count
FN:1678,1691,ph7_object_walk
FN:1696,1709,ph7_object_fetch_attr
FN:1714,1731,ph7_object_get_class_name
FN:1736,1746,ph7_context_output
FN:1751,1759,ph7_context_output_format
FN:1764,1771,ph7_context_throw_error
FN:1776,1787,ph7_context_throw_error_format
FN:1792,1797,ph7_context_random_num
FN:1802,1809,ph7_context_random_string
FN:1822,1825,ph7_context_user_data
FN:1830,1837,ph7_context_push_aux_data
FN:1842,1847,ph7_context_peek_aux_data
FN:1852,1857,ph7_context_pop_aux_data
FN:1862,1865,ph7_context_result_buf_length
FN:1870,1875,ph7_function_name
FN:1880,1887,ph7_value_int
FN:1892,1899,ph7_value_int64
FN:1904,1911,ph7_value_bool
FN:1916,1921,ph7_value_null
FN:1926,1935,ph7_value_double
FN:1940,1957,ph7_value_string
FN:1962,1976,ph7_value_string_format
FN:1981,1986,ph7_value_reset_string_cursor
FN:1991,1999,ph7_value_resource
FN:2004,2008,ph7_value_release
FN:2013,2021,ph7_value_is_int
FN:2026,2029,ph7_value_is_float
FN:2034,2037,ph7_value_is_bool
FN:2042,2045,ph7_value_is_string
FN:2050,2053,ph7_value_is_null
FN:2058,2063,ph7_value_is_numeric
FN:2068,2073,ph7_value_is_callable
FN:2078,2081,ph7_value_is_scalar
FN:2086,2089,ph7_value_is_array
FN:2094,2097,ph7_value_is_object
FN:2102,2105,ph7_value_is_resource
FN:2110,2115,ph7_value_is_empty
FN:2120,2124,ph7_value_is_fiber
FN:2129,2133,ph7_fiber_start
FN:2138,2142,ph7_fiber_resume
FN:2147,2151,ph7_fiber_is_suspended
FN:2156,2160,ph7_fiber_is_terminated
FN:2166,2170,ph7_fiber_return_value
FN:266,279,ph7_lib_config
FN:290,364,PH7CoreInitialize
FN:369,374,ph7_lib_init
FN:378,397,EngineRelease
FN:405,438,PH7CoreShutdown
FN:443,451,ph7_lib_shutdown
FN:456,472,ph7_lib_is_threadsafe
FN:477,480,ph7_lib_version
FN:485,488,ph7_lib_signature
FN:493,496,ph7_lib_ident
FN:501,504,ph7_lib_copyright
FN:509,532,ph7_config
FN:537,602,ph7_init
FN:607,643,ph7_release
FN:654,751,ProcessScript
FN:756,784,ph7_compile
FN:78,151,EngineConfig
FN:789,817,ph7_compile_v2
FN:822,874,ph7_compile_file
FN:879,894,ph7_vm_dump_v2
FN:899,924,ph7_vm_config
FN:929,956,ph7_vm_exec
FN:961,982,ph7_vm_reset
FN:987,1029,ph7_vm_release
FNDA:883254,ph7_create_function
FNDA:0,ph7_delete_function
FNDA:458719,ph7_create_constant
FNDA:0,ph7_delete_constant
FNDA:5846,ph7_new_scalar
FNDA:23262,ph7_new_array
FNDA:19060,ph7_release_value
FNDA:200918,ph7_value_to_int
FNDA:455,ph7_value_to_bool
FNDA:631,ph7_value_to_int64
FNDA:467,ph7_value_to_double
FNDA:377853,ph7_value_to_string
FNDA:15170,ph7_value_to_resource
FNDA:15,ph7_value_compare
FNDA:7546,ph7_result_int
FNDA:7808,ph7_result_int64
FNDA:175401,ph7_result_bool
FNDA:299,ph7_result_double
FNDA:118,ph7_result_null
FNDA:569518,ph7_result_string
FNDA:139,ph7_result_string_format
FNDA:16273,ph7_result_value
FNDA:2535,ph7_result_resource
FNDA:4126,ph7_context_new_scalar
FNDA:5922,ph7_context_new_array
FNDA:238,ph7_context_release_value
FNDA:2521,ph7_context_alloc_chunk
FNDA:2495,ContextFindChunk
FNDA:0,ph7_context_realloc_chunk
FNDA:2495,ph7_context_free_chunk
FNDA:76,ph7_array_fetch
FNDA:5757,PH7CoreConfigure
FNDA:16443,ph7_array_walk
FNDA:1148619,ph7_array_add_elem
FNDA:4141,ph7_array_add_strkey_elem
FNDA:179,ph7_array_add_intkey_elem
FNDA:69553,ph7_array_count
FNDA:20,ph7_object_walk
FNDA:4,ph7_object_fetch_attr
FNDA:0,ph7_object_get_class_name
FNDA:636,ph7_context_output
FNDA:1,ph7_context_output_format
FNDA:12,ph7_context_throw_error
FNDA:21,ph7_context_throw_error_format
FNDA:17,ph7_context_random_num
FNDA:0,ph7_context_random_string
FNDA:29819,ph7_context_user_data
FNDA:1,ph7_context_push_aux_data
FNDA:3,ph7_context_peek_aux_data
FNDA:1,ph7_context_pop_aux_data
FNDA:3224,ph7_context_result_buf_length
FNDA:14223,ph7_function_name
FNDA:18237,ph7_value_int
FNDA:7882,ph7_value_int64
FNDA:175404,ph7_value_bool
FNDA:4,ph7_value_null
FNDA:362,ph7_value_double
FNDA:650258,ph7_value_string
FNDA:11,ph7_value_string_format
FNDA:74297,ph7_value_reset_string_cursor
FNDA:2580,ph7_value_resource
FNDA:1984,ph7_value_release
FNDA:7085,ph7_value_is_int
FNDA:1143,ph7_value_is_float
FNDA:814,ph7_value_is_bool
FNDA:52035,ph7_value_is_string
FNDA:1501,ph7_value_is_null
FNDA:290,ph7_value_is_numeric
FNDA:13951,ph7_value_is_callable
FNDA:6,ph7_value_is_scalar
FNDA:81649,ph7_value_is_array
FNDA:1462,ph7_value_is_object
FNDA:16274,ph7_value_is_resource
FNDA:16873,ph7_value_is_empty
FNDA:0,ph7_value_is_fiber
FNDA:0,ph7_fiber_start
FNDA:0,ph7_fiber_resume
FNDA:0,ph7_fiber_is_suspended
FNDA:0,ph7_fiber_is_terminated
FNDA:0,ph7_fiber_return_value
FNDA:5757,ph7_lib_config
FNDA:1919,PH7CoreInitialize
FNDA:0,ph7_lib_init
FNDA:1919,EngineRelease
FNDA:186,PH7CoreShutdown
FNDA:186,ph7_lib_shutdown
FNDA:0,ph7_lib_is_threadsafe
FNDA:5,ph7_lib_version
FNDA:5,ph7_lib_signature
FNDA:1,ph7_lib_ident
FNDA:0,ph7_lib_copyright
FNDA:3827,ph7_config
FNDA:1919,ph7_init
FNDA:1733,ph7_release
FNDA:1917,ProcessScript
FNDA:0,ph7_compile
FNDA:3827,EngineConfig
FNDA:4,ph7_compile_v2
FNDA:1913,ph7_compile_file
FNDA:1,ph7_vm_dump_v2
FNDA:40025,ph7_vm_config
FNDA:1732,ph7_vm_exec
FNDA:3,ph7_vm_reset
FNDA:1730,ph7_vm_release
FNF:104
FNH:89
DA:78,7654
DA:79,5
DA:80,7659
DA:81,7659
DA:83,7659
DA:84,3827
DA:85,7659
DA:86,7659
DA:88,7659
DA:89,0
DA:90,0
DA:93,7659
DA:94,7659
DA:95,7659
DA:97,0
DA:99,0
DA:100,0
DA:101,0
DA:102,0
DA:103,0
DA:106,0
DA:108,0
DA:109,0
DA:110,0
DA:111,0
DA:112,0
DA:113,0
DA:115,0
DA:116,0
DA:118,0
DA:120,0
DA:121,0
DA:125,0
DA:126,0
DA:127,0
DA:129,0
DA:133,0
DA:134,0
DA:135,0
DA:136,0
DA:137,0
DA:139,0
DA:141,0
DA:142,0
DA:143,0
DA:145,0
DA:147,0
DA:148,0
DA:150,7659
DA:151,5
DA:158,11514
DA:159,5
DA:160,11519
DA:161,11519
DA:162,1919
DA:164,3843
DA:165,3843
DA:166,3843
DA:168,1919
DA:170,3843
DA:172,3843
DA:173,3843
DA:174,3843
DA:176,3843
DA:177,1924
DA:178,0
DA:180,3843
DA:182,0
DA:184,0
DA:185,0
DA:186,0
DA:187,0
DA:188,0
DA:190,1919
DA:193,3843
DA:200,3843
DA:202,0
DA:203,0
DA:205,3843
DA:207,0
DA:208,0
DA:209,0
DA:210,0
DA:211,0
DA:212,0
DA:214,3843
DA:215,5
DA:216,5
DA:217,0
DA:219,0
DA:221,3843
DA:222,3843
DA:227,0
DA:228,0
DA:229,0
DA:230,0
DA:231,0
DA:233,3843
DA:234,3843
DA:236,3843
DA:237,1919
DA:239,3843
DA:241,0
DA:244,0
DA:246,0
DA:247,0
DA:252,0
DA:254,0
DA:255,0
DA:257,0
DA:258,0
DA:260,11519
DA:261,5
DA:266,11514
DA:267,5
DA:271,11519
DA:273,0
DA:275,11519
DA:276,11519
DA:277,11519
DA:278,11519
DA:279,5762
DA:290,3838
DA:291,5
DA:294,3843
DA:295,3843
DA:302,3843
DA:303,0
DA:306,3843
DA:308,3843
DA:310,3843
DA:311,3843
DA:312,3843
DA:314,3843
DA:315,3843
DA:316,0
DA:319,3843
DA:320,3843
DA:321,0
DA:323,1919
DA:325,3843
DA:326,3843
DA:327,0
DA:329,1919
DA:331,3843
DA:332,3843
DA:333,5762
DA:335,3843
DA:337,3843
DA:338,3843
DA:340,0
DA:342,1919
DA:344,3843
DA:346,3843
DA:347,3843
DA:348,0
DA:350,1919
DA:353,3843
DA:354,3843
DA:356,1919
DA:358,0
DA:361,3843
DA:363,3843
DA:364,1924
DA:369,0
DA:370,0
DA:372,0
DA:373,0
DA:374,0
DA:378,3838
DA:379,5
DA:382,3843
DA:383,1919
DA:384,3843
DA:385,3843
DA:387,0
DA:388,0
DA:389,0
DA:390,0
DA:391,0
DA:393,3843
DA:395,3843
DA:396,3843
DA:397,5
DA:405,372
DA:406,4
DA:409,376
DA:410,372
DA:411,748
DA:412,376
DA:414,376
DA:415,376
DA:416,376
DA:417,376
DA:418,4
DA:421,376
DA:422,376
DA:423,376
DA:424,376
DA:425,186
DA:426,376
DA:427,4
DA:428,0
DA:429,376
DA:430,186
DA:431,376
DA:433,376
DA:435,376
DA:436,186
DA:437,376
DA:438,376
DA:443,372
DA:444,4
DA:445,376
DA:447,0
DA:449,376
DA:450,376
DA:451,190
DA:456,0
DA:457,0
DA:458,0
DA:459,0
DA:462,0
DA:464,0
DA:465,0
DA:467,0
DA:472,0
DA:477,10
DA:478,5
DA:479,15
DA:480,5
DA:485,10
DA:486,1
DA:487,11
DA:488,1
DA:493,2
DA:494,1
DA:495,3
DA:496,1
DA:501,0
DA:502,0
DA:503,0
DA:504,0
DA:509,7654
DA:510,5
DA:513,7659
DA:514,0
DA:518,7659
DA:519,7659
DA:520,7654
DA:521,0
DA:524,7659
DA:525,7659
DA:526,7659
DA:529,7659
DA:531,7659
DA:532,3832
DA:537,3838
DA:538,5
DA:546,3843
DA:548,3843
DA:549,3843
DA:550,0
DA:553,3843
DA:554,3843
DA:555,0
DA:558,3843
DA:560,3843
DA:561,3843
DA:562,3843
DA:563,0
DA:566,3843
DA:569,3843
DA:571,3843
DA:573,3843
DA:575,3843
DA:577,3843
DA:578,3843
DA:579,0
DA:580,0
DA:582,1919
DA:587,3843
DA:589,3843
DA:590,3843
DA:593,3843
DA:596,3843
DA:597,3843
DA:598,0
DA:599,0
DA:600,0
DA:601,0
DA:602,1924
DA:607,3466
DA:608,5
DA:610,3471
DA:611,0
DA:615,3471
DA:616,3471
DA:617,3466
DA:618,0
DA:622,3471
DA:625,3471
DA:627,3471
DA:631,3471
DA:634,3471
DA:635,3471
DA:638,3471
DA:641,3471
DA:642,3471
DA:643,1738
DA:654,3834
DA:661,5
DA:665,3839
DA:666,3839
DA:669,0
DA:670,0
DA:671,0
DA:672,0
DA:674,3839
DA:676,0
DA:677,0
DA:679,3839
DA:680,3839
DA:681,0
DA:682,0
DA:683,0
DA:684,0
DA:685,0
DA:687,3839
DA:689,3831
DA:690,1913
DA:692,3839
DA:695,3839
DA:696,3839
DA:697,0
DA:699,0
DA:700,0
DA:703,3839
DA:704,3839
DA:705,1917
DA:706,3839
DA:707,376
DA:709,376
DA:710,376
DA:711,376
DA:712,376
DA:713,186
DA:714,376
DA:717,3467
DA:718,3467
DA:719,3
DA:722,3465
DA:724,3465
DA:726,3465
DA:727,3465
DA:728,0
DA:730,1730
DA:733,3465
DA:734,3465
DA:736,3465
DA:738,3465
DA:739,1
DA:745,3
DA:746,3
DA:747,3
DA:748,3
DA:749,3
DA:751,1922
DA:756,0
DA:757,0
DA:760,0
DA:761,0
DA:763,0
DA:765,0
DA:766,0
DA:767,0
DA:770,0
DA:771,0
DA:772,0
DA:773,0
DA:777,0
DA:780,0
DA:783,0
DA:784,0
DA:789,8
DA:790,2
DA:793,10
DA:794,0
DA:796,10
DA:798,10
DA:799,4
DA:800,10
DA:803,10
DA:804,10
DA:805,8
DA:806,0
DA:810,10
DA:813,10
DA:816,10
DA:817,6
DA:822,3826
DA:823,5
DA:826,3831
DA:827,3831
DA:828,1913
DA:829,3831
DA:830,3831
DA:831,0
DA:835,3831
DA:836,3831
DA:837,3826
DA:838,0
DA:845,3831
DA:846,3831
DA:848,0
DA:849,0
DA:850,3831
DA:851,3831
DA:854,3831
DA:855,3831
DA:857,0
DA:858,0
DA:860,3831
DA:861,3831
DA:863,3831
DA:864,3831
DA:865,1913
DA:870,3831
DA:873,3831
DA:874,1918
DA:879,2
DA:880,1
DA:883,3
DA:884,0
DA:892,3
DA:893,3
DA:894,2
DA:899,80050
DA:900,5
DA:904,80055
DA:905,0
DA:909,80055
DA:910,80055
DA:911,80050
DA:912,0
DA:916,80055
DA:917,80055
DA:918,80055
DA:921,80055
DA:923,80055
DA:924,40030
DA:929,3464
DA:930,5
DA:933,3469
DA:934,0
DA:938,3469
DA:939,3469
DA:940,3464
DA:941,0
DA:945,3469
DA:946,3469
DA:948,3445
DA:949,1720
DA:952,3469
DA:955,3469
DA:956,1737
DA:961,6
DA:962,0
DA:965,6
DA:966,0
DA:970,6
DA:971,6
DA:972,6
DA:973,0
DA:976,6
DA:979,6
DA:981,6
DA:982,3
DA:987,3460
DA:988,5
DA:992,3465
DA:993,0
DA:997,3465
DA:998,3465
DA:999,3460
DA:1000,0
DA:1003,3465
DA:1004,3465
DA:1007,3465
DA:1009,3465
DA:1013,3465
DA:1014,3465
DA:1015,3460
DA:1016,0
DA:1019,3465
DA:1020,3465
DA:1022,3465
DA:1025,3465
DA:1027,1730
DA:1028,3465
DA:1029,1735
DA:1034,1766508
DA:1035,5
DA:1039,1766513
DA:1040,0
DA:1042,1766513
DA:1044,1766513
DA:1046,1766513
DA:1047,0
DA:1051,1766513
DA:1052,1766513
DA:1053,1766508
DA:1054,0
DA:1058,1766513
DA:1061,1766513
DA:1063,1766513
DA:1064,883259
DA:1069,0
DA:1070,0
DA:1071,0
DA:1074,0
DA:1075,0
DA:1079,0
DA:1080,0
DA:1081,0
DA:1082,0
DA:1086,0
DA:1087,0
DA:1089,0
DA:1090,0
DA:1091,0
DA:1092,0
DA:1095,0
DA:1097,0
DA:1098,0
DA:1103,917438
DA:1104,5
DA:1108,917443
DA:1109,0
DA:1111,917443
DA:1113,920905
DA:1114,917443
DA:1116,0
DA:1119,917443
DA:1120,0
DA:1124,917443
DA:1125,917443
DA:1126,917438
DA:1127,0
DA:1131,917443
DA:1134,917443
DA:1136,917443
DA:1137,458724
DA:1142,0
DA:1143,0
DA:1147,0
DA:1148,0
DA:1152,0
DA:1153,0
DA:1154,0
DA:1155,0
DA:1159,0
DA:1160,0
DA:1162,0
DA:1163,0
DA:1164,0
DA:1167,0
DA:1169,0
DA:1170,0
DA:1175,11692
DA:1176,5
DA:1179,11697
DA:1180,0
DA:1183,11697
DA:1184,11697
DA:1185,0
DA:1188,11697
DA:1189,11697
DA:1190,5851
DA:1195,46524
DA:1196,5
DA:1200,46529
DA:1201,0
DA:1204,46529
DA:1205,46529
DA:1206,0
DA:1209,46529
DA:1210,46529
DA:1211,0
DA:1212,0
DA:1214,46529
DA:1215,46529
DA:1216,23267
DA:1221,38120
DA:1222,5
DA:1224,38125
DA:1225,0
DA:1227,38125
DA:1229,38125
DA:1230,38125
DA:1231,19060
DA:1232,38125
DA:1233,19065
DA:1238,401836
DA:1239,5
DA:1241,401841
DA:1242,401841
DA:1243,0
DA:1245,401841
DA:1246,200923
DA:1251,910
DA:1252,5
DA:1254,915
DA:1255,915
DA:1256,0
DA:1258,915
DA:1259,460
DA:1264,1262
DA:1265,5
DA:1267,1267
DA:1268,1267
DA:1269,0
DA:1271,1267
DA:1272,636
DA:1277,934
DA:1278,1
DA:1280,935
DA:1281,935
DA:1282,0
DA:1284,935
DA:1285,468
DA:1290,755791
DA:1291,5
DA:1292,755796
DA:1293,755796
DA:1294,723868
DA:1295,723868
DA:1296,664520
DA:1297,332300
DA:1298,723868
DA:1299,0
DA:1301,31933
DA:1302,31923
DA:1303,15959
DA:1304,31933
DA:1306,377943
DA:1311,30340
DA:1312,5
DA:1313,30345
DA:1315,0
DA:1317,30345
DA:1318,15175
DA:1323,30
DA:1324,1
DA:1326,31
DA:1328,0
DA:1331,31
DA:1333,31
DA:1334,16
DA:1339,15092
DA:1340,5
DA:1341,15097
DA:1342,5
DA:1347,15616
DA:1348,5
DA:1349,15621
DA:1350,5
DA:1355,350887
DA:1356,5
DA:1357,350892
DA:1358,5
DA:1363,598
DA:1364,1
DA:1365,599
DA:1366,1
DA:1371,236
DA:1372,5
DA:1374,241
DA:1375,241
DA:1376,5
DA:1381,1139036
DA:1382,5
DA:1383,1139041
DA:1384,5
DA:1389,278
DA:1390,3
DA:1394,281
DA:1395,281
DA:1397,157
DA:1398,157
DA:1399,77
DA:1401,281
DA:1402,281
DA:1403,281
DA:1404,281
DA:1405,3
DA:1410,32546
DA:1411,5
DA:1412,32551
DA:1413,32551
DA:1414,0
DA:1415,0
DA:1416,32551
DA:1418,32551
DA:1419,5
DA:1424,5070
DA:1425,5
DA:1426,5075
DA:1427,5
DA:1432,8252
DA:1433,5
DA:1435,8257
DA:1436,8257
DA:1440,8257
DA:1441,4126
DA:1442,8257
DA:1443,5
DA:1448,11844
DA:1449,5
DA:1451,11849
DA:1452,11849
DA:1456,11849
DA:1457,5922
DA:1458,11849
DA:1459,5
DA:1464,476
DA:1465,5
DA:1466,481
DA:1467,481
DA:1472,5042
DA:1473,5
DA:1475,5047
DA:1476,5047
DA:1477,5047
DA:1479,5013
DA:1480,2504
DA:1481,5047
DA:1486,25
DA:1487,25
DA:1488,12
DA:1489,2521
DA:1490,5047
DA:1491,5
DA:1498,4990
DA:1499,5
DA:1502,4995
DA:1504,4995
DA:1507,0
DA:1508,0
DA:1509,0
DA:1510,0
DA:1512,0
DA:1514,0
DA:1516,0
DA:1517,2500
DA:1522,0
DA:1523,0
DA:1526,0
DA:1527,0
DA:1528,0
DA:1529,0
DA:1530,0
DA:1531,0
DA:1532,0
DA:1533,0
DA:1534,0
DA:1539,4990
DA:1540,5
DA:1542,4995
DA:1544,0
DA:1546,4995
DA:1547,4995
DA:1549,0
DA:1550,0
DA:1551,4995
DA:1552,2500
DA:1557,152
DA:1558,3
DA:1564,155
DA:1565,0
DA:1567,155
DA:1568,0
DA:1569,0
DA:1571,155
DA:1572,155
DA:1574,155
DA:1575,155
DA:1576,155
DA:1578,64
DA:1581,93
DA:1582,93
DA:1583,79
DA:1588,32886
DA:1589,5
DA:1591,32891
DA:1592,0
DA:1595,32891
DA:1596,0
DA:1599,32891
DA:1600,32891
DA:1601,16448
DA:1606,2297238
DA:1607,5
DA:1610,2297243
DA:1611,0
DA:1614,2297243
DA:1615,2297243
DA:1616,1148624
DA:1621,8282
DA:1622,5
DA:1625,8287
DA:1626,0
DA:1629,8287
DA:1631,0
DA:1632,0
DA:1634,8287
DA:1635,8287
DA:1636,8287
DA:1637,8287
DA:1639,8287
DA:1640,4146
DA:1645,358
DA:1646,5
DA:1650,363
DA:1651,0
DA:1653,363
DA:1655,363
DA:1656,363
DA:1657,363
DA:1658,184
DA:1663,139106
DA:1664,5
DA:1667,139111
DA:1668,0
DA:1671,139111
DA:1672,139111
DA:1673,69558
DA:1678,40
DA:1679,2
DA:1681,42
DA:1682,0
DA:1685,42
DA:1686,0
DA:1689,42
DA:1690,42
DA:1691,22
DA:1696,8
DA:1697,1
DA:1701,9
DA:1702,0
DA:1704,9
DA:1707,9
DA:1708,9
DA:1709,5
DA:1714,0
DA:1715,0
DA:1717,0
DA:1718,0
DA:1719,0
DA:1721,0
DA:1722,0
DA:1725,0
DA:1727,0
DA:1728,0
DA:1729,0
DA:1730,0
DA:1731,0
DA:1736,1272
DA:1737,5
DA:1740,1277
DA:1741,0
DA:1742,0
DA:1743,1277
DA:1744,1277
DA:1745,1277
DA:1746,5
DA:1751,2
DA:1752,1
DA:1755,3
DA:1756,3
DA:1757,3
DA:1758,3
DA:1759,1
DA:1764,24
DA:1765,4
DA:1766,28
DA:1767,28
DA:1768,28
DA:1769,12
DA:1770,28
DA:1771,4
DA:1776,42
DA:1777,4
DA:1780,46
DA:1781,0
DA:1783,46
DA:1784,46
DA:1785,46
DA:1786,46
DA:1787,25
DA:1792,34
DA:1793,1
DA:1795,35
DA:1796,35
DA:1797,1
DA:1802,0
DA:1803,0
DA:1804,0
DA:1805,0
DA:1807,0
DA:1808,0
DA:1809,0
DA:1822,59638
DA:1823,5
DA:1824,59643
DA:1825,5
DA:1830,2
DA:1831,1
DA:1834,3
DA:1835,3
DA:1836,3
DA:1837,1
DA:1842,6
DA:1843,1
DA:1845,7
DA:1846,7
DA:1847,1
DA:1852,2
DA:1853,1
DA:1855,3
DA:1856,3
DA:1857,1
DA:1862,6448
DA:1863,5
DA:1864,6453
DA:1865,5
DA:1870,28446
DA:1871,5
DA:1873,28451
DA:1874,28451
DA:1875,5
DA:1880,36474
DA:1881,5
DA:1883,36479
DA:1884,36479
DA:1885,36479
DA:1886,36479
DA:1887,5
DA:1892,15764
DA:1893,5
DA:1895,15769
DA:1896,15769
DA:1897,15769
DA:1898,15769
DA:1899,5
DA:1904,350893
DA:1905,5
DA:1907,350898
DA:1908,350898
DA:1909,350898
DA:1910,350898
DA:1911,5
DA:1916,8
DA:1917,1
DA:1919,9
DA:1920,9
DA:1921,1
DA:1926,724
DA:1927,1
DA:1929,725
DA:1930,725
DA:1931,725
DA:1933,725
DA:1934,725
DA:1935,1
DA:1940,1300516
DA:1941,5
DA:1942,1300521
DA:1944,385525
DA:1945,385525
DA:1946,192760
DA:1947,1300521
DA:1948,1299447
DA:1950,5079
DA:1951,2537
DA:1954,1299447
DA:1956,1075
DA:1957,650263
DA:1962,22
DA:1963,1
DA:1966,23
DA:1968,19
DA:1969,19
DA:1970,9
DA:1971,23
DA:1972,23
DA:1973,23
DA:1975,23
DA:1976,1
DA:1981,148594
DA:1982,5
DA:1984,148599
DA:1985,148599
DA:1986,5
DA:1991,5160
DA:1992,5
DA:1994,5165
DA:1996,5165
DA:1997,5165
DA:1998,5165
DA:1999,5
DA:2004,3968
DA:2005,5
DA:2006,3973
DA:2007,3973
DA:2008,5
DA:2013,14170
DA:2014,5
DA:2020,14175
DA:2021,5
DA:2026,2286
DA:2027,5
DA:2028,2291
DA:2029,5
DA:2034,1628
DA:2035,5
DA:2036,1633
DA:2037,5
DA:2042,104070
DA:2043,5
DA:2044,104075
DA:2045,5
DA:2050,3002
DA:2051,5
DA:2052,3007
DA:2053,5
DA:2058,580
DA:2059,5
DA:2061,585
DA:2062,585
DA:2063,5
DA:2068,27902
DA:2069,5
DA:2071,27907
DA:2072,27907
DA:2073,5
DA:2078,12
DA:2079,1
DA:2080,13
DA:2081,1
DA:2086,163298
DA:2087,5
DA:2088,163303
DA:2089,5
DA:2094,2924
DA:2095,5
DA:2096,2929
DA:2097,5
DA:2102,32548
DA:2103,5
DA:2104,32553
DA:2105,5
DA:2110,33746
DA:2111,5
DA:2113,33751
DA:2114,33751
DA:2115,5
DA:2120,0
DA:2121,0
DA:2122,0
DA:2123,0
DA:2124,0
DA:2129,0
DA:2130,0
DA:2131,0
DA:2132,0
DA:2133,0
DA:2138,0
DA:2139,0
DA:2140,0
DA:2141,0
DA:2142,0
DA:2147,0
DA:2148,0
DA:2149,0
DA:2150,0
DA:2151,0
DA:2156,0
DA:2157,0
DA:2158,0
DA:2159,0
DA:2160,0
DA:2166,0
DA:2167,0
DA:2168,0
DA:2169,0
DA:2170,0
LF:1097
LH:789
end_of_record
TN:
SF:src/ph7/builtin.c
FN:1034,1055,PH7_builtin_htmlspecialchars
FN:1063,1080,PH7_builtin_htmlspecialchars_decode
FN:107,116,PH7_builtin_is_null
FN:1089,1102,PH7_builtin_get_html_translation_table
FN:1111,1132,PH7_builtin_htmlentities
FN:1141,1159,PH7_builtin_html_entity_decode
FN:1168,1177,PH7_builtin_strlen
FN:1188,1205,PH7_builtin_strcmp
FN:1216,1239,PH7_builtin_strncmp
FN:125,134,PH7_builtin_is_numeric
FN:1250,1267,PH7_builtin_strcasecmp
FN:1279,1302,PH7_builtin_strncasecmp
FN:1322,1371,implode_callback
FN:1385,1442,PH7_builtin_implode
FN:143,152,PH7_builtin_is_scalar
FN:1460,1517,PH7_builtin_implode_recursive
FN:1542,1664,PH7_builtin_explode
FN:161,170,PH7_builtin_is_array
FN:1680,1733,PH7_builtin_trim
FN:1749,1798,PH7_builtin_rtrim
FN:179,188,PH7_builtin_is_object
FN:1814,1863,PH7_builtin_ltrim
FN:1873,1917,PH7_builtin_strtolower
FN:1927,1971,PH7_builtin_strtoupper
FN:197,205,PH7_builtin_is_resource
FN:1982,2012,PH7_builtin_ucfirst
FN:2022,2052,PH7_builtin_lcfirst
FN:2064,2106,PH7_builtin_ord
FN:2119,2163,PH7_builtin_chr
FN:214,226,PH7_builtin_floatval
FN:2169,2174,HashConsumer
FN:2185,2231,PH7_builtin_bin2hex
FN:2241,2283,iPatternMatch
FN:2298,2336,PH7_builtin_strstr
FN:235,247,PH7_builtin_intval
FN:2351,2389,PH7_builtin_stristr
FN:2405,2450,PH7_builtin_strpos
FN:2464,2512,StrPredicateResolveArg
FN:2519,2558,PH7_builtin_str_contains
FN:256,269,PH7_builtin_strval
FN:2566,2604,PH7_builtin_str_starts_with
FN:2612,2650,PH7_builtin_str_ends_with
FN:2666,2711,PH7_builtin_stripos
FN:2727,2794,PH7_builtin_strrpos
FN:278,292,PH7_builtin_boolval
FN:28,37,PH7_builtin_is_bool
FN:2810,2877,PH7_builtin_strripos
FN:2892,2930,PH7_builtin_strrchr
FN:2940,2969,PH7_builtin_strrev
FN:2981,3038,PH7_builtin_ucwords
FN:301,310,PH7_builtin_empty
FN:3052,3091,PH7_builtin_str_repeat
FN:3103,3157,PH7_builtin_nl2br
FN:3250,3262,vxGetdigit
FN:3299,3775,PH7_InputFormat
FN:351,409,PH7_builtin_substr
FN:3779,3787,sprintfConsumer
FN:3797,3822,PH7_builtin_sprintf
FN:3826,3834,printfConsumer
FN:3844,3866,PH7_builtin_printf
FN:3876,3906,PH7_builtin_vprintf
FN:3916,3948,PH7_builtin_vsprintf
FN:3965,4006,PH7_builtin_size_format
FN:4020,4047,PH7_builtin_md5
FN:4060,4087,PH7_builtin_sha1
FN:4097,4120,PH7_builtin_crc32
FN:4127,4127,HashMd5Init
FN:4128,4128,HashMd5Update
FN:4129,4129,HashMd5Final
FN:4130,4130,HashSha1Init
FN:4131,4131,HashSha1Update
FN:4132,4132,HashSha1Final
FN:4133,4133,HashSha224Init
FN:4134,4134,HashSha256Init
FN:4135,4135,HashSha256Update
FN:4136,4136,HashSha256Final
FN:4137,4137,HashSha384Init
FN:4138,4138,HashSha512Init
FN:4139,4139,HashSha512Update
FN:4140,4140,HashSha512Final
FN:4159,4168,HashFindAlgo
FN:4173,4203,PH7_builtin_hash
FN:4208,4263,PH7_builtin_hash_hmac
FN:4268,4299,PH7_builtin_hash_equals
FN:4304,4323,PH7_builtin_hash_algos
FN:431,501,PH7_builtin_substr_compare
FN:4333,4349,BcryptParseHash
FN:4354,4365,BcryptIsBcryptAlgo
FN:4370,4404,PH7_builtin_password_hash
FN:4409,4442,PH7_builtin_password_verify
FN:4447,4480,PH7_builtin_password_get_info
FN:4485,4505,PH7_builtin_password_needs_rehash
FN:4554,4560,FvTrim
FN:4562,4600,FvValidateInt
FN:4602,4680,FvValidateFloat
FN:4684,4695,FvValidateBool
FN:4697,4717,FvValidateIp4
FN:4720,4742,FvIp6Hextets
FN:4744,4763,FvValidateIp6
FN:4764,4770,FvValidateIp
FN:4772,4783,FvValidateMac
FN:4786,4819,FvValidateEmail
FN:48,57,PH7_builtin_is_float
FN:4821,4830,FvValidateDomain
FN:4833,4839,FvValidateUrl
FN:4844,4861,FvSanitizeNumber
FN:4866,4871,FvStripByte
FN:4879,4901,FvSanitizeString
FN:4907,4939,FvSanitizeSpecial
FN:5010,5019,FvHtml401Lookup
FN:5024,5050,FvUtf8Next
FN:5061,5064,FvSanitizeFull
FN:5073,5077,HtmlCpUtf8
FN:5084,5100,HtmlCpAllowed
FN:5105,5108,HtmlCpAllowedEncode
FN:5117,5124,HtmlNumericAllowed
FN:5130,5130,HtmlUtf8Trail
FN:5131,5131,HtmlUtf8Lead
FN:5132,5155,HtmlUtf8FailAdvance
FN:5165,5167,HtmlDocHasNamedTable
FN:5172,5177,HtmlAposEntity
FN:518,585,PH7_builtin_substr_count
FN:5190,5252,HtmlParseEntity
FN:5258,5339,HtmlEscape
FN:5345,5372,HtmlUnescape
FN:5378,5389,HtmlCheckCharset
FN:5394,5398,HtmlTableAdd
FN:5399,5430,HtmlTranslationTable
FN:5431,5436,FvEmailAllowed
FN:5437,5439,FvUrlAllowed
FN:5441,5452,FvSanitizeChars
FN:5461,5542,FvApplyFilter
FN:5550,5566,FvParseFilterArgs
FN:5571,5578,PH7_builtin_filter_var
FN:5594,5629,PH7_builtin_filter_input
FN:5636,5695,PH7_ProcessCsv
FN:5701,5717,PH7_CsvConsumer
FN:5733,5787,PH7_builtin_str_getcsv
FN:5793,5830,AddTag
FN:5836,5879,FindTag
FN:5885,5942,PH7_StripTagsFromString
FN:5954,5974,PH7_builtin_strip_tags
FN:5987,6014,PH7_builtin_str_shuffle
FN:599,646,PH7_builtin_chunk_split
FN:6034,6113,PH7_builtin_str_split
FN:6118,6140,ExtractNonSpaceToken
FN:6146,6173,LongestStringMask
FN:6178,6204,LongestStringMask2
FN:6231,6297,PH7_builtin_strspn
FN:6322,6393,PH7_builtin_strcspn
FN:6405,6445,PH7_builtin_strpbrk
FN:6461,6505,PH7_builtin_soundex
FN:6520,6581,PH7_builtin_wordwrap
FN:658,724,PH7_builtin_addslashes
FN:6587,6599,CheckMask
FN:6604,6635,ExtractToken
FN:6665,6756,PH7_builtin_strtok
FN:6776,6867,PH7_builtin_str_pad
FN:68,80,PH7_builtin_is_int
FN:6915,6944,StringReplace
FN:6951,6988,StringReplaceWalker
FN:6994,7024,StrReplaceWalker
FN:7051,7190,PH7_builtin_str_replace
FN:7209,7280,PH7_builtin_strtr
FN:7306,7481,PH7_ParseIniString
FN:740,779,PH7_BuildCharMask
FN:7497,7510,PH7_builtin_parse_ini_string
FN:7529,7562,PH7_builtin_ctype_alnum
FN:7572,7605,PH7_builtin_ctype_alpha
FN:7615,7652,PH7_builtin_ctype_cntrl
FN:7662,7699,PH7_builtin_ctype_digit
FN:7710,7747,PH7_builtin_ctype_xdigit
FN:7758,7795,PH7_builtin_ctype_graph
FN:7807,7844,PH7_builtin_ctype_print
FN:7855,7892,PH7_builtin_ctype_punct
FN:7904,7941,PH7_builtin_ctype_space
FN:795,898,PH7_builtin_addcslashes
FN:7951,7984,PH7_builtin_ctype_lower
FN:7994,8027,PH7_builtin_ctype_upper
FN:8039,8044,Consumer
FN:8055,8074,PH7_builtin_base64_encode
FN:8085,8104,PH7_builtin_base64_decode
FN:8116,8135,PH7_builtin_urlencode
FN:8146,8165,PH7_builtin_urldecode
FN:8374,8384,PH7_RegisterBuiltInFunction
FN:89,98,PH7_builtin_is_string
FN:908,949,PH7_builtin_quotemeta
FN:962,1004,PH7_builtin_stripslashes
FNDA:23,PH7_builtin_htmlspecialchars
FNDA:12,PH7_builtin_htmlspecialchars_decode
FNDA:45,PH7_builtin_is_null
FNDA:6,PH7_builtin_get_html_translation_table
FNDA:17,PH7_builtin_htmlentities
FNDA:31,PH7_builtin_html_entity_decode
FNDA:4825,PH7_builtin_strlen
FNDA:38,PH7_builtin_strcmp
FNDA:8,PH7_builtin_strncmp
FNDA:19,PH7_builtin_is_numeric
FNDA:9,PH7_builtin_strcasecmp
FNDA:2,PH7_builtin_strncasecmp
FNDA:66913,implode_callback
FNDA:16329,PH7_builtin_implode
FNDA:7,PH7_builtin_is_scalar
FNDA:6,PH7_builtin_implode_recursive
FNDA:3123,PH7_builtin_explode
FNDA:121,PH7_builtin_is_array
FNDA:7016,PH7_builtin_trim
FNDA:15,PH7_builtin_rtrim
FNDA:11,PH7_builtin_is_object
FNDA:7,PH7_builtin_ltrim
FNDA:16143,PH7_builtin_strtolower
FNDA:21,PH7_builtin_strtoupper
FNDA:30,PH7_builtin_is_resource
FNDA:3,PH7_builtin_ucfirst
FNDA:3,PH7_builtin_lcfirst
FNDA:28,PH7_builtin_ord
FNDA:24,PH7_builtin_chr
FNDA:3,PH7_builtin_floatval
FNDA:1559,HashConsumer
FNDA:69,PH7_builtin_bin2hex
FNDA:59,iPatternMatch
FNDA:3,PH7_builtin_strstr
FNDA:13,PH7_builtin_intval
FNDA:2,PH7_builtin_stristr
FNDA:62,PH7_builtin_strpos
FNDA:213,StrPredicateResolveArg
FNDA:48,PH7_builtin_str_contains
FNDA:2,PH7_builtin_strval
FNDA:39,PH7_builtin_str_starts_with
FNDA:39,PH7_builtin_str_ends_with
FNDA:8,PH7_builtin_stripos
FNDA:15,PH7_builtin_strrpos
FNDA:8,PH7_builtin_boolval
FNDA:16,PH7_builtin_is_bool
FNDA:13,PH7_builtin_strripos
FNDA:11,PH7_builtin_strrchr
FNDA:2,PH7_builtin_strrev
FNDA:7,PH7_builtin_ucwords
FNDA:16874,PH7_builtin_empty
FNDA:10212,PH7_builtin_str_repeat
FNDA:3,PH7_builtin_nl2br
FNDA:211,vxGetdigit
FNDA:130,PH7_InputFormat
FNDA:106636,PH7_builtin_substr
FNDA:45,sprintfConsumer
FNDA:31,PH7_builtin_sprintf
FNDA:461,printfConsumer
FNDA:88,PH7_builtin_printf
FNDA:1,PH7_builtin_vprintf
FNDA:5,PH7_builtin_vsprintf
FNDA:12,PH7_builtin_size_format
FNDA:7,PH7_builtin_md5
FNDA:6,PH7_builtin_sha1
FNDA:2,PH7_builtin_crc32
FNDA:5,HashMd5Init
FNDA:7,HashMd5Update
FNDA:5,HashMd5Final
FNDA:5,HashSha1Init
FNDA:7,HashSha1Update
FNDA:5,HashSha1Final
FNDA:4,HashSha224Init
FNDA:16,HashSha256Init
FNDA:28,HashSha256Update
FNDA:20,HashSha256Final
FNDA:4,HashSha384Init
FNDA:7,HashSha512Init
FNDA:13,HashSha512Update
FNDA:11,HashSha512Final
FNDA:35,HashFindAlgo
FNDA:27,PH7_builtin_hash
FNDA:8,PH7_builtin_hash_hmac
FNDA:7,PH7_builtin_hash_equals
FNDA:1,PH7_builtin_hash_algos
FNDA:11,PH7_builtin_substr_compare
FNDA:20,BcryptParseHash
FNDA:10,BcryptIsBcryptAlgo
FNDA:8,PH7_builtin_password_hash
FNDA:14,PH7_builtin_password_verify
FNDA:3,PH7_builtin_password_get_info
FNDA:3,PH7_builtin_password_needs_rehash
FNDA:76,FvTrim
FNDA:28,FvValidateInt
FNDA:34,FvValidateFloat
FNDA:14,FvValidateBool
FNDA:16,FvValidateIp4
FNDA:9,FvIp6Hextets
FNDA:9,FvValidateIp6
FNDA:12,FvValidateIp
FNDA:5,FvValidateMac
FNDA:13,FvValidateEmail
FNDA:103,PH7_builtin_is_float
FNDA:5,FvValidateDomain
FNDA:7,FvValidateUrl
FNDA:3,FvSanitizeNumber
FNDA:143,FvStripByte
FNDA:7,FvSanitizeString
FNDA:6,FvSanitizeSpecial
FNDA:20,FvHtml401Lookup
FNDA:50,FvUtf8Next
FNDA:12,FvSanitizeFull
FNDA:292,HtmlCpUtf8
FNDA:45,HtmlCpAllowed
FNDA:4,HtmlCpAllowedEncode
FNDA:4,HtmlNumericAllowed
FNDA:2,HtmlUtf8Trail
FNDA:5,HtmlUtf8Lead
FNDA:7,HtmlUtf8FailAdvance
FNDA:31,HtmlDocHasNamedTable
FNDA:14,HtmlAposEntity
FNDA:10,PH7_builtin_substr_count
FNDA:87,HtmlParseEntity
FNDA:47,HtmlEscape
FNDA:39,HtmlUnescape
FNDA:70,HtmlCheckCharset
FNDA:274,HtmlTableAdd
FNDA:6,HtmlTranslationTable
FNDA:12,FvEmailAllowed
FNDA:11,FvUrlAllowed
FNDA:2,FvSanitizeChars
FNDA:158,FvApplyFilter
FNDA:164,FvParseFilterArgs
FNDA:153,PH7_builtin_filter_var
FNDA:14,PH7_builtin_filter_input
FNDA:2,PH7_ProcessCsv
FNDA:6,PH7_CsvConsumer
FNDA:2,PH7_builtin_str_getcsv
FNDA:5,AddTag
FNDA:18,FindTag
FNDA:8,PH7_StripTagsFromString
FNDA:8,PH7_builtin_strip_tags
FNDA:6,PH7_builtin_str_shuffle
FNDA:7,PH7_builtin_chunk_split
FNDA:14,PH7_builtin_str_split
FNDA:14,ExtractNonSpaceToken
FNDA:9,LongestStringMask
FNDA:5,LongestStringMask2
FNDA:12,PH7_builtin_strspn
FNDA:7,PH7_builtin_strcspn
FNDA:2,PH7_builtin_strpbrk
FNDA:10,PH7_builtin_soundex
FNDA:7,PH7_builtin_wordwrap
FNDA:12,PH7_builtin_addslashes
FNDA:15,CheckMask
FNDA:3,ExtractToken
FNDA:4,PH7_builtin_strtok
FNDA:3,PH7_builtin_str_pad
FNDA:316,PH7_builtin_is_int
FNDA:19,StringReplace
FNDA:4,StringReplaceWalker
FNDA:13,StrReplaceWalker
FNDA:14234,PH7_builtin_str_replace
FNDA:6,PH7_builtin_strtr
FNDA:6,PH7_ParseIniString
FNDA:39,PH7_BuildCharMask
FNDA:5,PH7_builtin_parse_ini_string
FNDA:8,PH7_builtin_ctype_alnum
FNDA:9,PH7_builtin_ctype_alpha
FNDA:9,PH7_builtin_ctype_cntrl
FNDA:811,PH7_builtin_ctype_digit
FNDA:10,PH7_builtin_ctype_xdigit
FNDA:9,PH7_builtin_ctype_graph
FNDA:9,PH7_builtin_ctype_print
FNDA:10,PH7_builtin_ctype_punct
FNDA:31312,PH7_builtin_ctype_space
FNDA:20,PH7_builtin_addcslashes
FNDA:9,PH7_builtin_ctype_lower
FNDA:9,PH7_builtin_ctype_upper
FNDA:513,Consumer
FNDA:5,PH7_builtin_base64_encode
FNDA:18,PH7_builtin_base64_decode
FNDA:3,PH7_builtin_urlencode
FNDA:4,PH7_builtin_urldecode
FNDA:1731,PH7_RegisterBuiltInFunction
FNDA:63,PH7_builtin_is_string
FNDA:6,PH7_builtin_quotemeta
FNDA:4,PH7_builtin_stripslashes
FNF:188
FNH:188
DA:28,32
DA:29,1
DA:30,33
DA:31,33
DA:32,29
DA:33,14
DA:35,33
DA:36,33
DA:37,1
DA:48,206
DA:49,1
DA:50,207
DA:51,207
DA:52,205
DA:53,102
DA:55,207
DA:56,207
DA:57,1
DA:68,632
DA:69,3
DA:70,635
DA:71,635
DA:75,633
DA:76,315
DA:78,635
DA:79,635
DA:80,3
DA:89,126
DA:90,1
DA:91,127
DA:92,127
DA:93,125
DA:94,62
DA:96,127
DA:97,127
DA:98,1
DA:107,90
DA:108,3
DA:109,93
DA:110,93
DA:111,91
DA:112,44
DA:114,93
DA:115,93
DA:116,3
DA:125,38
DA:126,5
DA:127,43
DA:128,43
DA:129,41
DA:130,18
DA:132,43
DA:133,43
DA:134,5
DA:143,14
DA:144,1
DA:145,15
DA:146,15
DA:147,13
DA:148,6
DA:150,15
DA:151,15
DA:152,1
DA:161,242
DA:162,5
DA:163,247
DA:164,247
DA:165,245
DA:166,120
DA:168,247
DA:169,247
DA:170,5
DA:179,22
DA:180,1
DA:181,23
DA:182,23
DA:183,21
DA:184,10
DA:186,23
DA:187,23
DA:188,1
DA:197,60
DA:198,3
DA:199,63
DA:200,63
DA:201,61
DA:202,29
DA:203,63
DA:204,63
DA:205,3
DA:214,6
DA:215,1
DA:216,7
DA:218,3
DA:219,2
DA:222,5
DA:223,5
DA:225,7
DA:226,1
DA:235,26
DA:236,1
DA:237,27
DA:239,3
DA:240,2
DA:243,25
DA:244,25
DA:246,27
DA:247,1
DA:256,4
DA:257,1
DA:258,5
DA:260,3
DA:261,2
DA:263,3
DA:265,3
DA:266,3
DA:268,5
DA:269,1
DA:278,16
DA:279,2
DA:281,18
DA:282,4
DA:285,1
DA:289,15
DA:290,15
DA:291,15
DA:292,10
DA:301,33748
DA:302,5
DA:303,33753
DA:304,33753
DA:305,33751
DA:306,16873
DA:307,33753
DA:308,33753
DA:310,5
DA:351,213272
DA:352,5
DA:355,213277
DA:357,0
DA:358,0
DA:361,213277
DA:362,213277
DA:364,11861
DA:365,11861
DA:367,201421
DA:369,201421
DA:370,201421
DA:371,32301
DA:372,32301
DA:374,5
DA:375,5
DA:377,32297
DA:378,32297
DA:379,185271
DA:381,195
DA:382,195
DA:383,0
DA:384,168935
DA:385,168935
DA:387,201227
DA:389,165617
DA:390,165617
DA:392,5
DA:393,5
DA:394,165613
DA:395,32289
DA:396,32289
DA:398,3
DA:399,1
DA:400,16142
DA:401,165613
DA:403,5021
DA:404,2508
DA:405,82804
DA:407,201223
DA:408,201223
DA:409,106641
DA:431,22
DA:432,1
DA:435,23
DA:437,23
DA:439,0
DA:440,0
DA:443,23
DA:444,23
DA:446,3
DA:447,3
DA:449,21
DA:451,21
DA:452,21
DA:454,3
DA:455,3
DA:458,19
DA:459,19
DA:460,5
DA:461,5
DA:463,3
DA:464,3
DA:466,3
DA:467,3
DA:468,16
DA:470,3
DA:471,3
DA:472,0
DA:473,13
DA:474,13
DA:476,15
DA:478,13
DA:479,13
DA:481,5
DA:482,5
DA:483,9
DA:485,3
DA:486,1
DA:487,9
DA:489,5
DA:490,2
DA:491,4
DA:493,11
DA:494,3
DA:495,2
DA:496,9
DA:499,11
DA:500,11
DA:501,12
DA:518,20
DA:519,1
DA:522,21
DA:525,21
DA:527,0
DA:528,0
DA:531,21
DA:533,21
DA:534,21
DA:536,3
DA:537,3
DA:539,19
DA:542,15
DA:543,15
DA:545,3
DA:546,3
DA:549,13
DA:551,13
DA:552,6
DA:554,17
DA:555,17
DA:558,13
DA:559,13
DA:561,7
DA:562,7
DA:565,7
DA:566,7
DA:567,3
DA:569,12
DA:570,25
DA:571,25
DA:573,9
DA:576,17
DA:577,17
DA:578,17
DA:579,3
DA:581,1
DA:583,11
DA:584,11
DA:585,11
DA:599,14
DA:600,1
DA:601,15
DA:603,15
DA:605,3
DA:606,3
DA:609,13
DA:610,13
DA:611,13
DA:612,13
DA:613,13
DA:615,13
DA:616,13
DA:618,3
DA:619,1
DA:620,13
DA:622,9
DA:623,9
DA:625,3
DA:626,3
DA:627,1
DA:628,4
DA:629,6
DA:631,13
DA:633,9
DA:634,9
DA:636,17
DA:637,13
DA:638,3
DA:639,1
DA:641,13
DA:643,13
DA:644,1
DA:645,5
DA:646,8
DA:658,24
DA:659,4
DA:663,28
DA:664,8
DA:667,2
DA:672,22
DA:673,3
DA:678,1
DA:680,29
DA:681,29
DA:682,18
DA:683,4
DA:686,1
DA:690,19
DA:691,19
DA:693,5
DA:694,5
DA:696,15
DA:697,15
DA:698,20
DA:699,41
DA:701,15
DA:703,27
DA:705,89
DA:706,63
DA:707,1
DA:708,27
DA:710,23
DA:711,11
DA:712,27
DA:713,17
DA:714,17
DA:716,3
DA:717,2
DA:718,15
DA:720,8
DA:721,27
DA:722,1
DA:723,15
DA:724,16
DA:740,78
DA:741,3
DA:742,81
DA:743,81
DA:744,81
DA:745,291
DA:746,213
DA:747,213
DA:749,20
DA:750,364
DA:751,346
DA:752,174
DA:753,20
DA:754,213
DA:757,20
DA:758,6
DA:759,18
DA:760,6
DA:761,14
DA:762,12
DA:763,7
DA:764,0
DA:766,20
DA:767,29
DA:768,9
DA:769,11
DA:770,0
DA:775,11
DA:776,177
DA:778,108
DA:779,81
DA:795,40
DA:796,5
DA:801,45
DA:802,8
DA:805,2
DA:810,40
DA:812,3
DA:817,52
DA:818,52
DA:819,32
DA:820,4
DA:823,1
DA:829,37
DA:830,3
DA:835,49
DA:836,48
DA:837,30
DA:838,4
DA:841,2
DA:845,35
DA:847,35
DA:849,5
DA:850,5
DA:853,31
DA:854,31
DA:855,31
DA:856,31
DA:857,37
DA:858,77
DA:860,31
DA:862,49
DA:863,125
DA:864,79
DA:865,3
DA:866,49
DA:868,43
DA:869,20
DA:870,49
DA:873,29
DA:877,29
DA:878,3
DA:879,28
DA:880,3
DA:881,26
DA:882,3
DA:883,24
DA:884,3
DA:885,22
DA:886,3
DA:887,20
DA:890,7
DA:891,4
DA:892,13
DA:894,13
DA:895,49
DA:896,3
DA:897,31
DA:898,25
DA:908,12
DA:909,2
DA:913,14
DA:915,3
DA:916,3
DA:919,12
DA:920,12
DA:922,3
DA:923,3
DA:926,10
DA:927,10
DA:928,10
DA:929,22
DA:930,46
DA:932,10
DA:934,38
DA:935,76
DA:936,40
DA:937,2
DA:938,38
DA:940,20
DA:941,9
DA:942,38
DA:943,36
DA:944,36
DA:945,17
DA:946,38
DA:947,2
DA:948,10
DA:949,8
DA:962,8
DA:963,1
DA:966,9
DA:968,3
DA:969,3
DA:972,7
DA:973,7
DA:974,0
DA:975,0
DA:977,7
DA:978,7
DA:980,4
DA:981,9
DA:983,5
DA:985,5
DA:986,17
DA:987,13
DA:988,1
DA:989,5
DA:991,5
DA:992,2
DA:993,5
DA:994,3
DA:995,3
DA:997,3
DA:998,1
DA:999,2
DA:1000,3
DA:1002,1
DA:1003,7
DA:1004,5
DA:1034,46
DA:1035,1
DA:1036,47
DA:1038,47
DA:1039,47
DA:1041,7
DA:1042,7
DA:1045,41
DA:1046,41
DA:1047,35
DA:1048,17
DA:1049,41
DA:1050,41
DA:1051,7
DA:1052,3
DA:1053,41
DA:1054,41
DA:1055,24
DA:1063,24
DA:1064,1
DA:1065,25
DA:1068,25
DA:1070,5
DA:1071,5
DA:1074,21
DA:1075,21
DA:1076,9
DA:1077,4
DA:1078,21
DA:1079,21
DA:1080,13
DA:1089,12
DA:1090,1
DA:1091,13
DA:1092,13
DA:1093,13
DA:1094,11
DA:1095,5
DA:1096,13
DA:1097,9
DA:1098,4
DA:1099,13
DA:1100,13
DA:1101,13
DA:1102,1
DA:1111,34
DA:1112,1
DA:1113,35
DA:1115,35
DA:1116,35
DA:1118,5
DA:1119,5
DA:1122,31
DA:1123,31
DA:1124,19
DA:1125,9
DA:1126,31
DA:1127,31
DA:1128,3
DA:1129,1
DA:1130,31
DA:1131,31
DA:1132,18
DA:1141,62
DA:1142,1
DA:1143,63
DA:1146,63
DA:1148,5
DA:1149,5
DA:1152,59
DA:1153,59
DA:1154,27
DA:1155,13
DA:1156,59
DA:1157,59
DA:1158,59
DA:1159,32
DA:1168,9650
DA:1169,5
DA:1170,9655
DA:1171,9655
DA:1172,9653
DA:1173,4824
DA:1175,9655
DA:1176,9655
DA:1177,5
DA:1188,76
DA:1189,1
DA:1193,77
DA:1194,5
DA:1195,5
DA:1196,5
DA:1199,73
DA:1200,73
DA:1201,73
DA:1203,73
DA:1204,73
DA:1205,39
DA:1216,16
DA:1217,1
DA:1221,17
DA:1223,0
DA:1226,17
DA:1227,17
DA:1229,3
DA:1230,3
DA:1233,15
DA:1234,15
DA:1235,15
DA:1237,15
DA:1238,15
DA:1239,9
DA:1250,18
DA:1251,1
DA:1255,19
DA:1256,5
DA:1257,5
DA:1258,5
DA:1261,15
DA:1262,15
DA:1263,15
DA:1265,15
DA:1266,15
DA:1267,10
DA:1279,4
DA:1280,1
DA:1284,5
DA:1286,0
DA:1289,5
DA:1290,5
DA:1292,0
DA:1293,0
DA:1296,5
DA:1297,5
DA:1298,5
DA:1300,5
DA:1301,5
DA:1302,3
DA:1322,133826
DA:1323,5
DA:1324,66913
DA:1325,133831
DA:1328,133831
DA:1329,3
DA:1330,3
DA:1332,3
DA:1333,0
DA:1334,0
DA:1336,2
DA:1337,0
DA:1339,1
DA:1341,3
DA:1342,3
DA:1343,3
DA:1344,3
DA:1346,3
DA:1347,0
DA:1349,3
DA:1352,133829
DA:1354,133829
DA:1355,32639
DA:1356,117512
DA:1358,101183
DA:1359,0
DA:1360,0
DA:1362,50589
DA:1364,133829
DA:1365,121973
DA:1366,0
DA:1367,0
DA:1369,60984
DA:1370,133829
DA:1371,66918
DA:1385,32658
DA:1386,5
DA:1388,32663
DA:1389,32663
DA:1391,0
DA:1392,0
DA:1395,32663
DA:1396,32663
DA:1397,32663
DA:1398,32663
DA:1399,32663
DA:1400,32663
DA:1401,32661
DA:1402,16333
DA:1403,3
DA:1404,3
DA:1405,3
DA:1407,32663
DA:1408,0
DA:1411,65321
DA:1412,32663
DA:1414,32663
DA:1416,32663
DA:1417,0
DA:1419,16334
DA:1423,0
DA:1425,0
DA:1426,0
DA:1427,0
DA:1428,0
DA:1429,0
DA:1431,0
DA:1433,0
DA:1434,0
DA:1435,0
DA:1437,0
DA:1439,32663
DA:1440,5
DA:1441,32663
DA:1442,16334
DA:1460,12
DA:1461,1
DA:1463,13
DA:1464,13
DA:1466,3
DA:1467,3
DA:1470,11
DA:1471,11
DA:1472,11
DA:1473,11
DA:1474,11
DA:1475,11
DA:1476,11
DA:1477,6
DA:1478,0
DA:1479,0
DA:1480,0
DA:1482,11
DA:1483,0
DA:1486,21
DA:1487,11
DA:1489,3
DA:1491,3
DA:1492,0
DA:1494,2
DA:1498,9
DA:1500,9
DA:1501,9
DA:1502,4
DA:1503,0
DA:1504,0
DA:1506,0
DA:1508,9
DA:1509,9
DA:1510,0
DA:1512,4
DA:1514,11
DA:1515,1
DA:1516,11
DA:1517,7
DA:1542,6246
DA:1543,5
DA:1550,6251
DA:1552,9
DA:1553,9
DA:1556,6243
DA:1557,6243
DA:1559,3
DA:1560,3
DA:1563,6241
DA:1564,6241
DA:1568,7
DA:1569,7
DA:1571,0
DA:1572,0
DA:1574,7
DA:1575,5
DA:1576,5
DA:1578,0
DA:1579,0
DA:1581,5
DA:1582,5
DA:1583,0
DA:1585,2
DA:1586,7
DA:1587,7
DA:1590,6235
DA:1592,6235
DA:1593,6235
DA:1594,6235
DA:1596,0
DA:1597,0
DA:1600,6235
DA:1601,6235
DA:1602,38
DA:1603,38
DA:1608,17
DA:1609,17
DA:1611,57
DA:1612,41
DA:1613,41
DA:1614,1
DA:1615,17
DA:1616,49
DA:1617,39
DA:1619,23
DA:1620,23
DA:1621,23
DA:1622,0
DA:1624,23
DA:1625,23
DA:1626,1
DA:1627,17
DA:1628,17
DA:1630,22
DA:1631,5
DA:1632,2
DA:1633,22
DA:1634,9
DA:1636,72621
DA:1637,145247
DA:1638,145247
DA:1640,6219
DA:1641,6219
DA:1642,0
DA:1644,6219
DA:1647,139033
DA:1649,139033
DA:1650,139033
DA:1651,0
DA:1654,139033
DA:1656,139033
DA:1657,5
DA:1659,6219
DA:1663,6219
DA:1664,3128
DA:1680,14032
DA:1681,5
DA:1684,14037
DA:1686,3
DA:1687,3
DA:1690,14035
DA:1691,14035
DA:1693,1583
DA:1694,1583
DA:1697,12457
DA:1700,12427
DA:1701,30633
DA:1702,12427
DA:1703,6216
DA:1707,33
DA:1708,33
DA:1710,6
DA:1711,4
DA:1713,29
DA:1714,29
DA:1715,29
DA:1717,79
DA:1718,53
DA:1719,3
DA:1721,79
DA:1722,53
DA:1723,3
DA:1724,29
DA:1726,0
DA:1727,0
DA:1728,29
DA:1732,12457
DA:1733,7021
DA:1749,30
DA:1750,3
DA:1753,33
DA:1755,3
DA:1756,3
DA:1759,31
DA:1760,31
DA:1762,5
DA:1763,5
DA:1766,27
DA:1769,17
DA:1770,41
DA:1771,17
DA:1772,9
DA:1776,11
DA:1777,11
DA:1779,0
DA:1780,0
DA:1782,11
DA:1783,11
DA:1784,11
DA:1786,29
DA:1787,20
DA:1788,2
DA:1789,11
DA:1791,0
DA:1792,0
DA:1793,11
DA:1797,27
DA:1798,18
DA:1814,14
DA:1815,2
DA:1818,16
DA:1820,3
DA:1821,3
DA:1824,14
DA:1825,14
DA:1827,0
DA:1828,0
DA:1831,14
DA:1834,3
DA:1835,8
DA:1836,3
DA:1837,2
DA:1841,12
DA:1842,12
DA:1844,3
DA:1845,2
DA:1847,10
DA:1848,10
DA:1849,10
DA:1851,28
DA:1852,20
DA:1853,2
DA:1854,10
DA:1856,0
DA:1857,0
DA:1858,10
DA:1862,14
DA:1863,9
DA:1873,32286
DA:1874,5
DA:1877,32291
DA:1879,3
DA:1880,3
DA:1883,32289
DA:1884,32289
DA:1886,3
DA:1887,3
DA:1890,32287
DA:1891,101673
DA:1892,203351
DA:1894,32287
DA:1896,171069
DA:1898,0
DA:1899,0
DA:1900,0
DA:1901,0
DA:1902,0
DA:1904,0
DA:1905,0
DA:1906,171069
DA:1907,171069
DA:1908,171067
DA:1909,85531
DA:1911,171069
DA:1913,171069
DA:1915,5
DA:1916,32287
DA:1917,16148
DA:1927,42
DA:1928,4
DA:1931,46
DA:1933,3
DA:1934,3
DA:1937,44
DA:1938,44
DA:1940,3
DA:1941,3
DA:1944,42
DA:1945,98
DA:1946,200
DA:1948,42
DA:1950,162
DA:1952,0
DA:1953,0
DA:1954,0
DA:1955,0
DA:1956,0
DA:1958,0
DA:1959,0
DA:1960,162
DA:1961,162
DA:1962,156
DA:1963,76
DA:1965,162
DA:1967,162
DA:1969,4
DA:1970,42
DA:1971,25
DA:1982,6
DA:1983,1
DA:1986,7
DA:1988,3
DA:1989,3
DA:1992,5
DA:1993,5
DA:1995,3
DA:1996,3
DA:1999,3
DA:2000,3
DA:2001,3
DA:2002,3
DA:2003,1
DA:2005,3
DA:2006,3
DA:2007,3
DA:2009,3
DA:2010,1
DA:2011,3
DA:2012,4
DA:2022,6
DA:2023,1
DA:2026,7
DA:2028,3
DA:2029,3
DA:2032,5
DA:2033,5
DA:2035,3
DA:2036,3
DA:2039,3
DA:2040,3
DA:2041,3
DA:2042,3
DA:2043,1
DA:2045,3
DA:2046,3
DA:2047,3
DA:2049,3
DA:2050,1
DA:2051,3
DA:2052,4
DA:2064,56
DA:2065,3
DA:2069,59
DA:2070,8
DA:2073,2
DA:2078,53
DA:2079,3
DA:2083,1
DA:2085,53
DA:2086,53
DA:2088,5
DA:2091,5
DA:2092,5
DA:2095,49
DA:2096,7
DA:2100,3
DA:2102,49
DA:2104,49
DA:2105,49
DA:2106,31
DA:2119,48
DA:2120,3
DA:2124,51
DA:2125,8
DA:2128,2
DA:2135,45
DA:2137,4
DA:2139,1
DA:2141,3
DA:2142,1
DA:2144,45
DA:2149,45
DA:2150,5
DA:2156,2
DA:2159,45
DA:2161,45
DA:2162,45
DA:2163,27
DA:2169,3118
DA:2170,2
DA:2172,3120
DA:2173,3120
DA:2174,2
DA:2185,138
DA:2186,5
DA:2190,143
DA:2191,8
DA:2194,2
DA:2201,204
DA:2202,130
DA:2203,3
DA:2204,2
DA:2205,1
DA:2208,9
DA:2209,9
DA:2210,3
DA:2211,3
DA:2212,3
DA:2213,1
DA:2214,1
DA:2215,12
DA:2218,3
DA:2222,130
DA:2223,130
DA:2225,13
DA:2226,13
DA:2229,118
DA:2230,118
DA:2231,74
DA:2241,118
DA:2242,1
DA:2243,119
DA:2244,119
DA:2245,119
DA:2246,119
DA:2249,119
DA:2251,33
DA:2253,242
DA:2254,485
DA:2255,47
DA:2257,439
DA:2258,439
DA:2259,439
DA:2260,41
DA:2261,41
DA:2262,71
DA:2263,143
DA:2265,41
DA:2266,41
DA:2268,103
DA:2269,0
DA:2271,103
DA:2272,103
DA:2273,103
DA:2274,0
DA:2276,103
DA:2277,1
DA:2278,0
DA:2279,399
DA:2280,1
DA:2282,47
DA:2283,60
DA:2298,6
DA:2299,1
DA:2300,7
DA:2305,7
DA:2307,0
DA:2308,0
DA:2311,7
DA:2312,7
DA:2313,7
DA:2314,9
DA:2315,5
DA:2317,5
DA:2318,5
DA:2320,0
DA:2321,0
DA:2324,5
DA:2325,3
DA:2326,1
DA:2327,5
DA:2328,3
DA:2329,2
DA:2330,3
DA:2332,3
DA:2333,3
DA:2335,7
DA:2336,4
DA:2351,4
DA:2352,1
DA:2353,5
DA:2358,5
DA:2360,0
DA:2361,0
DA:2364,5
DA:2365,5
DA:2366,5
DA:2367,7
DA:2368,5
DA:2370,5
DA:2371,5
DA:2373,0
DA:2374,0
DA:2377,5
DA:2378,3
DA:2379,1
DA:2380,5
DA:2381,3
DA:2382,2
DA:2383,3
DA:2385,3
DA:2386,0
DA:2388,5
DA:2389,3
DA:2405,124
DA:2406,5
DA:2407,129
DA:2412,129
DA:2414,0
DA:2415,0
DA:2418,129
DA:2419,129
DA:2420,129
DA:2421,129
DA:2423,129
DA:2424,0
DA:2425,0
DA:2426,0
DA:2427,0
DA:2428,0
DA:2430,0
DA:2431,0
DA:2432,0
DA:2433,0
DA:2435,0
DA:2436,129
DA:2438,127
DA:2439,127
DA:2441,33
DA:2442,33
DA:2445,99
DA:2446,52
DA:2447,3
DA:2449,101
DA:2450,67
DA:2464,426
DA:2474,4
DA:2475,430
DA:2476,13
DA:2477,13
DA:2478,13
DA:2479,13
DA:2481,640
DA:2482,396
DA:2483,72
DA:2484,48
DA:2485,24
DA:2488,34
DA:2489,34
DA:2490,13
DA:2491,13
DA:2492,13
DA:2493,6
DA:2494,6
DA:2495,49
DA:2498,15
DA:2501,385
DA:2502,37
DA:2503,37
DA:2505,37
DA:2506,37
DA:2507,37
DA:2508,37
DA:2510,349
DA:2511,349
DA:2512,217
DA:2519,96
DA:2520,4
DA:2525,100
DA:2526,18
DA:2529,5
DA:2532,88
DA:2533,88
DA:2534,88
DA:2538,88
DA:2539,81
DA:2543,81
DA:2544,77
DA:2545,13
DA:2546,71
DA:2547,9
DA:2548,5
DA:2549,85
DA:2550,28
DA:2551,57
DA:2553,77
DA:2554,43
DA:2555,88
DA:2556,88
DA:2557,88
DA:2558,52
DA:2566,78
DA:2567,4
DA:2572,82
DA:2573,18
DA:2576,5
DA:2579,70
DA:2580,70
DA:2581,70
DA:2585,70
DA:2586,63
DA:2590,63
DA:2591,59
DA:2592,13
DA:2593,53
DA:2594,9
DA:2595,5
DA:2596,58
DA:2597,38
DA:2599,59
DA:2600,34
DA:2601,70
DA:2602,70
DA:2603,70
DA:2604,43
DA:2612,78
DA:2613,4
DA:2618,82
DA:2619,18
DA:2622,5
DA:2625,70
DA:2626,70
DA:2627,70
DA:2631,70
DA:2632,63
DA:2636,63
DA:2637,59
DA:2638,13
DA:2639,53
DA:2640,9
DA:2641,5
DA:2642,58
DA:2643,38
DA:2645,59
DA:2646,34
DA:2647,70
DA:2648,70
DA:2649,70
DA:2650,43
DA:2666,16
DA:2667,1
DA:2668,17
DA:2673,17
DA:2675,0
DA:2676,0
DA:2679,17
DA:2680,17
DA:2681,17
DA:2682,17
DA:2684,17
DA:2685,5
DA:2686,5
DA:2687,3
DA:2688,1
DA:2689,5
DA:2691,0
DA:2692,0
DA:2693,5
DA:2694,5
DA:2696,2
DA:2697,17
DA:2699,17
DA:2700,17
DA:2702,3
DA:2703,3
DA:2706,15
DA:2707,8
DA:2708,0
DA:2710,15
DA:2711,9
DA:2727,30
DA:2728,1
DA:2730,31
DA:2734,31
DA:2736,0
DA:2737,0
DA:2740,31
DA:2741,31
DA:2743,31
DA:2744,31
DA:2746,31
DA:2747,31
DA:2749,31
DA:2751,21
DA:2752,21
DA:2753,11
DA:2754,11
DA:2756,3
DA:2757,3
DA:2758,0
DA:2759,9
DA:2760,9
DA:2761,9
DA:2763,5
DA:2764,11
DA:2766,5
DA:2767,5
DA:2768,0
DA:2769,7
DA:2770,7
DA:2773,7
DA:2774,25
DA:2776,57
DA:2777,115
DA:2778,11
DA:2780,105
DA:2781,105
DA:2783,13
DA:2784,13
DA:2786,93
DA:2787,1
DA:2789,11
DA:2790,6
DA:2791,3
DA:2793,13
DA:2794,16
DA:2810,26
DA:2811,1
DA:2813,27
DA:2817,27
DA:2819,0
DA:2820,0
DA:2823,27
DA:2824,27
DA:2826,27
DA:2827,27
DA:2829,27
DA:2830,27
DA:2832,27
DA:2834,15
DA:2835,15
DA:2836,7
DA:2837,7
DA:2839,3
DA:2840,3
DA:2841,0
DA:2842,5
DA:2843,5
DA:2844,5
DA:2846,3
DA:2847,9
DA:2849,5
DA:2850,5
DA:2851,0
DA:2852,5
DA:2853,5
DA:2856,4
DA:2857,21
DA:2859,44
DA:2860,89
DA:2861,9
DA:2863,81
DA:2864,81
DA:2866,11
DA:2867,11
DA:2869,71
DA:2870,1
DA:2872,9
DA:2873,5
DA:2874,3
DA:2876,11
DA:2877,14
DA:2892,22
DA:2893,1
DA:2896,23
DA:2898,0
DA:2899,0
DA:2902,23
DA:2903,23
DA:2904,23
DA:2907,21
DA:2909,11
DA:2912,11
DA:2913,6
DA:2915,11
DA:2918,21
DA:2919,21
DA:2921,7
DA:2922,7
DA:2925,15
DA:2926,8
DA:2927,3
DA:2929,17
DA:2930,12
DA:2940,4
DA:2941,1
DA:2944,5
DA:2946,3
DA:2947,3
DA:2950,3
DA:2951,3
DA:2953,0
DA:2954,0
DA:2957,3
DA:2958,4
DA:2959,9
DA:2961,3
DA:2964,7
DA:2965,7
DA:2966,7
DA:2967,1
DA:2968,3
DA:2969,3
DA:2981,14
DA:2982,1
DA:2985,15
DA:2987,3
DA:2988,3
DA:2991,13
DA:2992,13
DA:2994,3
DA:2995,3
DA:2998,11
DA:2999,21
DA:3001,43
DA:3002,65
DA:3003,23
DA:3004,1
DA:3005,43
DA:3007,23
DA:3008,11
DA:3009,43
DA:3011,11
DA:3013,33
DA:3014,33
DA:3015,29
DA:3016,14
DA:3018,33
DA:3019,33
DA:3020,33
DA:3022,149
DA:3023,139
DA:3025,0
DA:3026,0
DA:3027,138
DA:3028,117
DA:3029,59
DA:3030,23
DA:3032,1
DA:3033,33
DA:3034,33
DA:3035,16
DA:3036,1
DA:3037,11
DA:3038,8
DA:3052,20424
DA:3053,2
DA:3057,20426
DA:3059,0
DA:3060,0
DA:3063,20426
DA:3064,20426
DA:3066,0
DA:3067,0
DA:3070,20426
DA:3071,20426
DA:3073,3
DA:3074,3
DA:3077,220978
DA:3078,441958
DA:3079,20424
DA:3082,421536
DA:3083,421536
DA:3086,0
DA:3088,421536
DA:3089,2
DA:3090,20424
DA:3091,10214
DA:3103,6
DA:3104,1
DA:3106,7
DA:3108,7
DA:3110,3
DA:3111,3
DA:3114,5
DA:3115,5
DA:3117,0
DA:3118,0
DA:3120,5
DA:3121,3
DA:3122,1
DA:3123,5
DA:3125,4
DA:3126,9
DA:3128,21
DA:3129,9
DA:3130,1
DA:3131,9
DA:3133,9
DA:3134,4
DA:3135,9
DA:3137,5
DA:3141,5
DA:3142,3
DA:3143,2
DA:3144,3
DA:3146,5
DA:3148,11
DA:3149,5
DA:3150,1
DA:3151,5
DA:3153,5
DA:3154,2
DA:3155,1
DA:3156,5
DA:3157,4
DA:3250,422
DA:3251,1
DA:3255,423
DA:3256,0
DA:3258,423
DA:3259,423
DA:3260,423
DA:3261,423
DA:3262,212
DA:3299,260
DA:3309,1
DA:3310,261
DA:3312,261
DA:3330,261
DA:3333,380
DA:3334,761
DA:3335,2785
DA:3336,2025
DA:3337,1
DA:3338,761
DA:3340,539
DA:3341,539
DA:3343,0
DA:3345,269
DA:3346,761
DA:3348,259
DA:3351,503
DA:3352,502
DA:3353,503
DA:3354,251
DA:3355,535
DA:3356,535
DA:3357,9
DA:3358,3
DA:3359,7
DA:3360,9
DA:3361,9
DA:3362,0
DA:3363,0
DA:3364,0
DA:3366,0
DA:3367,0
DA:3368,0
DA:3369,0
DA:3370,0
DA:3371,0
DA:3372,0
DA:3373,502
DA:3375,535
DA:3377,503
DA:3378,788
DA:3379,35
DA:3380,35
DA:3381,1
DA:3382,503
DA:3384,0
DA:3385,0
DA:3386,0
DA:3387,0
DA:3388,0
DA:3389,0
DA:3390,0
DA:3391,0
DA:3392,0
DA:3393,0
DA:3394,0
DA:3395,0
DA:3396,0
DA:3397,0
DA:3398,0
DA:3399,0
DA:3400,0
DA:3401,503
DA:3402,0
DA:3403,0
DA:3405,503
DA:3406,503
DA:3407,59
DA:3408,59
DA:3409,150
DA:3410,63
DA:3411,63
DA:3412,1
DA:3413,29
DA:3414,503
DA:3416,3
DA:3419,501
DA:3420,501
DA:3421,501
DA:3422,501
DA:3423,1439
DA:3424,1437
DA:3425,499
DA:3426,499
DA:3427,499
DA:3429,470
DA:3430,501
DA:3431,501
DA:3448,501
DA:3449,0
DA:3451,0
DA:3452,0
DA:3453,0
DA:3454,3
DA:3458,7
DA:3459,7
DA:3460,3
DA:3461,2
DA:3462,5
DA:3465,7
DA:3466,7
DA:3467,7
DA:3468,159
DA:3470,319
DA:3471,319
DA:3472,0
DA:3473,0
DA:3474,319
DA:3476,319
DA:3477,0
DA:3478,0
DA:3479,0
DA:3480,319
DA:3481,3
DA:3482,1
DA:3483,319
DA:3485,0
DA:3486,0
DA:3487,0
DA:3488,0
DA:3489,319
DA:3490,59
DA:3491,119
DA:3492,119
DA:3493,0
DA:3494,0
DA:3495,119
DA:3498,119
DA:3499,0
DA:3500,0
DA:3504,119
DA:3510,119
DA:3511,89
DA:3512,25
DA:3514,25
DA:3516,0
DA:3517,0
DA:3518,25
DA:3519,77
DA:3520,63
DA:3521,61
DA:3522,45
DA:3523,31
DA:3524,0
DA:3526,0
DA:3528,0
DA:3529,0
DA:3530,0
DA:3531,31
DA:3533,119
DA:3534,7
DA:3535,3
DA:3536,119
DA:3540,119
DA:3541,119
DA:3542,59
DA:3543,187
DA:3544,187
DA:3545,187
DA:3547,119
DA:3548,141
DA:3549,23
DA:3550,12
DA:3551,119
DA:3552,119
DA:3554,9
DA:3555,9
DA:3556,23
DA:3557,4
DA:3558,4
DA:3559,119
DA:3560,119
DA:3561,28
DA:3572,57
DA:3573,57
DA:3574,0
DA:3575,0
DA:3576,57
DA:3580,57
DA:3581,0
DA:3582,0
DA:3583,0
DA:3585,57
DA:3587,0
DA:3588,0
DA:3589,0
DA:3590,0
DA:3591,0
DA:3592,0
DA:3594,0
DA:3596,57
DA:3597,57
DA:3598,57
DA:3599,3
DA:3600,3
DA:3601,2
DA:3602,55
DA:3603,55
DA:3604,55
DA:3606,57
DA:3607,57
DA:3613,405
DA:3615,57
DA:3617,57
DA:3618,57
DA:3619,61
DA:3620,89
DA:3621,61
DA:3622,71
DA:3623,57
DA:3624,0
DA:3625,0
DA:3626,0
DA:3628,28
DA:3629,57
DA:3634,57
DA:3635,57
DA:3636,0
DA:3637,0
DA:3638,0
DA:3639,57
DA:3640,0
DA:3641,0
DA:3642,0
DA:3643,0
DA:3644,0
DA:3645,0
DA:3647,0
DA:3648,57
DA:3654,57
DA:3655,57
DA:3656,57
DA:3657,57
DA:3658,57
DA:3659,149
DA:3660,57
DA:3661,89
DA:3662,33
DA:3663,17
DA:3664,373
DA:3665,57
DA:3666,57
DA:3667,0
DA:3668,0
DA:3669,0
DA:3670,57
DA:3671,29
DA:3672,0
DA:3673,0
DA:3674,0
DA:3675,0
DA:3676,0
DA:3677,0
DA:3678,0
DA:3679,0
DA:3680,0
DA:3681,0
DA:3682,0
DA:3683,0
DA:3684,0
DA:3685,0
DA:3686,0
DA:3687,0
DA:3688,0
DA:3689,0
DA:3690,0
DA:3691,0
DA:3692,0
DA:3693,0
DA:3698,57
DA:3699,57
DA:3702,57
DA:3704,3
DA:3705,13
DA:3706,11
DA:3707,6
DA:3708,3
DA:3709,5
DA:3710,3
DA:3711,1
DA:3716,57
DA:3718,1
DA:3720,3
DA:3721,3
DA:3722,2
DA:3729,501
DA:3731,493
DA:3732,493
DA:3733,5
DA:3734,0
DA:3735,0
DA:3736,0
DA:3738,0
DA:3739,0
DA:3740,5
DA:3741,5
DA:3742,5
DA:3743,0
DA:3745,2
DA:3746,2
DA:3747,246
DA:3748,501
DA:3749,501
DA:3750,501
DA:3751,0
DA:3753,250
DA:3754,501
DA:3756,9
DA:3757,9
DA:3758,9
DA:3759,0
DA:3760,0
DA:3761,0
DA:3763,0
DA:3764,0
DA:3765,9
DA:3766,9
DA:3767,9
DA:3768,0
DA:3770,4
DA:3771,4
DA:3772,4
DA:3773,1
DA:3774,261
DA:3775,131
DA:3779,90
DA:3780,1
DA:3784,91
DA:3785,91
DA:3786,91
DA:3787,1
DA:3797,62
DA:3798,1
DA:3800,63
DA:3802,63
DA:3804,3
DA:3805,3
DA:3808,61
DA:3809,61
DA:3811,0
DA:3812,0
DA:3815,61
DA:3816,61
DA:3819,0
DA:3821,61
DA:3822,32
DA:3826,922
DA:3827,1
DA:3828,923
DA:3830,923
DA:3832,923
DA:3833,923
DA:3834,1
DA:3844,176
DA:3845,1
DA:3846,177
DA:3849,177
DA:3851,3
DA:3852,3
DA:3855,175
DA:3856,175
DA:3858,0
DA:3859,0
DA:3862,175
DA:3864,175
DA:3865,175
DA:3866,89
DA:3876,2
DA:3877,1
DA:3878,3
DA:3883,3
DA:3885,0
DA:3886,0
DA:3889,3
DA:3890,3
DA:3892,0
DA:3893,0
DA:3896,3
DA:3898,3
DA:3900,3
DA:3902,3
DA:3904,3
DA:3905,3
DA:3906,2
DA:3916,10
DA:3917,1
DA:3921,11
DA:3923,11
DA:3925,5
DA:3926,5
DA:3929,7
DA:3930,7
DA:3932,0
DA:3933,0
DA:3936,7
DA:3938,7
DA:3940,7
DA:3942,7
DA:3943,7
DA:3945,0
DA:3947,7
DA:3948,6
DA:3965,24
DA:3966,1
DA:3971,25
DA:3973,25
DA:3975,3
DA:3976,3
DA:3979,23
DA:3980,23
DA:3982,5
DA:3983,5
DA:3985,19
DA:3986,39
DA:3987,39
DA:3988,39
DA:3989,39
DA:3990,19
DA:3992,1
DA:3993,19
DA:3994,19
DA:3995,0
DA:3996,0
DA:3997,19
DA:3998,0
DA:3999,0
DA:4000,0
DA:4001,0
DA:4002,19
DA:4004,19
DA:4005,19
DA:4006,13
DA:4020,14
DA:4021,1
DA:4023,15
DA:4026,15
DA:4028,3
DA:4029,3
DA:4033,13
DA:4034,13
DA:4035,5
DA:4036,2
DA:4038,13
DA:4039,13
DA:4041,5
DA:4042,3
DA:4044,9
DA:4046,13
DA:4047,8
DA:4060,12
DA:4061,1
DA:4063,13
DA:4066,13
DA:4068,3
DA:4069,3
DA:4073,11
DA:4074,11
DA:4075,5
DA:4076,2
DA:4078,11
DA:4079,11
DA:4081,5
DA:4082,3
DA:4084,7
DA:4086,11
DA:4087,7
DA:4097,4
DA:4098,1
DA:4102,5
DA:4104,3
DA:4105,3
DA:4108,3
DA:4109,3
DA:4112,0
DA:4113,0
DA:4116,3
DA:4118,3
DA:4119,3
DA:4120,3
DA:4127,11
DA:4128,15
DA:4129,11
DA:4130,11
DA:4131,15
DA:4132,11
DA:4133,9
DA:4134,33
DA:4135,57
DA:4136,41
DA:4137,9
DA:4138,15
DA:4139,27
DA:4140,23
DA:4159,73
DA:4161,279
DA:4162,272
DA:4163,211
DA:4164,67
DA:4166,106
DA:4167,6
DA:4168,38
DA:4173,54
DA:4174,2
DA:4177,56
DA:4180,56
DA:4181,0
DA:4182,0
DA:4184,56
DA:4185,56
DA:4186,56
DA:4187,3
DA:4190,53
DA:4191,53
DA:4192,9
DA:4193,4
DA:4194,53
DA:4195,53
DA:4196,53
DA:4197,53
DA:4198,9
DA:4199,5
DA:4200,45
DA:4202,53
DA:4203,29
DA:4208,16
DA:4209,2
DA:4212,18
DA:4216,18
DA:4217,0
DA:4218,0
DA:4220,18
DA:4221,18
DA:4222,18
DA:4223,3
DA:4226,15
DA:4227,15
DA:4228,15
DA:4229,3
DA:4230,1
DA:4231,15
DA:4232,15
DA:4235,15
DA:4236,15
DA:4237,3
DA:4238,3
DA:4239,3
DA:4240,14
DA:4241,11
DA:4242,5
DA:4243,1039
DA:4244,1025
DA:4245,1025
DA:4246,513
DA:4248,15
DA:4249,15
DA:4250,15
DA:4251,15
DA:4253,15
DA:4254,15
DA:4255,15
DA:4256,15
DA:4257,15
DA:4258,3
DA:4259,2
DA:4260,13
DA:4262,15
DA:4263,10
DA:4268,14
DA:4269,3
DA:4272,17
DA:4273,17
DA:4274,0
DA:4275,0
DA:4277,17
DA:4278,4
DA:4280,1
DA:4282,14
DA:4283,4
DA:4285,2
DA:4287,11
DA:4288,11
DA:4289,11
DA:4290,5
DA:4291,5
DA:4294,19
DA:4295,13
DA:4296,7
DA:4297,7
DA:4298,7
DA:4299,10
DA:4304,2
DA:4305,1
DA:4308,1
DA:4309,1
DA:4310,3
DA:4311,3
DA:4312,3
DA:4313,0
DA:4314,0
DA:4316,15
DA:4317,13
DA:4318,13
DA:4319,13
DA:4320,7
DA:4321,3
DA:4322,3
DA:4323,2
DA:4333,40
DA:4334,1
DA:4336,40
DA:4337,29
DA:4338,13
DA:4340,29
DA:4341,0
DA:4343,29
DA:4344,29
DA:4345,3
DA:4347,27
DA:4348,27
DA:4349,21
DA:4354,20
DA:4355,3
DA:4356,23
DA:4357,0
DA:4359,23
DA:4361,23
DA:4362,23
DA:4364,0
DA:4365,13
DA:4370,16
DA:4371,3
DA:4373,19
DA:4376,19
DA:4377,0
DA:4378,0
DA:4380,19
DA:4381,3
DA:4385,16
DA:4386,14
DA:4387,14
DA:4388,6
DA:4389,16
DA:4390,4
DA:4391,1
DA:4393,13
DA:4394,13
DA:4395,0
DA:4398,13
DA:4399,0
DA:4400,0
DA:4402,13
DA:4403,13
DA:4404,11
DA:4409,28
DA:4410,1
DA:4415,29
DA:4416,29
DA:4417,0
DA:4418,0
DA:4420,29
DA:4421,29
DA:4422,29
DA:4423,11
DA:4424,11
DA:4427,19
DA:4428,0
DA:4429,0
DA:4431,19
DA:4432,0
DA:4433,0
DA:4437,577
DA:4438,559
DA:4439,280
DA:4440,19
DA:4441,19
DA:4442,15
DA:4447,6
DA:4448,1
DA:4449,7
DA:4450,7
DA:4452,7
DA:4453,7
DA:4454,7
DA:4455,3
DA:4456,7
DA:4457,7
DA:4458,7
DA:4459,7
DA:4460,0
DA:4461,0
DA:4463,7
DA:4464,5
DA:4465,5
DA:4466,5
DA:4467,5
DA:4468,5
DA:4469,5
DA:4470,5
DA:4471,3
DA:4472,3
DA:4473,3
DA:4474,3
DA:4475,3
DA:4477,7
DA:4478,7
DA:4479,7
DA:4480,4
DA:4485,6
DA:4486,1
DA:4488,7
DA:4489,7
DA:4490,0
DA:4491,0
DA:4493,7
DA:4494,7
DA:4496,3
DA:4497,3
DA:4499,5
DA:4500,5
DA:4501,5
DA:4502,2
DA:4503,5
DA:4504,5
DA:4505,4
DA:4554,153
DA:4555,153
DA:4556,153
DA:4557,157
DA:4558,161
DA:4559,153
DA:4560,153
DA:4562,57
DA:4563,57
DA:4564,57
DA:4565,57
DA:4566,57
DA:4567,51
DA:4568,51
DA:4569,49
DA:4570,3
DA:4571,3
DA:4572,7
DA:4573,5
DA:4574,5
DA:4575,5
DA:4576,5
DA:4577,3
DA:4578,48
DA:4579,9
DA:4580,7
DA:4581,7
DA:4582,7
DA:4583,4
DA:4584,2
DA:4585,45
DA:4586,201
DA:4587,173
DA:4588,161
DA:4589,161
DA:4590,81
DA:4592,33
DA:4593,5
DA:4594,5
DA:4595,3
DA:4596,29
DA:4597,27
DA:4599,31
DA:4600,29
DA:4602,69
DA:4604,69
DA:4605,69
DA:4606,69
DA:4609,69
DA:4610,69
DA:4615,25
DA:4616,25
DA:4617,25
DA:4618,167
DA:4619,143
DA:4620,143
DA:4621,1
DA:4622,25
DA:4623,25
DA:4624,165
DA:4625,151
DA:4626,49
DA:4627,49
DA:4628,25
DA:4629,119
DA:4630,81
DA:4631,81
DA:4632,41
DA:4633,39
DA:4634,19
DA:4635,71
DA:4636,8
DA:4637,0
DA:4639,27
DA:4640,13
DA:4641,13
DA:4642,7
DA:4643,15
DA:4644,8
DA:4645,45
DA:4647,59
DA:4648,59
DA:4649,167
DA:4650,59
DA:4651,21
DA:4652,39
DA:4653,10
DA:4654,59
DA:4655,57
DA:4656,29
DA:4657,29
DA:4658,29
DA:4659,105
DA:4660,14
DA:4661,57
DA:4671,53
DA:4672,53
DA:4673,53
DA:4674,53
DA:4675,53
DA:4676,15
DA:4678,39
DA:4679,39
DA:4680,35
DA:4684,33
DA:4685,33
DA:4686,32
DA:4687,25
DA:4688,11
DA:4690,22
DA:4691,11
DA:4692,11
DA:4694,9
DA:4695,15
DA:4697,33
DA:4698,33
DA:4699,77
DA:4700,65
DA:4701,143
DA:4702,85
DA:4703,85
DA:4704,79
DA:4705,1
DA:4706,59
DA:4707,49
DA:4708,45
DA:4709,45
DA:4710,45
DA:4711,33
DA:4712,33
DA:4713,33
DA:4714,16
DA:4715,1
DA:4716,13
DA:4717,17
DA:4720,19
DA:4721,19
DA:4722,19
DA:4723,145
DA:4724,133
DA:4725,23
DA:4726,23
DA:4727,77
DA:4728,23
DA:4729,11
DA:4730,11
DA:4731,5
DA:4732,3
DA:4733,13
DA:4734,47
DA:4735,13
DA:4737,17
DA:4738,8
DA:4739,127
DA:4740,1
DA:4741,13
DA:4742,10
DA:4744,19
DA:4745,19
DA:4747,139
DA:4748,123
DA:4749,13
DA:4750,11
DA:4751,5
DA:4752,61
DA:4753,17
DA:4754,9
DA:4755,0
DA:4756,9
DA:4757,9
DA:4758,9
DA:4759,9
DA:4760,9
DA:4761,9
DA:4763,10
DA:4764,25
DA:4765,25
DA:4766,25
DA:4767,25
DA:4768,21
DA:4769,13
DA:4770,13
DA:4772,11
DA:4775,11
DA:4776,7
DA:4777,7
DA:4778,105
DA:4779,101
DA:4780,71
DA:4781,50
DA:4782,5
DA:4783,6
DA:4786,28
DA:4787,28
DA:4789,28
DA:4790,201
DA:4791,181
DA:4792,91
DA:4793,21
DA:4794,21
DA:4795,21
DA:4796,21
DA:4797,21
DA:4798,57
DA:4799,43
DA:4800,43
DA:4801,41
DA:4802,20
DA:4803,15
DA:4804,13
DA:4805,85
DA:4806,75
DA:4807,25
DA:4808,25
DA:4809,23
DA:4810,23
DA:4811,23
DA:4812,12
DA:4813,51
DA:4814,51
DA:4816,37
DA:4817,11
DA:4818,9
DA:4819,15
DA:4821,11
DA:4823,11
DA:4824,81
DA:4825,75
DA:4826,75
DA:4827,75
DA:4828,37
DA:4829,7
DA:4830,6
DA:4833,15
DA:4835,15
DA:4836,15
DA:4837,15
DA:4838,15
DA:4839,8
DA:4844,37
DA:4845,37
DA:4846,37
DA:4847,97
DA:4848,91
DA:4849,91
DA:4850,91
DA:4851,38
DA:4852,23
DA:4853,36
DA:4854,12
DA:4855,61
DA:4856,33
DA:4857,33
DA:4858,16
DA:4859,31
DA:4860,7
DA:4861,7
DA:4866,287
DA:4867,287
DA:4868,281
DA:4869,269
DA:4870,267
DA:4871,144
DA:4879,25
DA:4880,25
DA:4881,25
DA:4882,193
DA:4883,179
DA:4884,179
DA:4885,13
DA:4886,13
DA:4887,13
DA:4889,167
DA:4890,3
DA:4891,3
DA:4892,3
DA:4893,166
DA:4894,164
DA:4895,37
DA:4896,9
DA:4897,9
DA:4898,4
DA:4899,79
DA:4900,15
DA:4901,15
DA:4907,13
DA:4908,13
DA:4910,13
DA:4911,131
DA:4912,119
DA:4913,119
DA:4914,9
DA:4915,9
DA:4916,9
DA:4918,111
DA:4919,3
DA:4920,3
DA:4921,11
DA:4922,3
DA:4923,3
DA:4924,46
DA:4927,93
DA:4928,17
DA:4929,17
DA:4930,17
DA:4931,8
DA:4932,93
DA:4934,19
DA:4935,19
DA:4936,19
DA:4937,10
DA:4938,13
DA:4939,13
DA:5010,41
DA:5011,41
DA:5012,323
DA:5013,309
DA:5014,309
DA:5015,309
DA:5016,283
DA:5017,1
DA:5018,15
DA:5019,21
DA:5024,101
DA:5025,101
DA:5026,101
DA:5027,101
DA:5028,99
DA:5029,47
DA:5030,45
DA:5031,45
DA:5033,53
DA:5035,47
DA:5036,33
DA:5037,33
DA:5038,29
DA:5039,29
DA:5041,7
DA:5043,5
DA:5044,5
DA:5045,5
DA:5046,5
DA:5047,5
DA:5049,3
DA:5050,51
DA:5061,25
DA:5062,25
DA:5063,25
DA:5064,25
DA:5073,585
DA:5074,585
DA:5075,585
DA:5076,585
DA:5077,1
DA:5084,91
DA:5085,91
DA:5086,91
DA:5087,87
DA:5088,85
DA:5089,85
DA:5090,79
DA:5091,77
DA:5092,71
DA:5093,0
DA:5095,71
DA:5096,9
DA:5097,9
DA:5098,4
DA:5099,71
DA:5100,46
DA:5105,9
DA:5106,9
DA:5107,9
DA:5108,5
DA:5117,9
DA:5118,9
DA:5119,7
DA:5120,0
DA:5121,0
DA:5122,0
DA:5123,0
DA:5124,5
DA:5130,5
DA:5131,11
DA:5132,15
DA:5133,15
DA:5134,15
DA:5135,15
DA:5136,13
DA:5137,3
DA:5138,3
DA:5140,11
DA:5141,11
DA:5142,3
DA:5144,9
DA:5145,0
DA:5146,0
DA:5148,0
DA:5149,0
DA:5151,0
DA:5152,0
DA:5153,0
DA:5154,0
DA:5155,8
DA:5165,63
DA:5166,63
DA:5167,1
DA:5172,29
DA:5173,29
DA:5174,21
DA:5176,9
DA:5177,15
DA:5190,172
DA:5191,1
DA:5192,173
DA:5193,173
DA:5195,173
DA:5196,169
DA:5198,89
DA:5199,89
DA:5200,89
DA:5201,317
DA:5203,221
DA:5204,221
DA:5205,17
DA:5206,17
DA:5207,0
DA:5210,221
DA:5211,221
DA:5212,111
DA:5213,97
DA:5214,97
DA:5215,83
DA:5217,99
DA:5218,25
DA:5219,11
DA:5220,75
DA:5221,75
DA:5222,75
DA:5226,81
DA:5227,287
DA:5228,265
DA:5229,243
DA:5230,53
DA:5231,53
DA:5232,53
DA:5234,96
DA:5235,23
DA:5240,3369
DA:5242,3357
DA:5243,121
DA:5244,121
DA:5245,7
DA:5246,7
DA:5247,7
DA:5249,58
DA:5250,6
DA:5251,17
DA:5252,88
DA:5258,94
DA:5259,1
DA:5260,95
DA:5261,95
DA:5263,95
DA:5265,95
DA:5268,381
DA:5270,323
DA:5271,37
DA:5272,37
DA:5273,27
DA:5274,1
DA:5275,59
DA:5276,29
DA:5277,85
DA:5278,85
DA:5279,455
DA:5280,371
DA:5282,371
DA:5283,307
DA:5284,307
DA:5285,25
DA:5286,25
DA:5287,18
DA:5288,37
DA:5289,37
DA:5291,25
DA:5293,13
DA:5294,13
DA:5295,6
DA:5296,12
DA:5297,37
DA:5298,10
DA:5299,21
DA:5300,21
DA:5301,12
DA:5302,25
DA:5303,23
DA:5304,11
DA:5305,25
DA:5306,89
DA:5307,179
DA:5308,0
DA:5309,0
DA:5310,178
DA:5312,154
DA:5313,65
DA:5314,65
DA:5318,15
DA:5319,15
DA:5320,15
DA:5321,15
DA:5322,15
DA:5324,51
DA:5325,41
DA:5326,20
DA:5327,51
DA:5328,0
DA:5329,0
DA:5331,357
DA:5332,135
DA:5333,135
DA:5334,135
DA:5335,67
DA:5336,357
DA:5337,1
DA:5338,85
DA:5339,48
DA:5345,82
DA:5346,1
DA:5347,83
DA:5348,83
DA:5349,83
DA:5350,83
DA:5351,557
DA:5354,510
DA:5355,155
DA:5356,124
DA:5357,117
DA:5359,37
DA:5360,37
DA:5362,89
DA:5365,89
DA:5366,89
DA:5368,89
DA:5369,89
DA:5370,1
DA:5371,79
DA:5372,79
DA:5378,141
DA:5381,148
DA:5382,15
DA:5383,15
DA:5384,13
DA:5385,13
DA:5387,0
DA:5388,0
DA:5389,71
DA:5394,549
DA:5395,549
DA:5396,549
DA:5397,549
DA:5398,549
DA:5399,13
DA:5401,13
DA:5403,13
DA:5404,13
DA:5405,13
DA:5406,0
DA:5407,0
DA:5409,13
DA:5410,11
DA:5411,5
DA:5412,13
DA:5413,13
DA:5417,7
DA:5418,3
DA:5419,13
DA:5420,13
DA:5421,13
DA:5423,499
DA:5424,497
DA:5425,497
DA:5426,497
DA:5427,249
DA:5428,1
DA:5429,13
DA:5430,7
DA:5431,25
DA:5432,25
DA:5433,16
DA:5434,10
DA:5435,15
DA:5436,13
DA:5437,23
DA:5438,23
DA:5439,1
DA:5441,5
DA:5442,5
DA:5443,5
DA:5444,51
DA:5445,47
DA:5446,47
DA:5447,11
DA:5448,11
DA:5449,5
DA:5450,24
DA:5451,5
DA:5452,5
DA:5461,316
DA:5464,3
DA:5465,319
DA:5468,319
DA:5469,317
DA:5470,317
DA:5471,28
DA:5473,58
DA:5474,31
DA:5475,7
DA:5476,7
DA:5477,7
DA:5478,7
DA:5479,2
DA:5480,29
DA:5481,29
DA:5483,34
DA:5485,69
DA:5486,39
DA:5487,39
DA:5489,14
DA:5491,29
DA:5492,21
DA:5493,21
DA:5495,25
DA:5496,11
DA:5497,28
DA:5498,11
DA:5499,15
DA:5500,3
DA:5502,8
DA:5503,8
DA:5504,8
DA:5505,3
DA:5508,5
DA:5509,5
DA:5510,3
DA:5515,3
DA:5516,5
DA:5517,13
DA:5518,25
DA:5519,3
DA:5520,3
DA:5521,13
DA:5524,28
DA:5525,15
DA:5526,15
DA:5528,14
DA:5529,0
DA:5530,0
DA:5531,0
DA:5532,0
DA:5533,0
DA:5534,58
DA:5535,118
DA:5536,114
DA:5537,108
DA:5538,118
DA:5539,26
DA:5540,54
DA:5541,54
DA:5542,161
DA:5550,328
DA:5553,3
DA:5554,331
DA:5555,331
DA:5556,88
DA:5557,42
DA:5558,42
DA:5559,42
DA:5560,42
DA:5561,42
DA:5562,22
DA:5563,48
DA:5565,43
DA:5566,331
DA:5571,306
DA:5572,2
DA:5573,308
DA:5574,308
DA:5575,308
DA:5576,308
DA:5577,308
DA:5578,155
DA:5594,28
DA:5595,2
DA:5596,30
DA:5597,30
DA:5599,30
DA:5600,7
DA:5601,2
DA:5603,26
DA:5604,26
DA:5605,3
DA:5606,3
DA:5607,0
DA:5608,0
DA:5609,19
DA:5610,1
DA:5611,3
DA:5614,23
DA:5615,23
DA:5617,23
DA:5618,23
DA:5619,33
DA:5620,23
DA:5623,13
DA:5624,9
DA:5625,7
DA:5626,13
DA:5628,11
DA:5629,16
DA:5636,4
DA:5645,1
DA:5646,5
DA:5647,5
DA:5651,8
DA:5652,17
DA:5654,5
DA:5656,13
DA:5657,13
DA:5659,27
DA:5660,23
DA:5662,5
DA:5663,15
DA:5665,0
DA:5666,15
DA:5668,0
DA:5669,0
DA:5671,15
DA:5672,1
DA:5673,13
DA:5674,13
DA:5677,13
DA:5678,0
DA:5679,0
DA:5680,0
DA:5681,13
DA:5682,13
DA:5683,13
DA:5685,0
DA:5687,6
DA:5688,6
DA:5690,21
DA:5691,9
DA:5692,1
DA:5693,1
DA:5694,5
DA:5695,1
DA:5701,12
DA:5702,1
DA:5703,13
DA:5707,13
DA:5709,27
DA:5710,13
DA:5711,0
DA:5713,13
DA:5714,13
DA:5715,13
DA:5716,13
DA:5717,7
DA:5733,4
DA:5734,1
DA:5737,5
DA:5738,5
DA:5739,5
DA:5741,5
DA:5743,3
DA:5744,3
DA:5747,3
DA:5748,3
DA:5750,3
DA:5752,3
DA:5753,3
DA:5754,3
DA:5755,1
DA:5756,1
DA:5757,3
DA:5758,3
DA:5760,3
DA:5761,3
DA:5762,3
DA:5763,1
DA:5764,1
DA:5765,3
DA:5766,3
DA:5768,3
DA:5769,3
DA:5770,3
DA:5771,1
DA:5772,1
DA:5773,1
DA:5774,1
DA:5775,1
DA:5777,3
DA:5778,3
DA:5780,0
DA:5783,3
DA:5785,3
DA:5786,3
DA:5787,3
DA:5793,10
DA:5794,1
DA:5795,11
DA:5799,10
DA:5800,45
DA:5801,14
DA:5802,15
DA:5803,1
DA:5804,21
DA:5805,11
DA:5807,11
DA:5809,25
DA:5810,25
DA:5812,3
DA:5813,5
DA:5814,24
DA:5815,11
DA:5816,0
DA:5817,13
DA:5819,1
DA:5820,11
DA:5822,11
DA:5823,11
DA:5824,11
DA:5825,5
DA:5827,11
DA:5828,1
DA:5829,11
DA:5830,1
DA:5836,36
DA:5837,1
DA:5838,37
DA:5839,25
DA:5841,85
DA:5842,24
DA:5843,37
DA:5844,1
DA:5846,25
DA:5847,77
DA:5848,77
DA:5850,5
DA:5851,9
DA:5852,75
DA:5853,25
DA:5854,0
DA:5855,49
DA:5857,1
DA:5858,25
DA:5860,35
DA:5861,25
DA:5866,25
DA:5867,29
DA:5868,25
DA:5870,25
DA:5871,25
DA:5872,21
DA:5874,3
DA:5875,2
DA:5876,2
DA:5878,17
DA:5879,19
DA:5885,16
DA:5886,1
DA:5887,17
DA:5891,17
DA:5892,17
DA:5894,11
DA:5895,5
DA:5897,17
DA:5899,26
DA:5900,53
DA:5902,15
DA:5904,39
DA:5906,133
DA:5907,95
DA:5908,1
DA:5909,39
DA:5911,21
DA:5912,10
DA:5914,39
DA:5915,0
DA:5916,0
DA:5917,39
DA:5919,3
DA:5921,37
DA:5923,37
DA:5925,127
DA:5926,91
DA:5927,1
DA:5928,37
DA:5929,37
DA:5930,18
DA:5932,37
DA:5933,37
DA:5935,21
DA:5936,10
DA:5937,18
DA:5938,1
DA:5940,17
DA:5941,17
DA:5942,1
DA:5954,16
DA:5955,1
DA:5956,17
DA:5958,17
DA:5960,17
DA:5962,3
DA:5963,3
DA:5966,15
DA:5967,15
DA:5969,11
DA:5970,5
DA:5972,15
DA:5973,15
DA:5974,9
DA:5987,12
DA:5988,1
DA:5992,13
DA:5994,3
DA:5995,3
DA:5998,11
DA:5999,11
DA:6001,3
DA:6002,3
DA:6005,43
DA:6007,35
DA:6009,35
DA:6011,35
DA:6012,18
DA:6013,9
DA:6014,7
DA:6034,28
DA:6035,5
DA:6040,33
DA:6041,4
DA:6044,1
DA:6048,38
DA:6049,40
DA:6050,24
DA:6051,4
DA:6054,1
DA:6058,27
DA:6059,27
DA:6060,27
DA:6062,17
DA:6063,17
DA:6064,6
DA:6069,11
DA:6070,3
DA:6071,1
DA:6072,5
DA:6074,21
DA:6076,21
DA:6077,21
DA:6079,0
DA:6080,0
DA:6083,21
DA:6085,48
DA:6087,59
DA:6089,21
DA:6091,39
DA:6092,39
DA:6093,3
DA:6094,1
DA:6096,39
DA:6098,39
DA:6099,0
DA:6102,39
DA:6104,39
DA:6105,1
DA:6111,21
DA:6112,21
DA:6113,19
DA:6118,28
DA:6119,1
DA:6120,29
DA:6123,29
DA:6124,0
DA:6125,0
DA:6126,29
DA:6128,0
DA:6130,29
DA:6132,201
DA:6133,173
DA:6134,1
DA:6135,29
DA:6137,29
DA:6139,29
DA:6140,15
DA:6146,18
DA:6147,1
DA:6148,19
DA:6149,19
DA:6151,45
DA:6152,91
DA:6153,7
DA:6156,85
DA:6158,383
DA:6159,371
DA:6161,73
DA:6163,150
DA:6164,85
DA:6166,13
DA:6169,73
DA:6170,1
DA:6172,19
DA:6173,1
DA:6178,10
DA:6179,1
DA:6180,11
DA:6181,11
DA:6183,12
DA:6184,25
DA:6185,3
DA:6188,23
DA:6190,51
DA:6191,37
DA:6192,9
DA:6194,15
DA:6195,23
DA:6197,9
DA:6200,15
DA:6201,1
DA:6203,11
DA:6204,1
DA:6231,24
DA:6232,1
DA:6236,25
DA:6238,25
DA:6240,0
DA:6241,0
DA:6244,25
DA:6246,25
DA:6247,25
DA:6249,7
DA:6250,7
DA:6252,19
DA:6255,9
DA:6256,9
DA:6257,0
DA:6258,0
DA:6259,0
DA:6260,0
DA:6261,0
DA:6263,0
DA:6264,0
DA:6266,0
DA:6267,9
DA:6269,0
DA:6270,0
DA:6271,0
DA:6273,9
DA:6274,9
DA:6277,9
DA:6280,9
DA:6281,9
DA:6282,5
DA:6283,2
DA:6284,4
DA:6285,4
DA:6287,19
DA:6289,19
DA:6290,19
DA:6292,19
DA:6293,9
DA:6295,19
DA:6296,19
DA:6297,13
DA:6322,14
DA:6323,1
DA:6327,15
DA:6329,15
DA:6331,0
DA:6332,0
DA:6335,15
DA:6337,15
DA:6338,15
DA:6340,0
DA:6341,0
DA:6343,15
DA:6345,3
DA:6346,3
DA:6348,13
DA:6351,11
DA:6352,11
DA:6353,0
DA:6354,0
DA:6355,0
DA:6356,0
DA:6357,0
DA:6359,0
DA:6360,0
DA:6362,0
DA:6363,11
DA:6365,3
DA:6366,3
DA:6367,0
DA:6369,9
DA:6370,9
DA:6373,9
DA:6376,0
DA:6377,0
DA:6378,0
DA:6379,0
DA:6380,0
DA:6381,4
DA:6383,11
DA:6385,11
DA:6386,11
DA:6388,11
DA:6389,5
DA:6391,11
DA:6392,11
DA:6393,8
DA:6405,4
DA:6406,1
DA:6411,5
DA:6413,0
DA:6414,0
DA:6417,5
DA:6418,5
DA:6419,5
DA:6421,0
DA:6422,0
DA:6425,5
DA:6426,5
DA:6428,15
DA:6429,11
DA:6430,11
DA:6431,11
DA:6432,5
DA:6433,3
DA:6434,1
DA:6435,2
DA:6436,6
DA:6437,5
DA:6439,3
DA:6440,2
DA:6442,3
DA:6444,5
DA:6445,3
DA:6461,20
DA:6462,1
DA:6476,21
DA:6478,3
DA:6479,3
DA:6481,19
DA:6482,19
DA:6483,19
DA:6484,17
DA:6485,17
DA:6486,109
DA:6487,93
DA:6488,93
DA:6489,45
DA:6490,33
DA:6491,33
DA:6492,16
DA:6493,23
DA:6494,49
DA:6496,47
DA:6497,33
DA:6498,17
DA:6499,1
DA:6500,17
DA:6501,9
DA:6502,3
DA:6504,19
DA:6505,11
DA:6520,14
DA:6521,1
DA:6524,15
DA:6526,3
DA:6527,3
DA:6530,13
DA:6531,13
DA:6533,3
DA:6534,3
DA:6537,11
DA:6538,11
DA:6539,11
DA:6540,11
DA:6541,11
DA:6542,11
DA:6543,0
DA:6544,0
DA:6545,11
DA:6546,3
DA:6547,1
DA:6548,5
DA:6549,11
DA:6552,1
DA:6553,1
DA:6555,8
DA:6556,8
DA:6558,4
DA:6560,11
DA:6561,41
DA:6563,47
DA:6565,11
DA:6567,37
DA:6568,37
DA:6569,11
DA:6570,5
DA:6572,37
DA:6574,37
DA:6575,37
DA:6577,27
DA:6578,13
DA:6579,1
DA:6580,11
DA:6581,8
DA:6587,30
DA:6588,1
DA:6590,57
DA:6591,39
DA:6592,13
DA:6593,5
DA:6594,2
DA:6595,13
DA:6597,14
DA:6598,19
DA:6599,16
DA:6604,6
DA:6605,1
DA:6606,7
DA:6609,11
DA:6610,5
DA:6611,1
DA:6612,7
DA:6614,0
DA:6616,7
DA:6618,13
DA:6619,11
DA:6621,0
DA:6622,0
DA:6623,0
DA:6624,11
DA:6625,5
DA:6627,7
DA:6629,1
DA:6630,7
DA:6632,7
DA:6634,7
DA:6635,4
DA:6665,8
DA:6666,1
DA:6672,9
DA:6674,7
DA:6675,7
DA:6677,0
DA:6678,0
DA:6680,7
DA:6681,7
DA:6682,7
DA:6684,5
DA:6685,2
DA:6686,7
DA:6688,3
DA:6689,3
DA:6690,3
DA:6691,3
DA:6692,3
DA:6695,5
DA:6696,5
DA:6698,0
DA:6699,0
DA:6700,0
DA:6701,0
DA:6702,0
DA:6704,5
DA:6706,3
DA:6711,3
DA:6712,3
DA:6714,0
DA:6715,0
DA:6718,3
DA:6719,3
DA:6722,0
DA:6723,0
DA:6725,0
DA:6727,3
DA:6728,3
DA:6730,0
DA:6731,0
DA:6732,0
DA:6734,3
DA:6737,3
DA:6738,3
DA:6739,3
DA:6740,3
DA:6741,0
DA:6742,0
DA:6745,3
DA:6746,3
DA:6747,3
DA:6749,3
DA:6750,3
DA:6751,3
DA:6752,1
DA:6753,1
DA:6755,7
DA:6756,5
DA:6776,6
DA:6777,1
DA:6780,7
DA:6782,0
DA:6783,0
DA:6786,7
DA:6788,7
DA:6789,7
DA:6790,5
DA:6791,2
DA:6792,7
DA:6794,3
DA:6795,3
DA:6797,5
DA:6798,5
DA:6799,5
DA:6800,5
DA:6802,5
DA:6803,5
DA:6805,0
DA:6806,0
DA:6807,0
DA:6808,5
DA:6810,5
DA:6811,5
DA:6812,3
DA:6813,1
DA:6814,2
DA:6815,2
DA:6816,5
DA:6817,5
DA:6818,0
DA:6819,0
DA:6821,5
DA:6822,3
DA:6823,5
DA:6825,5
DA:6826,3
DA:6828,3
DA:6829,2
DA:6830,3
DA:6831,5
DA:6832,3
DA:6833,3
DA:6834,0
DA:6835,0
DA:6836,3
DA:6837,0
DA:6839,3
DA:6840,1
DA:6841,1
DA:6842,1
DA:6843,5
DA:6845,5
DA:6846,2
DA:6847,5
DA:6848,5
DA:6850,5
DA:6851,3
DA:6853,3
DA:6854,2
DA:6855,5
DA:6856,3
DA:6857,3
DA:6858,0
DA:6859,0
DA:6860,3
DA:6861,0
DA:6863,3
DA:6864,1
DA:6865,1
DA:6866,5
DA:6867,4
DA:6915,38
DA:6916,1
DA:6917,39
DA:6919,39
DA:6920,39
DA:6922,457
DA:6923,39
DA:6924,39
DA:6925,33
DA:6931,33
DA:6932,33
DA:6935,0
DA:6938,33
DA:6939,33
DA:6940,163
DA:6941,33
DA:6942,16
DA:6943,39
DA:6944,20
DA:6951,8
DA:6952,1
DA:6953,9
DA:6960,9
DA:6961,9
DA:6963,3
DA:6966,7
DA:6967,7
DA:6969,0
DA:6972,7
DA:6973,7
DA:6975,0
DA:6978,7
DA:6980,7
DA:6981,7
DA:6983,0
DA:6984,0
DA:6987,7
DA:6988,5
DA:6994,26
DA:6995,1
DA:6996,27
DA:7001,27
DA:7002,27
DA:7003,27
DA:7006,25
DA:7009,25
DA:7012,0
DA:7013,0
DA:7015,25
DA:7017,25
DA:7018,12
DA:7020,27
DA:7022,13
DA:7023,27
DA:7024,14
DA:7051,28468
DA:7052,5
DA:7063,28473
DA:7065,0
DA:7066,0
DA:7069,28473
DA:7070,28473
DA:7071,28473
DA:7072,28473
DA:7073,28473
DA:7074,28473
DA:7075,28473
DA:7077,28473
DA:7078,28473
DA:7080,29
DA:7081,29
DA:7084,28445
DA:7086,28445
DA:7088,9
DA:7089,5
DA:7091,28437
DA:7092,28437
DA:7094,5
DA:7095,5
DA:7097,28433
DA:7099,28433
DA:7102,28441
DA:7104,7
DA:7105,7
DA:7106,4
DA:7108,28435
DA:7109,28435
DA:7110,28435
DA:7112,28435
DA:7115,28441
DA:7116,0
DA:7117,0
DA:7118,0
DA:7119,0
DA:7122,28441
DA:7123,28441
DA:7124,28441
DA:7125,28441
DA:7127,28441
DA:7129,28441
DA:7130,28441
DA:7132,11
DA:7133,5
DA:7135,56885
DA:7137,28449
DA:7139,3
DA:7142,28447
DA:7143,28437
DA:7144,14221
DA:7145,11
DA:7149,3
DA:7150,1
DA:7152,28447
DA:7154,3
DA:7155,1
DA:7156,28447
DA:7157,14237
DA:7158,28479
DA:7159,13
DA:7162,42698
DA:7163,28462
DA:7164,28467
DA:7166,28435
DA:7169,33
DA:7170,33
DA:7172,0
DA:7173,0
DA:7174,0
DA:7175,0
DA:7178,33
DA:7179,1
DA:7180,5
DA:7182,28441
DA:7183,28441
DA:7184,28441
DA:7185,28441
DA:7186,28441
DA:7187,0
DA:7189,28441
DA:7190,14239
DA:7209,12
DA:7210,1
DA:7213,13
DA:7215,7
DA:7216,7
DA:7218,7
DA:7219,7
DA:7221,0
DA:7222,0
DA:7224,9
DA:7229,5
DA:7231,5
DA:7233,5
DA:7234,5
DA:7235,5
DA:7237,5
DA:7238,5
DA:7240,0
DA:7241,0
DA:7244,7
DA:7245,4
DA:7247,5
DA:7248,5
DA:7249,0
DA:7251,3
DA:7254,3
DA:7256,0
DA:7257,0
DA:7260,3
DA:7261,3
DA:7262,3
DA:7264,0
DA:7265,0
DA:7268,13
DA:7269,11
DA:7270,11
DA:7271,5
DA:7272,5
DA:7273,2
DA:7274,2
DA:7275,11
DA:7277,6
DA:7279,7
DA:7280,7
DA:7306,12
DA:7307,1
DA:7309,13
DA:7315,13
DA:7316,13
DA:7317,13
DA:7318,13
DA:7320,0
DA:7322,13
DA:7323,13
DA:7325,21
DA:7327,69
DA:7328,27
DA:7329,1
DA:7330,43
DA:7332,13
DA:7334,31
DA:7336,0
DA:7337,0
DA:7338,0
DA:7339,0
DA:7340,0
DA:7343,31
DA:7344,31
DA:7346,9
DA:7347,9
DA:7348,73
DA:7349,65
DA:7350,1
DA:7351,9
DA:7353,5
DA:7354,5
DA:7355,5
DA:7356,5
DA:7358,5
DA:7359,5
DA:7360,5
DA:7361,5
DA:7362,2
DA:7363,2
DA:7364,2
DA:7365,9
DA:7366,5
DA:7371,23
DA:7372,23
DA:7373,23
DA:7374,23
DA:7375,155
DA:7376,133
DA:7378,0
DA:7379,0
DA:7380,0
DA:7381,0
DA:7383,0
DA:7384,0
DA:7385,0
DA:7386,0
DA:7387,0
DA:7388,0
DA:7390,0
DA:7391,0
DA:7393,0
DA:7395,0
DA:7396,0
DA:7397,0
DA:7398,0
DA:7399,0
DA:7401,0
DA:7402,0
DA:7403,0
DA:7404,0
DA:7405,0
DA:7406,0
DA:7407,0
DA:7408,0
DA:7409,133
DA:7410,1
DA:7411,23
DA:7412,23
DA:7413,11
DA:7415,23
DA:7416,39
DA:7417,23
DA:7418,23
DA:7420,23
DA:7421,11
DA:7423,23
DA:7424,23
DA:7425,39
DA:7426,17
DA:7427,1
DA:7428,23
DA:7429,21
DA:7430,21
DA:7431,21
DA:7432,0
DA:7434,0
DA:7435,0
DA:7436,0
DA:7438,0
DA:7439,0
DA:7440,0
DA:7441,0
DA:7442,0
DA:7443,0
DA:7444,125
DA:7445,123
DA:7446,19
DA:7447,19
DA:7448,0
DA:7449,105
DA:7451,0
DA:7453,105
DA:7454,1
DA:7457,21
DA:7458,21
DA:7459,21
DA:7460,0
DA:7461,0
DA:7462,0
DA:7463,21
DA:7464,21
DA:7465,10
DA:7467,21
DA:7468,10
DA:7469,12
DA:7470,0
DA:7471,0
DA:7472,0
DA:7474,23
DA:7476,1
DA:7477,13
DA:7479,13
DA:7480,13
DA:7481,7
DA:7497,10
DA:7498,1
DA:7501,11
DA:7503,0
DA:7504,0
DA:7507,11
DA:7509,11
DA:7510,6
DA:7529,16
DA:7530,1
DA:7533,17
DA:7535,3
DA:7536,3
DA:7539,15
DA:7540,15
DA:7541,15
DA:7543,3
DA:7544,3
DA:7547,32
DA:7548,65
DA:7550,9
DA:7551,9
DA:7553,57
DA:7554,5
DA:7557,53
DA:7558,1
DA:7560,5
DA:7561,5
DA:7562,9
DA:7572,18
DA:7573,1
DA:7576,19
DA:7578,3
DA:7579,3
DA:7582,17
DA:7583,17
DA:7584,17
DA:7586,3
DA:7587,3
DA:7590,42
DA:7591,85
DA:7593,9
DA:7594,9
DA:7596,77
DA:7597,7
DA:7600,71
DA:7601,1
DA:7603,7
DA:7604,7
DA:7605,10
DA:7615,18
DA:7616,1
DA:7619,19
DA:7621,3
DA:7622,3
DA:7625,17
DA:7626,17
DA:7627,17
DA:7629,3
DA:7630,3
DA:7633,14
DA:7634,29
DA:7636,9
DA:7637,9
DA:7639,21
DA:7641,0
DA:7643,21
DA:7644,7
DA:7647,15
DA:7648,1
DA:7650,7
DA:7651,7
DA:7652,10
DA:7662,1622
DA:7663,5
DA:7666,1627
DA:7668,3
DA:7669,3
DA:7672,1625
DA:7673,1625
DA:7674,1625
DA:7676,3
DA:7677,3
DA:7680,1521
DA:7681,3047
DA:7683,1379
DA:7684,1379
DA:7686,1673
DA:7688,0
DA:7690,1673
DA:7691,249
DA:7694,1429
DA:7695,5
DA:7697,249
DA:7698,249
DA:7699,816
DA:7710,20
DA:7711,1
DA:7714,21
DA:7716,3
DA:7717,3
DA:7720,19
DA:7721,19
DA:7722,19
DA:7724,3
DA:7725,3
DA:7728,46
DA:7729,93
DA:7731,11
DA:7732,11
DA:7734,83
DA:7736,0
DA:7738,83
DA:7739,7
DA:7742,77
DA:7743,1
DA:7745,7
DA:7746,7
DA:7747,11
DA:7758,18
DA:7759,1
DA:7762,19
DA:7764,3
DA:7765,3
DA:7768,17
DA:7769,17
DA:7770,17
DA:7772,3
DA:7773,3
DA:7776,57
DA:7777,115
DA:7779,9
DA:7780,9
DA:7782,107
DA:7784,0
DA:7786,107
DA:7787,7
DA:7790,101
DA:7791,1
DA:7793,7
DA:7794,7
DA:7795,10
DA:7807,18
DA:7808,1
DA:7811,19
DA:7813,3
DA:7814,3
DA:7817,17
DA:7818,17
DA:7819,17
DA:7821,3
DA:7822,3
DA:7825,63
DA:7826,127
DA:7828,9
DA:7829,9
DA:7831,119
DA:7833,0
DA:7835,119
DA:7836,7
DA:7839,113
DA:7840,1
DA:7842,7
DA:7843,7
DA:7844,10
DA:7855,20
DA:7856,1
DA:7859,21
DA:7861,3
DA:7862,3
DA:7865,19
DA:7866,19
DA:7867,19
DA:7869,3
DA:7870,3
DA:7873,38
DA:7874,77
DA:7876,9
DA:7877,9
DA:7879,69
DA:7881,0
DA:7883,69
DA:7884,9
DA:7887,61
DA:7888,1
DA:7890,9
DA:7891,9
DA:7892,11
DA:7904,62709
DA:7905,5
DA:7908,62714
DA:7910,3
DA:7911,3
DA:7914,62712
DA:7915,62712
DA:7916,62712
DA:7918,3
DA:7919,3
DA:7922,32465
DA:7923,64850
DA:7925,2121
DA:7926,2121
DA:7928,62734
DA:7930,0
DA:7932,62734
DA:7933,60594
DA:7936,2145
DA:7937,5
DA:7939,60594
DA:7940,60594
DA:7941,31402
DA:7951,18
DA:7952,1
DA:7955,19
DA:7957,3
DA:7958,3
DA:7961,17
DA:7962,17
DA:7963,17
DA:7965,3
DA:7966,3
DA:7969,27
DA:7970,55
DA:7972,5
DA:7973,5
DA:7975,51
DA:7976,11
DA:7979,41
DA:7980,1
DA:7982,11
DA:7983,11
DA:7984,10
DA:7994,18
DA:7995,1
DA:7998,19
DA:8000,3
DA:8001,3
DA:8004,17
DA:8005,17
DA:8006,17
DA:8008,3
DA:8009,3
DA:8012,28
DA:8013,57
DA:8015,5
DA:8016,5
DA:8018,53
DA:8019,11
DA:8022,43
DA:8023,1
DA:8025,11
DA:8026,11
DA:8027,10
DA:8039,1026
DA:8040,2
DA:8042,1028
DA:8043,1028
DA:8044,2
DA:8055,10
DA:8056,1
DA:8059,11
DA:8061,5
DA:8062,5
DA:8065,7
DA:8066,7
DA:8068,0
DA:8069,0
DA:8072,7
DA:8073,7
DA:8074,6
DA:8085,36
DA:8086,2
DA:8089,38
DA:8091,3
DA:8092,3
DA:8095,36
DA:8096,36
DA:8098,3
DA:8099,3
DA:8102,34
DA:8103,34
DA:8104,20
DA:8116,6
DA:8117,1
DA:8120,7
DA:8122,3
DA:8123,3
DA:8126,5
DA:8127,5
DA:8129,0
DA:8130,0
DA:8133,5
DA:8134,5
DA:8135,4
DA:8146,8
DA:8147,1
DA:8150,9
DA:8152,3
DA:8153,3
DA:8156,7
DA:8157,7
DA:8159,0
DA:8160,0
DA:8163,7
DA:8164,7
DA:8165,5
DA:8374,3462
DA:8375,5
DA:8377,581621
DA:8378,578159
DA:8379,289082
DA:8381,3467
DA:8383,3467
DA:8384,3467
LF:4323
LH:3814
end_of_record
TN:
SF:src/ph7/builtin_date.c
FN:1006,1130,PH7_builtin_localtime
FN:1164,1297,PH7_builtin_idate
FN:118,128,PH7_builtin_time
FN:1340,1400,PH7_builtin_mktime
FN:144,163,PH7_builtin_microtime
FN:175,257,PH7_builtin_getdate
FN:268,302,PH7_builtin_gettimeofday
FN:346,555,DateFormat
FN:601,793,PH7_Strftime
FN:69,108,DateNow
FN:809,855,PH7_builtin_date
FN:870,920,PH7_builtin_strftime
FN:935,981,PH7_builtin_gmdate
FNDA:4,PH7_builtin_localtime
FNDA:21,PH7_builtin_idate
FNDA:4,PH7_builtin_time
FNDA:4,PH7_builtin_mktime
FNDA:13,PH7_builtin_microtime
FNDA:4,PH7_builtin_getdate
FNDA:4,PH7_builtin_gettimeofday
FNDA:23,DateFormat
FNDA:8,PH7_Strftime
FNDA:17,DateNow
FNDA:18,PH7_builtin_date
FNDA:10,PH7_builtin_strftime
FNDA:8,PH7_builtin_gmdate
FNF:13
FNH:13
DA:69,34
DA:70,1
DA:71,35
DA:72,0
DA:73,0
DA:74,0
DA:75,0
DA:76,0
DA:78,0
DA:82,34
DA:83,34
DA:84,34
DA:93,1
DA:94,1
DA:95,1
DA:96,1
DA:97,1
DA:98,1
DA:108,18
DA:118,8
DA:119,1
DA:121,4
DA:122,4
DA:124,9
DA:126,9
DA:127,9
DA:128,1
DA:144,26
DA:145,1
DA:146,27
DA:148,27
DA:149,27
DA:150,21
DA:151,10
DA:152,27
DA:154,21
DA:155,11
DA:160,7
DA:162,27
DA:163,1
DA:175,8
DA:176,1
DA:179,9
DA:182,1
DA:183,1
DA:187,4
DA:188,4
DA:189,4
DA:191,3
DA:195,5
DA:196,5
DA:197,5
DA:198,5
DA:199,0
DA:200,0
DA:201,3
DA:202,0
DA:204,5
DA:205,5
DA:208,9
DA:209,9
DA:211,0
DA:212,0
DA:215,9
DA:216,9
DA:218,0
DA:219,0
DA:223,9
DA:224,9
DA:226,9
DA:227,9
DA:229,9
DA:230,9
DA:232,9
DA:233,9
DA:235,9
DA:236,9
DA:238,9
DA:239,9
DA:241,9
DA:242,9
DA:244,9
DA:245,9
DA:247,9
DA:248,9
DA:250,9
DA:252,9
DA:253,9
DA:255,9
DA:256,9
DA:257,5
DA:268,8
DA:269,1
DA:270,9
DA:272,9
DA:273,9
DA:274,7
DA:275,3
DA:276,9
DA:278,5
DA:279,3
DA:283,5
DA:285,5
DA:286,5
DA:288,0
DA:289,0
DA:293,5
DA:294,5
DA:296,5
DA:297,5
DA:299,5
DA:301,9
DA:302,5
DA:346,46
DA:347,1
DA:348,47
DA:351,78
DA:352,157
DA:354,47
DA:356,111
DA:357,7
DA:359,15
DA:360,15
DA:361,0
DA:363,0
DA:364,0
DA:365,0
DA:366,0
DA:368,0
DA:369,0
DA:370,2
DA:372,5
DA:373,5
DA:374,5
DA:375,0
DA:377,0
DA:378,0
DA:380,0
DA:382,0
DA:383,0
DA:384,0
DA:386,0
DA:387,0
DA:388,2
DA:390,5
DA:391,5
DA:392,5
DA:393,7
DA:395,15
DA:396,15
DA:397,0
DA:399,0
DA:400,0
DA:401,0
DA:402,0
DA:404,0
DA:405,0
DA:406,0
DA:408,0
DA:409,0
DA:410,0
DA:411,0
DA:413,0
DA:414,0
DA:416,0
DA:417,0
DA:419,0
DA:420,0
DA:422,0
DA:424,0
DA:425,0
DA:426,9
DA:428,19
DA:429,19
DA:430,0
DA:432,0
DA:433,0
DA:434,0
DA:436,0
DA:437,0
DA:438,0
DA:440,0
DA:441,0
DA:442,0
DA:444,0
DA:445,0
DA:446,0
DA:448,0
DA:449,0
DA:450,0
DA:452,0
DA:453,0
DA:454,3
DA:456,7
DA:457,7
DA:458,3
DA:460,7
DA:461,7
DA:462,3
DA:464,7
DA:465,7
DA:466,0
DA:468,0
DA:469,0
DA:470,0
DA:473,0
DA:474,0
DA:475,0
DA:477,0
DA:479,0
DA:480,0
DA:482,0
DA:483,0
DA:484,0
DA:485,0
DA:486,0
DA:491,0
DA:495,0
DA:496,0
DA:497,0
DA:499,0
DA:500,0
DA:501,0
DA:502,0
DA:503,0
DA:504,0
DA:505,0
DA:506,0
DA:508,0
DA:509,0
DA:512,0
DA:513,0
DA:514,0
DA:516,0
DA:519,0
DA:520,0
DA:521,0
DA:525,0
DA:526,0
DA:527,1
DA:529,4
DA:530,1
DA:531,2
DA:532,1
DA:533,1
DA:534,1
DA:535,1
DA:536,1
DA:538,3
DA:539,1
DA:540,3
DA:542,3
DA:543,3
DA:544,1
DA:545,3
DA:546,17
DA:548,35
DA:549,34
DA:552,111
DA:553,1
DA:554,47
DA:555,1
DA:601,16
DA:607,1
DA:608,17
DA:611,18
DA:612,37
DA:613,41
DA:614,5
DA:615,1
DA:616,37
DA:618,5
DA:619,2
DA:620,37
DA:621,37
DA:623,17
DA:625,21
DA:627,21
DA:628,0
DA:630,0
DA:631,0
DA:632,0
DA:634,0
DA:635,0
DA:636,0
DA:638,0
DA:639,0
DA:640,1
DA:642,3
DA:643,3
DA:644,0
DA:646,0
DA:647,0
DA:648,0
DA:650,0
DA:651,0
DA:652,2
DA:654,5
DA:655,5
DA:656,0
DA:658,0
DA:659,0
DA:660,0
DA:662,0
DA:663,0
DA:664,0
DA:666,0
DA:667,0
DA:668,0
DA:671,0
DA:672,0
DA:673,0
DA:675,0
DA:676,0
DA:677,2
DA:679,5
DA:680,5
DA:681,0
DA:683,0
DA:684,0
DA:685,0
DA:688,0
DA:689,0
DA:690,2
DA:693,5
DA:694,5
DA:695,0
DA:697,0
DA:698,0
DA:699,0
DA:701,0
DA:702,0
DA:703,1
DA:705,3
DA:706,3
DA:707,1
DA:709,3
DA:710,3
DA:711,0
DA:713,0
DA:714,0
DA:715,0
DA:718,0
DA:719,0
DA:721,0
DA:722,0
DA:723,0
DA:724,0
DA:725,0
DA:728,0
DA:729,0
DA:730,0
DA:732,0
DA:733,0
DA:734,0
DA:736,0
DA:737,0
DA:738,0
DA:740,0
DA:741,0
DA:742,0
DA:744,0
DA:745,0
[...]
DA:92,3834
DA:93,5
DA:98,3839
DA:99,0
DA:106,3839
DA:107,3839
DA:108,1917
DA:109,3839
DA:110,3839
DA:111,0
DA:113,3839
DA:114,985343
DA:115,981509
DA:116,490757
DA:117,985343
DA:118,981509
DA:119,981509
DA:120,981509
DA:121,981509
DA:122,490757
DA:123,3839
DA:125,3839
DA:126,1922
DA:130,2903016
DA:131,5
DA:135,2903021
DA:136,2903021
DA:137,2903021
DA:138,2903021
DA:139,2903021
DA:140,2903021
DA:141,2903021
DA:142,5
DA:143,292406
DA:144,5
DA:145,292411
DA:146,292411
DA:152,292411
DA:153,0
DA:155,436890
DA:156,873785
DA:157,870127
DA:158,870127
DA:159,581403
DA:160,5
DA:161,292411
DA:162,146208
DA:165,0
DA:168,0
DA:169,0
DA:170,0
DA:171,0
DA:173,0
DA:174,0
DA:175,0
DA:176,0
DA:177,0
DA:179,0
DA:180,0
DA:182,0
DA:183,0
DA:185,0
DA:186,0
DA:189,371
DA:190,1
DA:191,372
DA:198,1
DA:199,1
DA:201,0
DA:203,192
DA:204,192
DA:207,179
DA:208,358
DA:209,179
DA:210,179
DA:211,179
DA:212,179
DA:214,0
DA:215,0
DA:218,0
DA:220,179
DA:229,1
LF:104
LH:74
end_of_record
TN:
SF:src/sx/sxstr.c
FN:10,25,SyStrlen
FN:109,112,SyStrnmicmp
FN:113,135,Systrcpy
FN:26,39,SyByteFind
FN:41,54,SyByteFind2
FN:56,70,SyByteListFind
FN:72,90,SyStrncmp
FN:92,108,SyStrnicmp
FNDA:3419567,SyStrlen
FNDA:122359,SyStrnmicmp
FNDA:1727263,Systrcpy
FNDA:209,SyByteFind
FNDA:10,SyByteFind2
FNDA:48,SyByteListFind
FNDA:14265,SyStrncmp
FNDA:434203,SyStrnicmp
FNF:8
FNH:8
DA:10,6839563
DA:11,5
DA:12,6839568
DA:18,11887130
DA:19,23770022
DA:20,22208743
DA:21,20479872
DA:22,18302614
DA:23,5
DA:24,6839568
DA:25,5
DA:26,418
DA:27,1
DA:28,419
DA:31,419
DA:32,493
DA:33,987
DA:34,873
DA:35,769
DA:36,649
DA:37,1
DA:38,195
DA:39,210
DA:41,20
DA:42,1
DA:43,21
DA:46,21
DA:47,18
DA:48,37
DA:49,31
DA:50,29
DA:51,27
DA:52,1
DA:53,7
DA:54,11
DA:56,96
DA:57,0
DA:58,96
DA:62,96
DA:63,253
DA:64,1514
DA:65,1456
DA:66,1376
DA:67,1270
DA:68,0
DA:69,24
DA:70,48
DA:72,28530
DA:73,5
DA:74,28535
DA:75,28535
DA:77,28535
DA:78,9
DA:80,28527
DA:81,0
DA:83,28489
DA:84,56983
DA:85,28497
DA:86,28477
DA:87,28469
DA:88,5
DA:89,28489
DA:90,14270
DA:92,868406
DA:93,5
DA:94,868411
DA:95,868411
DA:97,868411
DA:98,0
DA:100,788143
DA:101,1576291
DA:102,1038601
DA:103,890723
DA:104,774015
DA:106,5
DA:107,424699
DA:108,434208
DA:109,244718
DA:110,5
DA:111,244723
DA:112,5
DA:113,3454526
DA:114,5
DA:115,3454531
DA:116,3454531
DA:123,3454531
DA:124,0
DA:125,0
DA:126,3454531
DA:127,6075920
DA:128,12151608
DA:129,11251733
DA:130,10395824
DA:131,9541144
DA:132,5
DA:133,3454531
DA:134,3454531
DA:135,5
LF:98
LH:92
end_of_record
TN:
SF:src/sx/sxtypes.h
FN:116,126,PH7_NAN_VALUE
FN:127,130,PH7_INF_VALUE
FN:88,93,PH7_IS_NAN_DOUBLE
FN:94,100,PH7_IS_INF_DOUBLE
FNDA:30,PH7_NAN_VALUE
FNDA:14,PH7_INF_VALUE
FNDA:1002,PH7_IS_NAN_DOUBLE
FNDA:492,PH7_IS_INF_DOUBLE
FNF:4
FNH:4
DA:88,2008
DA:90,2008
DA:91,2091
DA:92,2004
DA:93,4
DA:94,988
DA:97,988
DA:98,988
DA:99,988
DA:100,4
DA:116,61
DA:125,61
DA:126,1
DA:127,29
DA:129,29
DA:130,1
LF:16
LH:16
end_of_record
TN:
SF:src/sx/sxutils.c
FN:11,90,SyStrIsNumeric
FN:168,219,SyStrToInt64
FN:220,241,SyHexToint
FN:242,307,SyHexStrToInt64
FN:308,355,SyOctalStrToInt64
FN:356,407,SyBinaryStrToInt64
FN:408,587,SyStrToReal
FN:95,167,SyStrToInt32
FNDA:229630,SyStrIsNumeric
FNDA:39416,SyStrToInt64
FNDA:792,SyHexToint
FNDA:46,SyHexStrToInt64
FNDA:36,SyOctalStrToInt64
FNDA:143,SyBinaryStrToInt64
FNDA:386,SyStrToReal
FNDA:5,SyStrToInt32
FNF:8
FNH:8
DA:11,459396
DA:12,5
DA:19,459401
DA:21,459417
DA:22,17
DA:23,1
DA:24,459401
DA:25,89
DA:26,42
DA:27,459401
DA:28,459401
DA:29,225
DA:30,110
DA:31,229766
DA:32,459401
DA:33,229681
DA:35,181
DA:36,181
DA:37,71
DA:39,41
DA:40,41
DA:41,13
DA:43,17
DA:44,17
DA:45,9
DA:47,0
DA:48,0
DA:49,459401
DA:50,53
DA:51,53
DA:52,37
DA:53,37
DA:54,29
DA:55,14
DA:56,37
DA:57,25
DA:58,15
DA:59,1
DA:60,11
DA:61,0
DA:62,0
DA:63,0
DA:64,0
DA:65,0
DA:66,0
DA:67,0
DA:68,0
DA:69,6
DA:70,35
DA:71,0
DA:72,0
DA:73,0
DA:74,0
DA:75,0
DA:76,0
DA:77,0
DA:78,0
DA:79,0
DA:80,0
DA:81,0
DA:82,0
DA:83,0
DA:84,26
DA:85,459401
DA:87,84
DA:88,41
DA:89,459401
DA:90,5
DA:95,10
DA:96,1
DA:97,11
DA:99,11
DA:109,11
DA:110,11
DA:111,0
DA:112,0
DA:113,11
DA:114,0
DA:115,0
DA:116,0
DA:118,11
DA:119,0
DA:120,0
DA:121,11
DA:122,11
DA:124,0
DA:125,0
DA:126,5
DA:127,11
DA:128,11
DA:129,0
DA:131,11
DA:132,11
DA:133,11
DA:134,11
DA:135,3
DA:137,7
DA:138,7
DA:139,7
DA:140,7
DA:141,2
DA:143,5
DA:144,5
DA:145,5
DA:146,5
DA:147,3
DA:149,0
DA:150,0
DA:151,0
DA:152,0
DA:154,11
DA:155,0
DA:156,0
DA:157,11
DA:158,0
DA:159,0
DA:160,11
DA:161,11
DA:162,0
DA:163,0
DA:164,11
DA:165,5
DA:166,11
DA:167,1
DA:168,78833
DA:169,5
DA:170,78838
DA:182,78838
DA:183,78850
DA:184,14
DA:185,2
DA:186,78838
DA:187,3
DA:188,3
DA:189,1
DA:191,78838
DA:192,0
DA:193,0
DA:194,78838
DA:195,78838
DA:196,11
DA:197,5
DA:198,78838
DA:199,39656
DA:200,79316
DA:201,79122
DA:202,10514
DA:203,1097
DA:204,2
DA:206,78850
DA:207,14
DA:208,2
DA:209,78838
DA:210,0
DA:211,0
DA:212,78838
DA:213,78838
DA:214,3
DA:215,1
DA:216,78838
DA:217,39417
DA:218,78838
DA:219,5
DA:220,1584
DA:221,2
DA:222,1586
DA:223,554
DA:224,84
DA:225,45
DA:226,65
DA:227,65
DA:228,37
DA:229,37
DA:230,19
DA:231,47
DA:232,61
DA:233,93
DA:234,31
DA:235,73
DA:236,31
DA:237,61
DA:238,297
DA:240,3
DA:241,794
DA:242,92
DA:243,1
DA:245,93
DA:246,93
DA:255,93
DA:256,93
DA:257,0
DA:258,0
DA:259,93
DA:260,0
DA:261,0
DA:262,0
DA:263,93
DA:265,71
DA:266,35
DA:268,103
DA:269,11
DA:270,1
DA:271,93
DA:272,84
DA:273,169
DA:274,28
DA:276,115
DA:277,115
DA:278,115
DA:279,9
DA:281,99
DA:282,99
DA:283,99
DA:284,12
DA:286,77
DA:287,77
DA:288,77
DA:289,0
DA:291,77
DA:292,77
DA:293,1
DA:294,93
DA:295,0
DA:296,0
DA:297,93
DA:298,0
DA:299,0
DA:300,93
DA:301,93
DA:302,0
DA:303,0
DA:304,93
DA:305,46
DA:306,93
DA:307,1
DA:308,71
DA:309,1
DA:311,72
DA:312,72
DA:322,72
DA:323,72
DA:324,0
DA:325,0
DA:326,72
DA:327,0
DA:328,0
DA:329,0
DA:331,139
DA:332,68
DA:333,1
DA:334,72
DA:335,35
DA:336,72
DA:337,70
DA:338,59
DA:339,41
DA:340,0
DA:342,72
DA:343,0
DA:344,0
DA:345,72
DA:346,0
DA:347,0
DA:348,72
DA:349,72
DA:350,0
DA:351,0
DA:352,72
DA:353,35
DA:354,72
DA:355,1
DA:356,286
DA:357,1
DA:359,287
DA:360,287
DA:370,287
DA:371,287
DA:372,0
DA:373,0
DA:374,287
DA:375,0
DA:376,0
DA:377,0
DA:378,287
DA:380,277
DA:381,138
DA:383,335
DA:384,49
DA:385,1
DA:386,287
DA:387,304
DA:388,609
DA:389,433
DA:390,401
DA:391,357
DA:392,1
DA:394,287
DA:395,0
DA:396,0
DA:397,287
DA:398,0
DA:399,0
DA:400,287
DA:401,287
DA:402,0
DA:403,0
DA:404,287
DA:405,143
DA:406,287
DA:407,1
DA:408,772
DA:409,4
DA:424,776
DA:425,776
DA:428,776
DA:438,776
DA:439,776
DA:441,780
DA:444,776
DA:445,10
DA:446,10
DA:447,4
DA:450,406
DA:451,816
DA:452,20
DA:454,780
DA:455,780
DA:456,780
DA:457,780
DA:458,362
DA:460,61
DA:461,61
DA:462,61
DA:463,61
DA:464,7
DA:466,49
DA:467,49
DA:468,49
DA:469,49
DA:470,5
DA:472,41
DA:473,41
DA:474,41
DA:475,1
DA:476,776
DA:477,386
DA:478,776
DA:479,390
DA:481,0
DA:482,0
DA:483,0
DA:484,0
DA:485,0
DA:487,0
DA:488,0
DA:489,0
DA:490,0
DA:491,0
DA:493,0
DA:494,0
DA:495,0
DA:496,0
DA:497,0
DA:499,0
DA:500,0
DA:501,0
DA:502,0
DA:503,776
DA:504,708
DA:505,708
DA:506,448
DA:507,900
DA:508,31
DA:510,842
DA:511,842
DA:512,842
DA:513,842
DA:514,842
DA:515,228
DA:517,393
DA:518,393
DA:519,393
DA:520,393
DA:521,393
DA:522,52
DA:524,293
DA:525,293
DA:526,293
DA:527,293
DA:528,293
DA:529,51
DA:531,193
DA:532,193
DA:533,193
DA:534,193
DA:535,1
DA:536,708
DA:537,352
DA:538,776
DA:539,10
DA:540,4
DA:541,776
DA:543,45
DA:544,17
DA:545,0
DA:547,17
DA:548,1
DA:549,14
DA:550,776
DA:551,776
DA:552,102
DA:553,102
DA:554,33
DA:555,33
DA:556,16
DA:557,102
DA:558,274
DA:559,174
DA:560,174
DA:561,2
DA:562,102
DA:563,27
DA:564,88
DA:565,3
DA:566,1
DA:567,534
DA:568,434
DA:569,234
DA:570,63
DA:571,32
DA:572,172
DA:574,116
DA:575,218
DA:576,50
DA:577,776
DA:578,0
DA:579,0
DA:580,776
DA:581,0
DA:582,0
DA:583,776
DA:584,776
DA:585,386
DA:586,776
DA:587,4
LF:445
LH:339
end_of_record
TN:
SF:src/sx/sxxml.c
FN:1040,1082,SyXMLProcess
FN:1083,1089,SyXMLParserRelease
FN:333,345,XMLCheckDuplicateAttr
FN:346,414,XMLProcessNamesSpace
FN:415,587,XMLProcessStartTag
FN:57,332,XML_Tokenize
FN:588,632,XMLExtactPI
FN:633,661,XMLExtractEndTag
FN:662,668,TokenToXMLString
FN:669,732,XMLExtractNS
FN:733,761,XMLnsUnlink
FN:763,979,ProcessXML
FN:980,991,SyXMLParserInit
FN:992,1038,SyXMLParserSetEventHandler
FNDA:37,SyXMLProcess
FNDA:42,SyXMLParserRelease
FNDA:6,XMLCheckDuplicateAttr
FNDA:2,XMLProcessNamesSpace
FNDA:40,XMLProcessStartTag
FNDA:119,XML_Tokenize
FNDA:6,XMLExtactPI
FNDA:27,XMLExtractEndTag
FNDA:14,TokenToXMLString
FNDA:8,XMLExtractNS
FNDA:31,XMLnsUnlink
FNDA:26,ProcessXML
FNDA:42,SyXMLParserInit
FNDA:37,SyXMLParserSetEventHandler
FNF:14
FNH:14
DA:57,396
DA:58,1
DA:59,397
DA:64,421
DA:66,25
DA:68,9
DA:69,4
DA:70,25
DA:71,1
DA:72,397
DA:73,0
DA:75,0
DA:78,397
DA:79,397
DA:80,397
DA:81,397
DA:83,397
DA:84,397
DA:85,369
DA:86,369
DA:87,369
DA:88,3
DA:89,3
DA:90,3
DA:91,3
DA:93,0
DA:95,0
DA:97,367
DA:98,367
DA:100,19
DA:101,19
DA:102,19
DA:103,611
DA:104,302
DA:105,291
DA:107,3
DA:108,1
DA:109,291
DA:110,1
DA:112,19
DA:113,19
DA:114,7
DA:115,7
DA:116,7
DA:117,7
DA:119,0
DA:120,0
DA:122,13
DA:123,355
DA:124,25
DA:125,25
DA:127,5
DA:128,149
DA:129,74
DA:130,71
DA:132,3
DA:133,1
DA:134,71
DA:135,1
DA:136,5
DA:138,5
DA:140,21
DA:142,11
DA:143,11
DA:144,349
DA:145,172
DA:146,167
DA:148,3
DA:149,1
DA:150,167
DA:151,1
DA:153,11
DA:154,11
DA:155,11
DA:156,5
DA:157,5
DA:158,5
DA:159,5
DA:161,0
DA:162,0
DA:164,7
DA:165,7
DA:167,11
DA:168,9
DA:169,9
DA:171,9
DA:172,9
DA:174,117
DA:175,115
DA:176,95
DA:177,95
DA:178,7
DA:180,44
DA:181,109
DA:182,1
DA:183,9
DA:185,3
DA:186,1
DA:187,9
DA:188,3
DA:189,0
DA:190,0
DA:192,0
DA:193,0
DA:194,0
DA:195,0
DA:196,1
DA:198,9
DA:199,9
DA:200,9
DA:201,3
DA:202,3
DA:203,3
DA:204,3
DA:206,0
DA:207,0
DA:209,7
DA:210,7
DA:212,2
DA:214,325
DA:215,325
DA:216,325
DA:217,325
DA:219,69
DA:220,69
DA:221,69
DA:222,69
DA:223,0
DA:224,0
DA:225,0
DA:226,0
DA:228,0
DA:229,0
DA:231,69
DA:232,34
DA:233,325
DA:235,0
DA:236,0
DA:237,0
DA:238,0
DA:240,0
DA:242,0
DA:244,325
DA:245,165
DA:246,7
DA:247,7
DA:248,7
DA:250,0
DA:251,0
DA:252,0
DA:253,161
DA:255,927
DA:256,775
DA:257,775
DA:259,0
DA:260,0
DA:261,0
DA:262,775
DA:263,9
DA:264,9
DA:265,0
DA:266,0
DA:267,0
DA:268,0
DA:269,0
DA:271,0
DA:273,0
DA:274,0
DA:275,9
DA:277,9
DA:279,767
DA:281,0
DA:282,0
DA:284,767
DA:286,1
DA:287,161
DA:289,0
DA:292,161
DA:293,161
DA:294,9
DA:295,4
DA:296,161
DA:297,161
DA:298,81
DA:299,0
DA:300,0
DA:301,0
DA:302,0
DA:304,0
DA:307,88
DA:309,201
DA:310,201
DA:311,201
DA:312,201
DA:313,29
DA:314,173
DA:316,0
DA:317,0
DA:319,173
DA:320,87
DA:322,0
DA:323,0
DA:325,1
DA:327,29
DA:328,29
DA:331,203
DA:332,120
DA:333,12
DA:334,1
DA:336,13
DA:337,3
DA:338,3
DA:340,3
DA:342,0
DA:344,11
DA:345,7
DA:346,4
DA:347,1
DA:353,5
DA:355,5
DA:357,5
DA:359,0
DA:360,0
DA:361,0
DA:362,5
DA:363,5
DA:364,5
DA:365,0
DA:367,5
DA:368,5
DA:369,5
DA:370,0
DA:371,0
DA:372,0
DA:373,0
DA:375,0
DA:377,0
DA:378,0
DA:379,0
DA:383,5
DA:384,5
DA:385,5
DA:387,0
DA:389,2
DA:391,5
DA:392,5
DA:393,0
DA:394,0
DA:395,0
DA:397,0
DA:399,5
DA:401,5
DA:402,0
DA:403,0
DA:404,0
DA:405,5
DA:407,5
DA:409,5
DA:411,5
DA:412,5
DA:413,5
DA:414,3
DA:415,456
DA:416,1
DA:417,457
DA:423,457
DA:425,457
DA:426,457
DA:427,457
DA:428,0
DA:429,0
DA:431,457
DA:432,457
DA:433,645
DA:434,575
DA:436,0
DA:437,0
DA:438,574
DA:439,11
DA:440,0
DA:441,565
DA:442,376
DA:443,0
DA:444,0
DA:445,0
DA:447,0
DA:448,0
DA:449,189
DA:451,1
DA:452,81
DA:453,0
DA:454,0
DA:455,0
DA:456,0
DA:458,0
DA:459,0
DA:461,81
DA:462,81
DA:464,50
DA:465,91
DA:466,103
DA:467,13
DA:468,1
DA:469,91
DA:470,79
DA:472,13
DA:473,77
DA:474,65
DA:476,0
DA:477,0
DA:478,64
DA:479,0
DA:480,0
DA:481,65
DA:483,1
DA:484,13
DA:485,0
DA:486,0
DA:487,0
DA:488,0
DA:490,0
DA:491,0
DA:494,13
DA:495,13
DA:496,15
DA:497,4
DA:498,5
DA:499,2
DA:500,13
DA:501,0
DA:502,0
DA:503,13
DA:504,0
DA:505,0
DA:506,0
DA:507,0
DA:509,0
DA:510,0
DA:512,24
DA:513,19
DA:514,0
DA:515,0
DA:517,13
DA:518,3
DA:519,3
DA:520,3
DA:521,3
DA:523,0
DA:524,0
DA:526,11
DA:527,0
DA:530,11
DA:531,11
DA:532,0
DA:533,0
DA:534,11
DA:535,0
DA:536,0
DA:537,0
DA:538,0
DA:540,0
DA:541,0
DA:542,0
DA:544,11
DA:545,0
DA:546,0
DA:547,0
DA:548,0
DA:550,0
DA:551,0
DA:552,0
DA:554,11
DA:555,11
DA:556,11
DA:557,89
DA:558,79
DA:559,1
DA:560,11
DA:561,0
DA:562,0
DA:563,0
DA:564,0
DA:566,0
DA:567,0
DA:568,0
DA:571,11
DA:572,11
DA:573,11
DA:574,0
DA:576,11
DA:577,11
DA:579,5
DA:580,2
DA:581,1
DA:583,79
DA:584,71
DA:585,35
DA:586,79
DA:587,41
DA:588,12
DA:589,1
DA:590,13
DA:593,13
DA:595,13
DA:597,13
DA:599,13
DA:600,13
DA:601,13
DA:602,13
DA:603,6
DA:605,13
DA:606,61
DA:607,61
DA:609,0
DA:610,0
DA:611,60
DA:612,13
DA:613,0
DA:614,49
DA:616,1
DA:617,13
DA:618,13
DA:619,13
DA:620,13
DA:621,9
DA:622,4
DA:623,6
DA:625,25
DA:626,13
DA:627,1
DA:628,13
DA:629,13
DA:630,13
DA:631,6
DA:632,13
DA:633,54
DA:634,1
DA:635,55
DA:636,55
DA:637,55
DA:639,55
DA:640,0
DA:641,0
DA:642,55
DA:643,55
DA:644,55
DA:646,108
DA:647,82
DA:648,0
DA:649,0
DA:650,55
DA:651,0
DA:653,0
DA:654,0
DA:655,0
DA:657,0
DA:658,0
DA:660,55
DA:661,28
DA:662,28
DA:663,1
DA:665,29
DA:666,29
DA:667,29
DA:668,29
DA:669,16
DA:670,1
DA:676,17
DA:677,17
DA:679,9
DA:680,9
DA:682,0
DA:684,0
DA:685,0
DA:686,0
DA:687,9
DA:689,9
DA:690,0
DA:691,0
DA:692,0
DA:693,0
DA:694,0
DA:696,0
DA:697,0
DA:699,9
DA:700,9
DA:701,9
DA:702,9
DA:703,9
DA:704,9
DA:705,0
DA:706,0
DA:707,0
DA:708,0
DA:710,0
DA:711,0
DA:714,9
DA:715,9
DA:716,0
DA:717,0
DA:718,0
DA:719,0
DA:720,0
DA:722,0
DA:723,0
DA:726,9
DA:728,9
DA:729,9
DA:731,9
DA:732,9
DA:733,62
DA:734,1
DA:739,63
DA:740,67
DA:741,5
DA:743,5
DA:746,5
DA:747,5
DA:748,5
DA:749,5
DA:750,5
DA:751,0
DA:753,2
DA:754,5
DA:756,5
DA:757,5
DA:758,3
DA:759,63
DA:760,63
DA:761,32
DA:763,52
DA:764,1
DA:765,53
DA:772,53
DA:774,53
DA:776,0
DA:779,53
DA:781,227
DA:782,185
DA:783,185
DA:784,185
DA:785,185
DA:786,185
DA:787,4
DA:788,9
DA:789,3
DA:790,3
DA:791,3
DA:792,3
DA:794,0
DA:795,0
DA:798,7
DA:799,0
DA:800,0
DA:801,0
DA:802,0
DA:804,0
DA:805,7
DA:806,3
DA:807,7
DA:808,0
DA:809,0
DA:810,0
DA:811,0
DA:813,0
DA:814,0
DA:816,7
DA:817,7
DA:818,7
DA:819,7
DA:820,0
DA:822,3
DA:823,7
DA:824,6
DA:826,13
DA:828,13
DA:829,13
DA:830,5
DA:831,7
DA:832,2
DA:833,5
DA:834,5
DA:836,0
DA:837,9
DA:839,9
DA:840,9
DA:841,0
DA:843,4
DA:844,9
DA:846,12
DA:847,25
DA:848,3
DA:849,3
DA:850,3
DA:851,3
DA:853,0
DA:854,0
DA:857,23
DA:858,23
DA:859,23
DA:860,23
DA:861,0
DA:863,11
DA:864,23
DA:865,27
DA:866,55
DA:867,55
DA:868,0
DA:869,0
DA:870,0
DA:871,0
DA:873,0
DA:874,0
DA:876,55
DA:877,55
DA:879,55
DA:880,82
DA:881,54
DA:882,0
DA:883,0
DA:884,0
DA:885,0
DA:887,0
DA:888,0
DA:890,55
DA:891,55
DA:892,55
DA:894,9
DA:895,9
DA:896,0
DA:898,4
DA:899,55
DA:900,55
DA:901,55
DA:902,0
DA:904,27
DA:905,27
DA:906,1
DA:907,27
DA:908,0
DA:910,55
DA:911,55
DA:912,55
DA:913,55
DA:914,0
DA:916,27
DA:917,55
DA:919,40
DA:921,81
DA:922,0
DA:923,0
DA:924,0
DA:925,0
DA:926,0
DA:928,0
DA:929,0
DA:931,81
DA:933,81
DA:934,81
DA:935,79
DA:937,9
DA:938,4
DA:939,39
DA:940,81
DA:942,79
DA:943,118
DA:944,78
DA:945,79
DA:946,0
DA:948,39
DA:949,79
DA:950,9
DA:951,9
DA:952,9
DA:953,0
DA:955,4
DA:956,9
DA:957,9
DA:958,0
DA:960,5
DA:961,42
DA:963,3
DA:965,78
DA:966,0
DA:968,0
DA:970,1
DA:971,43
DA:972,7
DA:973,4
DA:974,2
DA:975,43
DA:976,0
DA:977,0
DA:978,43
DA:979,27
DA:980,84
DA:981,1
DA:983,85
DA:985,85
DA:986,85
DA:987,85
DA:988,85
DA:989,85
DA:990,85
DA:991,1
DA:992,74
DA:1004,1
DA:1006,75
DA:1007,75
DA:1008,37
DA:1009,75
DA:1010,0
DA:1011,0
DA:1012,75
DA:1013,75
DA:1014,37
DA:1015,75
DA:1016,75
DA:1017,37
DA:1018,75
DA:1019,75
DA:1020,37
DA:1021,75
DA:1022,75
DA:1023,37
DA:1024,75
DA:1025,0
DA:1026,0
DA:1027,75
DA:1028,0
DA:1029,0
DA:1030,75
DA:1031,75
DA:1032,37
DA:1033,75
DA:1034,75
DA:1035,37
DA:1036,75
DA:1037,75
DA:1038,1
DA:1040,74
DA:1041,1
DA:1046,75
DA:1047,75
DA:1049,75
DA:1050,75
DA:1052,21
DA:1054,55
DA:1056,3
DA:1057,2
DA:1059,53
DA:1060,53
DA:1061,5
DA:1065,0
DA:1066,0
DA:1068,0
DA:1069,0
DA:1070,0
DA:1071,0
DA:1072,0
DA:1073,0
DA:1074,0
DA:1075,2
DA:1078,55
DA:1079,55
DA:1081,55
DA:1082,38
DA:1083,84
DA:1084,1
DA:1085,85
DA:1086,85
DA:1087,85
DA:1088,85
DA:1089,1
LF:774
LH:533
end_of_record
TN:
SF:src/sx/sxzip.c
FN:116,123,SyLittleEndianUnpack32
FN:124,132,SyLittleEndianUnpack16
FN:133,147,SyDosTimeFormat
FN:151,175,ArchiveHashGetEntry
FN:176,183,ArchiveHashBucketInstall
FN:184,208,ArchiveHashGrowTable
FN:209,221,ArchiveHashInstallEntry
FN:225,258,ParseEndOfCentralDirectory
FN:262,332,GetCentralDirectoryEntry
FN:333,357,ZipFixOffset
FN:361,440,ZipExtract
FN:441,486,SyZipExtractFromBuf
FN:490,495,ArchiveHashCmp
FN:496,518,SyArchiveInit
FN:519,540,ArchiveReleaseEntry
FN:541,559,SyArchiveRelease
FN:560,564,SyArchiveResetLoopCursor
FN:565,578,SyArchiveGetNextEntry
FNDA:77,SyLittleEndianUnpack32
FNDA:78,SyLittleEndianUnpack16
FNDA:9,SyDosTimeFormat
FNDA:7,ArchiveHashGetEntry
FNDA:7,ArchiveHashBucketInstall
FNDA:0,ArchiveHashGrowTable
FNDA:7,ArchiveHashInstallEntry
FNDA:12,ParseEndOfCentralDirectory
FNDA:9,GetCentralDirectoryEntry
FNDA:9,ZipFixOffset
FNDA:9,ZipExtract
FNDA:14,SyZipExtractFromBuf
FNDA:0,ArchiveHashCmp
FNDA:15,SyArchiveInit
FNDA:7,ArchiveReleaseEntry
FNDA:7,SyArchiveRelease
FNDA:7,SyArchiveResetLoopCursor
FNDA:4,SyArchiveGetNextEntry
FNF:18
FNH:16
DA:116,154
DA:117,2
DA:118,156
DA:119,0
DA:121,156
DA:122,156
DA:123,79
DA:124,156
DA:125,2
DA:126,158
DA:127,0
DA:129,158
DA:131,158
DA:132,80
DA:133,18
DA:134,2
DA:137,20
DA:138,20
DA:139,20
DA:140,20
DA:141,20
DA:142,20
DA:143,20
DA:144,20
DA:145,20
DA:146,20
DA:147,2
DA:151,14
DA:152,2
DA:157,16
DA:158,16
DA:160,16
DA:162,7
DA:163,16
DA:164,16
DA:166,0
DA:167,0
DA:168,0
DA:169,0
DA:170,0
DA:172,0
DA:173,0
DA:174,16
DA:175,9
DA:176,14
DA:177,2
DA:178,16
DA:179,16
DA:180,0
DA:181,0
DA:182,16
DA:183,16
DA:184,0
DA:185,0
DA:186,0
DA:192,0
DA:193,0
DA:194,0
DA:196,0
DA:198,0
DA:199,0
DA:200,0
DA:201,0
DA:203,0
DA:204,0
DA:205,0
DA:207,0
DA:208,0
DA:209,14
DA:210,2
DA:211,16
DA:212,0
DA:213,0
DA:214,16
DA:216,16
DA:217,16
DA:218,16
DA:220,16
DA:221,2
DA:225,24
DA:226,2
DA:227,26
DA:231,26
DA:232,26
DA:233,0
DA:235,26
DA:236,5
DA:239,22
DA:240,22
DA:241,0
DA:243,22
DA:244,0
DA:247,22
DA:248,22
DA:249,0
DA:252,22
DA:253,22
DA:254,0
DA:257,22
DA:258,14
DA:262,18
DA:263,2
DA:264,20
DA:266,20
DA:267,20
DA:269,20
DA:270,9
DA:272,20
DA:273,20
DA:274,0
DA:282,0
DA:287,20
DA:288,20
DA:289,0
DA:290,0
DA:293,20
DA:295,20
DA:297,20
DA:299,20
DA:300,20
DA:301,20
DA:303,20
DA:305,20
DA:307,20
DA:308,20
DA:309,0
DA:310,0
DA:316,20
DA:317,20
DA:318,0
DA:319,0
DA:322,20
DA:323,20
DA:324,0
DA:325,0
DA:327,20
DA:328,9
DA:330,20
DA:331,20
DA:332,2
DA:333,18
DA:334,2
DA:337,20
DA:340,20
DA:341,0
DA:343,20
DA:344,20
DA:345,20
DA:346,5
DA:348,16
DA:349,16
DA:351,16
DA:352,16
DA:354,0
DA:356,16
DA:357,11
DA:361,18
DA:362,2
DA:370,20
DA:371,20
DA:373,16
DA:374,34
DA:376,9
DA:379,20
DA:380,20
DA:381,0
DA:383,20
DA:384,20
DA:385,20
DA:386,20
DA:387,20
DA:389,0
DA:390,0
DA:391,20
DA:393,20
DA:394,9
DA:395,20
DA:396,5
DA:397,5
DA:401,5
DA:402,0
DA:404,0
DA:405,0
DA:407,5
DA:409,16
DA:410,16
DA:411,16
DA:413,0
DA:414,0
DA:415,0
DA:417,16
DA:418,16
DA:419,0
DA:420,0
DA:421,0
DA:423,16
DA:425,16
DA:426,16
DA:428,0
DA:429,0
DA:430,0
DA:431,0
DA:433,16
DA:435,16
DA:436,2
DA:437,20
DA:439,20
DA:440,2
DA:441,28
DA:442,2
DA:454,30
DA:455,5
DA:458,26
DA:460,414
DA:461,585
DA:462,367
DA:463,1
DA:465,26
DA:466,26
DA:467,5
DA:471,22
DA:472,22
DA:473,3
DA:475,0
DA:477,3
DA:478,3
DA:480,3
DA:483,0
DA:484,20
DA:485,20
DA:486,16
DA:490,0
DA:491,0
DA:493,0
DA:494,0
DA:495,0
DA:496,30
DA:497,3
DA:504,33
DA:506,33
DA:507,33
DA:508,0
DA:510,33
DA:511,33
DA:512,33
DA:513,33
DA:514,33
DA:515,33
DA:516,33
DA:517,33
DA:518,18
DA:519,14
DA:520,2
DA:521,16
DA:525,7
DA:526,16
DA:527,16
DA:529,0
DA:530,0
DA:531,0
DA:532,0
DA:533,0
DA:534,0
DA:535,0
DA:536,16
DA:537,16
DA:538,16
DA:539,16
DA:540,2
DA:541,14
DA:542,2
DA:544,16
DA:545,14
DA:546,30
DA:547,16
DA:549,16
DA:550,16
DA:551,16
DA:552,16
DA:553,16
DA:554,2
DA:555,16
DA:556,16
DA:557,16
DA:558,16
DA:559,2
DA:560,14
DA:561,2
DA:562,16
DA:563,16
DA:564,2
DA:565,8
DA:566,2
DA:568,10
DA:570,0
DA:571,0
DA:573,10
DA:574,10
DA:576,10
DA:577,10
DA:578,6
LF:301
LH:222
end_of_record
